--- STDOUT ---

P A U P *
Version 4.0a (build 168) for macOS (built on Aug  2 2020 at 06:41:30)
Tue May 20 14:21:35 2025

        -----------------------------NOTICE-----------------------------
          This is a test version that is still changing rapidly.
          Please report bugs to dave@phylosolutions.com
        ----------------------------------------------------------------

Running on Apple M3 Max
    16 CPU cores on 1 socket
    Executable built for Intel(R) 64 architecture
    Compiled using Intel compiler (icc) 11.1.0 (build 20091012)
    SSE vectorization enabled
    SSSE3 instructions supported
    Multithreading enabled using Pthreads

Processing of file "~/Library/CloudStorage/Dropbox/Lab/James McInerney/programming/MLDecay/debug_runs/mldecay_20250520_142021/site_analysis_Clade_4.nex" begins...

Processing of file "~/Library/CloudStorage/Dropbox/Lab/James McInerney/programming/MLDecay/debug_runs/mldecay_20250520_142021/alignment.nex" begins...

Data read in DNA format

Data matrix has 12 taxa, 898 characters
Valid character-state symbols: ACGT
Missing data identified by '?'
Gaps identified by '-'
"Equate" macros in effect:
   R,r ==> {AG}
   Y,y ==> {CT}
   M,m ==> {AC}
   K,k ==> {GT}
   S,s ==> {CG}
   W,w ==> {AT}
   H,h ==> {ACT}
   B,b ==> {CGT}
   V,v ==> {ACG}
   D,d ==> {AGT}
   N,n ==> {ACGT}

Processing of input file "alignment.nex" completed.

Optimality criterion set to likelihood.

Processing TREES block from file: ~/Library/CloudStorage/Dropbox/Lab/James McInerney/programming/MLDecay/debug_runs/mldecay_20250520_142021/ml_tree.tre
  Keeping: trees from file (replacing any trees already in memory)
  1 tree read from file

  Time used = 0.00 sec (CPU time = 0.00 sec)

Note: Input trees are rooted but current criterion and/or option settings would specify unrooted trees.  (You can deroot the trees using the 'derootTrees' command.)

Processing TREES block from file: ~/Library/CloudStorage/Dropbox/Lab/James McInerney/programming/MLDecay/debug_runs/mldecay_20250520_142021/constraint_tree_4.tre
  Keeping: trees in memory plus trees from file
  1 tree originally in memory
  1 tree read from file
  1 tree from file kept
  2 trees now in memory

  Time used = 0.00 sec (CPU time = 0.00 sec)

Note: Input trees are rooted but current criterion and/or option settings would specify unrooted trees.  (You can deroot the trees using the 'derootTrees' command.)

Likelihood scores of tree(s) in memory:
---------------------------------------
  898 characters are included
  All characters have equal weight
  Likelihood settings:
    Current model:
                             Data type = nucleotide
                DNA substitution types = 1
                     State frequencies = empirical: A=0.324121 C=0.30402 G=0.105528 T=0.266332
        Proportion of invariable sites = none
               Rates at variable sites = equal
                  Model correspondence = F81

    Number of distinct data patterns under this model = 415
    Molecular clock not enforced
    Starting branch lengths obtained using Rogers-Swofford approximation method
    Branch-length optimization = one-dimensional Newton-Raphson with pass limit=20, tolerance=1e-07
    Likelihood calculations performed in single precision
    Vector processing enabled
    Using standard Felsenstein pruning for computing likelihoods
    Conditional-likelihood rescaling threshold = 1e-20
    Using 14 parallel threads on 16 processors

Tree             1           2
------------------------------
-ln L     6333.490    6383.032

Likelihoods for each site on tree 1:

site                 1           2           3           4           5           6           7           8           9          10          11          12          13
L             0.085077    0.085077    0.017454    0.005554    0.061962    0.061962   2.934e-05   4.428e-05    0.002956   7.432e-07    0.017454    0.017454   3.983e-06
ln L         -2.464201   -2.464201   -4.048184   -5.193284   -2.781228   -2.781228  -10.436437  -10.025064   -5.823992  -14.112309   -4.048184   -4.048184  -12.433440

site                14          15          16          17          18          19          20          21          22          23          24          25          26
L             0.017454    0.076530    0.007023   6.401e-06   8.034e-05   7.857e-07   9.554e-06   5.555e-06   8.009e-07    0.076530    0.061962   5.249e-10    0.085077
ln L         -4.048184   -2.570073   -4.958582  -11.959066   -9.429299  -14.056662  -11.558532  -12.100897  -14.037489   -2.570073   -2.781228  -21.367867   -2.464201

site                27          28          29          30          31          32          33          34          35          36          37          38          39
L             0.061962   1.325e-05   8.367e-04    0.061962   3.751e-09    0.017454    0.076530   3.322e-06    0.076530    0.085077   2.726e-06    0.017454    0.017454
ln L         -2.781228  -11.231337   -7.085990   -2.781228  -19.401321   -4.048184   -2.570073  -12.615067   -2.570073   -2.464201  -12.812777   -4.048184   -4.048184

site                40          41          42          43          44          45          46          47          48          49          50          51          52
L            4.422e-09    0.005339    0.061962   6.216e-07    0.085077    0.076530   3.212e-07    0.061962    0.076530   1.159e-09    0.061962    0.076530   9.703e-05
ln L        -19.236766   -5.232777   -2.781228  -14.290919   -2.464201   -2.570073  -14.951129   -2.781228   -2.570073  -20.575482   -2.781228   -2.570073   -9.240447

site                53          54          55          56          57          58          59          60          61          62          63          64          65
L            2.900e-07    0.061962   3.567e-07   1.212e-07   4.914e-05   1.298e-06    0.061962    0.061962    0.005554    0.061962    0.017454    0.004182   3.984e-05
ln L        -15.053323   -2.781228  -14.846510  -15.925634   -9.920828  -13.554828   -2.781228   -2.781228   -5.193284   -2.781228   -4.048184   -5.476886  -10.130621

site                66          67          68          69          70          71          72          73          74          75          76          77          78
L             0.061962   2.876e-07    0.017454    0.076530   3.658e-06    0.085077    0.085077   1.169e-04    0.005508    0.076530    0.004646    0.085077    0.085077
ln L         -2.781228  -15.061701   -4.048184   -2.570073  -12.518508   -2.464201   -2.464201   -9.054619   -5.201488   -2.570073   -5.371765   -2.464201   -2.464201

site                79          80          81          82          83          84          85          86          87          88          89          90          91
L            4.329e-05    0.061962    0.085077   1.305e-05    0.017454    0.085077   7.062e-04    0.076530    0.017454   2.836e-06    0.002438    0.001709   6.388e-08
ln L        -10.047691   -2.781228   -2.464201  -11.246559   -4.048184   -2.464201   -7.255550   -2.570073   -4.048184  -12.773292   -6.016703   -6.371742  -16.566289

site                92          93          94          95          96          97          98          99         100         101         102         103         104
L             0.076530    0.085077   7.244e-05    0.085077   3.130e-04   4.889e-05    0.076530    0.017454   3.114e-06    0.085077   6.453e-05    0.002237    0.085077
ln L         -2.570073   -2.464201   -9.532759   -2.464201   -8.069408   -9.926033   -2.570073   -4.048184  -12.679678   -2.464201   -9.648342   -6.102450   -2.464201

site               105         106         107         108         109         110         111         112         113         114         115         116         117
L             0.061962    0.085077   1.943e-05   4.914e-04   1.624e-06    0.005339    0.061962   3.459e-07   1.286e-04    0.076530   9.460e-07    0.076530   2.844e-04
ln L         -2.781228   -2.464201  -10.848682   -7.618199  -13.330591   -5.232777   -2.781228  -14.877086   -8.958735   -2.570073  -13.871027   -2.570073   -8.165012

site               118         119         120         121         122         123         124         125         126         127         128         129         130
L            1.977e-05    0.017454    0.017454   2.145e-07    0.005090    0.061962   6.089e-08    0.076530    0.085077    0.085077    0.001393    0.003232   6.621e-08
ln L        -10.831526   -4.048184   -4.048184  -15.354835   -5.280513   -2.781228  -16.614159   -2.570073   -2.464201   -2.464201   -6.576599   -5.734520  -16.530447

site               131         132         133         134         135         136         137         138         139         140         141         142         143
L            2.109e-04    0.061962    0.004646   4.770e-04    0.061962   9.950e-05    0.076530    0.076530   6.216e-06    0.001325    0.061962   2.236e-07    0.002438
ln L         -8.464269   -2.781228   -5.371765   -7.648010   -2.781228   -9.215363   -2.570073   -2.570073  -11.988444   -6.625986   -2.781228  -15.313276   -6.016703

site               144         145         146         147         148         149         150         151         152         153         154         155         156
L            2.615e-04    0.085077    0.017454    0.002115   7.699e-07   5.259e-07    0.002861   1.049e-06    0.061962    0.017454    0.085077    0.061962    0.017454
ln L         -8.249175   -2.464201   -4.048184   -6.158547  -14.077020  -14.458216   -5.856568  -13.767944   -2.781228   -4.048184   -2.464201   -2.781228   -4.048184

site               157         158         159         160         161         162         163         164         165         166         167         168         169
L             0.085077   8.244e-05    0.061962   1.843e-08   6.690e-05   1.646e-04   3.175e-05    0.017454    0.076530    0.003825    0.085077    0.001548    0.005339
ln L         -2.464201   -9.403432   -2.781228  -17.809473   -9.612366   -8.711934  -10.357534   -4.048184   -2.570073   -5.566196   -2.464201   -6.470968   -5.232777

site               170         171         172         173         174         175         176         177         178         179         180         181         182
L             0.005554    0.061962   1.727e-04   3.298e-06    0.076530   1.239e-04    0.085077    0.085077    0.001900    0.076530    0.061962   4.992e-07    0.017454
ln L         -5.193284   -2.781228   -8.663955  -12.622242   -2.570073   -8.996111   -2.464201   -2.464201   -6.265965   -2.570073   -2.781228  -14.510257   -4.048184

site               183         184         185         186         187         188         189         190         191         192         193         194         195
L             0.076530    0.001900   5.821e-05    0.061962    0.006152    0.076530    0.076530    0.003259   1.476e-05    0.076530   1.350e-05   1.362e-04    0.076530
ln L         -2.570073   -6.265965   -9.751483   -2.781228   -5.090934   -2.570073   -2.570073   -5.726332  -11.123422   -2.570073  -11.212973   -8.901364   -2.570073

site               196         197         198         199         200         201         202         203         204         205         206         207         208
L            1.243e-06    0.085077    0.061962   1.827e-06    0.085077    0.085077   2.755e-07    0.002956    0.061962   3.266e-06   1.799e-04    0.061962   4.212e-08
ln L        -13.597694   -2.464201   -2.781228  -13.212825   -2.464201   -2.464201  -15.104617   -5.823992   -2.781228  -12.631847   -8.622907   -2.781228  -16.982853

site               209         210         211         212         213         214         215         216         217         218         219         220         221
L             0.017454    0.017454   2.463e-10    0.017454    0.085077   7.062e-04    0.005339    0.061962   8.272e-05    0.004974   7.562e-05   1.582e-05    0.001548
ln L         -4.048184   -4.048184  -22.124302   -4.048184   -2.464201   -7.255550   -5.232777   -2.781228   -9.400084   -5.303511   -9.489768  -11.054116   -6.470968

site               222         223         224         225         226         227         228         229         230         231         232         233         234
L             0.004974   1.780e-05    0.002014    0.003870   3.747e-05   5.593e-08    0.003072   4.474e-06   2.030e-06    0.076530   7.891e-06   5.864e-07    0.002678
ln L         -5.303511  -10.936329   -6.207738   -5.554435  -10.192058  -16.699076   -5.785281  -12.317180  -13.107567   -2.570073  -11.749787  -14.349240   -5.922705

site               235         236         237         238         239         240         241         242         243         244         245         246         247
L            1.821e-07    0.061962    0.061962   5.139e-06    0.061962    0.076530   1.608e-05    0.061962    0.017454   1.285e-07    0.001022    0.076530   1.480e-05
ln L        -15.518594   -2.781228   -2.781228  -12.178611   -2.781228   -2.570073  -11.037810   -2.781228   -4.048184  -15.867335   -6.886057   -2.570073  -11.120576

site               248         249         250         251         252         253         254         255         256         257         258         259         260
L            3.499e-04    0.085077   9.915e-06   5.074e-04   3.292e-06   1.160e-05    0.085077    0.076530   2.773e-07    0.002054    0.061962   1.227e-06   1.871e-07
ln L         -7.957934   -2.464201  -11.521486   -7.586210  -12.623906  -11.364749   -2.464201   -2.570073  -15.098052   -6.188170   -2.781228  -13.610655  -15.491873

site               261         262         263         264         265         266         267         268         269         270         271         272         273
L             0.002944   2.897e-07   7.822e-07    0.061962   1.766e-07    0.002438    0.002956   2.752e-05    0.017454    0.017454   1.243e-06   2.519e-08    0.001486
ln L         -5.827936  -15.054475  -14.061209   -2.781228  -15.549138   -6.016703   -5.823992  -10.500755   -4.048184   -4.048184  -13.597922  -17.496801   -6.511830

site               274         275         276         277         278         279         280         281         282         283         284         285         286
L            2.350e-08    0.085077    0.085077   7.210e-06    0.001393    0.005167   3.041e-04   5.645e-04    0.061962   7.675e-04   4.735e-04    0.061962   1.482e-07
ln L        -17.566278   -2.464201   -2.464201  -11.840062   -6.576599   -5.265510   -8.098136   -7.479581   -2.781228   -7.172367   -7.655280   -2.781228  -15.724873

site               287         288         289         290         291         292         293         294         295         296         297         298         299
L             0.085077    0.076530   2.542e-07   7.588e-04    0.076530   3.772e-04    0.076530    0.061962   4.337e-08    0.061962    0.085077    0.002956    0.061962
ln L         -2.464201   -2.570073  -15.185312   -7.183753   -2.570073   -7.882780   -2.570073   -2.781228  -16.953523   -2.781228   -2.464201   -5.823992   -2.781228

site               300         301         302         303         304         305         306         307         308         309         310         311         312
L             0.076530   9.721e-08    0.076530    0.061962   1.877e-08   3.013e-04    0.085077   2.897e-06    0.085077    0.061962   1.250e-07    0.005167    0.005303
ln L         -2.570073  -16.146380   -2.570073   -2.781228  -17.791021   -8.107475   -2.464201  -12.751702   -2.464201   -2.781228  -15.894777   -5.265510   -5.239489

site               313         314         315         316         317         318         319         320         321         322         323         324         325
L            7.037e-06    0.002342   3.989e-06   1.094e-06    0.005910   2.302e-04   4.653e-04   5.835e-04    0.001325    0.006152    0.076530    0.085077    0.002342
ln L        -11.864278   -6.056944  -12.431889  -13.725486   -5.131175   -8.376442   -7.672850   -7.446499   -6.625986   -5.090934   -2.570073   -2.464201   -6.056944

site               326         327         328         329         330         331         332         333         334         335         336         337         338
L             0.001610    0.017454   4.735e-04    0.017454    0.017454   6.151e-06   2.089e-10    0.003758   8.367e-04    0.005554   2.209e-04   2.230e-04    0.085077
ln L         -6.431640   -4.048184   -7.655280   -4.048184   -4.048184  -11.998904  -22.289094   -5.583738   -7.085990   -5.193284   -8.417888   -8.408523   -2.464201

site               339         340         341         342         343         344         345         346         347         348         349         350         351
L             0.076530   8.629e-04    0.001709    0.085077   3.045e-05    0.006497    0.002342    0.002956    0.004646   4.151e-04   3.827e-08    0.005303   2.435e-06
ln L         -2.570073   -7.055205   -6.371742   -2.464201  -10.399463   -5.036404   -6.056944   -5.823992   -5.371765   -7.787079  -17.078704   -5.239413  -12.925615

site               352         353         354         355         356         357         358         359         360         361         362         363         364
L            1.884e-06    0.085077    0.085077   8.290e-06    0.005303    0.061962    0.007023    0.085077    0.006152   6.917e-09    0.076530    0.076530   7.130e-07
ln L        -13.182375   -2.464201   -2.464201  -11.700468   -5.239413   -2.781228   -4.958582   -2.464201   -5.090934  -18.789239   -2.570073   -2.570073  -14.153727

site               365         366         367         368         369         370         371         372         373         374         375         376         377
L            3.037e-05    0.005339   8.215e-08    0.002944    0.061962   8.688e-06    0.085077    0.076530    0.007023    0.076530    0.017454    0.003391    0.017454
ln L        -10.401944   -5.232777  -16.314754   -5.827936   -2.781228  -11.653600   -2.464201   -2.570073   -4.958582   -2.570073   -4.048184   -5.686535   -4.048184

site               378         379         380         381         382         383         384         385         386         387         388         389         390
L             0.085077    0.085077    0.085077    0.085077   3.378e-07    0.085077   3.328e-08   5.416e-08   1.556e-05    0.061962   6.685e-05    0.085077    0.061962
ln L         -2.464201   -2.464201   -2.464201   -2.464201  -14.900928   -2.464201  -17.218409  -16.731318  -11.070990   -2.781228   -9.612995   -2.464201   -2.781228

site               391         392         393         394         395         396         397         398         399         400         401         402         403
L            6.776e-06   4.275e-07    0.003870   4.386e-06    0.001671    0.061962   1.183e-05    0.076530    0.085077    0.005339   5.858e-04    0.061962   2.250e-04
ln L        -11.902070  -14.665294   -5.554435  -12.337076   -6.394579   -2.781228  -11.344471   -2.570073   -2.464201   -5.232777   -7.442593   -2.781228   -8.399262

site               404         405         406         407         408         409         410         411         412         413         414         415         416
L            6.485e-06   1.257e-04   2.922e-05    0.076530    0.076530   4.218e-04   3.656e-05    0.061962   5.494e-09   3.628e-04    0.061962    0.001900    0.076530
ln L        -11.946016   -8.981601  -10.440640   -2.570073   -2.570073   -7.770993  -10.216569   -2.781228  -19.019538   -7.921611   -2.781228   -6.265965   -2.570073

site               417         418         419         420         421         422         423         424         425         426         427         428         429
L             0.061962   3.164e-08   1.464e-04    0.061962   4.653e-04   2.645e-05    0.076530   2.050e-06   1.913e-04    0.005167   3.730e-06    0.085077    0.002342
ln L         -2.781228  -17.268917   -8.829366   -2.781228   -7.672850  -10.540290   -2.570073  -13.097783   -8.561475   -5.265510  -12.499049   -2.464201   -6.056944

site               430         431         432         433         434         435         436         437         438         439         440         441         442
L             0.001504    0.076530    0.076530   6.233e-05   6.761e-04    0.001177   1.341e-07   1.043e-04    0.061962   3.721e-06    0.085077    0.061962   2.590e-07
ln L         -6.499452   -2.570073   -2.570073   -9.683092   -7.299209   -6.744656  -15.824642   -9.167838   -2.781228  -12.501524   -2.464201   -2.781228  -15.166300

site               443         444         445         446         447         448         449         450         451         452         453         454         455
L            3.764e-06    0.001512   1.045e-08    0.017454    0.017454   2.807e-08   1.932e-04    0.001707   2.230e-06   1.150e-06    0.005554   1.972e-09   2.377e-04
ln L        -12.489912   -6.494317  -18.376295   -4.048184   -4.048184  -17.388524   -8.551902   -6.373000  -13.013480  -13.675648   -5.193284  -20.044346   -8.344536

site               456         457         458         459         460         461         462         463         464         465         466         467         468
L            1.604e-04   7.500e-05    0.061962    0.017454    0.061962    0.085077   3.422e-04    0.005910    0.002944    0.085077    0.061962    0.085077    0.017454
ln L         -8.737804   -9.497965   -2.781228   -4.048184   -2.781228   -2.464201   -7.980199   -5.131175   -5.827936   -2.464201   -2.781228   -2.464201   -4.048184

site               469         470         471         472         473         474         475         476         477         478         479         480         481
L             0.061962    0.061962    0.061962    0.085077    0.002342   3.983e-06   4.700e-04    0.085077    0.085077    0.085077    0.085077    0.076530    0.085077
ln L         -2.781228   -2.781228   -2.781228   -2.464201   -6.056944  -12.433440   -7.662842   -2.464201   -2.464201   -2.464201   -2.464201   -2.570073   -2.464201

site               482         483         484         485         486         487         488         489         490         491         492         493         494
L            3.257e-05    0.001516    0.085077    0.017454    0.085077    0.001756    0.061962    0.017454    0.061962    0.017454    0.085077    0.002438    0.061962
ln L        -10.332155   -6.491549   -2.464201   -4.048184   -2.464201   -6.344566   -2.781228   -4.048184   -2.781228   -4.048184   -2.464201   -6.016703   -2.781228

site               495         496         497         498         499         500         501         502         503         504         505         506         507
L             0.076530    0.003870   6.761e-04    0.001841   2.322e-07   4.450e-05    0.085077    0.001516    0.085077    0.017454    0.001177   2.104e-05   8.946e-06
ln L         -2.570073   -5.554435   -7.299209   -6.297534  -15.275498  -10.019971   -2.464201   -6.491549   -2.464201   -4.048184   -6.744656  -10.769071  -11.624279

site               508         509         510         511         512         513         514         515         516         517         518         519         520
L             0.006497   3.636e-07   3.450e-08    0.001393    0.246203   2.675e-05   6.575e-08    0.096867    0.005554   1.847e-05   9.013e-04    0.076530    0.061962
ln L         -5.036404  -14.827286  -17.182318   -6.576599   -1.401597  -10.529101  -16.537441   -2.334417   -5.193284  -10.899134   -7.011704   -2.570073   -2.781228

site               521         522         523         524         525         526         527         528         529         530         531         532         533
L             0.061962    0.001393   2.522e-04    0.061962    0.061962    0.085077    0.076530    0.076530    0.001595    0.085077    0.017454    0.085077    0.085077
ln L         -2.781228   -6.576599   -8.285265   -2.781228   -2.781228   -2.464201   -2.570073   -2.570073   -6.440819   -2.464201   -4.048184   -2.464201   -2.464201

site               534         535         536         537         538         539         540         541         542         543         544         545         546
L             0.085077   9.938e-04    0.001709   7.340e-06    0.324121   1.478e-06   4.582e-06   3.107e-06   2.733e-04    0.004646    0.017454    0.001338   7.062e-04
ln L         -2.464201   -6.913996   -6.371742  -11.822115   -1.126640  -13.424990  -12.293272  -12.681884   -8.204793   -5.371765   -4.048184   -6.616231   -7.255550

site               547         548         549         550         551         552         553         554         555         556         557         558         559
L             0.076530    0.001756    0.017454    0.076530    0.061962    0.085077    0.085077   1.104e-07    0.003072    0.076530   1.623e-04   1.060e-07   4.892e-10
ln L         -2.570073   -6.344566   -4.048184   -2.570073   -2.781228   -2.464201   -2.464201  -16.019164   -5.785281   -2.570073   -8.726259  -16.059931  -21.438294

site               560         561         562         563         564         565         566         567         568         569         570         571         572
L            5.192e-08   1.738e-07   2.260e-06    0.076530    0.076530   2.767e-07    0.005303   6.906e-05   2.461e-07   1.748e-10    0.061962   1.035e-05    0.085077
ln L        -16.773527  -15.565605  -13.000023   -2.570073   -2.570073  -15.100234   -5.239489   -9.580581  -15.217701  -22.467323   -2.781228  -11.478461   -2.464201

site               573         574         575         576         577         578         579         580         581         582         583         584         585
L            2.785e-04    0.085077   4.524e-05   2.392e-04   1.761e-04   1.991e-04    0.017454    0.017454    0.003232    0.061962    0.004126   9.847e-05    0.076530
ln L         -8.185976   -2.464201  -10.003620   -8.338156   -8.644331   -8.521728   -4.048184   -4.048184   -5.734520   -2.781228   -5.490413   -9.225776   -2.570073

site               586         587         588         589         590         591         592         593         594         595         596         597         598
L             0.061962    0.005554    0.100690    0.001177    0.076530    0.061962    0.061962    0.061962    0.061962    0.085077    0.085077    0.085077    0.017454
ln L         -2.781228   -5.193284   -2.295712   -6.744656   -2.570073   -2.781228   -2.781228   -2.781228   -2.781228   -2.464201   -2.464201   -2.464201   -4.048184

site               599         600         601         602         603         604         605         606         607         608         609         610         611
L             0.017454    0.085077    0.061962    0.085077   5.994e-04   4.541e-04    0.085077    0.017454    0.001709   6.961e-05    0.085077    0.061962    0.076530
ln L         -4.048184   -2.464201   -2.781228   -2.464201   -7.419600   -7.697137   -2.464201   -4.048184   -6.371742   -9.572619   -2.464201   -2.781228   -2.570073

site               612         613         614         615         616         617         618         619         620         621         622         623         624
L             0.076530   2.640e-05    0.061962    0.005167    0.017454   3.130e-04   1.991e-04    0.076530    0.061962    0.061962    0.085077    0.017454    0.017454
ln L         -2.570073  -10.542094   -2.781228   -5.265510   -4.048184   -8.069408   -8.521728   -2.570073   -2.781228   -2.781228   -2.464201   -4.048184   -4.048184

site               625         626         627         628         629         630         631         632         633         634         635         636         637
L            8.629e-04   1.619e-06    0.003232    0.076530    0.002438    0.085077    0.085077    0.085077    0.085077   3.353e-06    0.001717    0.061962    0.061962
ln L         -7.055205  -13.333689   -5.734520   -2.570073   -6.016703   -2.464201   -2.464201   -2.464201   -2.464201  -12.605640   -6.367403   -2.781228   -2.781228

site               638         639         640         641         642         643         644         645         646         647         648         649         650
L             0.017454    0.017454    0.061962    0.017454    0.076530    0.085077    0.085077    0.076530    0.061962    0.076530    0.076530    0.085077    0.085077
ln L         -4.048184   -4.048184   -2.781228   -4.048184   -2.570073   -2.464201   -2.464201   -2.570073   -2.781228   -2.570073   -2.570073   -2.464201   -2.464201

site               651         652         653         654         655         656         657         658         659         660         661         662         663
L             0.085077    0.061962    0.085077    0.085077    0.085077    0.085077    0.017454    0.061962    0.085077    0.085077    0.002485    0.085077   4.348e-05
ln L         -2.464201   -2.781228   -2.464201   -2.464201   -2.464201   -2.464201   -4.048184   -2.781228   -2.464201   -2.464201   -5.997638   -2.464201  -10.043196

site               664         665         666         667         668         669         670         671         672         673         674         675         676
L            4.932e-04   5.771e-06   7.675e-04    0.061962   5.983e-04   1.370e-06   1.140e-04   1.311e-08   1.553e-05    0.005339   1.422e-04   2.025e-04    0.076530
ln L         -7.614531  -12.062588   -7.172367   -2.781228   -7.421452  -13.500766   -9.078893  -18.150056  -11.072818   -5.232777   -8.858438   -8.504647   -2.570073

site               677         678         679         680         681         682         683         684         685         686         687         688         689
L            4.764e-07    0.003256    0.005167    0.001980    0.001393   2.414e-04   1.030e-08   2.891e-06   9.013e-04   8.636e-06   1.144e-08    0.003072   2.114e-04
ln L        -14.556995   -5.727353   -5.265510   -6.224499   -6.576599   -8.329104  -18.391428  -12.753922   -7.011704  -11.659567  -18.286025   -5.785281   -8.461576

site               690         691         692         693         694         695         696         697         698         699         700         701         702
L            5.107e-05    0.076530   1.038e-06    0.002678    0.061962   8.494e-10    0.085077   1.374e-04   1.514e-05   4.473e-06   1.422e-04    0.076530   4.125e-06
ln L         -9.882283   -2.570073  -13.777802   -5.922705   -2.781228  -20.886524   -2.464201   -8.892283  -11.098366  -12.317525   -8.858407   -2.570073  -12.398368

site               703         704         705         706         707         708         709         710         711         712         713         714         715
L             0.061962   5.835e-04    0.006746   1.991e-04   4.209e-06   3.182e-05   3.655e-06   1.484e-07    0.076530    0.076530   2.383e-06    0.006152    0.061962
ln L         -2.781228   -7.446499   -4.998824   -8.521728  -12.378168  -10.355404  -12.519286  -15.723295   -2.570073   -2.570073  -12.946982   -5.090934   -2.781228

site               716         717         718         719         720         721         722         723         724         725         726         727         728
L            1.049e-05   7.462e-06   1.483e-04   7.633e-09   2.562e-05    0.002956   2.710e-07    0.085077    0.005090    0.006759   6.179e-06    0.005167   8.765e-07
ln L        -11.465343  -11.805721   -8.816202  -18.690798  -10.572190   -5.823992  -15.121111   -2.464201   -5.280513   -4.996911  -11.994357   -5.265510  -13.947376

site               729         730         731         732         733         734         735         736         737         738         739         740         741
L            4.735e-04   5.665e-05   4.938e-06    0.085077    0.085077   1.417e-04    0.003758   7.437e-04   1.055e-07   5.183e-05    0.085077   3.989e-06    0.002438
ln L         -7.655280   -9.778531  -12.218604   -2.464201   -2.464201   -8.861579   -5.583738   -7.203925  -16.064754   -9.867469   -2.464201  -12.431889   -6.016703

site               742         743         744         745         746         747         748         749         750         751         752         753         754
L             0.085077    0.085077    0.085077   2.010e-04   9.773e-06   4.641e-05   3.174e-07   7.447e-06   6.473e-08   6.183e-06    0.005303    0.061962    0.085077
ln L         -2.464201   -2.464201   -2.464201   -8.511979  -11.535933   -9.977898  -14.963110  -11.807762  -16.553026  -11.993695   -5.239413   -2.781228   -2.464201

site               755         756         757         758         759         760         761         762         763         764         765         766         767
L            2.044e-06    0.001657    0.076530   3.091e-07   5.534e-07    0.005303   1.101e-06    0.061962    0.085077   4.467e-05    0.017454    0.061962   6.619e-04
ln L        -13.100743   -6.402656   -2.570073  -14.989615  -14.407143   -5.239413  -13.719365   -2.781228   -2.464201  -10.016232   -4.048184   -2.781228   -7.320348

site               768         769         770         771         772         773         774         775         776         777         778         779         780
L             0.085077    0.085077    0.085077   8.270e-06   2.075e-05   6.941e-09   4.497e-08    0.001610   2.603e-05   3.493e-07    0.061962   9.620e-06   9.539e-05
ln L         -2.464201   -2.464201   -2.464201  -11.702933  -10.783013  -18.785802  -16.917259   -6.431640  -10.556339  -14.867466   -2.781228  -11.551665   -9.257553

site               781         782         783         784         785         786         787         788         789         790         791         792         793
L            2.895e-04   2.785e-07    0.061962   3.538e-05   1.431e-05   3.132e-05    0.076530   2.868e-04    0.004974    0.061962   2.340e-06    0.085077    0.002485
ln L         -8.147356  -15.093719   -2.781228  -10.249491  -11.154575  -10.371220   -2.570073   -8.156694   -5.303511   -2.781228  -12.965428   -2.464201   -5.997638

site               794         795         796         797         798         799         800         801         802         803         804         805         806
L            3.904e-10    0.085077   1.694e-05   1.462e-05    0.085077    0.017454   1.299e-06    0.006497    0.004974   2.463e-07   1.770e-07    0.003072   6.788e-06
ln L        -21.663761   -2.464201  -10.986108  -11.133304   -2.464201   -4.048184  -13.553657   -5.036404   -5.303511  -15.216685  -15.547325   -5.785281  -11.900330

site               807         808         809         810         811         812         813         814         815         816         817         818         819
L            2.895e-04    0.076530   1.329e-05    0.085077   4.770e-04   2.664e-04    0.007023   1.120e-04   5.992e-06   3.133e-06    0.061962    0.006746    0.061962
ln L         -8.147356   -2.570073  -11.228837   -2.464201   -7.648010   -8.230488   -4.958582   -9.097185  -12.025091  -12.673395   -2.781228   -4.998824   -2.781228

site               820         821         822         823         824         825         826         827         828         829         830         831         832
L             0.001872   5.550e-07   1.680e-04    0.061962   6.272e-10   9.847e-05   6.261e-06    0.005339   4.286e-06   2.464e-05    0.085077   9.114e-05   1.539e-06
ln L         -6.280545  -14.404376   -8.691808   -2.781228  -21.189719   -9.225776  -11.981150   -5.232777  -12.360221  -10.611235   -2.464201   -9.303104  -13.384106

site               833         834         835         836         837         838         839         840         841         842         843         844         845
L            3.170e-05    0.076530    0.085077    0.085077    0.017454    0.085077    0.085077   4.698e-05   7.803e-05   5.027e-05    0.085077    0.001047   1.150e-05
ln L        -10.359330   -2.570073   -2.464201   -2.464201   -4.048184   -2.464201   -2.464201   -9.965816   -9.458473   -9.898141   -2.464201   -6.861514  -11.373283

site               846         847         848         849         850         851         852         853         854         855         856         857         858
L             0.001177    0.061962   2.646e-05    0.002649    0.001214   1.612e-09    0.085077   1.112e-05    0.001325    0.061962    0.017454   6.510e-06    0.002678
ln L         -6.744656   -2.781228  -10.539936   -5.933616   -6.713805  -20.245518   -2.464201  -11.406324   -6.625986   -2.781228   -4.048184  -11.942136   -5.922705

site               859         860         861         862         863         864         865         866         867         868         869         870         871
L             0.001177   4.666e-05    0.061962    0.017454    0.085077   6.761e-04    0.001512   5.636e-05    0.001393   8.244e-05   2.054e-08    0.085077    0.001709
ln L         -6.744656   -9.972532   -2.781228   -4.048184   -2.464201   -7.299209   -6.494317   -9.783706   -6.576599   -9.403432  -17.701116   -2.464201   -6.371742

site               872         873         874         875         876         877         878         879         880         881         882         883         884
L             0.005554    0.076530    0.085077   8.513e-05    0.085077    0.076530   3.550e-06   3.176e-07   6.275e-04   6.196e-07   6.218e-07   8.367e-04   1.383e-05
ln L         -5.193284   -2.570073   -2.464201   -9.371370   -2.464201   -2.570073  -12.548595  -14.962529   -7.373711  -14.294157  -14.290576   -7.085990  -11.188790

site               885         886         887         888         889         890         891         892         893         894         895         896         897
L             0.005554    0.061962    0.002014    0.003297    0.002201   2.807e-08   1.264e-04    0.061962    0.004646    0.085077    0.017454    0.076530    0.061962
ln L         -5.193284   -2.781228   -6.207738   -5.714656   -6.119053  -17.388635   -8.976167   -2.781228   -5.371765   -2.464201   -4.048184   -2.570073   -2.781228

site               898
L             0.061962
ln L         -2.781228

Likelihoods for each site on tree 2:

site                 1           2           3           4           5           6           7           8           9          10          11          12          13
L             0.082831    0.082831    0.016821    0.005434    0.060169    0.060169   3.119e-05   3.396e-06    0.002963   7.807e-07    0.016821    0.016821   4.047e-06
ln L         -2.490953   -2.490953   -4.085134   -5.215041   -2.810599   -2.810599  -10.375573  -12.592943   -5.821510  -14.063077   -4.085134   -4.085134  -12.417542

site                14          15          16          17          18          19          20          21          22          23          24          25          26
L             0.016821    0.074442    0.006878   6.258e-06   7.691e-05   7.471e-07   9.349e-06   8.661e-06   8.089e-07    0.074442    0.060169   4.681e-10    0.082831
ln L         -4.085134   -2.597730   -4.979430  -11.981680   -9.472887  -14.107011  -11.580220  -11.656634  -14.027630   -2.597730   -2.810599  -21.482266   -2.490953

site                27          28          29          30          31          32          33          34          35          36          37          38          39
L             0.060169   1.386e-04   8.124e-04    0.060169   5.560e-09    0.016821    0.074442   3.407e-06    0.074442    0.082831   3.734e-06    0.016821    0.016821
ln L         -2.810599   -8.883811   -7.115470   -2.810599  -19.007631   -4.085134   -2.597730  -12.589678   -2.597730   -2.490953  -12.497910   -4.085134   -4.085134

site                40          41          42          43          44          45          46          47          48          49          50          51          52
L            4.785e-09    0.005077    0.060169   7.406e-07    0.082831    0.074442   4.150e-07    0.060169    0.074442   1.526e-09    0.060169    0.074442   9.276e-05
ln L        -19.157701   -5.283125   -2.810599  -14.115834   -2.490953   -2.597730  -14.695097   -2.810599   -2.597730  -20.300683   -2.810599   -2.597730   -9.285456

site                53          54          55          56          57          58          59          60          61          62          63          64          65
L            2.728e-07    0.060169   7.142e-07   1.092e-07   3.265e-06   1.089e-06    0.060169    0.060169    0.005434    0.060169    0.016821    0.004046   4.126e-05
ln L        -15.114679   -2.810599  -14.152098  -16.029999  -12.632347  -13.730187   -2.810599   -2.810599   -5.215041   -2.810599   -4.085134   -5.509923  -10.095623

site                66          67          68          69          70          71          72          73          74          75          76          77          78
L             0.060169   3.006e-07    0.016821    0.074442   3.099e-07    0.082831    0.082831   8.377e-06    0.005381    0.074442    0.004500    0.082831    0.082831
ln L         -2.810599  -15.017457   -4.085134   -2.597730  -14.986919   -2.490953   -2.490953  -11.690073   -5.224969   -2.597730   -5.403732   -2.490953   -2.490953

site                79          80          81          82          83          84          85          86          87          88          89          90          91
L            4.088e-05    0.060169    0.082831   9.202e-07    0.016821    0.082831   7.337e-04    0.074442    0.016821   3.476e-07    0.002387    0.001745   7.114e-08
ln L        -10.104780   -2.810599   -2.490953  -13.898653   -4.085134   -2.490953   -7.217428   -2.597730   -4.085134  -14.872158   -6.037551   -6.351010  -16.458673

site                92          93          94          95          96          97          98          99         100         101         102         103         104
L             0.074442    0.082831   7.100e-05    0.082831   3.035e-04   5.161e-05    0.074442    0.016821   3.123e-06    0.082831   6.492e-05    0.002282    0.082831
ln L         -2.597730   -2.490953   -9.552789   -2.490953   -8.100211   -9.871886   -2.597730   -4.085134  -12.676680   -2.490953   -9.642288   -6.082872   -2.490953

site               105         106         107         108         109         110         111         112         113         114         115         116         117
L             0.060169    0.082831   1.906e-05   4.738e-04   1.136e-06    0.005077    0.060169   6.021e-07   1.283e-04    0.074442   9.817e-07    0.074442   5.295e-04
ln L         -2.810599   -2.490953  -10.867921   -7.654668  -13.687953   -5.283125   -2.810599  -14.322876   -8.960762   -2.597730  -13.833958   -2.597730   -7.543609

site               118         119         120         121         122         123         124         125         126         127         128         129         130
L            1.923e-05    0.016821    0.016821   1.995e-07    0.004924    0.060169   3.949e-07    0.074442    0.082831    0.082831    0.001345    0.003113   5.142e-07
ln L        -10.859114   -4.085134   -4.085134  -15.427290   -5.313550   -2.810599  -14.744707   -2.597730   -2.490953   -2.490953   -6.611619   -5.772155  -14.480617

site               131         132         133         134         135         136         137         138         139         140         141         142         143
L            2.023e-04    0.060169    0.004500   4.618e-04    0.060169   9.786e-05    0.074442    0.074442   8.774e-06    0.001306    0.060169   2.413e-07    0.002387
ln L         -8.505780   -2.810599   -5.403732   -7.680408   -2.810599   -9.231989   -2.597730   -2.597730  -11.643668   -6.640636   -2.810599  -15.237086   -6.037551

site               144         145         146         147         148         149         150         151         152         153         154         155         156
L            2.528e-04    0.082831    0.016821    0.002011   6.876e-07   8.048e-07    0.002863   7.545e-08    0.060169    0.016821    0.082831    0.060169    0.016821
ln L         -8.282910   -2.490953   -4.085134   -6.208894  -14.190083  -14.032616   -5.856008  -16.399790   -2.810599   -4.085134   -2.490953   -2.810599   -4.085134

site               157         158         159         160         161         162         163         164         165         166         167         168         169
L             0.082831   8.003e-05    0.060169   3.480e-08   6.498e-05   1.764e-04   3.398e-05    0.016821    0.074442    0.003836    0.082831    0.001455    0.005077
ln L         -2.490953   -9.433100   -2.810599  -17.173704   -9.641390   -8.643017  -10.289629   -4.085134   -2.597730   -5.563268   -2.490953   -6.532887   -5.283125

site               170         171         172         173         174         175         176         177         178         179         180         181         182
L             0.005434    0.060169   1.713e-04   4.229e-06    0.074442   1.293e-04    0.082831    0.082831    0.001843    0.074442    0.060169   6.468e-07    0.016821
ln L         -5.215041   -2.810599   -8.672030  -12.373483   -2.597730   -8.953600   -2.490953   -2.490953   -6.296356   -2.597730   -2.810599  -14.251223   -4.085134

site               183         184         185         186         187         188         189         190         191         192         193         194         195
L             0.074442    0.001843   2.385e-05    0.060169    0.006025    0.074442    0.074442    0.004502   1.427e-05    0.074442   1.387e-05   1.297e-04    0.074442
ln L         -2.597730   -6.296356  -10.643617   -2.810599   -5.111782   -2.597730   -2.597730   -5.403186  -11.157522   -2.597730  -11.185686   -8.950604   -2.597730

site               196         197         198         199         200         201         202         203         204         205         206         207         208
L            2.093e-06    0.082831    0.060169   2.472e-06    0.082831    0.082831   2.908e-07    0.002963    0.060169   4.636e-06   1.795e-04    0.060169   3.823e-08
ln L        -13.076909   -2.490953   -2.810599  -12.910571   -2.490953   -2.490953  -15.050715   -5.821510   -2.810599  -12.281759   -8.625149   -2.810599  -17.079670

site               209         210         211         212         213         214         215         216         217         218         219         220         221
L             0.016821    0.016821   3.190e-10    0.016821    0.082831   7.337e-04    0.005077    0.060169   8.366e-05    0.004720   1.389e-04   1.422e-05    0.001455
ln L         -4.085134   -4.085134  -21.865721   -4.085134   -2.490953   -7.217428   -5.283125   -2.810599   -9.388802   -5.355988   -8.881782  -11.161200   -6.532887

site               222         223         224         225         226         227         228         229         230         231         232         233         234
L             0.004720   1.860e-05    0.002012    0.003737   3.668e-05   6.479e-08    0.002953   4.291e-06   1.075e-07    0.074442   7.976e-06   1.125e-06    0.003699
ln L         -5.355988  -10.892532   -6.208571   -5.589506  -10.213220  -16.552070   -5.824823  -12.358926  -16.045782   -2.597730  -11.739049  -13.697845   -5.599559

site               235         236         237         238         239         240         241         242         243         244         245         246         247
L            1.848e-07    0.060169    0.060169   4.980e-06    0.060169    0.074442   2.252e-05    0.060169    0.016821   1.242e-07   9.829e-04    0.074442   1.974e-05
ln L        -15.503836   -2.810599   -2.810599  -12.210066   -2.810599   -2.597730  -10.701110   -2.810599   -4.085134  -15.901165   -6.924978   -2.597730  -10.832830

site               248         249         250         251         252         253         254         255         256         257         258         259         260
L            3.393e-04    0.082831   1.046e-05   4.871e-04   2.827e-06   1.488e-05    0.082831    0.074442   3.974e-07   1.566e-04    0.060169   9.448e-06   4.696e-07
ln L         -7.988633   -2.490953  -11.468015   -7.627063  -12.776226  -11.115330   -2.490953   -2.597730  -14.738328   -8.761918   -2.810599  -11.569744  -14.571427

site               261         262         263         264         265         266         267         268         269         270         271         272         273
L             0.002832   2.917e-07   7.967e-07    0.060169   4.060e-08    0.002387    0.002963   2.692e-05    0.016821    0.016821   1.257e-06   1.587e-08    0.001541
ln L         -5.866857  -15.047564  -14.042849   -2.810599  -17.019608   -6.037551   -5.821510  -10.522783   -4.085134   -4.085134  -13.586882  -17.958568   -6.475221

site               274         275         276         277         278         279         280         281         282         283         284         285         286
L            3.306e-08    0.082831    0.082831   7.094e-06    0.001345    0.005047   3.011e-04   5.529e-04    0.060169   7.600e-04   4.238e-04    0.060169   1.649e-07
ln L        -17.224853   -2.490953   -2.490953  -11.856214   -6.611619   -5.288991   -8.107972   -7.500305   -2.810599   -7.182203   -7.766312   -2.810599  -15.618147

site               287         288         289         290         291         292         293         294         295         296         297         298         299
L             0.082831    0.074442   2.508e-07    0.001056    0.074442   3.585e-04    0.074442    0.060169   2.106e-08    0.060169    0.082831    0.002963    0.060169
ln L         -2.490953   -2.597730  -15.198435   -6.853556   -2.597730   -7.933498   -2.597730   -2.810599  -17.675893   -2.810599   -2.490953   -5.821510   -2.810599

site               300         301         302         303         304         305         306         307         308         309         310         311         312
L             0.074442   1.236e-07    0.074442    0.060169   7.691e-08   2.877e-04    0.082831   3.858e-06    0.082831    0.060169   1.282e-07    0.005047    0.005032
ln L         -2.597730  -15.906413   -2.597730   -2.810599  -16.380640   -8.153741   -2.490953  -12.465427   -2.490953   -2.810599  -15.869959   -5.288991   -5.291967

site               313         314         315         316         317         318         319         320         321         322         323         324         325
L            9.375e-06    0.002229   3.925e-06   1.068e-06    0.005626   2.235e-04   4.529e-04   5.755e-04    0.001306    0.006025    0.074442    0.082831    0.002229
ln L        -11.577463   -6.106168  -12.448221  -13.749480   -5.180399   -8.406168   -7.699896   -7.460279   -6.640636   -5.111782   -2.597730   -2.490953   -6.106168

site               326         327         328         329         330         331         332         333         334         335         336         337         338
L            1.143e-04    0.016821   4.238e-04    0.016821    0.016821   7.734e-06   6.722e-11    0.003766   8.124e-04    0.005434   3.073e-04   2.120e-04    0.082831
ln L         -9.077012   -4.085134   -7.766312   -4.085134   -4.085134  -11.769949  -23.423031   -5.581817   -7.115470   -5.215041   -8.087530   -8.458992   -2.490953

site               339         340         341         342         343         344         345         346         347         348         349         350         351
L             0.074442   9.043e-04    0.001745    0.082831   3.003e-05    0.006178    0.002229    0.002963    0.004500   4.007e-04   4.275e-08    0.005137   2.462e-06
ln L         -2.597730   -7.008313   -6.351010   -2.490953  -10.413205   -5.086751   -6.106168   -5.821510   -5.403732   -7.822386  -16.967982   -5.271381  -12.914611

site               352         353         354         355         356         357         358         359         360         361         362         363         364
L            1.927e-06    0.082831    0.082831   8.131e-06    0.005137    0.060169    0.006878    0.082831    0.006025   7.331e-09    0.074442    0.074442   9.715e-07
ln L        -13.159693   -2.490953   -2.490953  -11.719886   -5.271381   -2.810599   -4.979430   -2.490953   -5.111782  -18.731132   -2.597730   -2.597730  -13.844442

site               365         366         367         368         369         370         371         372         373         374         375         376         377
L            2.895e-05    0.005077   1.026e-07    0.002832    0.060169   9.058e-06    0.082831    0.074442    0.006878    0.074442    0.016821    0.004682    0.016821
ln L        -10.449781   -5.283125  -16.092766   -5.866857   -2.810599  -11.611814   -2.490953   -2.597730   -4.979430   -2.597730   -4.085134   -5.364099   -4.085134

site               378         379         380         381         382         383         384         385         386         387         388         389         390
L             0.082831    0.082831    0.082831    0.082831   5.113e-07    0.082831   1.054e-07   9.338e-08   2.007e-05    0.060169   1.208e-04    0.082831    0.060169
ln L         -2.490953   -2.490953   -2.490953   -2.490953  -14.486272   -2.490953  -16.065380  -16.186537  -10.816422   -2.810599   -9.021053   -2.490953   -2.810599

site               391         392         393         394         395         396         397         398         399         400         401         402         403
L            1.172e-05   4.136e-07    0.003737   4.435e-06    0.001729    0.060169   1.519e-05    0.074442    0.082831    0.005077   5.672e-04    0.060169   2.467e-04
ln L        -11.354088  -14.698454   -5.589506  -12.326077   -6.360294   -2.810599  -11.095091   -2.597730   -2.490953   -5.283125   -7.474739   -2.810599   -8.307260

site               404         405         406         407         408         409         410         411         412         413         414         415         416
L            6.136e-06   1.277e-04   2.796e-05    0.074442    0.074442   4.042e-04   3.621e-05    0.060169   4.917e-09   3.515e-04    0.060169    0.001843    0.074442
ln L        -12.001399   -8.966184  -10.484740   -2.597730   -2.597730   -7.813537  -10.226043   -2.810599  -19.130662   -7.953345   -2.810599   -6.296356   -2.597730

site               417         418         419         420         421         422         423         424         425         426         427         428         429
L             0.060169   3.315e-08   2.011e-04    0.060169   4.529e-04   2.797e-05    0.074442   2.000e-06   1.939e-04    0.005047   3.537e-06    0.082831    0.002229
ln L         -2.810599  -17.222288   -8.511751   -2.810599   -7.699896  -10.484515   -2.597730  -13.122529   -8.547991   -5.288991  -12.552151   -2.490953   -6.106168

site               430         431         432         433         434         435         436         437         438         439         440         441         442
L             0.001556    0.074442    0.074442   6.390e-05   4.669e-05    0.001625   8.802e-08   1.022e-04    0.060169   3.984e-06    0.082831    0.060169   4.186e-07
ln L         -6.465933   -2.597730   -2.597730   -9.658156   -9.971960   -6.422220  -16.245721   -9.188480   -2.810599  -12.433262   -2.490953   -2.810599  -14.686316

site               443         444         445         446         447         448         449         450         451         452         453         454         455
L            5.091e-06    0.001511   5.684e-09    0.016821    0.016821   3.315e-08   1.952e-04    0.001739   2.283e-06   1.442e-06    0.005434   2.494e-09   2.248e-04
ln L        -12.188088   -6.495254  -18.985664   -4.085134   -4.085134  -17.222301   -8.541524   -6.354595  -12.990237  -13.449539   -5.215041  -19.809543   -8.400517

site               456         457         458         459         460         461         462         463         464         465         466         467         468
L            2.278e-04   6.554e-05    0.060169    0.016821    0.060169    0.082831   3.278e-04    0.005626    0.002832    0.082831    0.060169    0.082831    0.016821
ln L         -8.387257   -9.632874   -2.810599   -4.085134   -2.810599   -2.490953   -8.023152   -5.180399   -5.866857   -2.490953   -2.810599   -2.490953   -4.085134

site               469         470         471         472         473         474         475         476         477         478         479         480         481
L             0.060169    0.060169    0.060169    0.082831    0.002229   4.047e-06   4.575e-04    0.082831    0.082831    0.082831    0.082831    0.074442    0.082831
ln L         -2.810599   -2.810599   -2.810599   -2.490953   -6.106168  -12.417542   -7.689631   -2.490953   -2.490953   -2.490953   -2.490953   -2.597730   -2.490953

site               482         483         484         485         486         487         488         489         490         491         492         493         494
L            3.167e-05   9.845e-05    0.082831    0.016821    0.082831    0.001701    0.060169    0.016821    0.060169    0.016821    0.082831    0.002387    0.060169
ln L        -10.360240   -9.225948   -2.490953   -4.085134   -2.490953   -6.376684   -2.810599   -4.085134   -2.810599   -4.085134   -2.490953   -6.037551   -2.810599

site               495         496         497         498         499         500         501         502         503         504         505         506         507
L             0.074442    0.003737   4.669e-05    0.001783   3.168e-07   4.228e-05    0.082831   9.845e-05    0.082831    0.016821    0.001625   2.114e-05   1.224e-05
ln L         -2.597730   -5.589506   -9.971960   -6.329502  -14.964995  -10.071218   -2.490953   -9.225948   -2.490953   -4.085134   -6.422220  -10.764401  -11.311065

site               508         509         510         511         512         513         514         515         516         517         518         519         520
L             0.006178   5.014e-07   3.069e-08    0.001345    0.246228   2.971e-05   6.974e-08    0.094250    0.005434   1.819e-05    0.001651    0.074442    0.060169
ln L         -5.086751  -14.505795  -17.299404   -6.611619   -1.401499  -10.423860  -16.478420   -2.361803   -5.215041  -10.914544   -6.406497   -2.597730   -2.810599

site               521         522         523         524         525         526         527         528         529         530         531         532         533
L             0.060169    0.001345   2.373e-04    0.060169    0.060169    0.082831    0.074442    0.074442    0.001546    0.082831    0.016821    0.082831    0.082831
ln L         -2.810599   -6.611619   -8.346309   -2.810599   -2.810599   -2.490953   -2.597730   -2.597730   -6.471966   -2.490953   -4.085134   -2.490953   -2.490953

site               534         535         536         537         538         539         540         541         542         543         544         545         546
L             0.082831   9.472e-04    0.001745   7.416e-06    0.324121   1.570e-06   9.292e-06   1.971e-06   2.643e-04    0.004500    0.016821    0.001290   7.337e-04
ln L         -2.490953   -6.961975   -6.351010  -11.811890   -1.126640  -13.364507  -11.586403  -13.136912   -8.238286   -5.403732   -4.085134   -6.652958   -7.217428

site               547         548         549         550         551         552         553         554         555         556         557         558         559
L             0.074442    0.001701    0.016821    0.074442    0.060169    0.082831    0.082831   1.117e-07    0.002953    0.074442   2.228e-04   9.984e-08   6.110e-10
ln L         -2.597730   -6.376684   -4.085134   -2.597730   -2.810599   -2.490953   -2.490953  -16.007727   -5.824823   -2.597730   -8.409227  -16.119745  -21.215964

site               560         561         562         563         564         565         566         567         568         569         570         571         572
L            5.216e-08   1.313e-07   2.265e-06    0.074442    0.074442   3.217e-07    0.005032   6.737e-05   1.736e-07   2.544e-10    0.060169   9.254e-06    0.082831
ln L        -16.768956  -15.845853  -12.997878   -2.597730   -2.597730  -14.949497   -5.291967   -9.605324  -15.566432  -22.092210   -2.810599  -11.590492   -2.490953

site               573         574         575         576         577         578         579         580         581         582         583         584         585
L            2.671e-04    0.082831   4.299e-05   2.354e-04   1.691e-04   1.904e-04    0.016821    0.016821    0.003113    0.060169    0.003984   9.466e-05    0.074442
ln L         -8.227968   -2.490953  -10.054521   -8.354436   -8.685184   -8.566217   -4.085134   -4.085134   -5.772155   -2.810599   -5.525484   -9.265175   -2.597730

site               586         587         588         589         590         591         592         593         594         595         596         597         598
L             0.060169    0.005434    0.098122    0.001625    0.074442    0.060169    0.060169    0.060169    0.060169    0.082831    0.082831    0.082831    0.016821
ln L         -2.810599   -5.215041   -2.321547   -6.422220   -2.597730   -2.810599   -2.810599   -2.810599   -2.810599   -2.490953   -2.490953   -2.490953   -4.085134

site               599         600         601         602         603         604         605         606         607         608         609         610         611
L             0.016821    0.082831    0.060169    0.082831   6.146e-04   4.531e-04    0.082831    0.016821    0.001745   7.405e-05    0.082831    0.060169    0.074442
ln L         -4.085134   -2.490953   -2.810599   -2.490953   -7.394571   -7.699379   -2.490953   -4.085134   -6.351010   -9.510817   -2.490953   -2.810599   -2.597730

site               612         613         614         615         616         617         618         619         620         621         622         623         624
L             0.074442   3.891e-05    0.060169    0.005047    0.016821   3.035e-04   1.904e-04    0.074442    0.060169    0.060169    0.082831    0.016821    0.016821
ln L         -2.597730  -10.154289   -2.810599   -5.288991   -4.085134   -8.100211   -8.566217   -2.597730   -2.810599   -2.810599   -2.490953   -4.085134   -4.085134

site               625         626         627         628         629         630         631         632         633         634         635         636         637
L            9.043e-04   2.126e-06    0.003113    0.074442    0.002387    0.082831    0.082831    0.082831    0.082831   3.286e-06    0.001708    0.060169    0.060169
ln L         -7.008313  -13.061376   -5.772155   -2.597730   -6.037551   -2.490953   -2.490953   -2.490953   -2.490953  -12.625780   -6.372356   -2.810599   -2.810599

site               638         639         640         641         642         643         644         645         646         647         648         649         650
L             0.016821    0.016821    0.060169    0.016821    0.074442    0.082831    0.082831    0.074442    0.060169    0.074442    0.074442    0.082831    0.082831
ln L         -4.085134   -4.085134   -2.810599   -4.085134   -2.597730   -2.490953   -2.490953   -2.597730   -2.810599   -2.597730   -2.597730   -2.490953   -2.490953

site               651         652         653         654         655         656         657         658         659         660         661         662         663
L             0.082831    0.060169    0.082831    0.082831    0.082831    0.082831    0.016821    0.060169    0.082831    0.082831    0.003437    0.082831   3.121e-05
ln L         -2.490953   -2.810599   -2.490953   -2.490953   -2.490953   -2.490953   -4.085134   -2.810599   -2.490953   -2.490953   -5.673159   -2.490953  -10.374758

site               664         665         666         667         668         669         670         671         672         673         674         675         676
L            4.953e-04   7.185e-06   7.600e-04    0.060169   6.051e-04   1.202e-06   1.617e-04   2.029e-08   1.696e-05    0.005077   1.016e-05   2.049e-04    0.074442
ln L         -7.610247  -11.843541   -7.182203   -2.810599   -7.410141  -13.631921   -8.729526  -17.713338  -10.984872   -5.283125  -11.497249   -8.493215   -2.597730

site               677         678         679         680         681         682         683         684         685         686         687         688         689
L            4.207e-07    0.003266    0.005047    0.001983    0.001345   2.338e-04   1.178e-08   4.133e-06    0.001651   1.197e-05   7.625e-09    0.002953   2.903e-04
ln L        -14.681337   -5.724054   -5.288991   -6.223230   -6.611619   -8.360898  -18.257067  -12.396554   -6.406497  -11.332952  -18.691877   -5.824823   -8.144525

site               690         691         692         693         694         695         696         697         698         699         700         701         702
L            5.337e-05    0.074442   1.123e-06    0.003699    0.060169   7.552e-10    0.082831   1.373e-04   1.667e-05   4.802e-06   1.419e-04    0.074442   2.647e-06
ln L         -9.838251   -2.597730  -13.699421   -5.599559   -2.810599  -21.004082   -2.490953   -8.893372  -11.001605  -12.246440   -8.860213   -2.597730  -12.842218

site               703         704         705         706         707         708         709         710         711         712         713         714         715
L             0.060169   5.755e-04    0.006422   1.904e-04   5.764e-06   3.140e-05   3.727e-06   1.403e-07    0.074442    0.074442   2.589e-06    0.006025    0.060169
ln L         -2.810599   -7.460279   -5.048048   -8.566217  -12.063828  -10.368631  -12.499957  -15.779387   -2.597730   -2.597730  -12.864341   -5.111782   -2.810599

site               716         717         718         719         720         721         722         723         724         725         726         727         728
L            1.107e-06   1.047e-06   1.621e-04   1.066e-08   8.901e-07    0.002963   2.735e-07    0.082831    0.004924    0.006613   6.526e-06    0.005047   9.513e-07
ln L        -13.714299  -13.769726   -8.727589  -18.356700  -13.931946   -5.821510  -15.112087   -2.490953   -5.313550   -5.018668  -11.939713   -5.288991  -13.865461

site               729         730         731         732         733         734         735         736         737         738         739         740         741
L            4.238e-04   5.743e-05   5.067e-06    0.082831    0.082831   1.480e-04    0.003766   7.358e-04   1.593e-08   5.213e-05    0.082831   3.925e-06    0.002387
ln L         -7.766312   -9.764926  -12.192847   -2.490953   -2.490953   -8.818077   -5.581817   -7.214598  -17.955118   -9.861694   -2.490953  -12.448221   -6.037551

site               742         743         744         745         746         747         748         749         750         751         752         753         754
L             0.082831    0.082831    0.082831   1.930e-04   9.570e-06   4.544e-05   3.252e-07   7.179e-06   4.718e-08   6.483e-06    0.005137    0.060169    0.082831
ln L         -2.490953   -2.490953   -2.490953   -8.552832  -11.556835   -9.999125  -14.938721  -11.844367  -16.869250  -11.946387   -5.271381   -2.810599   -2.490953

site               755         756         757         758         759         760         761         762         763         764         765         766         767
L            2.096e-06    0.001603    0.074442   4.948e-07   5.370e-07    0.005137   7.678e-08    0.060169    0.082831   3.527e-04    0.016821    0.060169   6.850e-04
ln L        -13.075306   -6.435692   -2.597730  -14.519033  -14.437260   -5.271381  -16.382342   -2.810599   -2.490953   -7.949894   -4.085134   -2.810599   -7.286063

site               768         769         770         771         772         773         774         775         776         777         778         779         780
L             0.082831    0.082831    0.082831   6.735e-07   2.017e-05   2.574e-09   3.785e-08   1.143e-04   2.815e-05   1.258e-07    0.060169   9.580e-06   8.923e-05
ln L         -2.490953   -2.490953   -2.490953  -14.210715  -10.811248  -19.777944  -17.089671   -9.077012  -10.477828  -15.888957   -2.810599  -11.555824   -9.324269

site               781         782         783         784         785         786         787         788         789         790         791         792         793
L            2.782e-04   3.124e-07    0.060169   3.599e-05   1.975e-05   1.014e-05    0.074442   2.779e-04    0.004720    0.060169   2.346e-06    0.082831    0.003437
ln L         -8.187341  -14.978960   -2.810599  -10.232408  -10.832361  -11.499094   -2.597730   -8.188377   -5.355988   -2.810599  -12.962847   -2.490953   -5.673159

site               794         795         796         797         798         799         800         801         802         803         804         805         806
L            2.860e-10    0.082831   1.663e-05   1.537e-05    0.082831    0.016821   1.150e-06    0.006178    0.004720   3.684e-07   2.498e-07    0.002953   6.483e-06
ln L        -21.974966   -2.490953  -11.004544  -11.082800   -2.490953   -4.085134  -13.675548   -5.086751   -5.355988  -14.814030  -15.202636   -5.824823  -11.946288

site               807         808         809         810         811         812         813         814         815         816         817         818         819
L            2.782e-04    0.074442   9.471e-06    0.082831   4.618e-04   2.638e-04    0.006878   1.488e-04   5.884e-06   3.178e-06    0.060169    0.006422    0.060169
ln L         -8.187341   -2.597730  -11.567248   -2.490953   -7.680408   -8.240324   -4.979430   -8.812805  -12.043221  -12.659214   -2.810599   -5.048048   -2.810599

site               820         821         822         823         824         825         826         827         828         829         830         831         832
L             0.001813   6.088e-07   1.755e-04    0.060169   1.987e-10   9.466e-05   6.167e-06    0.005077   6.904e-06   4.412e-05    0.082831   8.737e-05   1.986e-06
ln L         -6.312662  -14.311779   -8.647756   -2.810599  -22.338980   -9.265175  -11.996314   -5.283125  -11.883414  -10.028606   -2.490953   -9.345333  -13.129390

site               833         834         835         836         837         838         839         840         841         842         843         844         845
L            4.450e-05    0.074442    0.082831    0.082831    0.016821    0.082831    0.082831   3.194e-06   7.016e-05   1.208e-05    0.082831    0.001022   8.378e-06
ln L        -10.020047   -2.597730   -2.490953   -2.490953   -4.085134   -2.490953   -2.490953  -12.654385   -9.564793  -11.323750   -2.490953   -6.885587  -11.689943

site               846         847         848         849         850         851         852         853         854         855         856         857         858
L             0.001625    0.060169   4.759e-05    0.003664    0.001169   1.492e-09    0.082831   1.160e-05    0.001306    0.060169    0.016821   6.719e-06    0.003699
ln L         -6.422220   -2.810599   -9.952931   -5.609137   -6.751557  -20.322859   -2.490953  -11.364517   -6.640636   -2.810599   -4.085134  -11.910578   -5.599559

site               859         860         861         862         863         864         865         866         867         868         869         870         871
L             0.001625   4.691e-05    0.060169    0.016821    0.082831   4.669e-05    0.001511   5.003e-05    0.001345   8.003e-05   2.813e-08    0.082831    0.001745
ln L         -6.422220   -9.967336   -2.810599   -4.085134   -2.490953   -9.971960   -6.495254   -9.902951   -6.611619   -9.433100  -17.386365   -2.490953   -6.351010

site               872         873         874         875         876         877         878         879         880         881         882         883         884
L             0.005434    0.074442    0.082831   1.182e-04    0.082831    0.074442   3.694e-06   3.410e-08   6.595e-04   2.147e-07   1.007e-06   8.124e-04   1.438e-05
ln L         -5.215041   -2.597730   -2.490953   -9.043048   -2.490953   -2.597730  -12.508695  -17.193917   -7.323984  -15.353822  -13.808507   -7.115470  -11.149481

site               885         886         887         888         889         890         891         892         893         894         895         896         897
L             0.005434    0.060169    0.002012    0.003169    0.002153   3.771e-08   1.219e-04    0.060169    0.004500    0.082831    0.016821    0.074442    0.060169
ln L         -5.215041   -2.810599   -6.208571   -5.754183   -6.140810  -17.093392   -9.011931   -2.810599   -5.403732   -2.490953   -4.085134   -2.597730   -2.810599

site               898
L             0.060169
ln L         -2.810599

Time used to compute likelihoods = 0.03 sec (CPU time = 0.20 sec)

Tree scores (and parameter estimates) written to file: ~/Library/CloudStorage/Dropbox/Lab/James
McInerney/programming/MLDecay/debug_runs/mldecay_20250520_142021/site_lnl_Clade_4.txt
