--- STDOUT ---

P A U P *
Version 4.0a (build 168) for macOS (built on Aug  2 2020 at 06:41:30)
Tue May 20 14:21:37 2025

        -----------------------------NOTICE-----------------------------
          This is a test version that is still changing rapidly.
          Please report bugs to dave@phylosolutions.com
        ----------------------------------------------------------------

Running on Apple M3 Max
    16 CPU cores on 1 socket
    Executable built for Intel(R) 64 architecture
    Compiled using Intel compiler (icc) 11.1.0 (build 20091012)
    SSE vectorization enabled
    SSSE3 instructions supported
    Multithreading enabled using Pthreads

Processing of file "~/Library/CloudStorage/Dropbox/Lab/James McInerney/programming/MLDecay/debug_runs/mldecay_20250520_142021/site_analysis_Clade_6.nex" begins...

Processing of file "~/Library/CloudStorage/Dropbox/Lab/James McInerney/programming/MLDecay/debug_runs/mldecay_20250520_142021/alignment.nex" begins...

Data read in DNA format

Data matrix has 12 taxa, 898 characters
Valid character-state symbols: ACGT
Missing data identified by '?'
Gaps identified by '-'
"Equate" macros in effect:
   R,r ==> {AG}
   Y,y ==> {CT}
   M,m ==> {AC}
   K,k ==> {GT}
   S,s ==> {CG}
   W,w ==> {AT}
   H,h ==> {ACT}
   B,b ==> {CGT}
   V,v ==> {ACG}
   D,d ==> {AGT}
   N,n ==> {ACGT}

Processing of input file "alignment.nex" completed.

Optimality criterion set to likelihood.

Processing TREES block from file: ~/Library/CloudStorage/Dropbox/Lab/James McInerney/programming/MLDecay/debug_runs/mldecay_20250520_142021/ml_tree.tre
  Keeping: trees from file (replacing any trees already in memory)
  1 tree read from file

  Time used = 0.00 sec (CPU time = 0.00 sec)

Note: Input trees are rooted but current criterion and/or option settings would specify unrooted trees.  (You can deroot the trees using the 'derootTrees' command.)

Processing TREES block from file: ~/Library/CloudStorage/Dropbox/Lab/James McInerney/programming/MLDecay/debug_runs/mldecay_20250520_142021/constraint_tree_6.tre
  Keeping: trees in memory plus trees from file
  1 tree originally in memory
  1 tree read from file
  1 tree from file kept
  2 trees now in memory

  Time used = 0.00 sec (CPU time = 0.00 sec)

Note: Input trees are rooted but current criterion and/or option settings would specify unrooted trees.  (You can deroot the trees using the 'derootTrees' command.)

Likelihood scores of tree(s) in memory:
---------------------------------------
  898 characters are included
  All characters have equal weight
  Likelihood settings:
    Current model:
                             Data type = nucleotide
                DNA substitution types = 1
                     State frequencies = empirical: A=0.324121 C=0.30402 G=0.105528 T=0.266332
        Proportion of invariable sites = none
               Rates at variable sites = equal
                  Model correspondence = F81

    Number of distinct data patterns under this model = 415
    Molecular clock not enforced
    Starting branch lengths obtained using Rogers-Swofford approximation method
    Branch-length optimization = one-dimensional Newton-Raphson with pass limit=20, tolerance=1e-07
    Likelihood calculations performed in single precision
    Vector processing enabled
    Using standard Felsenstein pruning for computing likelihoods
    Conditional-likelihood rescaling threshold = 1e-20
    Using 14 parallel threads on 16 processors

Tree             1           2
------------------------------
-ln L     6333.490    6357.439

Likelihoods for each site on tree 1:

site                 1           2           3           4           5           6           7           8           9          10          11          12          13
L             0.085077    0.085077    0.017454    0.005554    0.061962    0.061962   2.934e-05   4.428e-05    0.002956   7.432e-07    0.017454    0.017454   3.983e-06
ln L         -2.464201   -2.464201   -4.048184   -5.193284   -2.781228   -2.781228  -10.436437  -10.025064   -5.823992  -14.112309   -4.048184   -4.048184  -12.433440

site                14          15          16          17          18          19          20          21          22          23          24          25          26
L             0.017454    0.076530    0.007023   6.401e-06   8.034e-05   7.857e-07   9.554e-06   5.555e-06   8.009e-07    0.076530    0.061962   5.249e-10    0.085077
ln L         -4.048184   -2.570073   -4.958582  -11.959066   -9.429299  -14.056662  -11.558532  -12.100897  -14.037489   -2.570073   -2.781228  -21.367867   -2.464201

site                27          28          29          30          31          32          33          34          35          36          37          38          39
L             0.061962   1.325e-05   8.367e-04    0.061962   3.751e-09    0.017454    0.076530   3.322e-06    0.076530    0.085077   2.726e-06    0.017454    0.017454
ln L         -2.781228  -11.231337   -7.085990   -2.781228  -19.401321   -4.048184   -2.570073  -12.615067   -2.570073   -2.464201  -12.812777   -4.048184   -4.048184

site                40          41          42          43          44          45          46          47          48          49          50          51          52
L            4.422e-09    0.005339    0.061962   6.216e-07    0.085077    0.076530   3.212e-07    0.061962    0.076530   1.159e-09    0.061962    0.076530   9.703e-05
ln L        -19.236766   -5.232777   -2.781228  -14.290919   -2.464201   -2.570073  -14.951129   -2.781228   -2.570073  -20.575482   -2.781228   -2.570073   -9.240447

site                53          54          55          56          57          58          59          60          61          62          63          64          65
L            2.900e-07    0.061962   3.567e-07   1.212e-07   4.914e-05   1.298e-06    0.061962    0.061962    0.005554    0.061962    0.017454    0.004182   3.984e-05
ln L        -15.053323   -2.781228  -14.846510  -15.925634   -9.920828  -13.554828   -2.781228   -2.781228   -5.193284   -2.781228   -4.048184   -5.476886  -10.130621

site                66          67          68          69          70          71          72          73          74          75          76          77          78
L             0.061962   2.876e-07    0.017454    0.076530   3.658e-06    0.085077    0.085077   1.169e-04    0.005508    0.076530    0.004646    0.085077    0.085077
ln L         -2.781228  -15.061701   -4.048184   -2.570073  -12.518508   -2.464201   -2.464201   -9.054619   -5.201488   -2.570073   -5.371765   -2.464201   -2.464201

site                79          80          81          82          83          84          85          86          87          88          89          90          91
L            4.329e-05    0.061962    0.085077   1.305e-05    0.017454    0.085077   7.062e-04    0.076530    0.017454   2.836e-06    0.002438    0.001709   6.388e-08
ln L        -10.047691   -2.781228   -2.464201  -11.246559   -4.048184   -2.464201   -7.255550   -2.570073   -4.048184  -12.773292   -6.016703   -6.371742  -16.566289

site                92          93          94          95          96          97          98          99         100         101         102         103         104
L             0.076530    0.085077   7.244e-05    0.085077   3.130e-04   4.889e-05    0.076530    0.017454   3.114e-06    0.085077   6.453e-05    0.002237    0.085077
ln L         -2.570073   -2.464201   -9.532759   -2.464201   -8.069408   -9.926033   -2.570073   -4.048184  -12.679678   -2.464201   -9.648342   -6.102450   -2.464201

site               105         106         107         108         109         110         111         112         113         114         115         116         117
L             0.061962    0.085077   1.943e-05   4.914e-04   1.624e-06    0.005339    0.061962   3.459e-07   1.286e-04    0.076530   9.460e-07    0.076530   2.844e-04
ln L         -2.781228   -2.464201  -10.848682   -7.618199  -13.330591   -5.232777   -2.781228  -14.877086   -8.958735   -2.570073  -13.871027   -2.570073   -8.165012

site               118         119         120         121         122         123         124         125         126         127         128         129         130
L            1.977e-05    0.017454    0.017454   2.145e-07    0.005090    0.061962   6.089e-08    0.076530    0.085077    0.085077    0.001393    0.003232   6.621e-08
ln L        -10.831526   -4.048184   -4.048184  -15.354835   -5.280513   -2.781228  -16.614159   -2.570073   -2.464201   -2.464201   -6.576599   -5.734520  -16.530447

site               131         132         133         134         135         136         137         138         139         140         141         142         143
L            2.109e-04    0.061962    0.004646   4.770e-04    0.061962   9.950e-05    0.076530    0.076530   6.216e-06    0.001325    0.061962   2.236e-07    0.002438
ln L         -8.464269   -2.781228   -5.371765   -7.648010   -2.781228   -9.215363   -2.570073   -2.570073  -11.988444   -6.625986   -2.781228  -15.313276   -6.016703

site               144         145         146         147         148         149         150         151         152         153         154         155         156
L            2.615e-04    0.085077    0.017454    0.002115   7.699e-07   5.259e-07    0.002861   1.049e-06    0.061962    0.017454    0.085077    0.061962    0.017454
ln L         -8.249175   -2.464201   -4.048184   -6.158547  -14.077020  -14.458216   -5.856568  -13.767944   -2.781228   -4.048184   -2.464201   -2.781228   -4.048184

site               157         158         159         160         161         162         163         164         165         166         167         168         169
L             0.085077   8.244e-05    0.061962   1.843e-08   6.690e-05   1.646e-04   3.175e-05    0.017454    0.076530    0.003825    0.085077    0.001548    0.005339
ln L         -2.464201   -9.403432   -2.781228  -17.809473   -9.612366   -8.711934  -10.357534   -4.048184   -2.570073   -5.566196   -2.464201   -6.470968   -5.232777

site               170         171         172         173         174         175         176         177         178         179         180         181         182
L             0.005554    0.061962   1.727e-04   3.298e-06    0.076530   1.239e-04    0.085077    0.085077    0.001900    0.076530    0.061962   4.992e-07    0.017454
ln L         -5.193284   -2.781228   -8.663955  -12.622242   -2.570073   -8.996111   -2.464201   -2.464201   -6.265965   -2.570073   -2.781228  -14.510257   -4.048184

site               183         184         185         186         187         188         189         190         191         192         193         194         195
L             0.076530    0.001900   5.821e-05    0.061962    0.006152    0.076530    0.076530    0.003259   1.476e-05    0.076530   1.350e-05   1.362e-04    0.076530
ln L         -2.570073   -6.265965   -9.751483   -2.781228   -5.090934   -2.570073   -2.570073   -5.726332  -11.123422   -2.570073  -11.212973   -8.901364   -2.570073

site               196         197         198         199         200         201         202         203         204         205         206         207         208
L            1.243e-06    0.085077    0.061962   1.827e-06    0.085077    0.085077   2.755e-07    0.002956    0.061962   3.266e-06   1.799e-04    0.061962   4.212e-08
ln L        -13.597694   -2.464201   -2.781228  -13.212825   -2.464201   -2.464201  -15.104617   -5.823992   -2.781228  -12.631847   -8.622907   -2.781228  -16.982853

site               209         210         211         212         213         214         215         216         217         218         219         220         221
L             0.017454    0.017454   2.463e-10    0.017454    0.085077   7.062e-04    0.005339    0.061962   8.272e-05    0.004974   7.562e-05   1.582e-05    0.001548
ln L         -4.048184   -4.048184  -22.124302   -4.048184   -2.464201   -7.255550   -5.232777   -2.781228   -9.400084   -5.303511   -9.489768  -11.054116   -6.470968

site               222         223         224         225         226         227         228         229         230         231         232         233         234
L             0.004974   1.780e-05    0.002014    0.003870   3.747e-05   5.593e-08    0.003072   4.474e-06   2.030e-06    0.076530   7.891e-06   5.864e-07    0.002678
ln L         -5.303511  -10.936329   -6.207738   -5.554435  -10.192058  -16.699076   -5.785281  -12.317180  -13.107567   -2.570073  -11.749787  -14.349240   -5.922705

site               235         236         237         238         239         240         241         242         243         244         245         246         247
L            1.821e-07    0.061962    0.061962   5.139e-06    0.061962    0.076530   1.608e-05    0.061962    0.017454   1.285e-07    0.001022    0.076530   1.480e-05
ln L        -15.518594   -2.781228   -2.781228  -12.178611   -2.781228   -2.570073  -11.037810   -2.781228   -4.048184  -15.867335   -6.886057   -2.570073  -11.120576

site               248         249         250         251         252         253         254         255         256         257         258         259         260
L            3.499e-04    0.085077   9.915e-06   5.074e-04   3.292e-06   1.160e-05    0.085077    0.076530   2.773e-07    0.002054    0.061962   1.227e-06   1.871e-07
ln L         -7.957934   -2.464201  -11.521486   -7.586210  -12.623906  -11.364749   -2.464201   -2.570073  -15.098052   -6.188170   -2.781228  -13.610655  -15.491873

site               261         262         263         264         265         266         267         268         269         270         271         272         273
L             0.002944   2.897e-07   7.822e-07    0.061962   1.766e-07    0.002438    0.002956   2.752e-05    0.017454    0.017454   1.243e-06   2.519e-08    0.001486
ln L         -5.827936  -15.054475  -14.061209   -2.781228  -15.549138   -6.016703   -5.823992  -10.500755   -4.048184   -4.048184  -13.597922  -17.496801   -6.511830

site               274         275         276         277         278         279         280         281         282         283         284         285         286
L            2.350e-08    0.085077    0.085077   7.210e-06    0.001393    0.005167   3.041e-04   5.645e-04    0.061962   7.675e-04   4.735e-04    0.061962   1.482e-07
ln L        -17.566278   -2.464201   -2.464201  -11.840062   -6.576599   -5.265510   -8.098136   -7.479581   -2.781228   -7.172367   -7.655280   -2.781228  -15.724873

site               287         288         289         290         291         292         293         294         295         296         297         298         299
L             0.085077    0.076530   2.542e-07   7.588e-04    0.076530   3.772e-04    0.076530    0.061962   4.337e-08    0.061962    0.085077    0.002956    0.061962
ln L         -2.464201   -2.570073  -15.185312   -7.183753   -2.570073   -7.882780   -2.570073   -2.781228  -16.953523   -2.781228   -2.464201   -5.823992   -2.781228

site               300         301         302         303         304         305         306         307         308         309         310         311         312
L             0.076530   9.721e-08    0.076530    0.061962   1.877e-08   3.013e-04    0.085077   2.897e-06    0.085077    0.061962   1.250e-07    0.005167    0.005303
ln L         -2.570073  -16.146380   -2.570073   -2.781228  -17.791021   -8.107475   -2.464201  -12.751702   -2.464201   -2.781228  -15.894777   -5.265510   -5.239489

site               313         314         315         316         317         318         319         320         321         322         323         324         325
L            7.037e-06    0.002342   3.989e-06   1.094e-06    0.005910   2.302e-04   4.653e-04   5.835e-04    0.001325    0.006152    0.076530    0.085077    0.002342
ln L        -11.864278   -6.056944  -12.431889  -13.725486   -5.131175   -8.376442   -7.672850   -7.446499   -6.625986   -5.090934   -2.570073   -2.464201   -6.056944

site               326         327         328         329         330         331         332         333         334         335         336         337         338
L             0.001610    0.017454   4.735e-04    0.017454    0.017454   6.151e-06   2.089e-10    0.003758   8.367e-04    0.005554   2.209e-04   2.230e-04    0.085077
ln L         -6.431640   -4.048184   -7.655280   -4.048184   -4.048184  -11.998904  -22.289094   -5.583738   -7.085990   -5.193284   -8.417888   -8.408523   -2.464201

site               339         340         341         342         343         344         345         346         347         348         349         350         351
L             0.076530   8.629e-04    0.001709    0.085077   3.045e-05    0.006497    0.002342    0.002956    0.004646   4.151e-04   3.827e-08    0.005303   2.435e-06
ln L         -2.570073   -7.055205   -6.371742   -2.464201  -10.399463   -5.036404   -6.056944   -5.823992   -5.371765   -7.787079  -17.078704   -5.239413  -12.925615

site               352         353         354         355         356         357         358         359         360         361         362         363         364
L            1.884e-06    0.085077    0.085077   8.290e-06    0.005303    0.061962    0.007023    0.085077    0.006152   6.917e-09    0.076530    0.076530   7.130e-07
ln L        -13.182375   -2.464201   -2.464201  -11.700468   -5.239413   -2.781228   -4.958582   -2.464201   -5.090934  -18.789239   -2.570073   -2.570073  -14.153727

site               365         366         367         368         369         370         371         372         373         374         375         376         377
L            3.037e-05    0.005339   8.215e-08    0.002944    0.061962   8.688e-06    0.085077    0.076530    0.007023    0.076530    0.017454    0.003391    0.017454
ln L        -10.401944   -5.232777  -16.314754   -5.827936   -2.781228  -11.653600   -2.464201   -2.570073   -4.958582   -2.570073   -4.048184   -5.686535   -4.048184

site               378         379         380         381         382         383         384         385         386         387         388         389         390
L             0.085077    0.085077    0.085077    0.085077   3.378e-07    0.085077   3.328e-08   5.416e-08   1.556e-05    0.061962   6.685e-05    0.085077    0.061962
ln L         -2.464201   -2.464201   -2.464201   -2.464201  -14.900928   -2.464201  -17.218409  -16.731318  -11.070990   -2.781228   -9.612995   -2.464201   -2.781228

site               391         392         393         394         395         396         397         398         399         400         401         402         403
L            6.776e-06   4.275e-07    0.003870   4.386e-06    0.001671    0.061962   1.183e-05    0.076530    0.085077    0.005339   5.858e-04    0.061962   2.250e-04
ln L        -11.902070  -14.665294   -5.554435  -12.337076   -6.394579   -2.781228  -11.344471   -2.570073   -2.464201   -5.232777   -7.442593   -2.781228   -8.399262

site               404         405         406         407         408         409         410         411         412         413         414         415         416
L            6.485e-06   1.257e-04   2.922e-05    0.076530    0.076530   4.218e-04   3.656e-05    0.061962   5.494e-09   3.628e-04    0.061962    0.001900    0.076530
ln L        -11.946016   -8.981601  -10.440640   -2.570073   -2.570073   -7.770993  -10.216569   -2.781228  -19.019538   -7.921611   -2.781228   -6.265965   -2.570073

site               417         418         419         420         421         422         423         424         425         426         427         428         429
L             0.061962   3.164e-08   1.464e-04    0.061962   4.653e-04   2.645e-05    0.076530   2.050e-06   1.913e-04    0.005167   3.730e-06    0.085077    0.002342
ln L         -2.781228  -17.268917   -8.829366   -2.781228   -7.672850  -10.540290   -2.570073  -13.097783   -8.561475   -5.265510  -12.499049   -2.464201   -6.056944

site               430         431         432         433         434         435         436         437         438         439         440         441         442
L             0.001504    0.076530    0.076530   6.233e-05   6.761e-04    0.001177   1.341e-07   1.043e-04    0.061962   3.721e-06    0.085077    0.061962   2.590e-07
ln L         -6.499452   -2.570073   -2.570073   -9.683092   -7.299209   -6.744656  -15.824642   -9.167838   -2.781228  -12.501524   -2.464201   -2.781228  -15.166300

site               443         444         445         446         447         448         449         450         451         452         453         454         455
L            3.764e-06    0.001512   1.045e-08    0.017454    0.017454   2.807e-08   1.932e-04    0.001707   2.230e-06   1.150e-06    0.005554   1.972e-09   2.377e-04
ln L        -12.489912   -6.494317  -18.376295   -4.048184   -4.048184  -17.388524   -8.551902   -6.373000  -13.013480  -13.675648   -5.193284  -20.044346   -8.344536

site               456         457         458         459         460         461         462         463         464         465         466         467         468
L            1.604e-04   7.500e-05    0.061962    0.017454    0.061962    0.085077   3.422e-04    0.005910    0.002944    0.085077    0.061962    0.085077    0.017454
ln L         -8.737804   -9.497965   -2.781228   -4.048184   -2.781228   -2.464201   -7.980199   -5.131175   -5.827936   -2.464201   -2.781228   -2.464201   -4.048184

site               469         470         471         472         473         474         475         476         477         478         479         480         481
L             0.061962    0.061962    0.061962    0.085077    0.002342   3.983e-06   4.700e-04    0.085077    0.085077    0.085077    0.085077    0.076530    0.085077
ln L         -2.781228   -2.781228   -2.781228   -2.464201   -6.056944  -12.433440   -7.662842   -2.464201   -2.464201   -2.464201   -2.464201   -2.570073   -2.464201

site               482         483         484         485         486         487         488         489         490         491         492         493         494
L            3.257e-05    0.001516    0.085077    0.017454    0.085077    0.001756    0.061962    0.017454    0.061962    0.017454    0.085077    0.002438    0.061962
ln L        -10.332155   -6.491549   -2.464201   -4.048184   -2.464201   -6.344566   -2.781228   -4.048184   -2.781228   -4.048184   -2.464201   -6.016703   -2.781228

site               495         496         497         498         499         500         501         502         503         504         505         506         507
L             0.076530    0.003870   6.761e-04    0.001841   2.322e-07   4.450e-05    0.085077    0.001516    0.085077    0.017454    0.001177   2.104e-05   8.946e-06
ln L         -2.570073   -5.554435   -7.299209   -6.297534  -15.275498  -10.019971   -2.464201   -6.491549   -2.464201   -4.048184   -6.744656  -10.769071  -11.624279

site               508         509         510         511         512         513         514         515         516         517         518         519         520
L             0.006497   3.636e-07   3.450e-08    0.001393    0.246203   2.675e-05   6.575e-08    0.096867    0.005554   1.847e-05   9.013e-04    0.076530    0.061962
ln L         -5.036404  -14.827286  -17.182318   -6.576599   -1.401597  -10.529101  -16.537441   -2.334417   -5.193284  -10.899134   -7.011704   -2.570073   -2.781228

site               521         522         523         524         525         526         527         528         529         530         531         532         533
L             0.061962    0.001393   2.522e-04    0.061962    0.061962    0.085077    0.076530    0.076530    0.001595    0.085077    0.017454    0.085077    0.085077
ln L         -2.781228   -6.576599   -8.285265   -2.781228   -2.781228   -2.464201   -2.570073   -2.570073   -6.440819   -2.464201   -4.048184   -2.464201   -2.464201

site               534         535         536         537         538         539         540         541         542         543         544         545         546
L             0.085077   9.938e-04    0.001709   7.340e-06    0.324121   1.478e-06   4.582e-06   3.107e-06   2.733e-04    0.004646    0.017454    0.001338   7.062e-04
ln L         -2.464201   -6.913996   -6.371742  -11.822115   -1.126640  -13.424990  -12.293272  -12.681884   -8.204793   -5.371765   -4.048184   -6.616231   -7.255550

site               547         548         549         550         551         552         553         554         555         556         557         558         559
L             0.076530    0.001756    0.017454    0.076530    0.061962    0.085077    0.085077   1.104e-07    0.003072    0.076530   1.623e-04   1.060e-07   4.892e-10
ln L         -2.570073   -6.344566   -4.048184   -2.570073   -2.781228   -2.464201   -2.464201  -16.019164   -5.785281   -2.570073   -8.726259  -16.059931  -21.438294

site               560         561         562         563         564         565         566         567         568         569         570         571         572
L            5.192e-08   1.738e-07   2.260e-06    0.076530    0.076530   2.767e-07    0.005303   6.906e-05   2.461e-07   1.748e-10    0.061962   1.035e-05    0.085077
ln L        -16.773527  -15.565605  -13.000023   -2.570073   -2.570073  -15.100234   -5.239489   -9.580581  -15.217701  -22.467323   -2.781228  -11.478461   -2.464201

site               573         574         575         576         577         578         579         580         581         582         583         584         585
L            2.785e-04    0.085077   4.524e-05   2.392e-04   1.761e-04   1.991e-04    0.017454    0.017454    0.003232    0.061962    0.004126   9.847e-05    0.076530
ln L         -8.185976   -2.464201  -10.003620   -8.338156   -8.644331   -8.521728   -4.048184   -4.048184   -5.734520   -2.781228   -5.490413   -9.225776   -2.570073

site               586         587         588         589         590         591         592         593         594         595         596         597         598
L             0.061962    0.005554    0.100690    0.001177    0.076530    0.061962    0.061962    0.061962    0.061962    0.085077    0.085077    0.085077    0.017454
ln L         -2.781228   -5.193284   -2.295712   -6.744656   -2.570073   -2.781228   -2.781228   -2.781228   -2.781228   -2.464201   -2.464201   -2.464201   -4.048184

site               599         600         601         602         603         604         605         606         607         608         609         610         611
L             0.017454    0.085077    0.061962    0.085077   5.994e-04   4.541e-04    0.085077    0.017454    0.001709   6.961e-05    0.085077    0.061962    0.076530
ln L         -4.048184   -2.464201   -2.781228   -2.464201   -7.419600   -7.697137   -2.464201   -4.048184   -6.371742   -9.572619   -2.464201   -2.781228   -2.570073

site               612         613         614         615         616         617         618         619         620         621         622         623         624
L             0.076530   2.640e-05    0.061962    0.005167    0.017454   3.130e-04   1.991e-04    0.076530    0.061962    0.061962    0.085077    0.017454    0.017454
ln L         -2.570073  -10.542094   -2.781228   -5.265510   -4.048184   -8.069408   -8.521728   -2.570073   -2.781228   -2.781228   -2.464201   -4.048184   -4.048184

site               625         626         627         628         629         630         631         632         633         634         635         636         637
L            8.629e-04   1.619e-06    0.003232    0.076530    0.002438    0.085077    0.085077    0.085077    0.085077   3.353e-06    0.001717    0.061962    0.061962
ln L         -7.055205  -13.333689   -5.734520   -2.570073   -6.016703   -2.464201   -2.464201   -2.464201   -2.464201  -12.605640   -6.367403   -2.781228   -2.781228

site               638         639         640         641         642         643         644         645         646         647         648         649         650
L             0.017454    0.017454    0.061962    0.017454    0.076530    0.085077    0.085077    0.076530    0.061962    0.076530    0.076530    0.085077    0.085077
ln L         -4.048184   -4.048184   -2.781228   -4.048184   -2.570073   -2.464201   -2.464201   -2.570073   -2.781228   -2.570073   -2.570073   -2.464201   -2.464201

site               651         652         653         654         655         656         657         658         659         660         661         662         663
L             0.085077    0.061962    0.085077    0.085077    0.085077    0.085077    0.017454    0.061962    0.085077    0.085077    0.002485    0.085077   4.348e-05
ln L         -2.464201   -2.781228   -2.464201   -2.464201   -2.464201   -2.464201   -4.048184   -2.781228   -2.464201   -2.464201   -5.997638   -2.464201  -10.043196

site               664         665         666         667         668         669         670         671         672         673         674         675         676
L            4.932e-04   5.771e-06   7.675e-04    0.061962   5.983e-04   1.370e-06   1.140e-04   1.311e-08   1.553e-05    0.005339   1.422e-04   2.025e-04    0.076530
ln L         -7.614531  -12.062588   -7.172367   -2.781228   -7.421452  -13.500766   -9.078893  -18.150056  -11.072818   -5.232777   -8.858438   -8.504647   -2.570073

site               677         678         679         680         681         682         683         684         685         686         687         688         689
L            4.764e-07    0.003256    0.005167    0.001980    0.001393   2.414e-04   1.030e-08   2.891e-06   9.013e-04   8.636e-06   1.144e-08    0.003072   2.114e-04
ln L        -14.556995   -5.727353   -5.265510   -6.224499   -6.576599   -8.329104  -18.391428  -12.753922   -7.011704  -11.659567  -18.286025   -5.785281   -8.461576

site               690         691         692         693         694         695         696         697         698         699         700         701         702
L            5.107e-05    0.076530   1.038e-06    0.002678    0.061962   8.494e-10    0.085077   1.374e-04   1.514e-05   4.473e-06   1.422e-04    0.076530   4.125e-06
ln L         -9.882283   -2.570073  -13.777802   -5.922705   -2.781228  -20.886524   -2.464201   -8.892283  -11.098366  -12.317525   -8.858407   -2.570073  -12.398368

site               703         704         705         706         707         708         709         710         711         712         713         714         715
L             0.061962   5.835e-04    0.006746   1.991e-04   4.209e-06   3.182e-05   3.655e-06   1.484e-07    0.076530    0.076530   2.383e-06    0.006152    0.061962
ln L         -2.781228   -7.446499   -4.998824   -8.521728  -12.378168  -10.355404  -12.519286  -15.723295   -2.570073   -2.570073  -12.946982   -5.090934   -2.781228

site               716         717         718         719         720         721         722         723         724         725         726         727         728
L            1.049e-05   7.462e-06   1.483e-04   7.633e-09   2.562e-05    0.002956   2.710e-07    0.085077    0.005090    0.006759   6.179e-06    0.005167   8.765e-07
ln L        -11.465343  -11.805721   -8.816202  -18.690798  -10.572190   -5.823992  -15.121111   -2.464201   -5.280513   -4.996911  -11.994357   -5.265510  -13.947376

site               729         730         731         732         733         734         735         736         737         738         739         740         741
L            4.735e-04   5.665e-05   4.938e-06    0.085077    0.085077   1.417e-04    0.003758   7.437e-04   1.055e-07   5.183e-05    0.085077   3.989e-06    0.002438
ln L         -7.655280   -9.778531  -12.218604   -2.464201   -2.464201   -8.861579   -5.583738   -7.203925  -16.064754   -9.867469   -2.464201  -12.431889   -6.016703

site               742         743         744         745         746         747         748         749         750         751         752         753         754
L             0.085077    0.085077    0.085077   2.010e-04   9.773e-06   4.641e-05   3.174e-07   7.447e-06   6.473e-08   6.183e-06    0.005303    0.061962    0.085077
ln L         -2.464201   -2.464201   -2.464201   -8.511979  -11.535933   -9.977898  -14.963110  -11.807762  -16.553026  -11.993695   -5.239413   -2.781228   -2.464201

site               755         756         757         758         759         760         761         762         763         764         765         766         767
L            2.044e-06    0.001657    0.076530   3.091e-07   5.534e-07    0.005303   1.101e-06    0.061962    0.085077   4.467e-05    0.017454    0.061962   6.619e-04
ln L        -13.100743   -6.402656   -2.570073  -14.989615  -14.407143   -5.239413  -13.719365   -2.781228   -2.464201  -10.016232   -4.048184   -2.781228   -7.320348

site               768         769         770         771         772         773         774         775         776         777         778         779         780
L             0.085077    0.085077    0.085077   8.270e-06   2.075e-05   6.941e-09   4.497e-08    0.001610   2.603e-05   3.493e-07    0.061962   9.620e-06   9.539e-05
ln L         -2.464201   -2.464201   -2.464201  -11.702933  -10.783013  -18.785802  -16.917259   -6.431640  -10.556339  -14.867466   -2.781228  -11.551665   -9.257553

site               781         782         783         784         785         786         787         788         789         790         791         792         793
L            2.895e-04   2.785e-07    0.061962   3.538e-05   1.431e-05   3.132e-05    0.076530   2.868e-04    0.004974    0.061962   2.340e-06    0.085077    0.002485
ln L         -8.147356  -15.093719   -2.781228  -10.249491  -11.154575  -10.371220   -2.570073   -8.156694   -5.303511   -2.781228  -12.965428   -2.464201   -5.997638

site               794         795         796         797         798         799         800         801         802         803         804         805         806
L            3.904e-10    0.085077   1.694e-05   1.462e-05    0.085077    0.017454   1.299e-06    0.006497    0.004974   2.463e-07   1.770e-07    0.003072   6.788e-06
ln L        -21.663761   -2.464201  -10.986108  -11.133304   -2.464201   -4.048184  -13.553657   -5.036404   -5.303511  -15.216685  -15.547325   -5.785281  -11.900330

site               807         808         809         810         811         812         813         814         815         816         817         818         819
L            2.895e-04    0.076530   1.329e-05    0.085077   4.770e-04   2.664e-04    0.007023   1.120e-04   5.992e-06   3.133e-06    0.061962    0.006746    0.061962
ln L         -8.147356   -2.570073  -11.228837   -2.464201   -7.648010   -8.230488   -4.958582   -9.097185  -12.025091  -12.673395   -2.781228   -4.998824   -2.781228

site               820         821         822         823         824         825         826         827         828         829         830         831         832
L             0.001872   5.550e-07   1.680e-04    0.061962   6.272e-10   9.847e-05   6.261e-06    0.005339   4.286e-06   2.464e-05    0.085077   9.114e-05   1.539e-06
ln L         -6.280545  -14.404376   -8.691808   -2.781228  -21.189719   -9.225776  -11.981150   -5.232777  -12.360221  -10.611235   -2.464201   -9.303104  -13.384106

site               833         834         835         836         837         838         839         840         841         842         843         844         845
L            3.170e-05    0.076530    0.085077    0.085077    0.017454    0.085077    0.085077   4.698e-05   7.803e-05   5.027e-05    0.085077    0.001047   1.150e-05
ln L        -10.359330   -2.570073   -2.464201   -2.464201   -4.048184   -2.464201   -2.464201   -9.965816   -9.458473   -9.898141   -2.464201   -6.861514  -11.373283

site               846         847         848         849         850         851         852         853         854         855         856         857         858
L             0.001177    0.061962   2.646e-05    0.002649    0.001214   1.612e-09    0.085077   1.112e-05    0.001325    0.061962    0.017454   6.510e-06    0.002678
ln L         -6.744656   -2.781228  -10.539936   -5.933616   -6.713805  -20.245518   -2.464201  -11.406324   -6.625986   -2.781228   -4.048184  -11.942136   -5.922705

site               859         860         861         862         863         864         865         866         867         868         869         870         871
L             0.001177   4.666e-05    0.061962    0.017454    0.085077   6.761e-04    0.001512   5.636e-05    0.001393   8.244e-05   2.054e-08    0.085077    0.001709
ln L         -6.744656   -9.972532   -2.781228   -4.048184   -2.464201   -7.299209   -6.494317   -9.783706   -6.576599   -9.403432  -17.701116   -2.464201   -6.371742

site               872         873         874         875         876         877         878         879         880         881         882         883         884
L             0.005554    0.076530    0.085077   8.513e-05    0.085077    0.076530   3.550e-06   3.176e-07   6.275e-04   6.196e-07   6.218e-07   8.367e-04   1.383e-05
ln L         -5.193284   -2.570073   -2.464201   -9.371370   -2.464201   -2.570073  -12.548595  -14.962529   -7.373711  -14.294157  -14.290576   -7.085990  -11.188790

site               885         886         887         888         889         890         891         892         893         894         895         896         897
L             0.005554    0.061962    0.002014    0.003297    0.002201   2.807e-08   1.264e-04    0.061962    0.004646    0.085077    0.017454    0.076530    0.061962
ln L         -5.193284   -2.781228   -6.207738   -5.714656   -6.119053  -17.388635   -8.976167   -2.781228   -5.371765   -2.464201   -4.048184   -2.570073   -2.781228

site               898
L             0.061962
ln L         -2.781228

Likelihoods for each site on tree 2:

site                 1           2           3           4           5           6           7           8           9          10          11          12          13
L             0.083434    0.083434    0.016982    0.005365    0.060643    0.060643   3.013e-05   4.426e-05    0.002900   8.005e-07    0.016982    0.016982   4.140e-06
ln L         -2.483705   -2.483705   -4.075606   -5.227951   -2.802743   -2.802743  -10.410096  -10.025435   -5.842961  -14.037990   -4.075606   -4.075606  -12.394917

site                14          15          16          17          18          19          20          21          22          23          24          25          26
L             0.016982    0.075000    0.006790   6.552e-06   8.021e-05   9.238e-07   9.856e-06   5.333e-06   7.837e-07    0.075000    0.060643   5.010e-10    0.083434
ln L         -4.075606   -2.590270   -4.992378  -11.935768   -9.430821  -13.894764  -11.527386  -12.141525  -14.059230   -2.590270   -2.802743  -21.414413   -2.483705

site                27          28          29          30          31          32          33          34          35          36          37          38          39
L             0.060643   1.377e-05   8.225e-04    0.060643   4.312e-09    0.016982    0.075000   3.611e-06    0.075000    0.083434   2.662e-06    0.016982    0.016982
ln L         -2.802743  -11.193196   -7.103124   -2.802743  -19.261808   -4.075606   -2.590270  -12.531620   -2.590270   -2.483705  -12.836509   -4.075606   -4.075606

site                40          41          42          43          44          45          46          47          48          49          50          51          52
L            4.898e-09    0.005218    0.060643   5.324e-07    0.083434    0.075000   3.315e-07    0.060643    0.075000   1.236e-09    0.060643    0.075000   9.870e-05
ln L        -19.134485   -5.255652   -2.802743  -14.445837   -2.483705   -2.590270  -14.919542   -2.802743   -2.590270  -20.511507   -2.802743   -2.590270   -9.223434

site                53          54          55          56          57          58          59          60          61          62          63          64          65
L            2.549e-07    0.060643   3.992e-07   1.116e-07   4.881e-05   1.370e-06    0.060643    0.060643    0.005365    0.060643    0.016982    0.004170   3.763e-05
ln L        -15.182280   -2.802743  -14.733693  -16.008492   -9.927629  -13.501034   -2.802743   -2.802743   -5.227951   -2.802743   -4.075606   -5.479750  -10.187581

site                66          67          68          69          70          71          72          73          74          75          76          77          78
L             0.060643   2.797e-07    0.016982    0.075000   3.713e-06    0.083434    0.083434   1.140e-04    0.005312    0.075000    0.004635    0.083434    0.083434
ln L         -2.802743  -15.089567   -4.075606   -2.590270  -12.503718   -2.483705   -2.483705   -9.079343   -5.237808   -2.590270   -5.374044   -2.483705   -2.483705

site                79          80          81          82          83          84          85          86          87          88          89          90          91
L            4.268e-05    0.060643    0.083434   1.303e-05    0.016982    0.083434   6.664e-04    0.075000    0.016982   3.824e-06    0.002357    0.002359   7.033e-08
ln L        -10.061752   -2.802743   -2.483705  -11.248068   -4.075606   -2.483705   -7.313673   -2.590270   -4.075606  -12.474278   -6.050498   -6.049655  -16.470020

site                92          93          94          95          96          97          98          99         100         101         102         103         104
L             0.075000    0.083434   7.391e-05    0.083434   3.147e-04   5.038e-05    0.075000    0.016982   3.518e-06    0.083434   4.245e-05    0.003064    0.083434
ln L         -2.590270   -2.483705   -9.512709   -2.483705   -8.063785   -9.895943   -2.590270   -4.075606  -12.557493   -2.483705  -10.067154   -5.787914   -2.483705

site               105         106         107         108         109         110         111         112         113         114         115         116         117
L             0.060643    0.083434   1.835e-05   5.112e-04   2.845e-07    0.005218    0.060643   3.611e-07   1.506e-04    0.075000   9.696e-07    0.075000   3.124e-04
ln L         -2.802743   -2.483705  -10.905822   -7.578746  -15.072691   -5.255652   -2.802743  -14.834161   -8.800709   -2.590270  -13.846336   -2.590270   -8.071338

site               118         119         120         121         122         123         124         125         126         127         128         129         130
L            1.928e-05    0.016982    0.016982   7.069e-07    0.005075    0.060643   8.071e-08    0.075000    0.083434    0.083434    0.001404    0.003989   7.096e-08
ln L        -10.856535   -4.075606   -4.075606  -14.162426   -5.283377   -2.802743  -16.332417   -2.590270   -2.483705   -2.483705   -6.568573   -5.524251  -16.461183

site               131         132         133         134         135         136         137         138         139         140         141         142         143
L            2.166e-04    0.060643    0.004635   5.042e-04    0.060643   1.003e-04    0.075000    0.075000   7.324e-06    0.001329    0.060643   3.941e-07    0.002357
ln L         -8.437535   -2.802743   -5.374044   -7.592445   -2.802743   -9.207423   -2.590270   -2.590270  -11.824382   -6.623230   -2.802743  -14.746549   -6.050498

site               144         145         146         147         148         149         150         151         152         153         154         155         156
L            3.121e-04    0.083434    0.016982    0.002067   7.532e-07   6.211e-07    0.002798   1.012e-06    0.060643    0.016982    0.083434    0.060643    0.016982
ln L         -8.072032   -2.483705   -4.075606   -6.181422  -14.098932  -14.291743   -5.878795  -13.803109   -2.802743   -4.075606   -2.483705   -2.802743   -4.075606

site               157         158         159         160         161         162         163         164         165         166         167         168         169
L             0.083434   9.827e-05    0.060643   1.953e-08   8.520e-05   2.162e-04   3.003e-05    0.016982    0.075000    0.003759    0.083434    0.001495    0.005218
ln L         -2.483705   -9.227753   -2.802743  -17.751330   -9.370545   -8.439447  -10.413426   -4.075606   -2.590270   -5.583475   -2.483705   -6.505354   -5.255652

site               170         171         172         173         174         175         176         177         178         179         180         181         182
L             0.005365    0.060643   1.967e-04   3.256e-06    0.075000   1.149e-04    0.083434    0.083434    0.001865    0.075000    0.060643   6.197e-07    0.016982
ln L         -5.227951   -2.802743   -8.533844  -12.635024   -2.590270   -9.071457   -2.483705   -2.483705   -6.284233   -2.590270   -2.802743  -14.294091   -4.075606

site               183         184         185         186         187         188         189         190         191         192         193         194         195
L             0.075000    0.001865   5.657e-05    0.060643    0.005948    0.075000    0.075000    0.003232   1.610e-05    0.075000   1.409e-05   1.390e-04    0.075000
ln L         -2.590270   -6.284233   -9.780120   -2.802743   -5.124729   -2.590270   -2.590270   -5.734673  -11.036938   -2.590270  -11.169902   -8.881009   -2.590270

site               196         197         198         199         200         201         202         203         204         205         206         207         208
L            1.308e-06    0.083434    0.060643   1.796e-06    0.083434    0.083434   3.196e-08    0.002900    0.060643   3.215e-06   2.095e-04    0.060643   4.157e-08
ln L        -13.547196   -2.483705   -2.802743  -13.229704   -2.483705   -2.483705  -17.258843   -5.842961   -2.802743  -12.647721   -8.470901   -2.802743  -16.995907

site               209         210         211         212         213         214         215         216         217         218         219         220         221
L             0.016982    0.016982   2.561e-10    0.016982    0.083434   6.664e-04    0.005218    0.060643   1.061e-04    0.004852   8.023e-05   1.625e-05    0.001495
ln L         -4.075606   -4.075606  -22.085646   -4.075606   -2.483705   -7.313673   -5.255652   -2.802743   -9.150699   -5.328449   -9.430613  -11.027368   -6.505354

site               222         223         224         225         226         227         228         229         230         231         232         233         234
L             0.004852   1.896e-05   2.630e-04    0.003855   2.500e-05   5.776e-08    0.003797   4.550e-06   2.619e-06    0.075000   9.370e-06   6.166e-07    0.002656
ln L         -5.328449  -10.873089   -8.243542   -5.558394  -10.596526  -16.666941   -5.573429  -12.300360  -12.852646   -2.590270  -11.578005  -14.299047   -5.931047

site               235         236         237         238         239         240         241         242         243         244         245         246         247
L            4.236e-07    0.060643    0.060643   5.534e-06    0.060643    0.075000   1.896e-05    0.060643    0.016982   1.312e-07    0.001029    0.075000   1.465e-05
ln L        -14.674400   -2.802743   -2.802743  -12.104666   -2.802743   -2.590270  -10.873062   -2.802743   -4.075606  -15.846468   -6.879490   -2.590270  -11.131184

site               248         249         250         251         252         253         254         255         256         257         258         259         260
L            4.135e-04    0.083434   1.083e-05   4.987e-04   2.603e-06   4.467e-05    0.083434    0.075000   5.677e-07    0.002034    0.060643   1.389e-06   1.973e-07
ln L         -7.790849   -2.483705  -11.433096   -7.603465  -12.858656  -10.016163   -2.483705   -2.590270  -14.381728   -6.197749   -2.802743  -13.486595  -15.438378

site               261         262         263         264         265         266         267         268         269         270         271         272         273
L             0.002964   2.953e-07   6.475e-07    0.060643   1.813e-07    0.002357    0.002900   2.838e-05    0.016982    0.016982   1.315e-06   2.494e-08    0.001398
ln L         -5.821369  -15.035270  -14.250224   -2.802743  -15.522970   -6.050498   -5.842961  -10.469792   -4.075606   -4.075606  -13.541711  -17.506987   -6.572372

site               274         275         276         277         278         279         280         281         282         283         284         285         286
L            5.378e-09    0.083434    0.083434   8.205e-06    0.001404    0.004982   2.989e-04   5.475e-04    0.060643   7.545e-04   4.662e-04    0.060643   1.401e-07
ln L        -19.040956   -2.483705   -2.483705  -11.710753   -6.568573   -5.301830   -8.115291   -7.510158   -2.802743   -7.189521   -7.670800   -2.802743  -15.781017

site               287         288         289         290         291         292         293         294         295         296         297         298         299
L             0.083434    0.075000   2.571e-07   7.470e-04    0.075000   3.843e-04    0.075000    0.060643   1.240e-08    0.060643    0.083434    0.002900    0.060643
ln L         -2.483705   -2.590270  -15.173725   -7.199427   -2.590270   -7.864152   -2.590270   -2.802743  -18.205281   -2.802743   -2.483705   -5.842961   -2.802743

site               300         301         302         303         304         305         306         307         308         309         310         311         312
L             0.075000   1.245e-07    0.075000    0.060643   2.096e-08   3.053e-04    0.083434   3.986e-06    0.083434    0.060643   1.249e-07    0.004982    0.005172
ln L         -2.590270  -15.898946   -2.590270   -2.802743  -17.680501   -8.094163   -2.483705  -12.432689   -2.483705   -2.802743  -15.895497   -5.301830   -5.264427

site               313         314         315         316         317         318         319         320         321         322         323         324         325
L            8.558e-06    0.002291   4.084e-06   1.126e-06    0.005782   2.303e-04   5.222e-04   5.855e-04    0.001329    0.005948    0.075000    0.083434    0.002291
ln L        -11.668695   -6.078743  -12.408554  -13.697142   -5.152973   -8.376128   -7.557511   -7.443075   -6.623230   -5.124729   -2.590270   -2.483705   -6.078743

site               326         327         328         329         330         331         332         333         334         335         336         337         338
L             0.001593    0.016982   4.662e-04    0.016982    0.016982   1.942e-06   2.128e-10    0.003688   8.225e-04    0.005365   2.155e-04   2.392e-04    0.083434
ln L         -6.441974   -4.075606   -7.670800   -4.075606   -4.075606  -13.151652  -22.270637   -5.602685   -7.103124   -5.227951   -8.442345   -8.338338   -2.483705

site               339         340         341         342         343         344         345         346         347         348         349         350         351
L             0.075000   9.023e-04    0.002359    0.083434   2.910e-05    0.006350    0.002291    0.002900    0.004635   4.565e-04   4.937e-08    0.005291   2.781e-06
ln L         -2.590270   -7.010577   -6.049655   -2.483705  -10.444863   -5.059279   -6.078743   -5.842961   -5.374044   -7.691942  -16.823914   -5.241692  -12.792841

site               352         353         354         355         356         357         358         359         360         361         362         363         364
L            1.900e-06    0.083434    0.083434   8.937e-06    0.005291    0.060643    0.006790    0.083434    0.005948   6.721e-09    0.075000    0.075000   7.036e-07
ln L        -13.173904   -2.483705   -2.483705  -11.625305   -5.241692   -2.802743   -4.992378   -2.483705   -5.124729  -18.818049   -2.590270   -2.590270  -14.167060

site               365         366         367         368         369         370         371         372         373         374         375         376         377
L            2.823e-05    0.005218   8.271e-08    0.002964    0.060643   9.345e-06    0.083434    0.075000    0.006790    0.075000    0.016982    0.003365    0.016982
ln L        -10.475129   -5.255652  -16.307934   -5.821369   -2.802743  -11.580688   -2.483705   -2.590270   -4.992378   -2.590270   -4.075606   -5.694191   -4.075606

site               378         379         380         381         382         383         384         385         386         387         388         389         390
L             0.083434    0.083434    0.083434    0.083434   3.626e-07    0.083434   4.300e-08   6.151e-08   1.933e-05    0.060643   7.268e-05    0.083434    0.060643
ln L         -2.483705   -2.483705   -2.483705   -2.483705  -14.829872   -2.483705  -16.962078  -16.604114  -10.853648   -2.802743   -9.529381   -2.483705   -2.802743

site               391         392         393         394         395         396         397         398         399         400         401         402         403
L            6.759e-06   3.798e-07    0.003855   4.698e-06    0.001636    0.060643   1.124e-05    0.075000    0.083434    0.005218   6.468e-04    0.060643   2.962e-04
ln L        -11.904683  -14.783523   -5.558394  -12.268469   -6.415345   -2.802743  -11.395847   -2.590270   -2.483705   -5.255652   -7.343539   -2.802743   -8.124424

site               404         405         406         407         408         409         410         411         412         413         414         415         416
L            7.265e-06   1.541e-04   2.583e-05    0.075000    0.075000   4.214e-04   3.975e-05    0.060643   5.193e-09   4.309e-04    0.060643    0.001865    0.075000
ln L        -11.832390   -8.777819  -10.563977   -2.590270   -2.590270   -7.771989  -10.132936   -2.802743  -19.075877   -7.749747   -2.802743   -6.284233   -2.590270

site               417         418         419         420         421         422         423         424         425         426         427         428         429
L             0.060643   3.627e-08   1.477e-04    0.060643   5.222e-04   5.630e-05    0.075000   2.396e-06   2.481e-04    0.004982   3.788e-06    0.083434    0.002291
ln L         -2.802743  -17.132152   -8.820336   -2.802743   -7.557511   -9.784867   -2.590270  -12.941610   -8.301671   -5.301830  -12.483679   -2.483705   -6.078743

site               430         431         432         433         434         435         436         437         438         439         440         441         442
L             0.001472    0.075000    0.075000   6.270e-05   6.697e-04    0.001168   1.537e-07   1.192e-04    0.060643   4.597e-06    0.083434    0.060643   4.079e-07
ln L         -6.520946   -2.590270   -2.590270   -9.677200   -7.308755   -6.752312  -15.688545   -9.035039   -2.802743  -12.290006   -2.483705   -2.802743  -14.712307

site               443         444         445         446         447         448         449         450         451         452         453         454         455
L            4.565e-06   1.714e-04   3.392e-09    0.016982    0.016982   4.105e-08   2.495e-04    0.002353   2.957e-06   1.143e-06    0.005365   2.708e-09   2.510e-04
ln L        -12.296986   -8.671491  -19.501989   -4.075606   -4.075606  -17.008460   -8.296020   -6.052077  -12.731285  -13.681509   -5.227951  -19.727167   -8.289964

site               456         457         458         459         460         461         462         463         464         465         466         467         468
L            1.594e-04   7.360e-05    0.060643    0.016982    0.060643    0.083434   3.275e-04    0.005782    0.002964    0.083434    0.060643    0.083434    0.016982
ln L         -8.744259   -9.516904   -2.802743   -4.075606   -2.802743   -2.483705   -8.024007   -5.152973   -5.821369   -2.483705   -2.802743   -2.483705   -4.075606

site               469         470         471         472         473         474         475         476         477         478         479         480         481
L             0.060643    0.060643    0.060643    0.083434    0.002291   4.140e-06   3.357e-04    0.083434    0.083434    0.083434    0.083434    0.075000    0.083434
ln L         -2.802743   -2.802743   -2.802743   -2.483705   -6.078743  -12.394917   -7.999256   -2.483705   -2.483705   -2.483705   -2.483705   -2.590270   -2.483705

site               482         483         484         485         486         487         488         489         490         491         492         493         494
L            3.210e-05    0.001498    0.083434    0.016982    0.083434    0.001721    0.060643    0.016982    0.060643    0.016982    0.083434    0.002357    0.060643
ln L        -10.346502   -6.503362   -2.483705   -4.075606   -2.483705   -6.365014   -2.802743   -4.075606   -2.802743   -4.075606   -2.483705   -6.050498   -2.802743

site               495         496         497         498         499         500         501         502         503         504         505         506         507
L             0.075000    0.003855   6.697e-04    0.001837   3.111e-07   5.339e-05    0.083434    0.001498    0.083434    0.016982    0.001168   2.525e-05   8.577e-06
ln L         -2.590270   -5.558394   -7.308755   -6.299813  -14.983113   -9.837850   -2.483705   -6.503362   -2.483705   -4.075606   -6.752312  -10.586794  -11.666482

site               508         509         510         511         512         513         514         515         516         517         518         519         520
L             0.006350   3.680e-07   3.311e-08    0.001404    0.246238   6.318e-05   6.637e-08    0.095197    0.005365   2.958e-06   9.691e-04    0.075000    0.060643
ln L         -5.059279  -14.815229  -17.223348   -6.568573   -1.401455   -9.669560  -16.528008   -2.351809   -5.227951  -12.730871   -6.939130   -2.590270   -2.802743

site               521         522         523         524         525         526         527         528         529         530         531         532         533
L             0.060643    0.001404   2.550e-04    0.060643    0.060643    0.083434    0.075000    0.075000    0.001527    0.083434    0.016982    0.083434    0.083434
ln L         -2.802743   -6.568573   -8.274071   -2.802743   -2.802743   -2.483705   -2.590270   -2.590270   -6.484410   -2.483705   -4.075606   -2.483705   -2.483705

site               534         535         536         537         538         539         540         541         542         543         544         545         546
L             0.083434    0.001237    0.002359   1.040e-05    0.324121   1.417e-06   7.154e-07   3.048e-06   2.704e-04    0.004635    0.016982    0.001651   6.664e-04
ln L         -2.483705   -6.694931   -6.049655  -11.473456   -1.126640  -13.466744  -14.150453  -12.700892   -8.215511   -5.374044   -4.075606   -6.406216   -7.313673

site               547         548         549         550         551         552         553         554         555         556         557         558         559
L             0.075000    0.001721    0.016982    0.075000    0.060643    0.083434    0.083434   1.061e-07    0.003797    0.075000   1.638e-04   9.744e-08   2.953e-10
ln L         -2.590270   -6.365014   -4.075606   -2.590270   -2.802743   -2.483705   -2.483705  -16.058977   -5.573429   -2.590270   -8.716642  -16.144010  -21.942894

site               560         561         562         563         564         565         566         567         568         569         570         571         572
L            5.242e-08   1.592e-07   1.502e-06    0.075000    0.075000   2.967e-07    0.005172   6.607e-05   3.031e-07   2.749e-10    0.060643   1.160e-06    0.083434
ln L        -16.764056  -15.653247  -13.408943   -2.590270   -2.590270  -15.030661   -5.264427   -9.624779  -15.009317  -22.014650   -2.802743  -13.667467   -2.483705

site               573         574         575         576         577         578         579         580         581         582         583         584         585
L            3.351e-04    0.083434   5.427e-05   1.579e-04   1.731e-04   2.416e-04    0.016982    0.016982    0.003989    0.060643    0.004110   9.827e-05    0.075000
ln L         -8.001091   -2.483705   -9.821618   -8.753727   -8.661586   -8.328259   -4.075606   -4.075606   -5.524251   -2.802743   -5.494373   -9.227841   -2.590270

site               586         587         588         589         590         591         592         593         594         595         596         597         598
L             0.060643    0.005365    0.098528    0.001168    0.075000    0.060643    0.060643    0.060643    0.060643    0.083434    0.083434    0.083434    0.016982
ln L         -2.802743   -5.227951   -2.317419   -6.752312   -2.590270   -2.802743   -2.802743   -2.802743   -2.802743   -2.483705   -2.483705   -2.483705   -4.075606

site               599         600         601         602         603         604         605         606         607         608         609         610         611
L             0.016982    0.083434    0.060643    0.083434   8.449e-04   5.287e-04    0.083434    0.016982    0.002359   6.799e-05    0.083434    0.060643    0.075000
ln L         -4.075606   -2.483705   -2.802743   -2.483705   -7.076334   -7.545132   -2.483705   -4.075606   -6.049655   -9.596190   -2.483705   -2.802743   -2.590270

site               612         613         614         615         616         617         618         619         620         621         622         623         624
L             0.075000   2.617e-05    0.060643    0.004982    0.016982   3.147e-04   2.416e-04    0.075000    0.060643    0.060643    0.083434    0.016982    0.016982
ln L         -2.590270  -10.550978   -2.802743   -5.301830   -4.075606   -8.063785   -8.328259   -2.590270   -2.802743   -2.802743   -2.483705   -4.075606   -4.075606

site               625         626         627         628         629         630         631         632         633         634         635         636         637
L            9.023e-04   1.947e-07    0.003989    0.075000    0.002357    0.083434    0.083434    0.083434    0.083434   3.281e-06   2.180e-04    0.060643    0.060643
ln L         -7.010577  -15.451969   -5.524251   -2.590270   -6.050498   -2.483705   -2.483705   -2.483705   -2.483705  -12.627380   -8.430802   -2.802743   -2.802743

site               638         639         640         641         642         643         644         645         646         647         648         649         650
L             0.016982    0.016982    0.060643    0.016982    0.075000    0.083434    0.083434    0.075000    0.060643    0.075000    0.075000    0.083434    0.083434
ln L         -4.075606   -4.075606   -2.802743   -4.075606   -2.590270   -2.483705   -2.483705   -2.590270   -2.802743   -2.590270   -2.590270   -2.483705   -2.483705

site               651         652         653         654         655         656         657         658         659         660         661         662         663
L             0.083434    0.060643    0.083434    0.083434    0.083434    0.083434    0.016982    0.060643    0.083434    0.083434    0.002461    0.083434   2.731e-05
ln L         -2.483705   -2.802743   -2.483705   -2.483705   -2.483705   -2.483705   -4.075606   -2.802743   -2.483705   -2.483705   -6.007293   -2.483705  -10.508104

site               664         665         666         667         668         669         670         671         672         673         674         675         676
L            4.069e-04   7.539e-06   7.545e-04    0.060643   8.368e-04   1.377e-06   1.135e-04   1.301e-08   2.058e-05    0.005218   1.387e-04   1.621e-04    0.075000
ln L         -7.806987  -11.795434   -7.189521   -2.802743   -7.085956  -13.495651   -9.083419  -18.157567  -10.791378   -5.255652   -8.883230   -8.727467   -2.590270

site               677         678         679         680         681         682         683         684         685         686         687         688         689
L            4.811e-07    0.003200    0.004982   2.505e-04    0.001404   2.855e-04   1.108e-08   3.760e-06   9.691e-04   4.530e-06   7.941e-09    0.003797   2.135e-04
ln L        -14.547104   -5.744635   -5.301830   -8.291927   -6.568573   -8.161159  -18.317793  -12.491095   -6.939130  -12.304812  -18.651261   -5.573429   -8.451963

site               690         691         692         693         694         695         696         697         698         699         700         701         702
L            4.750e-05    0.075000   1.699e-06    0.002656    0.060643   9.543e-10    0.083434   2.839e-05   1.951e-05   5.749e-06   1.657e-04    0.075000   3.921e-06
ln L         -9.954695   -2.590270  -13.285178   -5.931047   -2.802743  -20.770011   -2.483705  -10.469403  -10.844826  -12.066486   -8.705425   -2.590270  -12.449195

site               703         704         705         706         707         708         709         710         711         712         713         714         715
L             0.060643   5.855e-04    0.006600   2.416e-04   4.252e-06   3.614e-05   4.360e-06   1.575e-07    0.075000    0.075000   3.774e-07    0.005948    0.060643
ln L         -2.802743   -7.443075   -5.020622   -8.328259  -12.368206  -10.228198  -12.342952  -15.664121   -2.590270   -2.590270  -14.789962   -5.124729   -2.802743

site               716         717         718         719         720         721         722         723         724         725         726         727         728
L            1.170e-05   9.077e-06   1.228e-04   8.184e-09   2.487e-05    0.002900   2.706e-07    0.083434    0.005075    0.006529   5.835e-06    0.004982   9.556e-07
ln L        -11.355743  -11.609795   -9.004731  -18.621129  -10.601751   -5.842961  -15.122719   -2.483705   -5.283377   -5.031578  -12.051558   -5.301830  -13.860953

site               729         730         731         732         733         734         735         736         737         738         739         740         741
L            4.662e-04   5.667e-05   5.945e-06    0.083434    0.083434   1.317e-04    0.003688   7.301e-04   1.200e-07   4.936e-05    0.083434   4.084e-06    0.002357
ln L         -7.670800   -9.778179  -12.032881   -2.483705   -2.483705   -8.935005   -5.602685   -7.222370  -15.935655   -9.916420   -2.483705  -12.408554   -6.050498

site               742         743         744         745         746         747         748         749         750         751         752         753         754
L             0.083434    0.083434    0.083434   1.976e-04   1.233e-05   4.624e-05   3.114e-07   7.386e-06   3.874e-08   6.650e-06    0.005291    0.060643    0.083434
ln L         -2.483705   -2.483705   -2.483705   -8.529235  -11.303413   -9.981704  -14.982331  -11.815947  -17.066326  -11.920851   -5.241692   -2.802743   -2.483705

site               755         756         757         758         759         760         761         762         763         764         765         766         767
L            2.036e-06    0.001652    0.075000   4.082e-07   5.613e-07    0.005291   1.082e-06    0.060643    0.083434   4.674e-05    0.016982    0.060643   6.483e-04
ln L        -13.104338   -6.405520   -2.590270  -14.711409  -14.392950   -5.241692  -13.736295   -2.802743   -2.483705   -9.970916   -4.075606   -2.802743   -7.341115

site               768         769         770         771         772         773         774         775         776         777         778         779         780
L             0.083434    0.083434    0.083434   8.537e-06   2.485e-05   2.478e-09   4.450e-08    0.001593   2.725e-05   5.676e-07    0.060643   1.256e-05   1.090e-04
ln L         -2.483705   -2.483705   -2.483705  -11.671157  -10.602735  -19.815836  -16.927664   -6.441974  -10.510478  -14.381841   -2.802743  -11.284822   -9.123935

site               781         782         783         784         785         786         787         788         789         790         791         792         793
L            2.795e-04   5.356e-07    0.060643   1.276e-05   1.752e-05   2.512e-05    0.075000   3.473e-04    0.004852    0.060643   6.991e-07    0.083434    0.002461
ln L         -8.182417  -14.439810   -2.802743  -11.268927  -10.952429  -10.591734   -2.590270   -7.965416   -5.328449   -2.802743  -14.173430   -2.483705   -6.007293

site               794         795         796         797         798         799         800         801         802         803         804         805         806
L            3.903e-10    0.083434   3.190e-06   1.433e-05    0.083434    0.016982   1.304e-06    0.006350    0.004852   2.402e-07   1.821e-07    0.003797   6.923e-06
ln L        -21.663998   -2.483705  -12.655399  -11.153044   -2.483705   -4.075606  -13.549857   -5.059279   -5.328449  -15.241685  -15.518731   -5.573429  -11.880653

site               807         808         809         810         811         812         813         814         815         816         817         818         819
L            2.795e-04    0.075000   8.404e-06    0.083434   5.042e-04   2.619e-04    0.006790   4.891e-04   7.390e-06   6.620e-07    0.060643    0.006600    0.060643
ln L         -8.182417   -2.590270  -11.686778   -2.483705   -7.592445   -8.247642   -4.992378   -7.623011  -11.815417  -14.228031   -2.802743   -5.020622   -2.802743

site               820         821         822         823         824         825         826         827         828         829         830         831         832
L             0.001834   6.133e-07   1.562e-04    0.060643   5.811e-10   9.827e-05   1.733e-06    0.005218   6.371e-06   3.230e-05    0.083434   1.113e-04   1.883e-06
ln L         -6.300992  -14.304346   -8.764220   -2.802743  -21.266101   -9.227841  -13.265400   -5.255652  -11.963686  -10.340527   -2.483705   -9.103701  -13.182591

site               833         834         835         836         837         838         839         840         841         842         843         844         845
L            3.149e-05    0.075000    0.083434    0.083434    0.016982    0.083434    0.083434   4.643e-05   7.566e-05   1.122e-05    0.083434    0.001068   7.068e-06
ln L        -10.365687   -2.590270   -2.483705   -2.483705   -4.075606   -2.483705   -2.483705   -9.977561   -9.489205  -11.397659   -2.483705   -6.841640  -11.859989

site               846         847         848         849         850         851         852         853         854         855         856         857         858
L             0.001168    0.060643   3.346e-05    0.002623    0.001499   1.650e-09    0.083434   1.327e-05    0.001329    0.060643    0.016982   6.392e-06    0.002656
ln L         -6.752312   -2.802743  -10.305297   -5.943271   -6.502856  -20.222295   -2.483705  -11.229919   -6.623230   -2.802743   -4.075606  -11.960525   -5.931047

site               859         860         861         862         863         864         865         866         867         868         869         870         871
L             0.001168   4.465e-05    0.060643    0.016982    0.083434   6.697e-04   1.714e-04   5.704e-05    0.001404   9.827e-05   2.022e-08    0.083434    0.002359
ln L         -6.752312  -10.016584   -2.802743   -4.075606   -2.483705   -7.308755   -8.671491   -9.771769   -6.568573   -9.227753  -17.716799   -2.483705   -6.049655

site               872         873         874         875         876         877         878         879         880         881         882         883         884
L             0.005365    0.075000    0.083434   8.328e-05    0.083434    0.075000   5.659e-06   3.452e-07   6.556e-04   6.609e-07   6.223e-07   8.225e-04   1.822e-05
ln L         -5.227951   -2.590270   -2.483705   -9.393310   -2.483705   -2.590270  -12.082323  -14.879254   -7.330030  -14.229681  -14.289901   -7.103124  -10.913220

site               885         886         887         888         889         890         891         892         893         894         895         896         897
L             0.005365    0.060643   2.630e-04    0.004075    0.002126   3.672e-08   1.262e-04    0.060643    0.004635    0.083434    0.016982    0.075000    0.060643
ln L         -5.227951   -2.802743   -8.243542   -5.502887   -6.153721  -17.119890   -8.977331   -2.802743   -5.374044   -2.483705   -4.075606   -2.590270   -2.802743

site               898
L             0.060643
ln L         -2.802743

Time used to compute likelihoods = 0.02 sec (CPU time = 0.15 sec)

Tree scores (and parameter estimates) written to file: ~/Library/CloudStorage/Dropbox/Lab/James
McInerney/programming/MLDecay/debug_runs/mldecay_20250520_142021/site_lnl_Clade_6.txt
