--- STDOUT ---

P A U P *
Version 4.0a (build 168) for macOS (built on Aug  2 2020 at 06:41:30)
Tue May 20 14:21:34 2025

        -----------------------------NOTICE-----------------------------
          This is a test version that is still changing rapidly.
          Please report bugs to dave@phylosolutions.com
        ----------------------------------------------------------------

Running on Apple M3 Max
    16 CPU cores on 1 socket
    Executable built for Intel(R) 64 architecture
    Compiled using Intel compiler (icc) 11.1.0 (build 20091012)
    SSE vectorization enabled
    SSSE3 instructions supported
    Multithreading enabled using Pthreads

Processing of file "~/Library/CloudStorage/Dropbox/Lab/James McInerney/programming/MLDecay/debug_runs/mldecay_20250520_142021/site_analysis_Clade_3.nex" begins...

Processing of file "~/Library/CloudStorage/Dropbox/Lab/James McInerney/programming/MLDecay/debug_runs/mldecay_20250520_142021/alignment.nex" begins...

Data read in DNA format

Data matrix has 12 taxa, 898 characters
Valid character-state symbols: ACGT
Missing data identified by '?'
Gaps identified by '-'
"Equate" macros in effect:
   R,r ==> {AG}
   Y,y ==> {CT}
   M,m ==> {AC}
   K,k ==> {GT}
   S,s ==> {CG}
   W,w ==> {AT}
   H,h ==> {ACT}
   B,b ==> {CGT}
   V,v ==> {ACG}
   D,d ==> {AGT}
   N,n ==> {ACGT}

Processing of input file "alignment.nex" completed.

Optimality criterion set to likelihood.

Processing TREES block from file: ~/Library/CloudStorage/Dropbox/Lab/James McInerney/programming/MLDecay/debug_runs/mldecay_20250520_142021/ml_tree.tre
  Keeping: trees from file (replacing any trees already in memory)
  1 tree read from file

  Time used = 0.00 sec (CPU time = 0.00 sec)

Note: Input trees are rooted but current criterion and/or option settings would specify unrooted trees.  (You can deroot the trees using the 'derootTrees' command.)

Processing TREES block from file: ~/Library/CloudStorage/Dropbox/Lab/James McInerney/programming/MLDecay/debug_runs/mldecay_20250520_142021/constraint_tree_3.tre
  Keeping: trees in memory plus trees from file
  1 tree originally in memory
  1 tree read from file
  1 tree from file kept
  2 trees now in memory

  Time used = 0.00 sec (CPU time = 0.00 sec)

Note: Input trees are rooted but current criterion and/or option settings would specify unrooted trees.  (You can deroot the trees using the 'derootTrees' command.)

Likelihood scores of tree(s) in memory:
---------------------------------------
  898 characters are included
  All characters have equal weight
  Likelihood settings:
    Current model:
                             Data type = nucleotide
                DNA substitution types = 1
                     State frequencies = empirical: A=0.324121 C=0.30402 G=0.105528 T=0.266332
        Proportion of invariable sites = none
               Rates at variable sites = equal
                  Model correspondence = F81

    Number of distinct data patterns under this model = 415
    Molecular clock not enforced
    Starting branch lengths obtained using Rogers-Swofford approximation method
    Branch-length optimization = one-dimensional Newton-Raphson with pass limit=20, tolerance=1e-07
    Likelihood calculations performed in single precision
    Vector processing enabled
    Using standard Felsenstein pruning for computing likelihoods
    Conditional-likelihood rescaling threshold = 1e-20
    Using 14 parallel threads on 16 processors

Tree             1           2
------------------------------
-ln L     6333.490    6342.959

Likelihoods for each site on tree 1:

site                 1           2           3           4           5           6           7           8           9          10          11          12          13
L             0.085077    0.085077    0.017454    0.005554    0.061962    0.061962   2.934e-05   4.428e-05    0.002956   7.432e-07    0.017454    0.017454   3.983e-06
ln L         -2.464201   -2.464201   -4.048184   -5.193284   -2.781228   -2.781228  -10.436437  -10.025064   -5.823992  -14.112309   -4.048184   -4.048184  -12.433440

site                14          15          16          17          18          19          20          21          22          23          24          25          26
L             0.017454    0.076530    0.007023   6.401e-06   8.034e-05   7.857e-07   9.554e-06   5.555e-06   8.009e-07    0.076530    0.061962   5.249e-10    0.085077
ln L         -4.048184   -2.570073   -4.958582  -11.959066   -9.429299  -14.056662  -11.558532  -12.100897  -14.037489   -2.570073   -2.781228  -21.367867   -2.464201

site                27          28          29          30          31          32          33          34          35          36          37          38          39
L             0.061962   1.325e-05   8.367e-04    0.061962   3.751e-09    0.017454    0.076530   3.322e-06    0.076530    0.085077   2.726e-06    0.017454    0.017454
ln L         -2.781228  -11.231337   -7.085990   -2.781228  -19.401321   -4.048184   -2.570073  -12.615067   -2.570073   -2.464201  -12.812777   -4.048184   -4.048184

site                40          41          42          43          44          45          46          47          48          49          50          51          52
L            4.422e-09    0.005339    0.061962   6.216e-07    0.085077    0.076530   3.212e-07    0.061962    0.076530   1.159e-09    0.061962    0.076530   9.703e-05
ln L        -19.236766   -5.232777   -2.781228  -14.290919   -2.464201   -2.570073  -14.951129   -2.781228   -2.570073  -20.575482   -2.781228   -2.570073   -9.240447

site                53          54          55          56          57          58          59          60          61          62          63          64          65
L            2.900e-07    0.061962   3.567e-07   1.212e-07   4.914e-05   1.298e-06    0.061962    0.061962    0.005554    0.061962    0.017454    0.004182   3.984e-05
ln L        -15.053323   -2.781228  -14.846510  -15.925634   -9.920828  -13.554828   -2.781228   -2.781228   -5.193284   -2.781228   -4.048184   -5.476886  -10.130621

site                66          67          68          69          70          71          72          73          74          75          76          77          78
L             0.061962   2.876e-07    0.017454    0.076530   3.658e-06    0.085077    0.085077   1.169e-04    0.005508    0.076530    0.004646    0.085077    0.085077
ln L         -2.781228  -15.061701   -4.048184   -2.570073  -12.518508   -2.464201   -2.464201   -9.054619   -5.201488   -2.570073   -5.371765   -2.464201   -2.464201

site                79          80          81          82          83          84          85          86          87          88          89          90          91
L            4.329e-05    0.061962    0.085077   1.305e-05    0.017454    0.085077   7.062e-04    0.076530    0.017454   2.836e-06    0.002438    0.001709   6.388e-08
ln L        -10.047691   -2.781228   -2.464201  -11.246559   -4.048184   -2.464201   -7.255550   -2.570073   -4.048184  -12.773292   -6.016703   -6.371742  -16.566289

site                92          93          94          95          96          97          98          99         100         101         102         103         104
L             0.076530    0.085077   7.244e-05    0.085077   3.130e-04   4.889e-05    0.076530    0.017454   3.114e-06    0.085077   6.453e-05    0.002237    0.085077
ln L         -2.570073   -2.464201   -9.532759   -2.464201   -8.069408   -9.926033   -2.570073   -4.048184  -12.679678   -2.464201   -9.648342   -6.102450   -2.464201

site               105         106         107         108         109         110         111         112         113         114         115         116         117
L             0.061962    0.085077   1.943e-05   4.914e-04   1.624e-06    0.005339    0.061962   3.459e-07   1.286e-04    0.076530   9.460e-07    0.076530   2.844e-04
ln L         -2.781228   -2.464201  -10.848682   -7.618199  -13.330591   -5.232777   -2.781228  -14.877086   -8.958735   -2.570073  -13.871027   -2.570073   -8.165012

site               118         119         120         121         122         123         124         125         126         127         128         129         130
L            1.977e-05    0.017454    0.017454   2.145e-07    0.005090    0.061962   6.089e-08    0.076530    0.085077    0.085077    0.001393    0.003232   6.621e-08
ln L        -10.831526   -4.048184   -4.048184  -15.354835   -5.280513   -2.781228  -16.614159   -2.570073   -2.464201   -2.464201   -6.576599   -5.734520  -16.530447

site               131         132         133         134         135         136         137         138         139         140         141         142         143
L            2.109e-04    0.061962    0.004646   4.770e-04    0.061962   9.950e-05    0.076530    0.076530   6.216e-06    0.001325    0.061962   2.236e-07    0.002438
ln L         -8.464269   -2.781228   -5.371765   -7.648010   -2.781228   -9.215363   -2.570073   -2.570073  -11.988444   -6.625986   -2.781228  -15.313276   -6.016703

site               144         145         146         147         148         149         150         151         152         153         154         155         156
L            2.615e-04    0.085077    0.017454    0.002115   7.699e-07   5.259e-07    0.002861   1.049e-06    0.061962    0.017454    0.085077    0.061962    0.017454
ln L         -8.249175   -2.464201   -4.048184   -6.158547  -14.077020  -14.458216   -5.856568  -13.767944   -2.781228   -4.048184   -2.464201   -2.781228   -4.048184

site               157         158         159         160         161         162         163         164         165         166         167         168         169
L             0.085077   8.244e-05    0.061962   1.843e-08   6.690e-05   1.646e-04   3.175e-05    0.017454    0.076530    0.003825    0.085077    0.001548    0.005339
ln L         -2.464201   -9.403432   -2.781228  -17.809473   -9.612366   -8.711934  -10.357534   -4.048184   -2.570073   -5.566196   -2.464201   -6.470968   -5.232777

site               170         171         172         173         174         175         176         177         178         179         180         181         182
L             0.005554    0.061962   1.727e-04   3.298e-06    0.076530   1.239e-04    0.085077    0.085077    0.001900    0.076530    0.061962   4.992e-07    0.017454
ln L         -5.193284   -2.781228   -8.663955  -12.622242   -2.570073   -8.996111   -2.464201   -2.464201   -6.265965   -2.570073   -2.781228  -14.510257   -4.048184

site               183         184         185         186         187         188         189         190         191         192         193         194         195
L             0.076530    0.001900   5.821e-05    0.061962    0.006152    0.076530    0.076530    0.003259   1.476e-05    0.076530   1.350e-05   1.362e-04    0.076530
ln L         -2.570073   -6.265965   -9.751483   -2.781228   -5.090934   -2.570073   -2.570073   -5.726332  -11.123422   -2.570073  -11.212973   -8.901364   -2.570073

site               196         197         198         199         200         201         202         203         204         205         206         207         208
L            1.243e-06    0.085077    0.061962   1.827e-06    0.085077    0.085077   2.755e-07    0.002956    0.061962   3.266e-06   1.799e-04    0.061962   4.212e-08
ln L        -13.597694   -2.464201   -2.781228  -13.212825   -2.464201   -2.464201  -15.104617   -5.823992   -2.781228  -12.631847   -8.622907   -2.781228  -16.982853

site               209         210         211         212         213         214         215         216         217         218         219         220         221
L             0.017454    0.017454   2.463e-10    0.017454    0.085077   7.062e-04    0.005339    0.061962   8.272e-05    0.004974   7.562e-05   1.582e-05    0.001548
ln L         -4.048184   -4.048184  -22.124302   -4.048184   -2.464201   -7.255550   -5.232777   -2.781228   -9.400084   -5.303511   -9.489768  -11.054116   -6.470968

site               222         223         224         225         226         227         228         229         230         231         232         233         234
L             0.004974   1.780e-05    0.002014    0.003870   3.747e-05   5.593e-08    0.003072   4.474e-06   2.030e-06    0.076530   7.891e-06   5.864e-07    0.002678
ln L         -5.303511  -10.936329   -6.207738   -5.554435  -10.192058  -16.699076   -5.785281  -12.317180  -13.107567   -2.570073  -11.749787  -14.349240   -5.922705

site               235         236         237         238         239         240         241         242         243         244         245         246         247
L            1.821e-07    0.061962    0.061962   5.139e-06    0.061962    0.076530   1.608e-05    0.061962    0.017454   1.285e-07    0.001022    0.076530   1.480e-05
ln L        -15.518594   -2.781228   -2.781228  -12.178611   -2.781228   -2.570073  -11.037810   -2.781228   -4.048184  -15.867335   -6.886057   -2.570073  -11.120576

site               248         249         250         251         252         253         254         255         256         257         258         259         260
L            3.499e-04    0.085077   9.915e-06   5.074e-04   3.292e-06   1.160e-05    0.085077    0.076530   2.773e-07    0.002054    0.061962   1.227e-06   1.871e-07
ln L         -7.957934   -2.464201  -11.521486   -7.586210  -12.623906  -11.364749   -2.464201   -2.570073  -15.098052   -6.188170   -2.781228  -13.610655  -15.491873

site               261         262         263         264         265         266         267         268         269         270         271         272         273
L             0.002944   2.897e-07   7.822e-07    0.061962   1.766e-07    0.002438    0.002956   2.752e-05    0.017454    0.017454   1.243e-06   2.519e-08    0.001486
ln L         -5.827936  -15.054475  -14.061209   -2.781228  -15.549138   -6.016703   -5.823992  -10.500755   -4.048184   -4.048184  -13.597922  -17.496801   -6.511830

site               274         275         276         277         278         279         280         281         282         283         284         285         286
L            2.350e-08    0.085077    0.085077   7.210e-06    0.001393    0.005167   3.041e-04   5.645e-04    0.061962   7.675e-04   4.735e-04    0.061962   1.482e-07
ln L        -17.566278   -2.464201   -2.464201  -11.840062   -6.576599   -5.265510   -8.098136   -7.479581   -2.781228   -7.172367   -7.655280   -2.781228  -15.724873

site               287         288         289         290         291         292         293         294         295         296         297         298         299
L             0.085077    0.076530   2.542e-07   7.588e-04    0.076530   3.772e-04    0.076530    0.061962   4.337e-08    0.061962    0.085077    0.002956    0.061962
ln L         -2.464201   -2.570073  -15.185312   -7.183753   -2.570073   -7.882780   -2.570073   -2.781228  -16.953523   -2.781228   -2.464201   -5.823992   -2.781228

site               300         301         302         303         304         305         306         307         308         309         310         311         312
L             0.076530   9.721e-08    0.076530    0.061962   1.877e-08   3.013e-04    0.085077   2.897e-06    0.085077    0.061962   1.250e-07    0.005167    0.005303
ln L         -2.570073  -16.146380   -2.570073   -2.781228  -17.791021   -8.107475   -2.464201  -12.751702   -2.464201   -2.781228  -15.894777   -5.265510   -5.239489

site               313         314         315         316         317         318         319         320         321         322         323         324         325
L            7.037e-06    0.002342   3.989e-06   1.094e-06    0.005910   2.302e-04   4.653e-04   5.835e-04    0.001325    0.006152    0.076530    0.085077    0.002342
ln L        -11.864278   -6.056944  -12.431889  -13.725486   -5.131175   -8.376442   -7.672850   -7.446499   -6.625986   -5.090934   -2.570073   -2.464201   -6.056944

site               326         327         328         329         330         331         332         333         334         335         336         337         338
L             0.001610    0.017454   4.735e-04    0.017454    0.017454   6.151e-06   2.089e-10    0.003758   8.367e-04    0.005554   2.209e-04   2.230e-04    0.085077
ln L         -6.431640   -4.048184   -7.655280   -4.048184   -4.048184  -11.998904  -22.289094   -5.583738   -7.085990   -5.193284   -8.417888   -8.408523   -2.464201

site               339         340         341         342         343         344         345         346         347         348         349         350         351
L             0.076530   8.629e-04    0.001709    0.085077   3.045e-05    0.006497    0.002342    0.002956    0.004646   4.151e-04   3.827e-08    0.005303   2.435e-06
ln L         -2.570073   -7.055205   -6.371742   -2.464201  -10.399463   -5.036404   -6.056944   -5.823992   -5.371765   -7.787079  -17.078704   -5.239413  -12.925615

site               352         353         354         355         356         357         358         359         360         361         362         363         364
L            1.884e-06    0.085077    0.085077   8.290e-06    0.005303    0.061962    0.007023    0.085077    0.006152   6.917e-09    0.076530    0.076530   7.130e-07
ln L        -13.182375   -2.464201   -2.464201  -11.700468   -5.239413   -2.781228   -4.958582   -2.464201   -5.090934  -18.789239   -2.570073   -2.570073  -14.153727

site               365         366         367         368         369         370         371         372         373         374         375         376         377
L            3.037e-05    0.005339   8.215e-08    0.002944    0.061962   8.688e-06    0.085077    0.076530    0.007023    0.076530    0.017454    0.003391    0.017454
ln L        -10.401944   -5.232777  -16.314754   -5.827936   -2.781228  -11.653600   -2.464201   -2.570073   -4.958582   -2.570073   -4.048184   -5.686535   -4.048184

site               378         379         380         381         382         383         384         385         386         387         388         389         390
L             0.085077    0.085077    0.085077    0.085077   3.378e-07    0.085077   3.328e-08   5.416e-08   1.556e-05    0.061962   6.685e-05    0.085077    0.061962
ln L         -2.464201   -2.464201   -2.464201   -2.464201  -14.900928   -2.464201  -17.218409  -16.731318  -11.070990   -2.781228   -9.612995   -2.464201   -2.781228

site               391         392         393         394         395         396         397         398         399         400         401         402         403
L            6.776e-06   4.275e-07    0.003870   4.386e-06    0.001671    0.061962   1.183e-05    0.076530    0.085077    0.005339   5.858e-04    0.061962   2.250e-04
ln L        -11.902070  -14.665294   -5.554435  -12.337076   -6.394579   -2.781228  -11.344471   -2.570073   -2.464201   -5.232777   -7.442593   -2.781228   -8.399262

site               404         405         406         407         408         409         410         411         412         413         414         415         416
L            6.485e-06   1.257e-04   2.922e-05    0.076530    0.076530   4.218e-04   3.656e-05    0.061962   5.494e-09   3.628e-04    0.061962    0.001900    0.076530
ln L        -11.946016   -8.981601  -10.440640   -2.570073   -2.570073   -7.770993  -10.216569   -2.781228  -19.019538   -7.921611   -2.781228   -6.265965   -2.570073

site               417         418         419         420         421         422         423         424         425         426         427         428         429
L             0.061962   3.164e-08   1.464e-04    0.061962   4.653e-04   2.645e-05    0.076530   2.050e-06   1.913e-04    0.005167   3.730e-06    0.085077    0.002342
ln L         -2.781228  -17.268917   -8.829366   -2.781228   -7.672850  -10.540290   -2.570073  -13.097783   -8.561475   -5.265510  -12.499049   -2.464201   -6.056944

site               430         431         432         433         434         435         436         437         438         439         440         441         442
L             0.001504    0.076530    0.076530   6.233e-05   6.761e-04    0.001177   1.341e-07   1.043e-04    0.061962   3.721e-06    0.085077    0.061962   2.590e-07
ln L         -6.499452   -2.570073   -2.570073   -9.683092   -7.299209   -6.744656  -15.824642   -9.167838   -2.781228  -12.501524   -2.464201   -2.781228  -15.166300

site               443         444         445         446         447         448         449         450         451         452         453         454         455
L            3.764e-06    0.001512   1.045e-08    0.017454    0.017454   2.807e-08   1.932e-04    0.001707   2.230e-06   1.150e-06    0.005554   1.972e-09   2.377e-04
ln L        -12.489912   -6.494317  -18.376295   -4.048184   -4.048184  -17.388524   -8.551902   -6.373000  -13.013480  -13.675648   -5.193284  -20.044346   -8.344536

site               456         457         458         459         460         461         462         463         464         465         466         467         468
L            1.604e-04   7.500e-05    0.061962    0.017454    0.061962    0.085077   3.422e-04    0.005910    0.002944    0.085077    0.061962    0.085077    0.017454
ln L         -8.737804   -9.497965   -2.781228   -4.048184   -2.781228   -2.464201   -7.980199   -5.131175   -5.827936   -2.464201   -2.781228   -2.464201   -4.048184

site               469         470         471         472         473         474         475         476         477         478         479         480         481
L             0.061962    0.061962    0.061962    0.085077    0.002342   3.983e-06   4.700e-04    0.085077    0.085077    0.085077    0.085077    0.076530    0.085077
ln L         -2.781228   -2.781228   -2.781228   -2.464201   -6.056944  -12.433440   -7.662842   -2.464201   -2.464201   -2.464201   -2.464201   -2.570073   -2.464201

site               482         483         484         485         486         487         488         489         490         491         492         493         494
L            3.257e-05    0.001516    0.085077    0.017454    0.085077    0.001756    0.061962    0.017454    0.061962    0.017454    0.085077    0.002438    0.061962
ln L        -10.332155   -6.491549   -2.464201   -4.048184   -2.464201   -6.344566   -2.781228   -4.048184   -2.781228   -4.048184   -2.464201   -6.016703   -2.781228

site               495         496         497         498         499         500         501         502         503         504         505         506         507
L             0.076530    0.003870   6.761e-04    0.001841   2.322e-07   4.450e-05    0.085077    0.001516    0.085077    0.017454    0.001177   2.104e-05   8.946e-06
ln L         -2.570073   -5.554435   -7.299209   -6.297534  -15.275498  -10.019971   -2.464201   -6.491549   -2.464201   -4.048184   -6.744656  -10.769071  -11.624279

site               508         509         510         511         512         513         514         515         516         517         518         519         520
L             0.006497   3.636e-07   3.450e-08    0.001393    0.246203   2.675e-05   6.575e-08    0.096867    0.005554   1.847e-05   9.013e-04    0.076530    0.061962
ln L         -5.036404  -14.827286  -17.182318   -6.576599   -1.401597  -10.529101  -16.537441   -2.334417   -5.193284  -10.899134   -7.011704   -2.570073   -2.781228

site               521         522         523         524         525         526         527         528         529         530         531         532         533
L             0.061962    0.001393   2.522e-04    0.061962    0.061962    0.085077    0.076530    0.076530    0.001595    0.085077    0.017454    0.085077    0.085077
ln L         -2.781228   -6.576599   -8.285265   -2.781228   -2.781228   -2.464201   -2.570073   -2.570073   -6.440819   -2.464201   -4.048184   -2.464201   -2.464201

site               534         535         536         537         538         539         540         541         542         543         544         545         546
L             0.085077   9.938e-04    0.001709   7.340e-06    0.324121   1.478e-06   4.582e-06   3.107e-06   2.733e-04    0.004646    0.017454    0.001338   7.062e-04
ln L         -2.464201   -6.913996   -6.371742  -11.822115   -1.126640  -13.424990  -12.293272  -12.681884   -8.204793   -5.371765   -4.048184   -6.616231   -7.255550

site               547         548         549         550         551         552         553         554         555         556         557         558         559
L             0.076530    0.001756    0.017454    0.076530    0.061962    0.085077    0.085077   1.104e-07    0.003072    0.076530   1.623e-04   1.060e-07   4.892e-10
ln L         -2.570073   -6.344566   -4.048184   -2.570073   -2.781228   -2.464201   -2.464201  -16.019164   -5.785281   -2.570073   -8.726259  -16.059931  -21.438294

site               560         561         562         563         564         565         566         567         568         569         570         571         572
L            5.192e-08   1.738e-07   2.260e-06    0.076530    0.076530   2.767e-07    0.005303   6.906e-05   2.461e-07   1.748e-10    0.061962   1.035e-05    0.085077
ln L        -16.773527  -15.565605  -13.000023   -2.570073   -2.570073  -15.100234   -5.239489   -9.580581  -15.217701  -22.467323   -2.781228  -11.478461   -2.464201

site               573         574         575         576         577         578         579         580         581         582         583         584         585
L            2.785e-04    0.085077   4.524e-05   2.392e-04   1.761e-04   1.991e-04    0.017454    0.017454    0.003232    0.061962    0.004126   9.847e-05    0.076530
ln L         -8.185976   -2.464201  -10.003620   -8.338156   -8.644331   -8.521728   -4.048184   -4.048184   -5.734520   -2.781228   -5.490413   -9.225776   -2.570073

site               586         587         588         589         590         591         592         593         594         595         596         597         598
L             0.061962    0.005554    0.100690    0.001177    0.076530    0.061962    0.061962    0.061962    0.061962    0.085077    0.085077    0.085077    0.017454
ln L         -2.781228   -5.193284   -2.295712   -6.744656   -2.570073   -2.781228   -2.781228   -2.781228   -2.781228   -2.464201   -2.464201   -2.464201   -4.048184

site               599         600         601         602         603         604         605         606         607         608         609         610         611
L             0.017454    0.085077    0.061962    0.085077   5.994e-04   4.541e-04    0.085077    0.017454    0.001709   6.961e-05    0.085077    0.061962    0.076530
ln L         -4.048184   -2.464201   -2.781228   -2.464201   -7.419600   -7.697137   -2.464201   -4.048184   -6.371742   -9.572619   -2.464201   -2.781228   -2.570073

site               612         613         614         615         616         617         618         619         620         621         622         623         624
L             0.076530   2.640e-05    0.061962    0.005167    0.017454   3.130e-04   1.991e-04    0.076530    0.061962    0.061962    0.085077    0.017454    0.017454
ln L         -2.570073  -10.542094   -2.781228   -5.265510   -4.048184   -8.069408   -8.521728   -2.570073   -2.781228   -2.781228   -2.464201   -4.048184   -4.048184

site               625         626         627         628         629         630         631         632         633         634         635         636         637
L            8.629e-04   1.619e-06    0.003232    0.076530    0.002438    0.085077    0.085077    0.085077    0.085077   3.353e-06    0.001717    0.061962    0.061962
ln L         -7.055205  -13.333689   -5.734520   -2.570073   -6.016703   -2.464201   -2.464201   -2.464201   -2.464201  -12.605640   -6.367403   -2.781228   -2.781228

site               638         639         640         641         642         643         644         645         646         647         648         649         650
L             0.017454    0.017454    0.061962    0.017454    0.076530    0.085077    0.085077    0.076530    0.061962    0.076530    0.076530    0.085077    0.085077
ln L         -4.048184   -4.048184   -2.781228   -4.048184   -2.570073   -2.464201   -2.464201   -2.570073   -2.781228   -2.570073   -2.570073   -2.464201   -2.464201

site               651         652         653         654         655         656         657         658         659         660         661         662         663
L             0.085077    0.061962    0.085077    0.085077    0.085077    0.085077    0.017454    0.061962    0.085077    0.085077    0.002485    0.085077   4.348e-05
ln L         -2.464201   -2.781228   -2.464201   -2.464201   -2.464201   -2.464201   -4.048184   -2.781228   -2.464201   -2.464201   -5.997638   -2.464201  -10.043196

site               664         665         666         667         668         669         670         671         672         673         674         675         676
L            4.932e-04   5.771e-06   7.675e-04    0.061962   5.983e-04   1.370e-06   1.140e-04   1.311e-08   1.553e-05    0.005339   1.422e-04   2.025e-04    0.076530
ln L         -7.614531  -12.062588   -7.172367   -2.781228   -7.421452  -13.500766   -9.078893  -18.150056  -11.072818   -5.232777   -8.858438   -8.504647   -2.570073

site               677         678         679         680         681         682         683         684         685         686         687         688         689
L            4.764e-07    0.003256    0.005167    0.001980    0.001393   2.414e-04   1.030e-08   2.891e-06   9.013e-04   8.636e-06   1.144e-08    0.003072   2.114e-04
ln L        -14.556995   -5.727353   -5.265510   -6.224499   -6.576599   -8.329104  -18.391428  -12.753922   -7.011704  -11.659567  -18.286025   -5.785281   -8.461576

site               690         691         692         693         694         695         696         697         698         699         700         701         702
L            5.107e-05    0.076530   1.038e-06    0.002678    0.061962   8.494e-10    0.085077   1.374e-04   1.514e-05   4.473e-06   1.422e-04    0.076530   4.125e-06
ln L         -9.882283   -2.570073  -13.777802   -5.922705   -2.781228  -20.886524   -2.464201   -8.892283  -11.098366  -12.317525   -8.858407   -2.570073  -12.398368

site               703         704         705         706         707         708         709         710         711         712         713         714         715
L             0.061962   5.835e-04    0.006746   1.991e-04   4.209e-06   3.182e-05   3.655e-06   1.484e-07    0.076530    0.076530   2.383e-06    0.006152    0.061962
ln L         -2.781228   -7.446499   -4.998824   -8.521728  -12.378168  -10.355404  -12.519286  -15.723295   -2.570073   -2.570073  -12.946982   -5.090934   -2.781228

site               716         717         718         719         720         721         722         723         724         725         726         727         728
L            1.049e-05   7.462e-06   1.483e-04   7.633e-09   2.562e-05    0.002956   2.710e-07    0.085077    0.005090    0.006759   6.179e-06    0.005167   8.765e-07
ln L        -11.465343  -11.805721   -8.816202  -18.690798  -10.572190   -5.823992  -15.121111   -2.464201   -5.280513   -4.996911  -11.994357   -5.265510  -13.947376

site               729         730         731         732         733         734         735         736         737         738         739         740         741
L            4.735e-04   5.665e-05   4.938e-06    0.085077    0.085077   1.417e-04    0.003758   7.437e-04   1.055e-07   5.183e-05    0.085077   3.989e-06    0.002438
ln L         -7.655280   -9.778531  -12.218604   -2.464201   -2.464201   -8.861579   -5.583738   -7.203925  -16.064754   -9.867469   -2.464201  -12.431889   -6.016703

site               742         743         744         745         746         747         748         749         750         751         752         753         754
L             0.085077    0.085077    0.085077   2.010e-04   9.773e-06   4.641e-05   3.174e-07   7.447e-06   6.473e-08   6.183e-06    0.005303    0.061962    0.085077
ln L         -2.464201   -2.464201   -2.464201   -8.511979  -11.535933   -9.977898  -14.963110  -11.807762  -16.553026  -11.993695   -5.239413   -2.781228   -2.464201

site               755         756         757         758         759         760         761         762         763         764         765         766         767
L            2.044e-06    0.001657    0.076530   3.091e-07   5.534e-07    0.005303   1.101e-06    0.061962    0.085077   4.467e-05    0.017454    0.061962   6.619e-04
ln L        -13.100743   -6.402656   -2.570073  -14.989615  -14.407143   -5.239413  -13.719365   -2.781228   -2.464201  -10.016232   -4.048184   -2.781228   -7.320348

site               768         769         770         771         772         773         774         775         776         777         778         779         780
L             0.085077    0.085077    0.085077   8.270e-06   2.075e-05   6.941e-09   4.497e-08    0.001610   2.603e-05   3.493e-07    0.061962   9.620e-06   9.539e-05
ln L         -2.464201   -2.464201   -2.464201  -11.702933  -10.783013  -18.785802  -16.917259   -6.431640  -10.556339  -14.867466   -2.781228  -11.551665   -9.257553

site               781         782         783         784         785         786         787         788         789         790         791         792         793
L            2.895e-04   2.785e-07    0.061962   3.538e-05   1.431e-05   3.132e-05    0.076530   2.868e-04    0.004974    0.061962   2.340e-06    0.085077    0.002485
ln L         -8.147356  -15.093719   -2.781228  -10.249491  -11.154575  -10.371220   -2.570073   -8.156694   -5.303511   -2.781228  -12.965428   -2.464201   -5.997638

site               794         795         796         797         798         799         800         801         802         803         804         805         806
L            3.904e-10    0.085077   1.694e-05   1.462e-05    0.085077    0.017454   1.299e-06    0.006497    0.004974   2.463e-07   1.770e-07    0.003072   6.788e-06
ln L        -21.663761   -2.464201  -10.986108  -11.133304   -2.464201   -4.048184  -13.553657   -5.036404   -5.303511  -15.216685  -15.547325   -5.785281  -11.900330

site               807         808         809         810         811         812         813         814         815         816         817         818         819
L            2.895e-04    0.076530   1.329e-05    0.085077   4.770e-04   2.664e-04    0.007023   1.120e-04   5.992e-06   3.133e-06    0.061962    0.006746    0.061962
ln L         -8.147356   -2.570073  -11.228837   -2.464201   -7.648010   -8.230488   -4.958582   -9.097185  -12.025091  -12.673395   -2.781228   -4.998824   -2.781228

site               820         821         822         823         824         825         826         827         828         829         830         831         832
L             0.001872   5.550e-07   1.680e-04    0.061962   6.272e-10   9.847e-05   6.261e-06    0.005339   4.286e-06   2.464e-05    0.085077   9.114e-05   1.539e-06
ln L         -6.280545  -14.404376   -8.691808   -2.781228  -21.189719   -9.225776  -11.981150   -5.232777  -12.360221  -10.611235   -2.464201   -9.303104  -13.384106

site               833         834         835         836         837         838         839         840         841         842         843         844         845
L            3.170e-05    0.076530    0.085077    0.085077    0.017454    0.085077    0.085077   4.698e-05   7.803e-05   5.027e-05    0.085077    0.001047   1.150e-05
ln L        -10.359330   -2.570073   -2.464201   -2.464201   -4.048184   -2.464201   -2.464201   -9.965816   -9.458473   -9.898141   -2.464201   -6.861514  -11.373283

site               846         847         848         849         850         851         852         853         854         855         856         857         858
L             0.001177    0.061962   2.646e-05    0.002649    0.001214   1.612e-09    0.085077   1.112e-05    0.001325    0.061962    0.017454   6.510e-06    0.002678
ln L         -6.744656   -2.781228  -10.539936   -5.933616   -6.713805  -20.245518   -2.464201  -11.406324   -6.625986   -2.781228   -4.048184  -11.942136   -5.922705

site               859         860         861         862         863         864         865         866         867         868         869         870         871
L             0.001177   4.666e-05    0.061962    0.017454    0.085077   6.761e-04    0.001512   5.636e-05    0.001393   8.244e-05   2.054e-08    0.085077    0.001709
ln L         -6.744656   -9.972532   -2.781228   -4.048184   -2.464201   -7.299209   -6.494317   -9.783706   -6.576599   -9.403432  -17.701116   -2.464201   -6.371742

site               872         873         874         875         876         877         878         879         880         881         882         883         884
L             0.005554    0.076530    0.085077   8.513e-05    0.085077    0.076530   3.550e-06   3.176e-07   6.275e-04   6.196e-07   6.218e-07   8.367e-04   1.383e-05
ln L         -5.193284   -2.570073   -2.464201   -9.371370   -2.464201   -2.570073  -12.548595  -14.962529   -7.373711  -14.294157  -14.290576   -7.085990  -11.188790

site               885         886         887         888         889         890         891         892         893         894         895         896         897
L             0.005554    0.061962    0.002014    0.003297    0.002201   2.807e-08   1.264e-04    0.061962    0.004646    0.085077    0.017454    0.076530    0.061962
ln L         -5.193284   -2.781228   -6.207738   -5.714656   -6.119053  -17.388635   -8.976167   -2.781228   -5.371765   -2.464201   -4.048184   -2.570073   -2.781228

site               898
L             0.061962
ln L         -2.781228

Likelihoods for each site on tree 2:

site                 1           2           3           4           5           6           7           8           9          10          11          12          13
L             0.084513    0.084513    0.017292    0.005511    0.061510    0.061510   4.462e-05   4.488e-05    0.002883   7.937e-07    0.017292    0.017292   4.087e-06
ln L         -2.470855   -2.470855   -4.057522   -5.200962   -2.788562   -2.788562  -10.017346  -10.011554   -5.848868  -14.046619   -4.057522   -4.057522  -12.407600

site                14          15          16          17          18          19          20          21          22          23          24          25          26
L             0.017292    0.076005    0.006971   6.543e-06   8.349e-05   7.607e-07   1.036e-05   4.949e-06   7.971e-07    0.076005    0.061510   5.768e-10    0.084513
ln L         -4.057522   -2.576961   -4.966056  -11.937129   -9.390753  -14.089089  -11.477931  -12.216235  -14.042294   -2.576961   -2.788562  -21.273525   -2.470855

site                27          28          29          30          31          32          33          34          35          36          37          38          39
L             0.061510   5.385e-06   8.138e-04    0.061510   4.298e-09    0.017292    0.076005   3.649e-06    0.076005    0.084513   3.249e-06    0.017292    0.017292
ln L         -2.788562  -12.131852   -7.113791   -2.788562  -19.265145   -4.057522   -2.576961  -12.521164   -2.576961   -2.470855  -12.637269   -4.057522   -4.057522

site                40          41          42          43          44          45          46          47          48          49          50          51          52
L            4.225e-09    0.005355    0.061510   5.716e-07    0.084513    0.076005   4.297e-07    0.061510    0.076005   1.683e-09    0.061510    0.076005   1.007e-04
ln L        -19.282341   -5.229744   -2.788562  -14.374857   -2.470855   -2.576961  -14.660230   -2.788562   -2.576961  -20.202948   -2.788562   -2.576961   -9.203273

site                53          54          55          56          57          58          59          60          61          62          63          64          65
L            3.362e-07    0.061510   4.312e-07   1.340e-07   4.983e-05   7.991e-07    0.061510    0.061510    0.005511    0.061510    0.017292    0.004142   3.767e-05
ln L        -14.905682   -2.788562  -14.656663  -15.825074   -9.906869  -14.039732   -2.788562   -2.788562   -5.200962   -2.788562   -4.057522   -5.486491  -10.186740

site                66          67          68          69          70          71          72          73          74          75          76          77          78
L             0.061510   3.009e-07    0.017292    0.076005   3.703e-06    0.084513    0.084513   1.209e-04    0.005464    0.076005    0.004602    0.084513    0.084513
ln L         -2.788562  -15.016421   -4.057522   -2.576961  -12.506437   -2.470855   -2.470855   -9.020708   -5.209554   -2.576961   -5.381171   -2.470855   -2.470855

site                79          80          81          82          83          84          85          86          87          88          89          90          91
L            4.391e-05    0.061510    0.084513   1.367e-05    0.017292    0.084513   6.823e-04    0.076005    0.017292   2.852e-06    0.002420    0.001717   5.688e-08
ln L        -10.033321   -2.788562   -2.470855  -11.200536   -4.057522   -2.470855   -7.290036   -2.576961   -4.057522  -12.767509   -6.024177   -6.367342  -16.682327

site                92          93          94          95          96          97          98          99         100         101         102         103         104
L             0.076005    0.084513   7.117e-05    0.084513   3.222e-04   5.325e-05    0.076005    0.017292   3.271e-06    0.084513   7.029e-05    0.002246    0.084513
ln L         -2.576961   -2.470855   -9.550438   -2.470855   -8.040243   -9.840424   -2.576961   -4.057522  -12.630516   -2.470855   -9.562871   -6.098526   -2.470855

site               105         106         107         108         109         110         111         112         113         114         115         116         117
L             0.061510    0.084513   1.952e-05   4.926e-04   1.859e-06    0.005355    0.061510   6.466e-08   1.277e-04    0.076005   9.322e-07    0.076005   3.219e-05
ln L         -2.788562   -2.470855  -10.843872   -7.615862  -13.195460   -5.229744   -2.788562  -16.554151   -8.965618   -2.576961  -13.885736   -2.576961  -10.343969

site               118         119         120         121         122         123         124         125         126         127         128         129         130
L            1.984e-05    0.017292    0.017292   1.453e-07    0.005041    0.061510   4.580e-08    0.076005    0.084513    0.084513    0.001522    0.003120   4.226e-08
ln L        -10.827686   -4.057522   -4.057522  -15.744735   -5.290118   -2.788562  -16.899087   -2.576961   -2.470855   -2.470855   -6.487614   -5.769812  -16.979317

site               131         132         133         134         135         136         137         138         139         140         141         142         143
L            2.299e-04    0.061510    0.004602   4.783e-04    0.061510   1.022e-04    0.076005    0.076005   6.403e-06    0.001306    0.061510   2.319e-07    0.002420
ln L         -8.377933   -2.788562   -5.381171   -7.645194   -2.788562   -9.188942   -2.576961   -2.576961  -11.958795   -6.640956   -2.788562  -15.277050   -6.024177

site               144         145         146         147         148         149         150         151         152         153         154         155         156
L            2.531e-04    0.084513    0.017292    0.002122   7.783e-07   5.043e-07    0.002789   1.071e-06    0.061510    0.017292    0.084513    0.061510    0.017292
ln L         -8.281898   -2.470855   -4.057522   -6.155513  -14.066113  -14.500034   -5.882059  -13.746556   -2.788562   -4.057522   -2.470855   -2.788562   -4.057522

site               157         158         159         160         161         162         163         164         165         166         167         168         169
L             0.084513   7.921e-05    0.061510   3.533e-09   7.003e-05   1.564e-04   3.014e-05    0.017292    0.076005    0.003733    0.084513    0.001550    0.005355
ln L         -2.470855   -9.443403   -2.788562  -19.461072   -9.566639   -8.762949  -10.409654   -4.057522   -2.576961   -5.590488   -2.470855   -6.469721   -5.229744

site               170         171         172         173         174         175         176         177         178         179         180         181         182
L             0.005511    0.061510   1.665e-04   7.993e-06    0.076005   1.195e-04    0.084513    0.084513    0.001847    0.076005    0.061510   6.916e-07    0.017292
ln L         -5.200962   -2.788562   -8.700407  -11.736959   -2.576961   -9.032457   -2.470855   -2.470855   -6.294102   -2.576961   -2.788562  -14.184225   -4.057522

site               183         184         185         186         187         188         189         190         191         192         193         194         195
L             0.076005    0.001847   5.867e-05    0.061510    0.006106    0.076005    0.076005    0.003298   1.453e-05    0.076005   1.348e-05   1.363e-04    0.076005
ln L         -2.576961   -6.294102   -9.743533   -2.788562   -5.098407   -2.576961   -2.576961   -5.714363  -11.139603   -2.576961  -11.214097   -8.900550   -2.576961

site               196         197         198         199         200         201         202         203         204         205         206         207         208
L            2.942e-07    0.084513    0.061510   1.849e-06    0.084513    0.084513   3.179e-07    0.002883    0.061510   3.645e-06   1.789e-04    0.061510   4.080e-08
ln L        -15.038972   -2.470855   -2.788562  -13.200807   -2.470855   -2.470855  -14.961618   -5.848868   -2.788562  -12.522221   -8.628734   -2.788562  -17.014615

site               209         210         211         212         213         214         215         216         217         218         219         220         221
L             0.017292    0.017292   1.960e-10    0.017292    0.084513   6.823e-04    0.005355    0.061510   8.288e-05    0.004988   1.233e-05   1.638e-05    0.001550
ln L         -4.057522   -4.057522  -22.352830   -4.057522   -2.470855   -7.290036   -5.229744   -2.788562   -9.398108   -5.300806  -11.303382  -11.019694   -6.469721

site               222         223         224         225         226         227         228         229         230         231         232         233         234
L             0.004988   1.938e-05    0.002302    0.003832   3.950e-05   6.082e-08    0.002963   4.946e-06   2.073e-06    0.076005   7.785e-06   1.218e-07    0.002710
ln L         -5.300806  -10.851191   -6.074035   -5.564412  -10.139151  -16.615314   -5.821476  -12.216892  -13.086672   -2.576961  -11.763283  -15.920635   -5.910736

site               235         236         237         238         239         240         241         242         243         244         245         246         247
L            1.735e-07    0.061510    0.061510   4.973e-06    0.061510    0.076005   1.732e-05    0.061510    0.017292   1.416e-07    0.001118    0.076005   1.673e-05
ln L        -15.567049   -2.788562   -2.788562  -12.211578   -2.788562   -2.576961  -10.963722   -2.788562   -4.057522  -15.770046   -6.796210   -2.576961  -10.998177

site               248         249         250         251         252         253         254         255         256         257         258         259         260
L            3.396e-04    0.084513   1.118e-05   5.087e-04   9.236e-06   9.014e-06    0.084513    0.076005   2.786e-07    0.002126    0.061510   8.421e-07   3.987e-08
ln L         -7.987769   -2.470855  -11.401037   -7.583712  -11.592445  -11.616685   -2.470855   -2.576961  -15.093349   -6.153685   -2.788562  -13.987360  -17.037664

site               261         262         263         264         265         266         267         268         269         270         271         272         273
L             0.003221   2.912e-07   8.278e-07    0.061510   2.690e-07    0.002420    0.002883   2.983e-05    0.017292    0.017292   1.320e-06   2.534e-08    0.001434
ln L         -5.738089  -15.049290  -14.004533   -2.788562  -15.128400   -6.024177   -5.848868  -10.419834   -4.057522   -4.057522  -13.538253  -17.490853   -6.547444

site               274         275         276         277         278         279         280         281         282         283         284         285         286
L            2.548e-08    0.084513    0.084513   7.173e-06    0.001522    0.005125   2.985e-04   5.536e-04    0.061510   7.534e-04   4.739e-04    0.061510   1.440e-07
ln L        -17.485194   -2.470855   -2.470855  -11.845166   -6.487614   -5.273576   -8.116644   -7.498980   -2.788562   -7.190875   -7.654615   -2.788562  -15.753486

site               287         288         289         290         291         292         293         294         295         296         297         298         299
L             0.084513    0.076005   2.712e-07   7.680e-04    0.076005   3.774e-04    0.076005    0.061510   4.969e-08    0.061510    0.084513    0.002883    0.061510
ln L         -2.470855   -2.576961  -15.120517   -7.171783   -2.576961   -7.882141   -2.576961   -2.788562  -16.817473   -2.788562   -2.470855   -5.848868   -2.788562

site               300         301         302         303         304         305         306         307         308         309         310         311         312
L             0.076005   1.242e-07    0.076005    0.061510   1.763e-08   3.022e-04    0.084513   3.349e-06    0.084513    0.061510   1.240e-07    0.005125    0.005317
ln L         -2.576961  -15.901096   -2.576961   -2.788562  -17.853559   -8.104578   -2.470855  -12.606898   -2.470855   -2.788562  -15.903357   -5.273576   -5.236784

site               313         314         315         316         317         318         319         320         321         322         323         324         325
L            9.438e-06    0.002349   4.318e-06   1.099e-06    0.005929   2.513e-04   4.665e-04   5.750e-04    0.001306    0.006106    0.076005    0.084513    0.002349
ln L        -11.570811   -6.053738  -12.352677  -13.720736   -5.127968   -8.288739   -7.670266   -7.461198   -6.640956   -5.098407   -2.576961   -2.470855   -6.053738

site               326         327         328         329         330         331         332         333         334         335         336         337         338
L             0.001667    0.017292   4.739e-04    0.017292    0.017292   1.010e-05   2.184e-10    0.003667   8.138e-04    0.005511   2.234e-04   2.443e-04    0.084513
ln L         -6.396953   -4.057522   -7.654615   -4.057522   -4.057522  -11.503006  -22.244607   -5.608355   -7.113791   -5.200962   -8.406616   -8.317041   -2.470855

site               339         340         341         342         343         344         345         346         347         348         349         350         351
L             0.076005   9.403e-04    0.001717    0.084513   2.976e-05    0.006517    0.002349    0.002883    0.004602   4.157e-04   5.395e-08    0.005254   2.323e-06
ln L         -2.576961   -6.969309   -6.367342   -2.470855  -10.422344   -5.033370   -6.053738   -5.848868   -5.381171   -7.785549  -16.735122   -5.248819  -12.972716

site               352         353         354         355         356         357         358         359         360         361         362         363         364
L            2.008e-06    0.084513    0.084513   8.250e-06    0.005254    0.061510    0.006971    0.084513    0.006106   6.681e-09    0.076005    0.076005   7.781e-07
ln L        -13.118505   -2.470855   -2.470855  -11.705278   -5.248819   -2.788562   -4.966056   -2.470855   -5.098407  -18.824034   -2.576961   -2.576961  -14.066358

site               365         366         367         368         369         370         371         372         373         374         375         376         377
L            3.099e-05    0.005355   1.318e-07    0.003221    0.061510   8.468e-06    0.084513    0.076005    0.006971    0.076005    0.017292    0.003432    0.017292
ln L        -10.381787   -5.229744  -15.841705   -5.738089   -2.788562  -11.679203   -2.470855   -2.576961   -4.966056   -2.576961   -4.057522   -5.674551   -4.057522

site               378         379         380         381         382         383         384         385         386         387         388         389         390
L             0.084513    0.084513    0.084513    0.084513   3.652e-07    0.084513   3.227e-08   1.853e-08   1.110e-05    0.061510   1.173e-05    0.084513    0.061510
ln L         -2.470855   -2.470855   -2.470855   -2.470855  -14.822868   -2.470855  -17.249135  -17.804066  -11.408575   -2.788562  -11.352978   -2.470855   -2.788562

site               391         392         393         394         395         396         397         398         399         400         401         402         403
L            6.704e-06   4.738e-07    0.003832   4.798e-06    0.001653    0.061510   1.458e-05    0.076005    0.084513    0.005355   5.870e-04    0.061510   2.089e-04
ln L        -11.912880  -14.562546   -5.564412  -12.247275   -6.405043   -2.788562  -11.135943   -2.576961   -2.470855   -5.229744   -7.440557   -2.788562   -8.473700

site               404         405         406         407         408         409         410         411         412         413         414         415         416
L            6.443e-06   1.317e-04   3.003e-05    0.076005    0.076005   4.239e-04   3.912e-05    0.061510   5.633e-09   3.517e-04    0.061510    0.001847    0.076005
ln L        -11.952466   -8.934870  -10.413182   -2.576961   -2.576961   -7.765929  -10.148775   -2.788562  -18.994591   -7.952703   -2.788562   -6.294102   -2.576961

site               417         418         419         420         421         422         423         424         425         426         427         428         429
L             0.061510   3.073e-08   1.479e-04    0.061510   4.665e-04   2.622e-05    0.076005   1.964e-06   1.918e-04    0.005125   3.658e-06    0.084513    0.002349
ln L         -2.788562  -17.298140   -8.819267   -2.788562   -7.670266  -10.549016   -2.576961  -13.140487   -8.558970   -5.273576  -12.518544   -2.470855   -6.053738

site               430         431         432         433         434         435         436         437         438         439         440         441         442
L             0.001488    0.076005    0.076005   6.804e-05   6.996e-04    0.001191   1.339e-07   1.047e-04    0.061510   3.620e-06    0.084513    0.061510   8.273e-08
ln L         -6.510206   -2.576961   -2.576961   -9.595425   -7.265068   -6.732672  -15.825984   -9.164214   -2.788562  -12.529151   -2.470855   -2.788562  -16.307625

site               443         444         445         446         447         448         449         450         451         452         453         454         455
L            3.858e-06    0.001732   1.224e-08    0.017292    0.017292   2.760e-08   1.934e-04    0.001712   2.082e-06   1.184e-06    0.005511   1.575e-09   2.613e-04
ln L        -12.465491   -6.358709  -18.218296   -4.057522   -4.057522  -17.405282   -8.550592   -6.369834  -13.082249  -13.646745   -5.200962  -20.268938   -8.250006

site               456         457         458         459         460         461         462         463         464         465         466         467         468
L            1.615e-04   7.578e-05    0.061510    0.017292    0.061510    0.084513   3.405e-04    0.005929    0.003221    0.084513    0.061510    0.084513    0.017292
ln L         -8.731277   -9.487681   -2.788562   -4.057522   -2.788562   -2.470855   -7.985134   -5.127968   -5.738089   -2.470855   -2.788562   -2.470855   -4.057522

site               469         470         471         472         473         474         475         476         477         478         479         480         481
L             0.061510    0.061510    0.061510    0.084513    0.002349   4.087e-06   4.930e-04    0.084513    0.084513    0.084513    0.084513    0.076005    0.084513
ln L         -2.788562   -2.788562   -2.788562   -2.470855   -6.053738  -12.407600   -7.614904   -2.470855   -2.470855   -2.470855   -2.470855   -2.576961   -2.470855

site               482         483         484         485         486         487         488         489         490         491         492         493         494
L            3.184e-05    0.001571    0.084513    0.017292    0.084513    0.001706    0.061510    0.017292    0.061510    0.017292    0.084513    0.002420    0.061510
ln L        -10.354698   -6.456291   -2.470855   -4.057522   -2.470855   -6.373341   -2.788562   -4.057522   -2.788562   -4.057522   -2.470855   -6.024177   -2.788562

site               495         496         497         498         499         500         501         502         503         504         505         506         507
L             0.076005    0.003832   6.996e-04    0.001824   2.569e-07   4.302e-05    0.084513    0.001571    0.084513    0.017292    0.001191   2.125e-05   9.065e-06
ln L         -2.576961   -5.564412   -7.265068   -6.306940  -15.174622  -10.053865   -2.470855   -6.456291   -2.470855   -4.057522   -6.732672  -10.759232  -11.611049

site               508         509         510         511         512         513         514         515         516         517         518         519         520
L             0.006517   3.707e-07   3.464e-08    0.001522    0.246252   2.534e-05   7.260e-08    0.096192    0.005511   2.107e-05   1.419e-04    0.076005    0.061510
ln L         -5.033370  -14.807909  -17.178304   -6.487614   -1.401400  -10.583061  -16.438284   -2.341406   -5.200962  -10.767625   -8.860043   -2.576961   -2.788562

site               521         522         523         524         525         526         527         528         529         530         531         532         533
L             0.061510    0.001522   2.785e-04    0.061510    0.061510    0.084513    0.076005    0.076005    0.001580    0.084513    0.017292    0.084513    0.084513
ln L         -2.788562   -6.487614   -8.186253   -2.788562   -2.788562   -2.470855   -2.576961   -2.576961   -6.450576   -2.470855   -4.057522   -2.470855   -2.470855

site               534         535         536         537         538         539         540         541         542         543         544         545         546
L             0.084513   9.544e-04    0.001717   7.841e-06    0.324121   1.415e-06   5.176e-06   3.090e-06   2.746e-04    0.004602    0.017292    0.001292   6.823e-04
ln L         -2.470855   -6.954377   -6.367342  -11.756118   -1.126640  -13.468494  -12.171502  -12.687273   -8.200134   -5.381171   -4.057522   -6.651194   -7.290036

site               547         548         549         550         551         552         553         554         555         556         557         558         559
L             0.076005    0.001706    0.017292    0.076005    0.061510    0.084513    0.084513   1.095e-07    0.002963    0.076005   1.639e-04   1.172e-07   3.906e-10
ln L         -2.576961   -6.373341   -4.057522   -2.576961   -2.788562   -2.470855   -2.470855  -16.027024   -5.821476   -2.576961   -8.716024  -15.959436  -21.663391

site               560         561         562         563         564         565         566         567         568         569         570         571         572
L            5.643e-08   1.930e-07   2.647e-06    0.076005    0.076005   2.667e-07    0.005317   6.868e-05   2.420e-07   1.611e-10    0.061510   1.202e-05    0.084513
ln L        -16.690295  -15.460719  -12.842161   -2.576961   -2.576961  -15.136957   -5.236784   -9.586066  -15.234209  -22.548753   -2.788562  -11.329291   -2.470855

site               573         574         575         576         577         578         579         580         581         582         583         584         585
L            2.706e-04    0.084513   4.373e-05   2.517e-04   1.766e-04   1.930e-04    0.017292    0.017292    0.003120    0.061510    0.004085   9.794e-05    0.076005
ln L         -8.215018   -2.470855  -10.037487   -8.287418   -8.641833   -8.552907   -4.057522   -4.057522   -5.769812   -2.788562   -5.500390   -9.231207   -2.576961

site               586         587         588         589         590         591         592         593         594         595         596         597         598
L             0.061510    0.005511    0.100009    0.001191    0.076005    0.061510    0.061510    0.061510    0.061510    0.084513    0.084513    0.084513    0.017292
ln L         -2.788562   -5.200962   -2.302494   -6.732672   -2.576961   -2.788562   -2.788562   -2.788562   -2.788562   -2.470855   -2.470855   -2.470855   -4.057522

site               599         600         601         602         603         604         605         606         607         608         609         610         611
L             0.017292    0.084513    0.061510    0.084513   6.033e-04   4.515e-04    0.084513    0.017292    0.001717   6.759e-05    0.084513    0.061510    0.076005
ln L         -4.057522   -2.470855   -2.788562   -2.470855   -7.413146   -7.702965   -2.470855   -4.057522   -6.367342   -9.601994   -2.470855   -2.788562   -2.576961

site               612         613         614         615         616         617         618         619         620         621         622         623         624
L             0.076005   2.660e-05    0.061510    0.005125    0.017292   3.222e-04   1.930e-04    0.076005    0.061510    0.061510    0.084513    0.017292    0.017292
ln L         -2.576961  -10.534440   -2.788562   -5.273576   -4.057522   -8.040243   -8.552907   -2.576961   -2.788562   -2.788562   -2.470855   -4.057522   -4.057522

site               625         626         627         628         629         630         631         632         633         634         635         636         637
L            9.403e-04   2.531e-06    0.003120    0.076005    0.002420    0.084513    0.084513    0.084513    0.084513   3.448e-06    0.001965    0.061510    0.061510
ln L         -6.969309  -12.886780   -5.769812   -2.576961   -6.024177   -2.470855   -2.470855   -2.470855   -2.470855  -12.577731   -6.232094   -2.788562   -2.788562

site               638         639         640         641         642         643         644         645         646         647         648         649         650
L             0.017292    0.017292    0.061510    0.017292    0.076005    0.084513    0.084513    0.076005    0.061510    0.076005    0.076005    0.084513    0.084513
ln L         -4.057522   -4.057522   -2.788562   -4.057522   -2.576961   -2.470855   -2.470855   -2.576961   -2.788562   -2.576961   -2.576961   -2.470855   -2.470855

site               651         652         653         654         655         656         657         658         659         660         661         662         663
L             0.084513    0.061510    0.084513    0.084513    0.084513    0.084513    0.017292    0.061510    0.084513    0.084513    0.002514    0.084513   5.029e-05
ln L         -2.470855   -2.788562   -2.470855   -2.470855   -2.470855   -2.470855   -4.057522   -2.788562   -2.470855   -2.470855   -5.985691   -2.470855   -9.897798

site               664         665         666         667         668         669         670         671         672         673         674         675         676
L            5.105e-04   5.995e-06   7.534e-04    0.061510   5.974e-04   1.434e-06   1.153e-04   1.355e-08   1.518e-05    0.005355   1.471e-04   2.153e-04    0.076005
ln L         -7.580171  -12.024612   -7.190875   -2.788562   -7.422874  -13.455143   -9.068095  -18.117033  -11.095738   -5.229744   -8.824539   -8.443262   -2.576961

site               677         678         679         680         681         682         683         684         685         686         687         688         689
L            4.807e-07    0.003177    0.005125    0.002263    0.001522   2.342e-04   2.030e-08   3.018e-06   1.419e-04   6.223e-06   1.209e-08    0.002963   2.136e-04
ln L        -14.548013   -5.751814   -5.273576   -6.090978   -6.487614   -8.359387  -17.712610  -12.710927   -8.860043  -11.987222  -18.230912   -5.821476   -8.451445

site               690         691         692         693         694         695         696         697         698         699         700         701         702
L            4.930e-05    0.076005   1.047e-06    0.002710    0.061510   8.290e-10    0.084513   1.553e-04   1.399e-05   4.460e-06   1.413e-04    0.076005   4.111e-06
ln L         -9.917587   -2.576961  -13.769268   -5.910736   -2.788562  -20.910765   -2.470855   -8.769984  -11.177305  -12.320357   -8.864313   -2.576961  -12.401840

site               703         704         705         706         707         708         709         710         711         712         713         714         715
L             0.061510   5.750e-04    0.006768   1.930e-04   4.271e-06   3.170e-05   3.543e-06   1.464e-07    0.076005    0.076005   2.632e-06    0.006106    0.061510
ln L         -2.788562   -7.461198   -4.995617   -8.552907  -12.363714  -10.359254  -12.550677  -15.737065   -2.576961   -2.576961  -12.847640   -5.098407   -2.788562

site               716         717         718         719         720         721         722         723         724         725         726         727         728
L            1.097e-05   7.645e-06   1.686e-04   8.290e-09   2.609e-05    0.002883   7.549e-07    0.084513    0.005041    0.006707   5.896e-06    0.005125   8.263e-07
ln L        -11.419995  -11.781421   -8.687983  -18.608185  -10.554018   -5.848868  -14.096704   -2.470855   -5.290118   -5.004589  -12.041204   -5.273576  -14.006248

site               729         730         731         732         733         734         735         736         737         738         739         740         741
L            4.739e-04   5.478e-05   4.623e-06    0.084513    0.084513   1.368e-04    0.003667   7.298e-04   1.098e-07   5.282e-05    0.084513   4.318e-06    0.002420
ln L         -7.654615   -9.812095  -12.284402   -2.470855   -2.470855   -8.897243   -5.608355   -7.222789  -16.024654   -9.848674   -2.470855  -12.352677   -6.024177

site               742         743         744         745         746         747         748         749         750         751         752         753         754
L             0.084513    0.084513    0.084513   2.015e-04   1.061e-05   4.620e-05   3.205e-07   7.746e-06   2.768e-07   6.039e-06    0.005254    0.061510    0.084513
ln L         -2.470855   -2.470855   -2.470855   -8.509481  -11.453985   -9.982516  -14.953419  -11.768365  -15.100056  -12.017353   -5.248819   -2.788562   -2.470855

site               755         756         757         758         759         760         761         762         763         764         765         766         767
L            1.975e-06    0.001641    0.076005   1.354e-07   5.636e-07    0.005254   1.139e-06    0.061510    0.084513   2.832e-05    0.017292    0.061510   6.550e-04
ln L        -13.135107   -6.412260   -2.576961  -15.815248  -14.388941   -5.248819  -13.685706   -2.788562   -2.470855  -10.471936   -4.057522   -2.788562   -7.330813

site               768         769         770         771         772         773         774         775         776         777         778         779         780
L             0.084513    0.084513    0.084513   8.626e-06   2.241e-05   8.142e-09   1.495e-07    0.001667   2.787e-05   3.501e-07    0.061510   9.744e-06   9.382e-05
ln L         -2.470855   -2.470855   -2.470855  -11.660722  -10.706009  -18.626263  -15.716059   -6.396953  -10.487929  -14.864938   -2.788562  -11.538872   -9.274127

site               781         782         783         784         785         786         787         788         789         790         791         792         793
L            2.922e-04   2.762e-07    0.061510   3.869e-05   8.750e-06   1.658e-04    0.076005   2.769e-04    0.004988    0.061510   2.594e-06    0.084513    0.002514
ln L         -8.137965  -15.102033   -2.788562  -10.159801  -11.646441   -8.704653   -2.576961   -8.191879   -5.300806   -2.788562  -12.862378   -2.470855   -5.985691

site               794         795         796         797         798         799         800         801         802         803         804         805         806
L            4.780e-10    0.084513   1.927e-05   1.429e-05    0.084513    0.017292   1.302e-06    0.006517    0.004988   2.716e-07   1.856e-07    0.002963   7.240e-06
ln L        -21.461514   -2.470855  -10.856709  -11.156033   -2.470855   -4.057522  -13.551429   -5.033370   -5.300806  -15.118880  -15.499477   -5.821476  -11.835902

site               807         808         809         810         811         812         813         814         815         816         817         818         819
L            2.922e-04    0.076005   5.225e-05    0.084513   4.783e-04   2.615e-04    0.006971   8.128e-05   5.742e-06   3.510e-06    0.061510    0.006768    0.061510
ln L         -8.137965   -2.576961   -9.859522   -2.470855   -7.645194   -8.248996   -4.966056   -9.417570  -12.067693  -12.559771   -2.788562   -4.995617   -2.788562

site               820         821         822         823         824         825         826         827         828         829         830         831         832
L             0.001819   8.151e-07   1.621e-04    0.061510   1.128e-09   9.794e-05   6.985e-06    0.005355   1.713e-06   5.094e-06    0.084513   8.757e-05   2.237e-06
ln L         -6.309320  -14.019942   -8.727112   -2.788562  -20.602399   -9.231207  -11.871733   -5.229744  -13.277120  -12.187513   -2.470855   -9.343120  -13.010432

site               833         834         835         836         837         838         839         840         841         842         843         844         845
L            3.185e-05    0.076005    0.084513    0.084513    0.017292    0.084513    0.084513   4.909e-05   7.799e-05   5.917e-05    0.084513    0.001076   4.856e-05
ln L        -10.354593   -2.576961   -2.470855   -2.470855   -4.057522   -2.470855   -2.470855   -9.921806   -9.458901   -9.735077   -2.470855   -6.834087   -9.932610

site               846         847         848         849         850         851         852         853         854         855         856         857         858
L             0.001191    0.061510   4.990e-06    0.002681    0.001172   1.633e-09    0.084513   1.045e-05    0.001306    0.061510    0.017292   6.308e-06    0.002710
ln L         -6.732672   -2.788562  -12.208113   -5.921669   -6.749265  -20.233011   -2.470855  -11.468709   -6.640956   -2.788562   -4.057522  -11.973746   -5.910736

site               859         860         861         862         863         864         865         866         867         868         869         870         871
L             0.001191   4.751e-05    0.061510    0.017292    0.084513   6.996e-04    0.001732   6.209e-05    0.001522   7.921e-05   2.076e-08    0.084513    0.001717
ln L         -6.732672   -9.954597   -2.788562   -4.057522   -2.470855   -7.265068   -6.358709   -9.686977   -6.487614   -9.443403  -17.690100   -2.470855   -6.367342

site               872         873         874         875         876         877         878         879         880         881         882         883         884
L             0.005511    0.076005    0.084513   8.609e-05    0.084513    0.076005   3.768e-06   3.297e-07   6.841e-04   6.556e-07   3.079e-07   8.138e-04   1.468e-05
ln L         -5.200962   -2.576961   -2.470855   -9.360109   -2.470855   -2.576961  -12.488938  -14.925199   -7.287428  -14.237661  -14.993407   -7.113791  -11.128999

site               885         886         887         888         889         890         891         892         893         894         895         896         897
L             0.005511    0.061510    0.002302    0.003180    0.002184   3.039e-08   1.226e-04    0.061510    0.004602    0.084513    0.017292    0.076005    0.061510
ln L         -5.200962   -2.788562   -6.074035   -5.750831   -6.126732  -17.309052   -9.006965   -2.788562   -5.381171   -2.470855   -4.057522   -2.576961   -2.788562

site               898
L             0.061510
ln L         -2.788562

Time used to compute likelihoods = 0.03 sec (CPU time = 0.21 sec)

Tree scores (and parameter estimates) written to file: ~/Library/CloudStorage/Dropbox/Lab/James
McInerney/programming/MLDecay/debug_runs/mldecay_20250520_142021/site_lnl_Clade_3.txt
