--- STDOUT ---

P A U P *
Version 4.0a (build 168) for macOS (built on Aug  2 2020 at 06:41:30)
Tue May 20 14:21:36 2025

        -----------------------------NOTICE-----------------------------
          This is a test version that is still changing rapidly.
          Please report bugs to dave@phylosolutions.com
        ----------------------------------------------------------------

Running on Apple M3 Max
    16 CPU cores on 1 socket
    Executable built for Intel(R) 64 architecture
    Compiled using Intel compiler (icc) 11.1.0 (build 20091012)
    SSE vectorization enabled
    SSSE3 instructions supported
    Multithreading enabled using Pthreads

Processing of file "~/Library/CloudStorage/Dropbox/Lab/James McInerney/programming/MLDecay/debug_runs/mldecay_20250520_142021/site_analysis_Clade_5.nex" begins...

Processing of file "~/Library/CloudStorage/Dropbox/Lab/James McInerney/programming/MLDecay/debug_runs/mldecay_20250520_142021/alignment.nex" begins...

Data read in DNA format

Data matrix has 12 taxa, 898 characters
Valid character-state symbols: ACGT
Missing data identified by '?'
Gaps identified by '-'
"Equate" macros in effect:
   R,r ==> {AG}
   Y,y ==> {CT}
   M,m ==> {AC}
   K,k ==> {GT}
   S,s ==> {CG}
   W,w ==> {AT}
   H,h ==> {ACT}
   B,b ==> {CGT}
   V,v ==> {ACG}
   D,d ==> {AGT}
   N,n ==> {ACGT}

Processing of input file "alignment.nex" completed.

Optimality criterion set to likelihood.

Processing TREES block from file: ~/Library/CloudStorage/Dropbox/Lab/James McInerney/programming/MLDecay/debug_runs/mldecay_20250520_142021/ml_tree.tre
  Keeping: trees from file (replacing any trees already in memory)
  1 tree read from file

  Time used = 0.00 sec (CPU time = 0.00 sec)

Note: Input trees are rooted but current criterion and/or option settings would specify unrooted trees.  (You can deroot the trees using the 'derootTrees' command.)

Processing TREES block from file: ~/Library/CloudStorage/Dropbox/Lab/James McInerney/programming/MLDecay/debug_runs/mldecay_20250520_142021/constraint_tree_5.tre
  Keeping: trees in memory plus trees from file
  1 tree originally in memory
  1 tree read from file
  1 tree from file kept
  2 trees now in memory

  Time used = 0.00 sec (CPU time = 0.00 sec)

Note: Input trees are rooted but current criterion and/or option settings would specify unrooted trees.  (You can deroot the trees using the 'derootTrees' command.)

Likelihood scores of tree(s) in memory:
---------------------------------------
  898 characters are included
  All characters have equal weight
  Likelihood settings:
    Current model:
                             Data type = nucleotide
                DNA substitution types = 1
                     State frequencies = empirical: A=0.324121 C=0.30402 G=0.105528 T=0.266332
        Proportion of invariable sites = none
               Rates at variable sites = equal
                  Model correspondence = F81

    Number of distinct data patterns under this model = 415
    Molecular clock not enforced
    Starting branch lengths obtained using Rogers-Swofford approximation method
    Branch-length optimization = one-dimensional Newton-Raphson with pass limit=20, tolerance=1e-07
    Likelihood calculations performed in single precision
    Vector processing enabled
    Using standard Felsenstein pruning for computing likelihoods
    Conditional-likelihood rescaling threshold = 1e-20
    Using 14 parallel threads on 16 processors

Tree             1           2
------------------------------
-ln L     6333.490    6339.153

Likelihoods for each site on tree 1:

site                 1           2           3           4           5           6           7           8           9          10          11          12          13
L             0.085077    0.085077    0.017454    0.005554    0.061962    0.061962   2.934e-05   4.428e-05    0.002956   7.432e-07    0.017454    0.017454   3.983e-06
ln L         -2.464201   -2.464201   -4.048184   -5.193284   -2.781228   -2.781228  -10.436437  -10.025064   -5.823992  -14.112309   -4.048184   -4.048184  -12.433440

site                14          15          16          17          18          19          20          21          22          23          24          25          26
L             0.017454    0.076530    0.007023   6.401e-06   8.034e-05   7.857e-07   9.554e-06   5.555e-06   8.009e-07    0.076530    0.061962   5.249e-10    0.085077
ln L         -4.048184   -2.570073   -4.958582  -11.959066   -9.429299  -14.056662  -11.558532  -12.100897  -14.037489   -2.570073   -2.781228  -21.367867   -2.464201

site                27          28          29          30          31          32          33          34          35          36          37          38          39
L             0.061962   1.325e-05   8.367e-04    0.061962   3.751e-09    0.017454    0.076530   3.322e-06    0.076530    0.085077   2.726e-06    0.017454    0.017454
ln L         -2.781228  -11.231337   -7.085990   -2.781228  -19.401321   -4.048184   -2.570073  -12.615067   -2.570073   -2.464201  -12.812777   -4.048184   -4.048184

site                40          41          42          43          44          45          46          47          48          49          50          51          52
L            4.422e-09    0.005339    0.061962   6.216e-07    0.085077    0.076530   3.212e-07    0.061962    0.076530   1.159e-09    0.061962    0.076530   9.703e-05
ln L        -19.236766   -5.232777   -2.781228  -14.290919   -2.464201   -2.570073  -14.951129   -2.781228   -2.570073  -20.575482   -2.781228   -2.570073   -9.240447

site                53          54          55          56          57          58          59          60          61          62          63          64          65
L            2.900e-07    0.061962   3.567e-07   1.212e-07   4.914e-05   1.298e-06    0.061962    0.061962    0.005554    0.061962    0.017454    0.004182   3.984e-05
ln L        -15.053323   -2.781228  -14.846510  -15.925634   -9.920828  -13.554828   -2.781228   -2.781228   -5.193284   -2.781228   -4.048184   -5.476886  -10.130621

site                66          67          68          69          70          71          72          73          74          75          76          77          78
L             0.061962   2.876e-07    0.017454    0.076530   3.658e-06    0.085077    0.085077   1.169e-04    0.005508    0.076530    0.004646    0.085077    0.085077
ln L         -2.781228  -15.061701   -4.048184   -2.570073  -12.518508   -2.464201   -2.464201   -9.054619   -5.201488   -2.570073   -5.371765   -2.464201   -2.464201

site                79          80          81          82          83          84          85          86          87          88          89          90          91
L            4.329e-05    0.061962    0.085077   1.305e-05    0.017454    0.085077   7.062e-04    0.076530    0.017454   2.836e-06    0.002438    0.001709   6.388e-08
ln L        -10.047691   -2.781228   -2.464201  -11.246559   -4.048184   -2.464201   -7.255550   -2.570073   -4.048184  -12.773292   -6.016703   -6.371742  -16.566289

site                92          93          94          95          96          97          98          99         100         101         102         103         104
L             0.076530    0.085077   7.244e-05    0.085077   3.130e-04   4.889e-05    0.076530    0.017454   3.114e-06    0.085077   6.453e-05    0.002237    0.085077
ln L         -2.570073   -2.464201   -9.532759   -2.464201   -8.069408   -9.926033   -2.570073   -4.048184  -12.679678   -2.464201   -9.648342   -6.102450   -2.464201

site               105         106         107         108         109         110         111         112         113         114         115         116         117
L             0.061962    0.085077   1.943e-05   4.914e-04   1.624e-06    0.005339    0.061962   3.459e-07   1.286e-04    0.076530   9.460e-07    0.076530   2.844e-04
ln L         -2.781228   -2.464201  -10.848682   -7.618199  -13.330591   -5.232777   -2.781228  -14.877086   -8.958735   -2.570073  -13.871027   -2.570073   -8.165012

site               118         119         120         121         122         123         124         125         126         127         128         129         130
L            1.977e-05    0.017454    0.017454   2.145e-07    0.005090    0.061962   6.089e-08    0.076530    0.085077    0.085077    0.001393    0.003232   6.621e-08
ln L        -10.831526   -4.048184   -4.048184  -15.354835   -5.280513   -2.781228  -16.614159   -2.570073   -2.464201   -2.464201   -6.576599   -5.734520  -16.530447

site               131         132         133         134         135         136         137         138         139         140         141         142         143
L            2.109e-04    0.061962    0.004646   4.770e-04    0.061962   9.950e-05    0.076530    0.076530   6.216e-06    0.001325    0.061962   2.236e-07    0.002438
ln L         -8.464269   -2.781228   -5.371765   -7.648010   -2.781228   -9.215363   -2.570073   -2.570073  -11.988444   -6.625986   -2.781228  -15.313276   -6.016703

site               144         145         146         147         148         149         150         151         152         153         154         155         156
L            2.615e-04    0.085077    0.017454    0.002115   7.699e-07   5.259e-07    0.002861   1.049e-06    0.061962    0.017454    0.085077    0.061962    0.017454
ln L         -8.249175   -2.464201   -4.048184   -6.158547  -14.077020  -14.458216   -5.856568  -13.767944   -2.781228   -4.048184   -2.464201   -2.781228   -4.048184

site               157         158         159         160         161         162         163         164         165         166         167         168         169
L             0.085077   8.244e-05    0.061962   1.843e-08   6.690e-05   1.646e-04   3.175e-05    0.017454    0.076530    0.003825    0.085077    0.001548    0.005339
ln L         -2.464201   -9.403432   -2.781228  -17.809473   -9.612366   -8.711934  -10.357534   -4.048184   -2.570073   -5.566196   -2.464201   -6.470968   -5.232777

site               170         171         172         173         174         175         176         177         178         179         180         181         182
L             0.005554    0.061962   1.727e-04   3.298e-06    0.076530   1.239e-04    0.085077    0.085077    0.001900    0.076530    0.061962   4.992e-07    0.017454
ln L         -5.193284   -2.781228   -8.663955  -12.622242   -2.570073   -8.996111   -2.464201   -2.464201   -6.265965   -2.570073   -2.781228  -14.510257   -4.048184

site               183         184         185         186         187         188         189         190         191         192         193         194         195
L             0.076530    0.001900   5.821e-05    0.061962    0.006152    0.076530    0.076530    0.003259   1.476e-05    0.076530   1.350e-05   1.362e-04    0.076530
ln L         -2.570073   -6.265965   -9.751483   -2.781228   -5.090934   -2.570073   -2.570073   -5.726332  -11.123422   -2.570073  -11.212973   -8.901364   -2.570073

site               196         197         198         199         200         201         202         203         204         205         206         207         208
L            1.243e-06    0.085077    0.061962   1.827e-06    0.085077    0.085077   2.755e-07    0.002956    0.061962   3.266e-06   1.799e-04    0.061962   4.212e-08
ln L        -13.597694   -2.464201   -2.781228  -13.212825   -2.464201   -2.464201  -15.104617   -5.823992   -2.781228  -12.631847   -8.622907   -2.781228  -16.982853

site               209         210         211         212         213         214         215         216         217         218         219         220         221
L             0.017454    0.017454   2.463e-10    0.017454    0.085077   7.062e-04    0.005339    0.061962   8.272e-05    0.004974   7.562e-05   1.582e-05    0.001548
ln L         -4.048184   -4.048184  -22.124302   -4.048184   -2.464201   -7.255550   -5.232777   -2.781228   -9.400084   -5.303511   -9.489768  -11.054116   -6.470968

site               222         223         224         225         226         227         228         229         230         231         232         233         234
L             0.004974   1.780e-05    0.002014    0.003870   3.747e-05   5.593e-08    0.003072   4.474e-06   2.030e-06    0.076530   7.891e-06   5.864e-07    0.002678
ln L         -5.303511  -10.936329   -6.207738   -5.554435  -10.192058  -16.699076   -5.785281  -12.317180  -13.107567   -2.570073  -11.749787  -14.349240   -5.922705

site               235         236         237         238         239         240         241         242         243         244         245         246         247
L            1.821e-07    0.061962    0.061962   5.139e-06    0.061962    0.076530   1.608e-05    0.061962    0.017454   1.285e-07    0.001022    0.076530   1.480e-05
ln L        -15.518594   -2.781228   -2.781228  -12.178611   -2.781228   -2.570073  -11.037810   -2.781228   -4.048184  -15.867335   -6.886057   -2.570073  -11.120576

site               248         249         250         251         252         253         254         255         256         257         258         259         260
L            3.499e-04    0.085077   9.915e-06   5.074e-04   3.292e-06   1.160e-05    0.085077    0.076530   2.773e-07    0.002054    0.061962   1.227e-06   1.871e-07
ln L         -7.957934   -2.464201  -11.521486   -7.586210  -12.623906  -11.364749   -2.464201   -2.570073  -15.098052   -6.188170   -2.781228  -13.610655  -15.491873

site               261         262         263         264         265         266         267         268         269         270         271         272         273
L             0.002944   2.897e-07   7.822e-07    0.061962   1.766e-07    0.002438    0.002956   2.752e-05    0.017454    0.017454   1.243e-06   2.519e-08    0.001486
ln L         -5.827936  -15.054475  -14.061209   -2.781228  -15.549138   -6.016703   -5.823992  -10.500755   -4.048184   -4.048184  -13.597922  -17.496801   -6.511830

site               274         275         276         277         278         279         280         281         282         283         284         285         286
L            2.350e-08    0.085077    0.085077   7.210e-06    0.001393    0.005167   3.041e-04   5.645e-04    0.061962   7.675e-04   4.735e-04    0.061962   1.482e-07
ln L        -17.566278   -2.464201   -2.464201  -11.840062   -6.576599   -5.265510   -8.098136   -7.479581   -2.781228   -7.172367   -7.655280   -2.781228  -15.724873

site               287         288         289         290         291         292         293         294         295         296         297         298         299
L             0.085077    0.076530   2.542e-07   7.588e-04    0.076530   3.772e-04    0.076530    0.061962   4.337e-08    0.061962    0.085077    0.002956    0.061962
ln L         -2.464201   -2.570073  -15.185312   -7.183753   -2.570073   -7.882780   -2.570073   -2.781228  -16.953523   -2.781228   -2.464201   -5.823992   -2.781228

site               300         301         302         303         304         305         306         307         308         309         310         311         312
L             0.076530   9.721e-08    0.076530    0.061962   1.877e-08   3.013e-04    0.085077   2.897e-06    0.085077    0.061962   1.250e-07    0.005167    0.005303
ln L         -2.570073  -16.146380   -2.570073   -2.781228  -17.791021   -8.107475   -2.464201  -12.751702   -2.464201   -2.781228  -15.894777   -5.265510   -5.239489

site               313         314         315         316         317         318         319         320         321         322         323         324         325
L            7.037e-06    0.002342   3.989e-06   1.094e-06    0.005910   2.302e-04   4.653e-04   5.835e-04    0.001325    0.006152    0.076530    0.085077    0.002342
ln L        -11.864278   -6.056944  -12.431889  -13.725486   -5.131175   -8.376442   -7.672850   -7.446499   -6.625986   -5.090934   -2.570073   -2.464201   -6.056944

site               326         327         328         329         330         331         332         333         334         335         336         337         338
L             0.001610    0.017454   4.735e-04    0.017454    0.017454   6.151e-06   2.089e-10    0.003758   8.367e-04    0.005554   2.209e-04   2.230e-04    0.085077
ln L         -6.431640   -4.048184   -7.655280   -4.048184   -4.048184  -11.998904  -22.289094   -5.583738   -7.085990   -5.193284   -8.417888   -8.408523   -2.464201

site               339         340         341         342         343         344         345         346         347         348         349         350         351
L             0.076530   8.629e-04    0.001709    0.085077   3.045e-05    0.006497    0.002342    0.002956    0.004646   4.151e-04   3.827e-08    0.005303   2.435e-06
ln L         -2.570073   -7.055205   -6.371742   -2.464201  -10.399463   -5.036404   -6.056944   -5.823992   -5.371765   -7.787079  -17.078704   -5.239413  -12.925615

site               352         353         354         355         356         357         358         359         360         361         362         363         364
L            1.884e-06    0.085077    0.085077   8.290e-06    0.005303    0.061962    0.007023    0.085077    0.006152   6.917e-09    0.076530    0.076530   7.130e-07
ln L        -13.182375   -2.464201   -2.464201  -11.700468   -5.239413   -2.781228   -4.958582   -2.464201   -5.090934  -18.789239   -2.570073   -2.570073  -14.153727

site               365         366         367         368         369         370         371         372         373         374         375         376         377
L            3.037e-05    0.005339   8.215e-08    0.002944    0.061962   8.688e-06    0.085077    0.076530    0.007023    0.076530    0.017454    0.003391    0.017454
ln L        -10.401944   -5.232777  -16.314754   -5.827936   -2.781228  -11.653600   -2.464201   -2.570073   -4.958582   -2.570073   -4.048184   -5.686535   -4.048184

site               378         379         380         381         382         383         384         385         386         387         388         389         390
L             0.085077    0.085077    0.085077    0.085077   3.378e-07    0.085077   3.328e-08   5.416e-08   1.556e-05    0.061962   6.685e-05    0.085077    0.061962
ln L         -2.464201   -2.464201   -2.464201   -2.464201  -14.900928   -2.464201  -17.218409  -16.731318  -11.070990   -2.781228   -9.612995   -2.464201   -2.781228

site               391         392         393         394         395         396         397         398         399         400         401         402         403
L            6.776e-06   4.275e-07    0.003870   4.386e-06    0.001671    0.061962   1.183e-05    0.076530    0.085077    0.005339   5.858e-04    0.061962   2.250e-04
ln L        -11.902070  -14.665294   -5.554435  -12.337076   -6.394579   -2.781228  -11.344471   -2.570073   -2.464201   -5.232777   -7.442593   -2.781228   -8.399262

site               404         405         406         407         408         409         410         411         412         413         414         415         416
L            6.485e-06   1.257e-04   2.922e-05    0.076530    0.076530   4.218e-04   3.656e-05    0.061962   5.494e-09   3.628e-04    0.061962    0.001900    0.076530
ln L        -11.946016   -8.981601  -10.440640   -2.570073   -2.570073   -7.770993  -10.216569   -2.781228  -19.019538   -7.921611   -2.781228   -6.265965   -2.570073

site               417         418         419         420         421         422         423         424         425         426         427         428         429
L             0.061962   3.164e-08   1.464e-04    0.061962   4.653e-04   2.645e-05    0.076530   2.050e-06   1.913e-04    0.005167   3.730e-06    0.085077    0.002342
ln L         -2.781228  -17.268917   -8.829366   -2.781228   -7.672850  -10.540290   -2.570073  -13.097783   -8.561475   -5.265510  -12.499049   -2.464201   -6.056944

site               430         431         432         433         434         435         436         437         438         439         440         441         442
L             0.001504    0.076530    0.076530   6.233e-05   6.761e-04    0.001177   1.341e-07   1.043e-04    0.061962   3.721e-06    0.085077    0.061962   2.590e-07
ln L         -6.499452   -2.570073   -2.570073   -9.683092   -7.299209   -6.744656  -15.824642   -9.167838   -2.781228  -12.501524   -2.464201   -2.781228  -15.166300

site               443         444         445         446         447         448         449         450         451         452         453         454         455
L            3.764e-06    0.001512   1.045e-08    0.017454    0.017454   2.807e-08   1.932e-04    0.001707   2.230e-06   1.150e-06    0.005554   1.972e-09   2.377e-04
ln L        -12.489912   -6.494317  -18.376295   -4.048184   -4.048184  -17.388524   -8.551902   -6.373000  -13.013480  -13.675648   -5.193284  -20.044346   -8.344536

site               456         457         458         459         460         461         462         463         464         465         466         467         468
L            1.604e-04   7.500e-05    0.061962    0.017454    0.061962    0.085077   3.422e-04    0.005910    0.002944    0.085077    0.061962    0.085077    0.017454
ln L         -8.737804   -9.497965   -2.781228   -4.048184   -2.781228   -2.464201   -7.980199   -5.131175   -5.827936   -2.464201   -2.781228   -2.464201   -4.048184

site               469         470         471         472         473         474         475         476         477         478         479         480         481
L             0.061962    0.061962    0.061962    0.085077    0.002342   3.983e-06   4.700e-04    0.085077    0.085077    0.085077    0.085077    0.076530    0.085077
ln L         -2.781228   -2.781228   -2.781228   -2.464201   -6.056944  -12.433440   -7.662842   -2.464201   -2.464201   -2.464201   -2.464201   -2.570073   -2.464201

site               482         483         484         485         486         487         488         489         490         491         492         493         494
L            3.257e-05    0.001516    0.085077    0.017454    0.085077    0.001756    0.061962    0.017454    0.061962    0.017454    0.085077    0.002438    0.061962
ln L        -10.332155   -6.491549   -2.464201   -4.048184   -2.464201   -6.344566   -2.781228   -4.048184   -2.781228   -4.048184   -2.464201   -6.016703   -2.781228

site               495         496         497         498         499         500         501         502         503         504         505         506         507
L             0.076530    0.003870   6.761e-04    0.001841   2.322e-07   4.450e-05    0.085077    0.001516    0.085077    0.017454    0.001177   2.104e-05   8.946e-06
ln L         -2.570073   -5.554435   -7.299209   -6.297534  -15.275498  -10.019971   -2.464201   -6.491549   -2.464201   -4.048184   -6.744656  -10.769071  -11.624279

site               508         509         510         511         512         513         514         515         516         517         518         519         520
L             0.006497   3.636e-07   3.450e-08    0.001393    0.246203   2.675e-05   6.575e-08    0.096867    0.005554   1.847e-05   9.013e-04    0.076530    0.061962
ln L         -5.036404  -14.827286  -17.182318   -6.576599   -1.401597  -10.529101  -16.537441   -2.334417   -5.193284  -10.899134   -7.011704   -2.570073   -2.781228

site               521         522         523         524         525         526         527         528         529         530         531         532         533
L             0.061962    0.001393   2.522e-04    0.061962    0.061962    0.085077    0.076530    0.076530    0.001595    0.085077    0.017454    0.085077    0.085077
ln L         -2.781228   -6.576599   -8.285265   -2.781228   -2.781228   -2.464201   -2.570073   -2.570073   -6.440819   -2.464201   -4.048184   -2.464201   -2.464201

site               534         535         536         537         538         539         540         541         542         543         544         545         546
L             0.085077   9.938e-04    0.001709   7.340e-06    0.324121   1.478e-06   4.582e-06   3.107e-06   2.733e-04    0.004646    0.017454    0.001338   7.062e-04
ln L         -2.464201   -6.913996   -6.371742  -11.822115   -1.126640  -13.424990  -12.293272  -12.681884   -8.204793   -5.371765   -4.048184   -6.616231   -7.255550

site               547         548         549         550         551         552         553         554         555         556         557         558         559
L             0.076530    0.001756    0.017454    0.076530    0.061962    0.085077    0.085077   1.104e-07    0.003072    0.076530   1.623e-04   1.060e-07   4.892e-10
ln L         -2.570073   -6.344566   -4.048184   -2.570073   -2.781228   -2.464201   -2.464201  -16.019164   -5.785281   -2.570073   -8.726259  -16.059931  -21.438294

site               560         561         562         563         564         565         566         567         568         569         570         571         572
L            5.192e-08   1.738e-07   2.260e-06    0.076530    0.076530   2.767e-07    0.005303   6.906e-05   2.461e-07   1.748e-10    0.061962   1.035e-05    0.085077
ln L        -16.773527  -15.565605  -13.000023   -2.570073   -2.570073  -15.100234   -5.239489   -9.580581  -15.217701  -22.467323   -2.781228  -11.478461   -2.464201

site               573         574         575         576         577         578         579         580         581         582         583         584         585
L            2.785e-04    0.085077   4.524e-05   2.392e-04   1.761e-04   1.991e-04    0.017454    0.017454    0.003232    0.061962    0.004126   9.847e-05    0.076530
ln L         -8.185976   -2.464201  -10.003620   -8.338156   -8.644331   -8.521728   -4.048184   -4.048184   -5.734520   -2.781228   -5.490413   -9.225776   -2.570073

site               586         587         588         589         590         591         592         593         594         595         596         597         598
L             0.061962    0.005554    0.100690    0.001177    0.076530    0.061962    0.061962    0.061962    0.061962    0.085077    0.085077    0.085077    0.017454
ln L         -2.781228   -5.193284   -2.295712   -6.744656   -2.570073   -2.781228   -2.781228   -2.781228   -2.781228   -2.464201   -2.464201   -2.464201   -4.048184

site               599         600         601         602         603         604         605         606         607         608         609         610         611
L             0.017454    0.085077    0.061962    0.085077   5.994e-04   4.541e-04    0.085077    0.017454    0.001709   6.961e-05    0.085077    0.061962    0.076530
ln L         -4.048184   -2.464201   -2.781228   -2.464201   -7.419600   -7.697137   -2.464201   -4.048184   -6.371742   -9.572619   -2.464201   -2.781228   -2.570073

site               612         613         614         615         616         617         618         619         620         621         622         623         624
L             0.076530   2.640e-05    0.061962    0.005167    0.017454   3.130e-04   1.991e-04    0.076530    0.061962    0.061962    0.085077    0.017454    0.017454
ln L         -2.570073  -10.542094   -2.781228   -5.265510   -4.048184   -8.069408   -8.521728   -2.570073   -2.781228   -2.781228   -2.464201   -4.048184   -4.048184

site               625         626         627         628         629         630         631         632         633         634         635         636         637
L            8.629e-04   1.619e-06    0.003232    0.076530    0.002438    0.085077    0.085077    0.085077    0.085077   3.353e-06    0.001717    0.061962    0.061962
ln L         -7.055205  -13.333689   -5.734520   -2.570073   -6.016703   -2.464201   -2.464201   -2.464201   -2.464201  -12.605640   -6.367403   -2.781228   -2.781228

site               638         639         640         641         642         643         644         645         646         647         648         649         650
L             0.017454    0.017454    0.061962    0.017454    0.076530    0.085077    0.085077    0.076530    0.061962    0.076530    0.076530    0.085077    0.085077
ln L         -4.048184   -4.048184   -2.781228   -4.048184   -2.570073   -2.464201   -2.464201   -2.570073   -2.781228   -2.570073   -2.570073   -2.464201   -2.464201

site               651         652         653         654         655         656         657         658         659         660         661         662         663
L             0.085077    0.061962    0.085077    0.085077    0.085077    0.085077    0.017454    0.061962    0.085077    0.085077    0.002485    0.085077   4.348e-05
ln L         -2.464201   -2.781228   -2.464201   -2.464201   -2.464201   -2.464201   -4.048184   -2.781228   -2.464201   -2.464201   -5.997638   -2.464201  -10.043196

site               664         665         666         667         668         669         670         671         672         673         674         675         676
L            4.932e-04   5.771e-06   7.675e-04    0.061962   5.983e-04   1.370e-06   1.140e-04   1.311e-08   1.553e-05    0.005339   1.422e-04   2.025e-04    0.076530
ln L         -7.614531  -12.062588   -7.172367   -2.781228   -7.421452  -13.500766   -9.078893  -18.150056  -11.072818   -5.232777   -8.858438   -8.504647   -2.570073

site               677         678         679         680         681         682         683         684         685         686         687         688         689
L            4.764e-07    0.003256    0.005167    0.001980    0.001393   2.414e-04   1.030e-08   2.891e-06   9.013e-04   8.636e-06   1.144e-08    0.003072   2.114e-04
ln L        -14.556995   -5.727353   -5.265510   -6.224499   -6.576599   -8.329104  -18.391428  -12.753922   -7.011704  -11.659567  -18.286025   -5.785281   -8.461576

site               690         691         692         693         694         695         696         697         698         699         700         701         702
L            5.107e-05    0.076530   1.038e-06    0.002678    0.061962   8.494e-10    0.085077   1.374e-04   1.514e-05   4.473e-06   1.422e-04    0.076530   4.125e-06
ln L         -9.882283   -2.570073  -13.777802   -5.922705   -2.781228  -20.886524   -2.464201   -8.892283  -11.098366  -12.317525   -8.858407   -2.570073  -12.398368

site               703         704         705         706         707         708         709         710         711         712         713         714         715
L             0.061962   5.835e-04    0.006746   1.991e-04   4.209e-06   3.182e-05   3.655e-06   1.484e-07    0.076530    0.076530   2.383e-06    0.006152    0.061962
ln L         -2.781228   -7.446499   -4.998824   -8.521728  -12.378168  -10.355404  -12.519286  -15.723295   -2.570073   -2.570073  -12.946982   -5.090934   -2.781228

site               716         717         718         719         720         721         722         723         724         725         726         727         728
L            1.049e-05   7.462e-06   1.483e-04   7.633e-09   2.562e-05    0.002956   2.710e-07    0.085077    0.005090    0.006759   6.179e-06    0.005167   8.765e-07
ln L        -11.465343  -11.805721   -8.816202  -18.690798  -10.572190   -5.823992  -15.121111   -2.464201   -5.280513   -4.996911  -11.994357   -5.265510  -13.947376

site               729         730         731         732         733         734         735         736         737         738         739         740         741
L            4.735e-04   5.665e-05   4.938e-06    0.085077    0.085077   1.417e-04    0.003758   7.437e-04   1.055e-07   5.183e-05    0.085077   3.989e-06    0.002438
ln L         -7.655280   -9.778531  -12.218604   -2.464201   -2.464201   -8.861579   -5.583738   -7.203925  -16.064754   -9.867469   -2.464201  -12.431889   -6.016703

site               742         743         744         745         746         747         748         749         750         751         752         753         754
L             0.085077    0.085077    0.085077   2.010e-04   9.773e-06   4.641e-05   3.174e-07   7.447e-06   6.473e-08   6.183e-06    0.005303    0.061962    0.085077
ln L         -2.464201   -2.464201   -2.464201   -8.511979  -11.535933   -9.977898  -14.963110  -11.807762  -16.553026  -11.993695   -5.239413   -2.781228   -2.464201

site               755         756         757         758         759         760         761         762         763         764         765         766         767
L            2.044e-06    0.001657    0.076530   3.091e-07   5.534e-07    0.005303   1.101e-06    0.061962    0.085077   4.467e-05    0.017454    0.061962   6.619e-04
ln L        -13.100743   -6.402656   -2.570073  -14.989615  -14.407143   -5.239413  -13.719365   -2.781228   -2.464201  -10.016232   -4.048184   -2.781228   -7.320348

site               768         769         770         771         772         773         774         775         776         777         778         779         780
L             0.085077    0.085077    0.085077   8.270e-06   2.075e-05   6.941e-09   4.497e-08    0.001610   2.603e-05   3.493e-07    0.061962   9.620e-06   9.539e-05
ln L         -2.464201   -2.464201   -2.464201  -11.702933  -10.783013  -18.785802  -16.917259   -6.431640  -10.556339  -14.867466   -2.781228  -11.551665   -9.257553

site               781         782         783         784         785         786         787         788         789         790         791         792         793
L            2.895e-04   2.785e-07    0.061962   3.538e-05   1.431e-05   3.132e-05    0.076530   2.868e-04    0.004974    0.061962   2.340e-06    0.085077    0.002485
ln L         -8.147356  -15.093719   -2.781228  -10.249491  -11.154575  -10.371220   -2.570073   -8.156694   -5.303511   -2.781228  -12.965428   -2.464201   -5.997638

site               794         795         796         797         798         799         800         801         802         803         804         805         806
L            3.904e-10    0.085077   1.694e-05   1.462e-05    0.085077    0.017454   1.299e-06    0.006497    0.004974   2.463e-07   1.770e-07    0.003072   6.788e-06
ln L        -21.663761   -2.464201  -10.986108  -11.133304   -2.464201   -4.048184  -13.553657   -5.036404   -5.303511  -15.216685  -15.547325   -5.785281  -11.900330

site               807         808         809         810         811         812         813         814         815         816         817         818         819
L            2.895e-04    0.076530   1.329e-05    0.085077   4.770e-04   2.664e-04    0.007023   1.120e-04   5.992e-06   3.133e-06    0.061962    0.006746    0.061962
ln L         -8.147356   -2.570073  -11.228837   -2.464201   -7.648010   -8.230488   -4.958582   -9.097185  -12.025091  -12.673395   -2.781228   -4.998824   -2.781228

site               820         821         822         823         824         825         826         827         828         829         830         831         832
L             0.001872   5.550e-07   1.680e-04    0.061962   6.272e-10   9.847e-05   6.261e-06    0.005339   4.286e-06   2.464e-05    0.085077   9.114e-05   1.539e-06
ln L         -6.280545  -14.404376   -8.691808   -2.781228  -21.189719   -9.225776  -11.981150   -5.232777  -12.360221  -10.611235   -2.464201   -9.303104  -13.384106

site               833         834         835         836         837         838         839         840         841         842         843         844         845
L            3.170e-05    0.076530    0.085077    0.085077    0.017454    0.085077    0.085077   4.698e-05   7.803e-05   5.027e-05    0.085077    0.001047   1.150e-05
ln L        -10.359330   -2.570073   -2.464201   -2.464201   -4.048184   -2.464201   -2.464201   -9.965816   -9.458473   -9.898141   -2.464201   -6.861514  -11.373283

site               846         847         848         849         850         851         852         853         854         855         856         857         858
L             0.001177    0.061962   2.646e-05    0.002649    0.001214   1.612e-09    0.085077   1.112e-05    0.001325    0.061962    0.017454   6.510e-06    0.002678
ln L         -6.744656   -2.781228  -10.539936   -5.933616   -6.713805  -20.245518   -2.464201  -11.406324   -6.625986   -2.781228   -4.048184  -11.942136   -5.922705

site               859         860         861         862         863         864         865         866         867         868         869         870         871
L             0.001177   4.666e-05    0.061962    0.017454    0.085077   6.761e-04    0.001512   5.636e-05    0.001393   8.244e-05   2.054e-08    0.085077    0.001709
ln L         -6.744656   -9.972532   -2.781228   -4.048184   -2.464201   -7.299209   -6.494317   -9.783706   -6.576599   -9.403432  -17.701116   -2.464201   -6.371742

site               872         873         874         875         876         877         878         879         880         881         882         883         884
L             0.005554    0.076530    0.085077   8.513e-05    0.085077    0.076530   3.550e-06   3.176e-07   6.275e-04   6.196e-07   6.218e-07   8.367e-04   1.383e-05
ln L         -5.193284   -2.570073   -2.464201   -9.371370   -2.464201   -2.570073  -12.548595  -14.962529   -7.373711  -14.294157  -14.290576   -7.085990  -11.188790

site               885         886         887         888         889         890         891         892         893         894         895         896         897
L             0.005554    0.061962    0.002014    0.003297    0.002201   2.807e-08   1.264e-04    0.061962    0.004646    0.085077    0.017454    0.076530    0.061962
ln L         -5.193284   -2.781228   -6.207738   -5.714656   -6.119053  -17.388635   -8.976167   -2.781228   -5.371765   -2.464201   -4.048184   -2.570073   -2.781228

site               898
L             0.061962
ln L         -2.781228

Likelihoods for each site on tree 2:

site                 1           2           3           4           5           6           7           8           9          10          11          12          13
L             0.084776    0.084776    0.017369    0.005543    0.061722    0.061722   4.623e-06   5.031e-05    0.002946   6.665e-07    0.017369    0.017369   3.902e-06
ln L         -2.467744   -2.467744   -4.053074   -5.195292   -2.785118   -2.785118  -12.284528   -9.897271   -5.827322  -14.221258   -4.053074   -4.053074  -12.453912

site                14          15          16          17          18          19          20          21          22          23          24          25          26
L             0.017369    0.076250    0.007010   6.198e-06   7.725e-05   7.763e-07   9.175e-06   6.241e-06   7.866e-07    0.076250    0.061722   5.273e-10    0.084776
ln L         -4.053074   -2.573736   -4.960483  -11.991235   -9.468506  -14.068765  -11.599056  -11.984399  -14.055515   -2.573736   -2.785118  -21.363281   -2.467744

site                27          28          29          30          31          32          33          34          35          36          37          38          39
L             0.061722   1.228e-05   8.532e-04    0.061722   3.606e-09    0.017369    0.076250   3.421e-07    0.076250    0.084776   2.835e-06    0.017369    0.017369
ln L         -2.785118  -11.307394   -7.066568   -2.785118  -19.440537   -4.053074   -2.573736  -14.888302   -2.573736   -2.467744  -12.773541   -4.053074   -4.053074

site                40          41          42          43          44          45          46          47          48          49          50          51          52
L            5.537e-09    0.005323    0.061722   6.117e-07    0.084776    0.076250   3.180e-07    0.061722    0.076250   1.183e-09    0.061722    0.076250   9.313e-05
ln L        -19.011729   -5.235747   -2.785118  -14.307053   -2.467744   -2.573736  -14.961205   -2.785118   -2.573736  -20.555350   -2.785118   -2.573736   -9.281468

site                53          54          55          56          57          58          59          60          61          62          63          64          65
L            2.893e-07    0.061722   3.834e-07   1.248e-07   5.580e-05   1.478e-06    0.061722    0.061722    0.005543    0.061722    0.017369    0.004155   4.991e-05
ln L        -15.055769   -2.785118  -14.774088  -15.896356   -9.793697  -13.424862   -2.785118   -2.785118   -5.195292   -2.785118   -4.053074   -5.483331   -9.905380

site                66          67          68          69          70          71          72          73          74          75          76          77          78
L             0.061722   3.449e-07    0.017369    0.076250   4.138e-06    0.084776    0.084776   1.300e-04    0.005496    0.076250    0.004617    0.084776    0.084776
ln L         -2.785118  -14.879966   -4.053074   -2.573736  -12.395378   -2.467744   -2.467744   -8.947906   -5.203698   -2.573736   -5.378054   -2.467744   -2.467744

site                79          80          81          82          83          84          85          86          87          88          89          90          91
L            4.301e-05    0.061722    0.084776   1.445e-05    0.017369    0.084776   8.639e-04    0.076250    0.017369   3.128e-06    0.002433    0.001776   7.296e-08
ln L        -10.054182   -2.785118   -2.467744  -11.144992   -4.053074   -2.467744   -7.054025   -2.573736   -4.053074  -12.674984   -6.018603   -6.333362  -16.433394

site                92          93          94          95          96          97          98          99         100         101         102         103         104
L             0.076250    0.084776   7.228e-05    0.084776   2.988e-04   5.013e-06    0.076250    0.017369   3.109e-06    0.084776   6.657e-05    0.002323    0.084776
ln L         -2.573736   -2.467744   -9.535006   -2.467744   -8.115743  -12.203394   -2.573736   -4.053074  -12.681197   -2.467744   -9.617215   -6.065097   -2.467744

site               105         106         107         108         109         110         111         112         113         114         115         116         117
L             0.061722    0.084776   1.931e-05   4.940e-04   1.270e-05    0.005323    0.061722   3.574e-07   1.309e-04    0.076250   8.772e-07    0.076250   2.967e-04
ln L         -2.785118   -2.467744  -10.854655   -7.613050  -11.273526   -5.235747   -2.785118  -14.844373   -8.941207   -2.573736  -13.946515   -2.573736   -8.122720

site               118         119         120         121         122         123         124         125         126         127         128         129         130
L            1.966e-05    0.017369    0.017369   2.328e-07    0.005057    0.061722   4.632e-08    0.076250    0.084776    0.084776    0.001332    0.003173   4.418e-08
ln L        -10.836946   -4.053074   -4.053074  -15.273070   -5.286958   -2.785118  -16.887702   -2.573736   -2.467744   -2.467744   -6.621342   -5.753147  -16.935051

site               131         132         133         134         135         136         137         138         139         140         141         142         143
L            2.010e-04    0.061722    0.004617   4.802e-04    0.061722   9.556e-05    0.076250    0.076250   6.456e-06    0.001326    0.061722   2.246e-07    0.002433
ln L         -8.512086   -2.785118   -5.378054   -7.641284   -2.785118   -9.255797   -2.573736   -2.573736  -11.950431   -6.625454   -2.785118  -15.309113   -6.018603

site               144         145         146         147         148         149         150         151         152         153         154         155         156
L            2.572e-04    0.084776    0.017369    0.002109   6.431e-07   5.396e-07    0.002850   1.171e-06    0.061722    0.017369    0.084776    0.061722    0.017369
ln L         -8.265626   -2.467744   -4.053074   -6.161516  -14.257007  -14.432389   -5.860382  -13.657490   -2.785118   -4.053074   -2.467744   -2.785118   -4.053074

site               157         158         159         160         161         162         163         164         165         166         167         168         169
L             0.084776   8.185e-05    0.061722   1.784e-08   6.314e-05   1.576e-04   3.886e-05    0.017369    0.076250    0.003813    0.084776    0.001541    0.005323
ln L         -2.467744   -9.410681   -2.785118  -17.841627   -9.670100   -8.755170  -10.155589   -4.053074   -2.573736   -5.569308   -2.467744   -6.475574   -5.235747

site               170         171         172         173         174         175         176         177         178         179         180         181         182
L             0.005543    0.061722   1.703e-04   3.351e-06    0.076250   1.521e-04    0.084776    0.084776    0.001937    0.076250    0.061722   5.044e-07    0.017369
ln L         -5.195292   -2.785118   -8.677959  -12.606169   -2.573736   -8.791208   -2.467744   -2.467744   -6.246491   -2.573736   -2.785118  -14.499936   -4.053074

site               183         184         185         186         187         188         189         190         191         192         193         194         195
L             0.076250    0.001937   6.044e-05    0.061722    0.006141    0.076250    0.076250    0.003315   1.522e-05    0.076250   1.273e-05   1.359e-04    0.076250
ln L         -2.573736   -6.246491   -9.713778   -2.785118   -5.092834   -2.573736   -2.573736   -5.709291  -11.092761   -2.573736  -11.271338   -8.903801   -2.573736

site               196         197         198         199         200         201         202         203         204         205         206         207         208
L            2.485e-06    0.084776    0.061722   1.843e-06    0.084776    0.084776   2.656e-07    0.002946    0.061722   3.012e-06   1.830e-04    0.061722   3.606e-08
ln L        -12.905171   -2.467744   -2.785118  -13.204211   -2.467744   -2.467744  -15.141292   -5.827322   -2.785118  -12.713048   -8.605924   -2.785118  -17.137946

site               209         210         211         212         213         214         215         216         217         218         219         220         221
L             0.017369    0.017369   2.259e-10    0.017369    0.084776   8.639e-04    0.005323    0.061722   8.530e-05    0.004958   7.874e-05   1.274e-05    0.001541
ln L         -4.053074   -4.053074  -22.210931   -4.053074   -2.467744   -7.054025   -5.235747   -2.785118   -9.369337   -5.306783   -9.449373  -11.270658   -6.475574

site               222         223         224         225         226         227         228         229         230         231         232         233         234
L             0.004958   1.669e-06    0.002077    0.003844   3.770e-05   5.628e-08    0.003014   4.263e-06   2.216e-06    0.076250   8.061e-06   5.759e-07    0.002724
ln L         -5.306783  -13.303027   -6.176946   -5.561173  -10.185794  -16.692935   -5.804356  -12.365440  -13.019996   -2.573736  -11.728513  -14.367291   -5.905665

site               235         236         237         238         239         240         241         242         243         244         245         246         247
L            1.516e-07    0.061722    0.061722   5.145e-06    0.061722    0.076250   1.670e-05    0.061722    0.017369   1.227e-07   9.763e-04    0.076250   1.503e-05
ln L        -15.702265   -2.785118   -2.785118  -12.177425   -2.785118   -2.573736  -10.999984   -2.785118   -4.053074  -15.913786   -6.931701   -2.573736  -11.105596

site               248         249         250         251         252         253         254         255         256         257         258         259         260
L            3.445e-04    0.084776   9.791e-07   5.077e-04   2.042e-05   1.163e-05    0.084776    0.076250   2.495e-07    0.002279    0.061722   7.435e-07   2.256e-07
ln L         -7.973367   -2.467744  -13.836620   -7.585715  -10.798932  -11.361824   -2.467744   -2.573736  -15.203870   -6.084057   -2.785118  -14.111964  -15.304691

site               261         262         263         264         265         266         267         268         269         270         271         272         273
L             0.002813   2.808e-07   8.133e-07    0.061722   1.769e-07    0.002433    0.002946   2.642e-05    0.017369    0.017369   1.195e-06   2.034e-07    0.001821
ln L         -5.873580  -15.085651  -14.022204   -2.785118  -15.547869   -6.018603   -5.827322  -10.541335   -4.053074   -4.053074  -13.637716  -15.407911   -6.308606

site               274         275         276         277         278         279         280         281         282         283         284         285         286
L            2.933e-08    0.084776    0.084776   7.312e-06    0.001332    0.005155   3.029e-04   5.645e-04    0.061722   7.645e-04   3.964e-04    0.061722   1.810e-07
ln L        -17.344634   -2.467744   -2.467744  -11.825935   -6.621342   -5.267720   -8.102063   -7.479530   -2.785118   -7.176293   -7.833082   -2.785118  -15.525040

site               287         288         289         290         291         292         293         294         295         296         297         298         299
L             0.084776    0.076250   2.421e-07   7.708e-04    0.076250   3.761e-04    0.076250    0.061722   4.479e-07    0.061722    0.084776    0.002946    0.061722
ln L         -2.467744   -2.573736  -15.233982   -7.168122   -2.573736   -7.885528   -2.573736   -2.785118  -14.618746   -2.785118   -2.467744   -5.827322   -2.785118

site               300         301         302         303         304         305         306         307         308         309         310         311         312
L             0.076250   9.771e-08    0.076250    0.061722   1.728e-08   2.984e-04    0.084776   1.771e-06    0.084776    0.061722   1.174e-07    0.005155    0.005286
ln L         -2.573736  -16.141223   -2.573736   -2.785118  -17.873784   -8.117063   -2.467744  -13.243974   -2.467744   -2.785118  -15.957266   -5.267720   -5.242761

site               313         314         315         316         317         318         319         320         321         322         323         324         325
L            7.110e-06    0.002335   3.836e-06   1.069e-06    0.005893   2.205e-04   4.702e-04   5.838e-04    0.001326    0.006141    0.076250    0.084776    0.002335
ln L        -11.854074   -6.059754  -12.470981  -13.749254   -5.133985   -8.419783   -7.662437   -7.445881   -6.625454   -5.092834   -2.573736   -2.467744   -6.059754

site               326         327         328         329         330         331         332         333         334         335         336         337         338
L             0.001788    0.017369   3.964e-04    0.017369    0.017369   6.471e-06   1.669e-10    0.003746   8.532e-04    0.005543   2.250e-04   2.134e-04    0.084776
ln L         -6.326550   -4.053074   -7.833082   -4.053074   -4.053074  -11.948181  -22.513364   -5.587101   -7.066568   -5.195292   -8.399423   -8.452295   -2.467744

site               339         340         341         342         343         344         345         346         347         348         349         350         351
L             0.076250   9.487e-05    0.001776    0.084776   3.019e-05    0.006478    0.002335    0.002946    0.004617   4.180e-04   1.032e-08    0.005270   2.942e-06
ln L         -2.573736   -9.262973   -6.333362   -2.467744  -10.408073   -5.039373   -6.059754   -5.827322   -5.378054   -7.779910  -18.388715   -5.245703  -12.736546

site               352         353         354         355         356         357         358         359         360         361         362         363         364
L            1.728e-06    0.084776    0.084776   8.382e-06    0.005270    0.061722    0.007010    0.084776    0.006141   6.488e-09    0.076250    0.076250   7.474e-07
ln L        -13.268350   -2.467744   -2.467744  -11.689413   -5.245703   -2.785118   -4.960483   -2.467744   -5.092834  -18.853335   -2.573736   -2.573736  -14.106639

site               365         366         367         368         369         370         371         372         373         374         375         376         377
L            3.026e-05    0.005323   8.346e-08    0.002813    0.061722   1.077e-05    0.084776    0.076250    0.007010    0.076250    0.017369    0.003450    0.017369
ln L        -10.405798   -5.235747  -16.298909   -5.873580   -2.785118  -11.438621   -2.467744   -2.573736   -4.960483   -2.573736   -4.053074   -5.669361   -4.053074

site               378         379         380         381         382         383         384         385         386         387         388         389         390
L             0.084776    0.084776    0.084776    0.084776   3.259e-07    0.084776   3.315e-08   5.194e-08   1.531e-05    0.061722   6.927e-05    0.084776    0.061722
ln L         -2.467744   -2.467744   -2.467744   -2.467744  -14.936551   -2.467744  -17.222199  -16.773134  -11.086978   -2.785118   -9.577459   -2.467744   -2.785118

site               391         392         393         394         395         396         397         398         399         400         401         402         403
L            8.383e-06   4.470e-07    0.003844   3.938e-06    0.001562    0.061722   1.358e-05    0.076250    0.084776    0.005323   5.905e-04    0.061722   2.165e-04
ln L        -11.689291  -14.620660   -5.561173  -12.444795   -6.461993   -2.785118  -11.206974   -2.573736   -2.467744   -5.235747   -7.434608   -2.785118   -8.437733

site               404         405         406         407         408         409         410         411         412         413         414         415         416
L            6.410e-06   1.204e-04   2.917e-05    0.076250    0.076250   4.182e-04   3.497e-05    0.061722   4.622e-09   3.571e-04    0.061722    0.001937    0.076250
ln L        -11.957662   -9.024394  -10.442331   -2.573736   -2.573736   -7.779577  -10.260929   -2.785118  -19.192435   -7.937453   -2.785118   -6.246491   -2.573736

site               417         418         419         420         421         422         423         424         425         426         427         428         429
L             0.061722   2.917e-08   1.485e-04    0.061722   4.702e-04   2.571e-05    0.076250   2.026e-06   1.976e-04    0.005155   3.807e-06    0.084776    0.002335
ln L         -2.785118  -17.350189   -8.815102   -2.785118   -7.662437  -10.568449   -2.573736  -13.109378   -8.529148   -5.267720  -12.478794   -2.467744   -6.059754

site               430         431         432         433         434         435         436         437         438         439         440         441         442
L             0.001406    0.076250    0.076250   5.589e-05   7.540e-04    0.001198   1.109e-06   1.058e-04    0.061722   4.689e-06    0.084776    0.061722   4.732e-07
ln L         -6.567212   -2.573736   -2.573736   -9.792163   -7.190114   -6.727482  -13.711716   -9.153855   -2.785118  -12.270283   -2.467744   -2.785118  -14.563842

site               443         444         445         446         447         448         449         450         451         452         453         454         455
L            3.776e-06    0.001559   1.082e-08    0.017369    0.017369   2.644e-08   1.993e-04    0.001773   2.257e-06   9.972e-07    0.005543   1.990e-09   2.273e-04
ln L        -12.486876   -6.463449  -18.342091   -4.053074   -4.053074  -17.448469   -8.520676   -6.335285  -13.001342  -13.818279   -5.195292  -20.035003   -8.389157

site               456         457         458         459         460         461         462         463         464         465         466         467         468
L            1.632e-04   6.281e-05    0.061722    0.017369    0.061722    0.084776   3.391e-04    0.005893    0.002813    0.084776    0.061722    0.084776    0.017369
ln L         -8.720397   -9.675367   -2.785118   -4.053074   -2.785118   -2.467744   -7.989232   -5.133985   -5.873580   -2.467744   -2.785118   -2.467744   -4.053074

site               469         470         471         472         473         474         475         476         477         478         479         480         481
L             0.061722    0.061722    0.061722    0.084776    0.002335   3.902e-06   4.721e-04    0.084776    0.084776    0.084776    0.084776    0.076250    0.084776
ln L         -2.785118   -2.785118   -2.785118   -2.467744   -6.059754  -12.453912   -7.658355   -2.467744   -2.467744   -2.467744   -2.467744   -2.573736   -2.467744

site               482         483         484         485         486         487         488         489         490         491         492         493         494
L            3.247e-05    0.001683    0.084776    0.017369    0.084776    0.001791    0.061722    0.017369    0.061722    0.017369    0.084776    0.002433    0.061722
ln L        -10.335153   -6.387293   -2.467744   -4.053074   -2.467744   -6.324991   -2.785118   -4.053074   -2.785118   -4.053074   -2.467744   -6.018603   -2.785118

site               495         496         497         498         499         500         501         502         503         504         505         506         507
L             0.076250    0.003844   7.540e-04    0.001829   1.605e-07   4.354e-05    0.084776    0.001683    0.084776    0.017369    0.001198   2.217e-05   9.042e-06
ln L         -2.573736   -5.561173   -7.190114   -6.303824  -15.644822  -10.041858   -2.467744   -6.387293   -2.467744   -4.053074   -6.727482  -10.716793  -11.613593

site               508         509         510         511         512         513         514         515         516         517         518         519         520
L             0.006478   3.727e-07   2.916e-08    0.001332    0.246221   2.630e-05   6.734e-09    0.096492    0.005543   1.898e-05   9.374e-04    0.076250    0.061722
ln L         -5.039373  -14.802433  -17.350559   -6.621342   -1.401527  -10.545982  -18.816054   -2.338294   -5.195292  -10.871965   -6.972367   -2.573736   -2.785118

site               521         522         523         524         525         526         527         528         529         530         531         532         533
L             0.061722    0.001332   2.411e-04    0.061722    0.061722    0.084776    0.076250    0.076250    0.001590    0.084776    0.017369    0.084776    0.084776
ln L         -2.785118   -6.621342   -8.330223   -2.785118   -2.785118   -2.467744   -2.573736   -2.573736   -6.443892   -2.467744   -4.053074   -2.467744   -2.467744

site               534         535         536         537         538         539         540         541         542         543         544         545         546
L             0.084776   9.731e-04    0.001776   7.170e-06    0.324121   1.413e-06   5.291e-06   2.518e-05   2.714e-04    0.004617    0.017369    0.001314   8.639e-04
ln L         -2.467744   -6.935072   -6.333362  -11.845638   -1.126640  -13.470015  -12.149435  -10.589469   -8.211856   -5.378054   -4.053074   -6.634655   -7.054025

site               547         548         549         550         551         552         553         554         555         556         557         558         559
L             0.076250    0.001791    0.017369    0.076250    0.061722    0.084776    0.084776   1.039e-07    0.003014    0.076250   1.646e-04   1.104e-07   8.412e-10
ln L         -2.573736   -6.324991   -4.053074   -2.573736   -2.785118   -2.467744   -2.467744  -16.080095   -5.804356   -2.573736   -8.711825  -16.018962  -20.896149

site               560         561         562         563         564         565         566         567         568         569         570         571         572
L            4.618e-08   1.795e-07   2.289e-06    0.076250    0.076250   3.306e-07    0.005286   6.838e-05   1.884e-06   1.371e-10    0.061722   8.989e-06    0.084776
ln L        -16.890758  -15.533019  -12.987344   -2.573736   -2.573736  -14.922448   -5.242761   -9.590407  -13.181930  -22.710656   -2.785118  -11.619545   -2.467744

site               573         574         575         576         577         578         579         580         581         582         583         584         585
L            2.733e-04    0.084776   4.426e-05   2.406e-04   1.762e-04   1.952e-04    0.017369    0.017369    0.003173    0.061722    0.004098   9.857e-05    0.076250
ln L         -8.204980   -2.467744  -10.025365   -8.332428   -8.643836   -8.541608   -4.053074   -4.053074   -5.753147   -2.785118   -5.497150   -9.224780   -2.573736

site               586         587         588         589         590         591         592         593         594         595         596         597         598
L             0.061722    0.005543    0.100359    0.001198    0.076250    0.061722    0.061722    0.061722    0.061722    0.084776    0.084776    0.084776    0.017369
ln L         -2.785118   -5.195292   -2.299000   -6.727482   -2.573736   -2.785118   -2.785118   -2.785118   -2.785118   -2.467744   -2.467744   -2.467744   -4.053074

site               599         600         601         602         603         604         605         606         607         608         609         610         611
L             0.017369    0.084776    0.061722    0.084776   6.248e-04   4.619e-04    0.084776    0.017369    0.001776   6.501e-05    0.084776    0.061722    0.076250
ln L         -4.053074   -2.467744   -2.785118   -2.467744   -7.378039   -7.680155   -2.467744   -4.053074   -6.333362   -9.640966   -2.467744   -2.785118   -2.573736

site               612         613         614         615         616         617         618         619         620         621         622         623         624
L             0.076250   2.520e-05    0.061722    0.005155    0.017369   2.988e-04   1.952e-04    0.076250    0.061722    0.061722    0.084776    0.017369    0.017369
ln L         -2.573736  -10.588726   -2.785118   -5.267720   -4.053074   -8.115743   -8.541608   -2.573736   -2.785118   -2.785118   -2.467744   -4.053074   -4.053074

site               625         626         627         628         629         630         631         632         633         634         635         636         637
L            9.487e-05   1.713e-06    0.003173    0.076250    0.002433    0.084776    0.084776    0.084776    0.084776   3.357e-06    0.001770    0.061722    0.061722
ln L         -9.262973  -13.277185   -5.753147   -2.573736   -6.018603   -2.467744   -2.467744   -2.467744   -2.467744  -12.604403   -6.336618   -2.785118   -2.785118

site               638         639         640         641         642         643         644         645         646         647         648         649         650
L             0.017369    0.017369    0.061722    0.017369    0.076250    0.084776    0.084776    0.076250    0.061722    0.076250    0.076250    0.084776    0.084776
ln L         -4.053074   -4.053074   -2.785118   -4.053074   -2.573736   -2.467744   -2.467744   -2.573736   -2.785118   -2.573736   -2.573736   -2.467744   -2.467744

site               651         652         653         654         655         656         657         658         659         660         661         662         663
L             0.084776    0.061722    0.084776    0.084776    0.084776    0.084776    0.017369    0.061722    0.084776    0.084776    0.002527    0.084776   4.599e-05
ln L         -2.467744   -2.785118   -2.467744   -2.467744   -2.467744   -2.467744   -4.053074   -2.785118   -2.467744   -2.467744   -5.980854   -2.467744   -9.987192

site               664         665         666         667         668         669         670         671         672         673         674         675         676
L            4.999e-04   6.805e-06   7.645e-04    0.061722   6.211e-04   1.105e-06   1.161e-04   1.279e-08   1.981e-05    0.005323   1.582e-04   2.088e-04    0.076250
ln L         -7.601167  -11.897858   -7.176293   -2.785118   -7.384064  -13.715715   -9.061173  -18.174228  -10.829546   -5.235747   -8.751697   -8.474066   -2.573736

site               677         678         679         680         681         682         683         684         685         686         687         688         689
L            3.962e-07    0.003246    0.005155    0.002042    0.001332   2.376e-04   1.062e-08   3.046e-06   9.374e-04   8.672e-06   9.011e-08    0.003014   2.145e-04
ln L        -14.741414   -5.730441   -5.267720   -6.193675   -6.621342   -8.344771  -18.360690  -12.701801   -6.972367  -11.655361  -16.222255   -5.804356   -8.447142

site               690         691         692         693         694         695         696         697         698         699         700         701         702
L            6.258e-05    0.076250   1.057e-06    0.002724    0.061722   7.019e-10    0.084776   1.414e-04   1.456e-05   4.324e-06   1.446e-04    0.076250   3.358e-05
ln L         -9.679115   -2.573736  -13.760327   -5.905665   -2.785118  -21.077235   -2.467744   -8.864184  -11.137061  -12.351344   -8.841275   -2.573736  -10.301438

site               703         704         705         706         707         708         709         710         711         712         713         714         715
L             0.061722   5.838e-04    0.006727   1.952e-04   4.302e-06   3.224e-05   3.365e-06   1.488e-07    0.076250    0.076250   3.001e-06    0.006141    0.061722
ln L         -2.785118   -7.445881   -5.001634   -8.541608  -12.356496  -10.342181  -12.601980  -15.720850   -2.573736   -2.573736  -12.716726   -5.092834   -2.785118

site               716         717         718         719         720         721         722         723         724         725         726         727         728
L            1.172e-05   8.132e-06   1.500e-04   7.224e-09   2.840e-05    0.002946   2.832e-07    0.084776    0.005057    0.006745   7.559e-06    0.005155   8.600e-07
ln L        -11.354597  -11.719660   -8.804860  -18.745864  -10.469173   -5.827322  -15.077058   -2.467744   -5.286958   -4.998918  -11.792706   -5.267720  -13.966366

site               729         730         731         732         733         734         735         736         737         738         739         740         741
L            3.964e-04   5.668e-05   5.942e-06    0.084776    0.084776   1.738e-04    0.003746   7.406e-04   1.181e-07   5.012e-05    0.084776   3.836e-06    0.002433
ln L         -7.833082   -9.778061  -12.033431   -2.467744   -2.467744   -8.657808   -5.587101   -7.208046  -15.951912   -9.901035   -2.467744  -12.470981   -6.018603

site               742         743         744         745         746         747         748         749         750         751         752         753         754
L             0.084776    0.084776    0.084776   2.011e-04   9.475e-06   4.600e-05   3.739e-07   7.190e-06   6.897e-08   6.068e-06    0.005270    0.061722    0.084776
ln L         -2.467744   -2.467744   -2.467744   -8.511484  -11.566837   -9.986898  -14.799283  -11.842827  -16.489623  -12.012486   -5.245703   -2.785118   -2.467744

site               755         756         757         758         759         760         761         762         763         764         765         766         767
L            1.949e-06    0.001647    0.076250   3.131e-07   5.542e-07    0.005270   1.213e-06    0.061722    0.084776   2.947e-05    0.017369    0.061722   6.188e-04
ln L        -13.148184   -6.409100   -2.573736  -14.976726  -14.405802   -5.245703  -13.622500   -2.785118   -2.467744  -10.432027   -4.053074   -2.785118   -7.387763

site               768         769         770         771         772         773         774         775         776         777         778         779         780
L             0.084776    0.084776    0.084776   9.188e-06   1.994e-05   5.609e-09   4.669e-08    0.001788   2.677e-06   3.560e-07    0.061722   9.087e-06   9.379e-05
ln L         -2.467744   -2.467744   -2.467744  -11.597658  -10.822570  -18.998842  -16.879836   -6.326550  -12.830766  -14.848377   -2.785118  -11.608615   -9.274419

site               781         782         783         784         785         786         787         788         789         790         791         792         793
L            2.874e-04   2.540e-07    0.061722   3.624e-05   1.421e-05   3.322e-05    0.076250   2.820e-04    0.004958    0.061722   2.412e-06    0.084776    0.002527
ln L         -8.154621  -15.185860   -2.785118  -10.225377  -11.161330  -10.312367   -2.573736   -8.173438   -5.306783   -2.785118  -12.934990   -2.467744   -5.980854

site               794         795         796         797         798         799         800         801         802         803         804         805         806
L            2.832e-09    0.084776   1.741e-05   1.365e-05    0.084776    0.017369   1.093e-06    0.006478    0.004958   2.275e-07   1.731e-07    0.003014   6.650e-06
ln L        -19.682209   -2.467744  -10.958397  -11.201521   -2.467744   -4.053074  -13.726843   -5.039373   -5.306783  -15.295958  -15.569423   -5.804356  -11.920931

site               807         808         809         810         811         812         813         814         815         816         817         818         819
L            2.874e-04    0.076250   1.405e-05    0.084776   4.802e-04   2.654e-04    0.007010   1.129e-04   5.921e-06   3.237e-06    0.061722    0.006727    0.061722
ln L         -8.154621   -2.573736  -11.173095   -2.467744   -7.641284   -8.234414   -4.960483   -9.089162  -12.036929  -12.640826   -2.785118   -5.001634   -2.785118

site               820         821         822         823         824         825         826         827         828         829         830         831         832
L             0.001909   1.062e-07   2.058e-04    0.061722   1.351e-09   9.857e-05   6.413e-06    0.005323   4.348e-06   2.606e-05    0.084776   8.942e-05   1.605e-06
ln L         -6.260969  -16.057643   -8.488643   -2.785118  -20.422386   -9.224780  -11.957213   -5.235747  -12.345728  -10.555265   -2.467744   -9.322191  -13.342353

site               833         834         835         836         837         838         839         840         841         842         843         844         845
L            3.223e-05    0.076250    0.084776    0.084776    0.017369    0.084776    0.084776   5.243e-05   6.540e-05   5.692e-05    0.084776    0.001003   1.216e-05
ln L        -10.342717   -2.573736   -2.467744   -2.467744   -4.053074   -2.467744   -2.467744   -9.856029   -9.634936   -9.773778   -2.467744   -6.904356  -11.317289

site               846         847         848         849         850         851         852         853         854         855         856         857         858
L             0.001198    0.061722   2.807e-05    0.002694    0.001192   1.314e-09    0.084776   1.339e-05    0.001326    0.061722    0.017369   6.227e-06    0.002724
ln L         -6.727482   -2.785118  -10.480682   -5.916832   -6.732472  -20.450442   -2.467744  -11.220904   -6.625454   -2.785118   -4.053074  -11.986585   -5.905665

site               859         860         861         862         863         864         865         866         867         868         869         870         871
L             0.001198   4.507e-05    0.061722    0.017369    0.084776   7.540e-04    0.001559   4.533e-05    0.001332   8.185e-05   2.105e-08    0.084776    0.001776
ln L         -6.727482  -10.007328   -2.785118   -4.053074   -2.467744   -7.190114   -6.463449  -10.001645   -6.621342   -9.410681  -17.676179   -2.467744   -6.333362

site               872         873         874         875         876         877         878         879         880         881         882         883         884
L             0.005543    0.076250    0.084776   8.674e-05    0.084776    0.076250   3.521e-06   3.557e-07   6.052e-05   4.968e-07   6.424e-07   8.532e-04   1.286e-06
ln L         -5.195292   -2.573736   -2.467744   -9.352551   -2.467744   -2.573736  -12.556888  -14.849081   -9.712494  -14.515008  -14.258097   -7.066568  -13.563919

site               885         886         887         888         889         890         891         892         893         894         895         896         897
L             0.005543    0.061722    0.002077    0.003235    0.002196   2.822e-08   1.285e-04    0.061722    0.004617    0.084776    0.017369    0.076250    0.061722
ln L         -5.195292   -2.785118   -6.176946   -5.733725   -6.121061  -17.383245   -8.959480   -2.785118   -5.378054   -2.467744   -4.053074   -2.573736   -2.785118

site               898
L             0.061722
ln L         -2.785118

Time used to compute likelihoods = 0.02 sec (CPU time = 0.14 sec)

Tree scores (and parameter estimates) written to file: ~/Library/CloudStorage/Dropbox/Lab/James
McInerney/programming/MLDecay/debug_runs/mldecay_20250520_142021/site_lnl_Clade_5.txt
