--- STDOUT ---

P A U P *
Version 4.0a (build 168) for macOS (built on Aug  2 2020 at 06:41:30)
Tue May 20 14:21:40 2025

        -----------------------------NOTICE-----------------------------
          This is a test version that is still changing rapidly.
          Please report bugs to dave@phylosolutions.com
        ----------------------------------------------------------------

Running on Apple M3 Max
    16 CPU cores on 1 socket
    Executable built for Intel(R) 64 architecture
    Compiled using Intel compiler (icc) 11.1.0 (build 20091012)
    SSE vectorization enabled
    SSSE3 instructions supported
    Multithreading enabled using Pthreads

Processing of file "~/Library/CloudStorage/Dropbox/Lab/James McInerney/programming/MLDecay/debug_runs/mldecay_20250520_142021/site_analysis_Clade_11.nex" begins...

Processing of file "~/Library/CloudStorage/Dropbox/Lab/James McInerney/programming/MLDecay/debug_runs/mldecay_20250520_142021/alignment.nex" begins...

Data read in DNA format

Data matrix has 12 taxa, 898 characters
Valid character-state symbols: ACGT
Missing data identified by '?'
Gaps identified by '-'
"Equate" macros in effect:
   R,r ==> {AG}
   Y,y ==> {CT}
   M,m ==> {AC}
   K,k ==> {GT}
   S,s ==> {CG}
   W,w ==> {AT}
   H,h ==> {ACT}
   B,b ==> {CGT}
   V,v ==> {ACG}
   D,d ==> {AGT}
   N,n ==> {ACGT}

Processing of input file "alignment.nex" completed.

Optimality criterion set to likelihood.

Processing TREES block from file: ~/Library/CloudStorage/Dropbox/Lab/James McInerney/programming/MLDecay/debug_runs/mldecay_20250520_142021/ml_tree.tre
  Keeping: trees from file (replacing any trees already in memory)
  1 tree read from file

  Time used = 0.00 sec (CPU time = 0.00 sec)

Note: Input trees are rooted but current criterion and/or option settings would specify unrooted trees.  (You can deroot the trees using the 'derootTrees' command.)

Processing TREES block from file: ~/Library/CloudStorage/Dropbox/Lab/James McInerney/programming/MLDecay/debug_runs/mldecay_20250520_142021/constraint_tree_11.tre
  Keeping: trees in memory plus trees from file
  1 tree originally in memory
  1 tree read from file
  1 tree from file kept
  2 trees now in memory

  Time used = 0.00 sec (CPU time = 0.00 sec)

Note: Input trees are rooted but current criterion and/or option settings would specify unrooted trees.  (You can deroot the trees using the 'derootTrees' command.)

Likelihood scores of tree(s) in memory:
---------------------------------------
  898 characters are included
  All characters have equal weight
  Likelihood settings:
    Current model:
                             Data type = nucleotide
                DNA substitution types = 1
                     State frequencies = empirical: A=0.324121 C=0.30402 G=0.105528 T=0.266332
        Proportion of invariable sites = none
               Rates at variable sites = equal
                  Model correspondence = F81

    Number of distinct data patterns under this model = 415
    Molecular clock not enforced
    Starting branch lengths obtained using Rogers-Swofford approximation method
    Branch-length optimization = one-dimensional Newton-Raphson with pass limit=20, tolerance=1e-07
    Likelihood calculations performed in single precision
    Vector processing enabled
    Using standard Felsenstein pruning for computing likelihoods
    Conditional-likelihood rescaling threshold = 1e-20
    Using 14 parallel threads on 16 processors

Tree             1           2
------------------------------
-ln L     6333.490    6355.718

Likelihoods for each site on tree 1:

site                 1           2           3           4           5           6           7           8           9          10          11          12          13
L             0.085077    0.085077    0.017454    0.005554    0.061962    0.061962   2.934e-05   4.428e-05    0.002956   7.432e-07    0.017454    0.017454   3.983e-06
ln L         -2.464201   -2.464201   -4.048184   -5.193284   -2.781228   -2.781228  -10.436437  -10.025064   -5.823992  -14.112309   -4.048184   -4.048184  -12.433440

site                14          15          16          17          18          19          20          21          22          23          24          25          26
L             0.017454    0.076530    0.007023   6.401e-06   8.034e-05   7.857e-07   9.554e-06   5.555e-06   8.009e-07    0.076530    0.061962   5.249e-10    0.085077
ln L         -4.048184   -2.570073   -4.958582  -11.959066   -9.429299  -14.056662  -11.558532  -12.100897  -14.037489   -2.570073   -2.781228  -21.367867   -2.464201

site                27          28          29          30          31          32          33          34          35          36          37          38          39
L             0.061962   1.325e-05   8.367e-04    0.061962   3.751e-09    0.017454    0.076530   3.322e-06    0.076530    0.085077   2.726e-06    0.017454    0.017454
ln L         -2.781228  -11.231337   -7.085990   -2.781228  -19.401321   -4.048184   -2.570073  -12.615067   -2.570073   -2.464201  -12.812777   -4.048184   -4.048184

site                40          41          42          43          44          45          46          47          48          49          50          51          52
L            4.422e-09    0.005339    0.061962   6.216e-07    0.085077    0.076530   3.212e-07    0.061962    0.076530   1.159e-09    0.061962    0.076530   9.703e-05
ln L        -19.236766   -5.232777   -2.781228  -14.290919   -2.464201   -2.570073  -14.951129   -2.781228   -2.570073  -20.575482   -2.781228   -2.570073   -9.240447

site                53          54          55          56          57          58          59          60          61          62          63          64          65
L            2.900e-07    0.061962   3.567e-07   1.212e-07   4.914e-05   1.298e-06    0.061962    0.061962    0.005554    0.061962    0.017454    0.004182   3.984e-05
ln L        -15.053323   -2.781228  -14.846510  -15.925634   -9.920828  -13.554828   -2.781228   -2.781228   -5.193284   -2.781228   -4.048184   -5.476886  -10.130621

site                66          67          68          69          70          71          72          73          74          75          76          77          78
L             0.061962   2.876e-07    0.017454    0.076530   3.658e-06    0.085077    0.085077   1.169e-04    0.005508    0.076530    0.004646    0.085077    0.085077
ln L         -2.781228  -15.061701   -4.048184   -2.570073  -12.518508   -2.464201   -2.464201   -9.054619   -5.201488   -2.570073   -5.371765   -2.464201   -2.464201

site                79          80          81          82          83          84          85          86          87          88          89          90          91
L            4.329e-05    0.061962    0.085077   1.305e-05    0.017454    0.085077   7.062e-04    0.076530    0.017454   2.836e-06    0.002438    0.001709   6.388e-08
ln L        -10.047691   -2.781228   -2.464201  -11.246559   -4.048184   -2.464201   -7.255550   -2.570073   -4.048184  -12.773292   -6.016703   -6.371742  -16.566289

site                92          93          94          95          96          97          98          99         100         101         102         103         104
L             0.076530    0.085077   7.244e-05    0.085077   3.130e-04   4.889e-05    0.076530    0.017454   3.114e-06    0.085077   6.453e-05    0.002237    0.085077
ln L         -2.570073   -2.464201   -9.532759   -2.464201   -8.069408   -9.926033   -2.570073   -4.048184  -12.679678   -2.464201   -9.648342   -6.102450   -2.464201

site               105         106         107         108         109         110         111         112         113         114         115         116         117
L             0.061962    0.085077   1.943e-05   4.914e-04   1.624e-06    0.005339    0.061962   3.459e-07   1.286e-04    0.076530   9.460e-07    0.076530   2.844e-04
ln L         -2.781228   -2.464201  -10.848682   -7.618199  -13.330591   -5.232777   -2.781228  -14.877086   -8.958735   -2.570073  -13.871027   -2.570073   -8.165012

site               118         119         120         121         122         123         124         125         126         127         128         129         130
L            1.977e-05    0.017454    0.017454   2.145e-07    0.005090    0.061962   6.089e-08    0.076530    0.085077    0.085077    0.001393    0.003232   6.621e-08
ln L        -10.831526   -4.048184   -4.048184  -15.354835   -5.280513   -2.781228  -16.614159   -2.570073   -2.464201   -2.464201   -6.576599   -5.734520  -16.530447

site               131         132         133         134         135         136         137         138         139         140         141         142         143
L            2.109e-04    0.061962    0.004646   4.770e-04    0.061962   9.950e-05    0.076530    0.076530   6.216e-06    0.001325    0.061962   2.236e-07    0.002438
ln L         -8.464269   -2.781228   -5.371765   -7.648010   -2.781228   -9.215363   -2.570073   -2.570073  -11.988444   -6.625986   -2.781228  -15.313276   -6.016703

site               144         145         146         147         148         149         150         151         152         153         154         155         156
L            2.615e-04    0.085077    0.017454    0.002115   7.699e-07   5.259e-07    0.002861   1.049e-06    0.061962    0.017454    0.085077    0.061962    0.017454
ln L         -8.249175   -2.464201   -4.048184   -6.158547  -14.077020  -14.458216   -5.856568  -13.767944   -2.781228   -4.048184   -2.464201   -2.781228   -4.048184

site               157         158         159         160         161         162         163         164         165         166         167         168         169
L             0.085077   8.244e-05    0.061962   1.843e-08   6.690e-05   1.646e-04   3.175e-05    0.017454    0.076530    0.003825    0.085077    0.001548    0.005339
ln L         -2.464201   -9.403432   -2.781228  -17.809473   -9.612366   -8.711934  -10.357534   -4.048184   -2.570073   -5.566196   -2.464201   -6.470968   -5.232777

site               170         171         172         173         174         175         176         177         178         179         180         181         182
L             0.005554    0.061962   1.727e-04   3.298e-06    0.076530   1.239e-04    0.085077    0.085077    0.001900    0.076530    0.061962   4.992e-07    0.017454
ln L         -5.193284   -2.781228   -8.663955  -12.622242   -2.570073   -8.996111   -2.464201   -2.464201   -6.265965   -2.570073   -2.781228  -14.510257   -4.048184

site               183         184         185         186         187         188         189         190         191         192         193         194         195
L             0.076530    0.001900   5.821e-05    0.061962    0.006152    0.076530    0.076530    0.003259   1.476e-05    0.076530   1.350e-05   1.362e-04    0.076530
ln L         -2.570073   -6.265965   -9.751483   -2.781228   -5.090934   -2.570073   -2.570073   -5.726332  -11.123422   -2.570073  -11.212973   -8.901364   -2.570073

site               196         197         198         199         200         201         202         203         204         205         206         207         208
L            1.243e-06    0.085077    0.061962   1.827e-06    0.085077    0.085077   2.755e-07    0.002956    0.061962   3.266e-06   1.799e-04    0.061962   4.212e-08
ln L        -13.597694   -2.464201   -2.781228  -13.212825   -2.464201   -2.464201  -15.104617   -5.823992   -2.781228  -12.631847   -8.622907   -2.781228  -16.982853

site               209         210         211         212         213         214         215         216         217         218         219         220         221
L             0.017454    0.017454   2.463e-10    0.017454    0.085077   7.062e-04    0.005339    0.061962   8.272e-05    0.004974   7.562e-05   1.582e-05    0.001548
ln L         -4.048184   -4.048184  -22.124302   -4.048184   -2.464201   -7.255550   -5.232777   -2.781228   -9.400084   -5.303511   -9.489768  -11.054116   -6.470968

site               222         223         224         225         226         227         228         229         230         231         232         233         234
L             0.004974   1.780e-05    0.002014    0.003870   3.747e-05   5.593e-08    0.003072   4.474e-06   2.030e-06    0.076530   7.891e-06   5.864e-07    0.002678
ln L         -5.303511  -10.936329   -6.207738   -5.554435  -10.192058  -16.699076   -5.785281  -12.317180  -13.107567   -2.570073  -11.749787  -14.349240   -5.922705

site               235         236         237         238         239         240         241         242         243         244         245         246         247
L            1.821e-07    0.061962    0.061962   5.139e-06    0.061962    0.076530   1.608e-05    0.061962    0.017454   1.285e-07    0.001022    0.076530   1.480e-05
ln L        -15.518594   -2.781228   -2.781228  -12.178611   -2.781228   -2.570073  -11.037810   -2.781228   -4.048184  -15.867335   -6.886057   -2.570073  -11.120576

site               248         249         250         251         252         253         254         255         256         257         258         259         260
L            3.499e-04    0.085077   9.915e-06   5.074e-04   3.292e-06   1.160e-05    0.085077    0.076530   2.773e-07    0.002054    0.061962   1.227e-06   1.871e-07
ln L         -7.957934   -2.464201  -11.521486   -7.586210  -12.623906  -11.364749   -2.464201   -2.570073  -15.098052   -6.188170   -2.781228  -13.610655  -15.491873

site               261         262         263         264         265         266         267         268         269         270         271         272         273
L             0.002944   2.897e-07   7.822e-07    0.061962   1.766e-07    0.002438    0.002956   2.752e-05    0.017454    0.017454   1.243e-06   2.519e-08    0.001486
ln L         -5.827936  -15.054475  -14.061209   -2.781228  -15.549138   -6.016703   -5.823992  -10.500755   -4.048184   -4.048184  -13.597922  -17.496801   -6.511830

site               274         275         276         277         278         279         280         281         282         283         284         285         286
L            2.350e-08    0.085077    0.085077   7.210e-06    0.001393    0.005167   3.041e-04   5.645e-04    0.061962   7.675e-04   4.735e-04    0.061962   1.482e-07
ln L        -17.566278   -2.464201   -2.464201  -11.840062   -6.576599   -5.265510   -8.098136   -7.479581   -2.781228   -7.172367   -7.655280   -2.781228  -15.724873

site               287         288         289         290         291         292         293         294         295         296         297         298         299
L             0.085077    0.076530   2.542e-07   7.588e-04    0.076530   3.772e-04    0.076530    0.061962   4.337e-08    0.061962    0.085077    0.002956    0.061962
ln L         -2.464201   -2.570073  -15.185312   -7.183753   -2.570073   -7.882780   -2.570073   -2.781228  -16.953523   -2.781228   -2.464201   -5.823992   -2.781228

site               300         301         302         303         304         305         306         307         308         309         310         311         312
L             0.076530   9.721e-08    0.076530    0.061962   1.877e-08   3.013e-04    0.085077   2.897e-06    0.085077    0.061962   1.250e-07    0.005167    0.005303
ln L         -2.570073  -16.146380   -2.570073   -2.781228  -17.791021   -8.107475   -2.464201  -12.751702   -2.464201   -2.781228  -15.894777   -5.265510   -5.239489

site               313         314         315         316         317         318         319         320         321         322         323         324         325
L            7.037e-06    0.002342   3.989e-06   1.094e-06    0.005910   2.302e-04   4.653e-04   5.835e-04    0.001325    0.006152    0.076530    0.085077    0.002342
ln L        -11.864278   -6.056944  -12.431889  -13.725486   -5.131175   -8.376442   -7.672850   -7.446499   -6.625986   -5.090934   -2.570073   -2.464201   -6.056944

site               326         327         328         329         330         331         332         333         334         335         336         337         338
L             0.001610    0.017454   4.735e-04    0.017454    0.017454   6.151e-06   2.089e-10    0.003758   8.367e-04    0.005554   2.209e-04   2.230e-04    0.085077
ln L         -6.431640   -4.048184   -7.655280   -4.048184   -4.048184  -11.998904  -22.289094   -5.583738   -7.085990   -5.193284   -8.417888   -8.408523   -2.464201

site               339         340         341         342         343         344         345         346         347         348         349         350         351
L             0.076530   8.629e-04    0.001709    0.085077   3.045e-05    0.006497    0.002342    0.002956    0.004646   4.151e-04   3.827e-08    0.005303   2.435e-06
ln L         -2.570073   -7.055205   -6.371742   -2.464201  -10.399463   -5.036404   -6.056944   -5.823992   -5.371765   -7.787079  -17.078704   -5.239413  -12.925615

site               352         353         354         355         356         357         358         359         360         361         362         363         364
L            1.884e-06    0.085077    0.085077   8.290e-06    0.005303    0.061962    0.007023    0.085077    0.006152   6.917e-09    0.076530    0.076530   7.130e-07
ln L        -13.182375   -2.464201   -2.464201  -11.700468   -5.239413   -2.781228   -4.958582   -2.464201   -5.090934  -18.789239   -2.570073   -2.570073  -14.153727

site               365         366         367         368         369         370         371         372         373         374         375         376         377
L            3.037e-05    0.005339   8.215e-08    0.002944    0.061962   8.688e-06    0.085077    0.076530    0.007023    0.076530    0.017454    0.003391    0.017454
ln L        -10.401944   -5.232777  -16.314754   -5.827936   -2.781228  -11.653600   -2.464201   -2.570073   -4.958582   -2.570073   -4.048184   -5.686535   -4.048184

site               378         379         380         381         382         383         384         385         386         387         388         389         390
L             0.085077    0.085077    0.085077    0.085077   3.378e-07    0.085077   3.328e-08   5.416e-08   1.556e-05    0.061962   6.685e-05    0.085077    0.061962
ln L         -2.464201   -2.464201   -2.464201   -2.464201  -14.900928   -2.464201  -17.218409  -16.731318  -11.070990   -2.781228   -9.612995   -2.464201   -2.781228

site               391         392         393         394         395         396         397         398         399         400         401         402         403
L            6.776e-06   4.275e-07    0.003870   4.386e-06    0.001671    0.061962   1.183e-05    0.076530    0.085077    0.005339   5.858e-04    0.061962   2.250e-04
ln L        -11.902070  -14.665294   -5.554435  -12.337076   -6.394579   -2.781228  -11.344471   -2.570073   -2.464201   -5.232777   -7.442593   -2.781228   -8.399262

site               404         405         406         407         408         409         410         411         412         413         414         415         416
L            6.485e-06   1.257e-04   2.922e-05    0.076530    0.076530   4.218e-04   3.656e-05    0.061962   5.494e-09   3.628e-04    0.061962    0.001900    0.076530
ln L        -11.946016   -8.981601  -10.440640   -2.570073   -2.570073   -7.770993  -10.216569   -2.781228  -19.019538   -7.921611   -2.781228   -6.265965   -2.570073

site               417         418         419         420         421         422         423         424         425         426         427         428         429
L             0.061962   3.164e-08   1.464e-04    0.061962   4.653e-04   2.645e-05    0.076530   2.050e-06   1.913e-04    0.005167   3.730e-06    0.085077    0.002342
ln L         -2.781228  -17.268917   -8.829366   -2.781228   -7.672850  -10.540290   -2.570073  -13.097783   -8.561475   -5.265510  -12.499049   -2.464201   -6.056944

site               430         431         432         433         434         435         436         437         438         439         440         441         442
L             0.001504    0.076530    0.076530   6.233e-05   6.761e-04    0.001177   1.341e-07   1.043e-04    0.061962   3.721e-06    0.085077    0.061962   2.590e-07
ln L         -6.499452   -2.570073   -2.570073   -9.683092   -7.299209   -6.744656  -15.824642   -9.167838   -2.781228  -12.501524   -2.464201   -2.781228  -15.166300

site               443         444         445         446         447         448         449         450         451         452         453         454         455
L            3.764e-06    0.001512   1.045e-08    0.017454    0.017454   2.807e-08   1.932e-04    0.001707   2.230e-06   1.150e-06    0.005554   1.972e-09   2.377e-04
ln L        -12.489912   -6.494317  -18.376295   -4.048184   -4.048184  -17.388524   -8.551902   -6.373000  -13.013480  -13.675648   -5.193284  -20.044346   -8.344536

site               456         457         458         459         460         461         462         463         464         465         466         467         468
L            1.604e-04   7.500e-05    0.061962    0.017454    0.061962    0.085077   3.422e-04    0.005910    0.002944    0.085077    0.061962    0.085077    0.017454
ln L         -8.737804   -9.497965   -2.781228   -4.048184   -2.781228   -2.464201   -7.980199   -5.131175   -5.827936   -2.464201   -2.781228   -2.464201   -4.048184

site               469         470         471         472         473         474         475         476         477         478         479         480         481
L             0.061962    0.061962    0.061962    0.085077    0.002342   3.983e-06   4.700e-04    0.085077    0.085077    0.085077    0.085077    0.076530    0.085077
ln L         -2.781228   -2.781228   -2.781228   -2.464201   -6.056944  -12.433440   -7.662842   -2.464201   -2.464201   -2.464201   -2.464201   -2.570073   -2.464201

site               482         483         484         485         486         487         488         489         490         491         492         493         494
L            3.257e-05    0.001516    0.085077    0.017454    0.085077    0.001756    0.061962    0.017454    0.061962    0.017454    0.085077    0.002438    0.061962
ln L        -10.332155   -6.491549   -2.464201   -4.048184   -2.464201   -6.344566   -2.781228   -4.048184   -2.781228   -4.048184   -2.464201   -6.016703   -2.781228

site               495         496         497         498         499         500         501         502         503         504         505         506         507
L             0.076530    0.003870   6.761e-04    0.001841   2.322e-07   4.450e-05    0.085077    0.001516    0.085077    0.017454    0.001177   2.104e-05   8.946e-06
ln L         -2.570073   -5.554435   -7.299209   -6.297534  -15.275498  -10.019971   -2.464201   -6.491549   -2.464201   -4.048184   -6.744656  -10.769071  -11.624279

site               508         509         510         511         512         513         514         515         516         517         518         519         520
L             0.006497   3.636e-07   3.450e-08    0.001393    0.246203   2.675e-05   6.575e-08    0.096867    0.005554   1.847e-05   9.013e-04    0.076530    0.061962
ln L         -5.036404  -14.827286  -17.182318   -6.576599   -1.401597  -10.529101  -16.537441   -2.334417   -5.193284  -10.899134   -7.011704   -2.570073   -2.781228

site               521         522         523         524         525         526         527         528         529         530         531         532         533
L             0.061962    0.001393   2.522e-04    0.061962    0.061962    0.085077    0.076530    0.076530    0.001595    0.085077    0.017454    0.085077    0.085077
ln L         -2.781228   -6.576599   -8.285265   -2.781228   -2.781228   -2.464201   -2.570073   -2.570073   -6.440819   -2.464201   -4.048184   -2.464201   -2.464201

site               534         535         536         537         538         539         540         541         542         543         544         545         546
L             0.085077   9.938e-04    0.001709   7.340e-06    0.324121   1.478e-06   4.582e-06   3.107e-06   2.733e-04    0.004646    0.017454    0.001338   7.062e-04
ln L         -2.464201   -6.913996   -6.371742  -11.822115   -1.126640  -13.424990  -12.293272  -12.681884   -8.204793   -5.371765   -4.048184   -6.616231   -7.255550

site               547         548         549         550         551         552         553         554         555         556         557         558         559
L             0.076530    0.001756    0.017454    0.076530    0.061962    0.085077    0.085077   1.104e-07    0.003072    0.076530   1.623e-04   1.060e-07   4.892e-10
ln L         -2.570073   -6.344566   -4.048184   -2.570073   -2.781228   -2.464201   -2.464201  -16.019164   -5.785281   -2.570073   -8.726259  -16.059931  -21.438294

site               560         561         562         563         564         565         566         567         568         569         570         571         572
L            5.192e-08   1.738e-07   2.260e-06    0.076530    0.076530   2.767e-07    0.005303   6.906e-05   2.461e-07   1.748e-10    0.061962   1.035e-05    0.085077
ln L        -16.773527  -15.565605  -13.000023   -2.570073   -2.570073  -15.100234   -5.239489   -9.580581  -15.217701  -22.467323   -2.781228  -11.478461   -2.464201

site               573         574         575         576         577         578         579         580         581         582         583         584         585
L            2.785e-04    0.085077   4.524e-05   2.392e-04   1.761e-04   1.991e-04    0.017454    0.017454    0.003232    0.061962    0.004126   9.847e-05    0.076530
ln L         -8.185976   -2.464201  -10.003620   -8.338156   -8.644331   -8.521728   -4.048184   -4.048184   -5.734520   -2.781228   -5.490413   -9.225776   -2.570073

site               586         587         588         589         590         591         592         593         594         595         596         597         598
L             0.061962    0.005554    0.100690    0.001177    0.076530    0.061962    0.061962    0.061962    0.061962    0.085077    0.085077    0.085077    0.017454
ln L         -2.781228   -5.193284   -2.295712   -6.744656   -2.570073   -2.781228   -2.781228   -2.781228   -2.781228   -2.464201   -2.464201   -2.464201   -4.048184

site               599         600         601         602         603         604         605         606         607         608         609         610         611
L             0.017454    0.085077    0.061962    0.085077   5.994e-04   4.541e-04    0.085077    0.017454    0.001709   6.961e-05    0.085077    0.061962    0.076530
ln L         -4.048184   -2.464201   -2.781228   -2.464201   -7.419600   -7.697137   -2.464201   -4.048184   -6.371742   -9.572619   -2.464201   -2.781228   -2.570073

site               612         613         614         615         616         617         618         619         620         621         622         623         624
L             0.076530   2.640e-05    0.061962    0.005167    0.017454   3.130e-04   1.991e-04    0.076530    0.061962    0.061962    0.085077    0.017454    0.017454
ln L         -2.570073  -10.542094   -2.781228   -5.265510   -4.048184   -8.069408   -8.521728   -2.570073   -2.781228   -2.781228   -2.464201   -4.048184   -4.048184

site               625         626         627         628         629         630         631         632         633         634         635         636         637
L            8.629e-04   1.619e-06    0.003232    0.076530    0.002438    0.085077    0.085077    0.085077    0.085077   3.353e-06    0.001717    0.061962    0.061962
ln L         -7.055205  -13.333689   -5.734520   -2.570073   -6.016703   -2.464201   -2.464201   -2.464201   -2.464201  -12.605640   -6.367403   -2.781228   -2.781228

site               638         639         640         641         642         643         644         645         646         647         648         649         650
L             0.017454    0.017454    0.061962    0.017454    0.076530    0.085077    0.085077    0.076530    0.061962    0.076530    0.076530    0.085077    0.085077
ln L         -4.048184   -4.048184   -2.781228   -4.048184   -2.570073   -2.464201   -2.464201   -2.570073   -2.781228   -2.570073   -2.570073   -2.464201   -2.464201

site               651         652         653         654         655         656         657         658         659         660         661         662         663
L             0.085077    0.061962    0.085077    0.085077    0.085077    0.085077    0.017454    0.061962    0.085077    0.085077    0.002485    0.085077   4.348e-05
ln L         -2.464201   -2.781228   -2.464201   -2.464201   -2.464201   -2.464201   -4.048184   -2.781228   -2.464201   -2.464201   -5.997638   -2.464201  -10.043196

site               664         665         666         667         668         669         670         671         672         673         674         675         676
L            4.932e-04   5.771e-06   7.675e-04    0.061962   5.983e-04   1.370e-06   1.140e-04   1.311e-08   1.553e-05    0.005339   1.422e-04   2.025e-04    0.076530
ln L         -7.614531  -12.062588   -7.172367   -2.781228   -7.421452  -13.500766   -9.078893  -18.150056  -11.072818   -5.232777   -8.858438   -8.504647   -2.570073

site               677         678         679         680         681         682         683         684         685         686         687         688         689
L            4.764e-07    0.003256    0.005167    0.001980    0.001393   2.414e-04   1.030e-08   2.891e-06   9.013e-04   8.636e-06   1.144e-08    0.003072   2.114e-04
ln L        -14.556995   -5.727353   -5.265510   -6.224499   -6.576599   -8.329104  -18.391428  -12.753922   -7.011704  -11.659567  -18.286025   -5.785281   -8.461576

site               690         691         692         693         694         695         696         697         698         699         700         701         702
L            5.107e-05    0.076530   1.038e-06    0.002678    0.061962   8.494e-10    0.085077   1.374e-04   1.514e-05   4.473e-06   1.422e-04    0.076530   4.125e-06
ln L         -9.882283   -2.570073  -13.777802   -5.922705   -2.781228  -20.886524   -2.464201   -8.892283  -11.098366  -12.317525   -8.858407   -2.570073  -12.398368

site               703         704         705         706         707         708         709         710         711         712         713         714         715
L             0.061962   5.835e-04    0.006746   1.991e-04   4.209e-06   3.182e-05   3.655e-06   1.484e-07    0.076530    0.076530   2.383e-06    0.006152    0.061962
ln L         -2.781228   -7.446499   -4.998824   -8.521728  -12.378168  -10.355404  -12.519286  -15.723295   -2.570073   -2.570073  -12.946982   -5.090934   -2.781228

site               716         717         718         719         720         721         722         723         724         725         726         727         728
L            1.049e-05   7.462e-06   1.483e-04   7.633e-09   2.562e-05    0.002956   2.710e-07    0.085077    0.005090    0.006759   6.179e-06    0.005167   8.765e-07
ln L        -11.465343  -11.805721   -8.816202  -18.690798  -10.572190   -5.823992  -15.121111   -2.464201   -5.280513   -4.996911  -11.994357   -5.265510  -13.947376

site               729         730         731         732         733         734         735         736         737         738         739         740         741
L            4.735e-04   5.665e-05   4.938e-06    0.085077    0.085077   1.417e-04    0.003758   7.437e-04   1.055e-07   5.183e-05    0.085077   3.989e-06    0.002438
ln L         -7.655280   -9.778531  -12.218604   -2.464201   -2.464201   -8.861579   -5.583738   -7.203925  -16.064754   -9.867469   -2.464201  -12.431889   -6.016703

site               742         743         744         745         746         747         748         749         750         751         752         753         754
L             0.085077    0.085077    0.085077   2.010e-04   9.773e-06   4.641e-05   3.174e-07   7.447e-06   6.473e-08   6.183e-06    0.005303    0.061962    0.085077
ln L         -2.464201   -2.464201   -2.464201   -8.511979  -11.535933   -9.977898  -14.963110  -11.807762  -16.553026  -11.993695   -5.239413   -2.781228   -2.464201

site               755         756         757         758         759         760         761         762         763         764         765         766         767
L            2.044e-06    0.001657    0.076530   3.091e-07   5.534e-07    0.005303   1.101e-06    0.061962    0.085077   4.467e-05    0.017454    0.061962   6.619e-04
ln L        -13.100743   -6.402656   -2.570073  -14.989615  -14.407143   -5.239413  -13.719365   -2.781228   -2.464201  -10.016232   -4.048184   -2.781228   -7.320348

site               768         769         770         771         772         773         774         775         776         777         778         779         780
L             0.085077    0.085077    0.085077   8.270e-06   2.075e-05   6.941e-09   4.497e-08    0.001610   2.603e-05   3.493e-07    0.061962   9.620e-06   9.539e-05
ln L         -2.464201   -2.464201   -2.464201  -11.702933  -10.783013  -18.785802  -16.917259   -6.431640  -10.556339  -14.867466   -2.781228  -11.551665   -9.257553

site               781         782         783         784         785         786         787         788         789         790         791         792         793
L            2.895e-04   2.785e-07    0.061962   3.538e-05   1.431e-05   3.132e-05    0.076530   2.868e-04    0.004974    0.061962   2.340e-06    0.085077    0.002485
ln L         -8.147356  -15.093719   -2.781228  -10.249491  -11.154575  -10.371220   -2.570073   -8.156694   -5.303511   -2.781228  -12.965428   -2.464201   -5.997638

site               794         795         796         797         798         799         800         801         802         803         804         805         806
L            3.904e-10    0.085077   1.694e-05   1.462e-05    0.085077    0.017454   1.299e-06    0.006497    0.004974   2.463e-07   1.770e-07    0.003072   6.788e-06
ln L        -21.663761   -2.464201  -10.986108  -11.133304   -2.464201   -4.048184  -13.553657   -5.036404   -5.303511  -15.216685  -15.547325   -5.785281  -11.900330

site               807         808         809         810         811         812         813         814         815         816         817         818         819
L            2.895e-04    0.076530   1.329e-05    0.085077   4.770e-04   2.664e-04    0.007023   1.120e-04   5.992e-06   3.133e-06    0.061962    0.006746    0.061962
ln L         -8.147356   -2.570073  -11.228837   -2.464201   -7.648010   -8.230488   -4.958582   -9.097185  -12.025091  -12.673395   -2.781228   -4.998824   -2.781228

site               820         821         822         823         824         825         826         827         828         829         830         831         832
L             0.001872   5.550e-07   1.680e-04    0.061962   6.272e-10   9.847e-05   6.261e-06    0.005339   4.286e-06   2.464e-05    0.085077   9.114e-05   1.539e-06
ln L         -6.280545  -14.404376   -8.691808   -2.781228  -21.189719   -9.225776  -11.981150   -5.232777  -12.360221  -10.611235   -2.464201   -9.303104  -13.384106

site               833         834         835         836         837         838         839         840         841         842         843         844         845
L            3.170e-05    0.076530    0.085077    0.085077    0.017454    0.085077    0.085077   4.698e-05   7.803e-05   5.027e-05    0.085077    0.001047   1.150e-05
ln L        -10.359330   -2.570073   -2.464201   -2.464201   -4.048184   -2.464201   -2.464201   -9.965816   -9.458473   -9.898141   -2.464201   -6.861514  -11.373283

site               846         847         848         849         850         851         852         853         854         855         856         857         858
L             0.001177    0.061962   2.646e-05    0.002649    0.001214   1.612e-09    0.085077   1.112e-05    0.001325    0.061962    0.017454   6.510e-06    0.002678
ln L         -6.744656   -2.781228  -10.539936   -5.933616   -6.713805  -20.245518   -2.464201  -11.406324   -6.625986   -2.781228   -4.048184  -11.942136   -5.922705

site               859         860         861         862         863         864         865         866         867         868         869         870         871
L             0.001177   4.666e-05    0.061962    0.017454    0.085077   6.761e-04    0.001512   5.636e-05    0.001393   8.244e-05   2.054e-08    0.085077    0.001709
ln L         -6.744656   -9.972532   -2.781228   -4.048184   -2.464201   -7.299209   -6.494317   -9.783706   -6.576599   -9.403432  -17.701116   -2.464201   -6.371742

site               872         873         874         875         876         877         878         879         880         881         882         883         884
L             0.005554    0.076530    0.085077   8.513e-05    0.085077    0.076530   3.550e-06   3.176e-07   6.275e-04   6.196e-07   6.218e-07   8.367e-04   1.383e-05
ln L         -5.193284   -2.570073   -2.464201   -9.371370   -2.464201   -2.570073  -12.548595  -14.962529   -7.373711  -14.294157  -14.290576   -7.085990  -11.188790

site               885         886         887         888         889         890         891         892         893         894         895         896         897
L             0.005554    0.061962    0.002014    0.003297    0.002201   2.807e-08   1.264e-04    0.061962    0.004646    0.085077    0.017454    0.076530    0.061962
ln L         -5.193284   -2.781228   -6.207738   -5.714656   -6.119053  -17.388635   -8.976167   -2.781228   -5.371765   -2.464201   -4.048184   -2.570073   -2.781228

site               898
L             0.061962
ln L         -2.781228

Likelihoods for each site on tree 2:

site                 1           2           3           4           5           6           7           8           9          10          11          12          13
L             0.084023    0.084023    0.017160    0.005484    0.061123    0.061123   2.793e-05   4.938e-05    0.002936   7.189e-07    0.017160    0.017160   4.453e-06
ln L         -2.476662   -2.476662   -4.065160   -5.205853   -2.794862   -2.794862  -10.485905   -9.915893   -5.830583  -14.145538   -4.065160   -4.065160  -12.322037

site                14          15          16          17          18          19          20          21          22          23          24          25          26
L             0.017160    0.075552    0.006938   1.186e-04   1.023e-04   6.816e-07   1.396e-05   5.545e-06   1.100e-05    0.075552    0.061123   1.407e-10    0.084023
ln L         -4.065160   -2.582940   -4.970735   -9.039605   -9.187989  -14.198771  -11.179460  -12.102610  -11.417663   -2.582940   -2.794862  -22.684246   -2.476662

site                27          28          29          30          31          32          33          34          35          36          37          38          39
L             0.061123   1.356e-05   9.373e-04    0.061123   2.792e-09    0.017160    0.075552   3.193e-06    0.075552    0.084023   3.098e-06    0.017160    0.017160
ln L         -2.794862  -11.208253   -6.972537   -2.794862  -19.696651   -4.065160   -2.582940  -12.654652   -2.582940   -2.476662  -12.684800   -4.065160   -4.065160

site                40          41          42          43          44          45          46          47          48          49          50          51          52
L            4.099e-09    0.005228    0.061123   7.361e-07    0.084023    0.075552   4.054e-07    0.061123    0.075552   1.082e-09    0.061123    0.075552   1.237e-04
ln L        -19.312526   -5.253777   -2.794862  -14.121930   -2.476662   -2.582940  -14.718322   -2.794862   -2.582940  -20.644342   -2.794862   -2.582940   -8.997897

site                53          54          55          56          57          58          59          60          61          62          63          64          65
L            3.616e-07    0.061123   3.457e-07   1.055e-07   5.473e-05   1.488e-06    0.061123    0.061123    0.005484    0.061123    0.017160    0.004121   4.489e-05
ln L        -14.832633   -2.794862  -14.877754  -16.064287   -9.813133  -13.418007   -2.794862   -2.794862   -5.205853   -2.794862   -4.065160   -5.491717  -10.011358

site                66          67          68          69          70          71          72          73          74          75          76          77          78
L             0.061123   3.195e-07    0.017160    0.075552   4.076e-06    0.084023    0.084023   1.148e-04    0.005435    0.075552    0.004580    0.084023    0.084023
ln L         -2.794862  -14.956525   -4.065160   -2.582940  -12.410446   -2.476662   -2.476662   -9.071897   -5.214843   -2.582940   -5.386145   -2.476662   -2.476662

site                79          80          81          82          83          84          85          86          87          88          89          90          91
L            3.140e-05    0.061123    0.084023   9.500e-06    0.017160    0.084023   7.018e-04    0.075552    0.017160   3.161e-06    0.002408    0.001782   7.978e-08
ln L        -10.368615   -2.794862   -2.476662  -11.564247   -4.065160   -2.476662   -7.261885   -2.582940   -4.065160  -12.664655   -6.028856   -6.330102  -16.343955

site                92          93          94          95          96          97          98          99         100         101         102         103         104
L             0.075552    0.084023   1.073e-04    0.084023   4.054e-04   4.728e-05    0.075552    0.017160   4.022e-06    0.084023   7.637e-05    0.002329    0.084023
ln L         -2.582940   -2.476662   -9.139771   -2.476662   -7.810702   -9.959381   -2.582940   -4.065160  -12.423751   -2.476662   -9.479947   -6.062301   -2.476662

site               105         106         107         108         109         110         111         112         113         114         115         116         117
L             0.061123    0.084023   1.846e-05   4.862e-04   1.513e-06    0.005228    0.061123   2.259e-08   1.301e-04    0.075552   8.939e-07    0.075552   2.953e-04
ln L         -2.794862   -2.476662  -10.900144   -7.628921  -13.401255   -5.253777   -2.794862  -17.605972   -8.947100   -2.582940  -13.927717   -2.582940   -8.127591

site               118         119         120         121         122         123         124         125         126         127         128         129         130
L            1.447e-05    0.017160    0.017160   2.132e-07    0.005015    0.061123   7.740e-08    0.075552    0.084023    0.084023    0.001355    0.003096   9.908e-08
ln L        -11.143413   -4.065160   -4.065160  -15.360873   -5.295343   -2.794862  -16.374278   -2.582940   -2.476662   -2.476662   -6.603747   -5.777524  -16.127343

site               131         132         133         134         135         136         137         138         139         140         141         142         143
L            2.047e-04    0.061123    0.004580   4.733e-04    0.061123   1.282e-04    0.075552    0.075552   6.306e-06    0.001967    0.061123   3.398e-07    0.002408
ln L         -8.493827   -2.794862   -5.386145   -7.655729   -2.794862   -8.961661   -2.582940   -2.582940  -11.974068   -6.230994   -2.794862  -14.894921   -6.028856

site               144         145         146         147         148         149         150         151         152         153         154         155         156
L            2.507e-04    0.084023    0.017160    0.002071   5.692e-07   5.320e-07    0.002839   9.389e-07    0.061123    0.017160    0.084023    0.061123    0.017160
ln L         -8.291318   -2.476662   -4.065160   -6.179546  -14.379121  -14.446651   -5.864224  -13.878535   -2.794862   -4.065160   -2.476662   -2.794862   -4.065160

site               157         158         159         160         161         162         163         164         165         166         167         168         169
L             0.084023   9.245e-05    0.061123   1.170e-09   6.344e-05   1.587e-04   3.175e-05    0.017160    0.075552    0.003801    0.084023    0.001508    0.005228
ln L         -2.476662   -9.288798   -2.794862  -20.566311   -9.665415   -8.748371  -10.357614   -4.065160   -2.582940   -5.572401   -2.476662   -6.497237   -5.253777

site               170         171         172         173         174         175         176         177         178         179         180         181         182
L             0.005484    0.061123   1.658e-04   3.154e-06    0.075552   1.230e-04    0.084023    0.084023    0.002127    0.075552    0.061123   4.802e-07    0.017160
ln L         -5.205853   -2.794862   -8.704961  -12.666886   -2.582940   -9.003254   -2.476662   -2.476662   -6.152860   -2.582940   -2.794862  -14.549075   -4.065160

site               183         184         185         186         187         188         189         190         191         192         193         194         195
L             0.075552    0.002127   5.739e-05    0.061123    0.006078    0.075552    0.075552    0.003228   1.671e-05    0.075552   1.326e-05   1.338e-04    0.075552
ln L         -2.582940   -6.152860   -9.765605   -2.794862   -5.103086   -2.582940   -2.582940   -5.735920  -10.999323   -2.582940  -11.230528   -8.919467   -2.582940

site               196         197         198         199         200         201         202         203         204         205         206         207         208
L            1.295e-06    0.084023    0.061123   9.642e-08    0.084023    0.084023   1.902e-07    0.002936    0.061123   3.157e-06   1.819e-04    0.061123   4.780e-08
ln L        -13.556723   -2.476662   -2.794862  -16.154564   -2.476662   -2.476662  -15.475251   -5.830583   -2.794862  -12.665754   -8.612036   -2.794862  -16.856219

site               209         210         211         212         213         214         215         216         217         218         219         220         221
L             0.017160    0.017160   6.499e-11    0.017160    0.084023   7.018e-04    0.005228    0.061123   8.513e-05    0.004866   7.833e-05   2.060e-05    0.001508
ln L         -4.065160   -4.065160  -23.456816   -4.065160   -2.476662   -7.261885   -5.253777   -2.794862   -9.371326   -5.325485   -9.454611  -10.790009   -6.497237

site               222         223         224         225         226         227         228         229         230         231         232         233         234
L             0.004866   1.718e-05    0.001866    0.003810   3.515e-05   8.135e-08    0.002948   3.228e-06   1.922e-06    0.075552   1.196e-05   6.020e-07    0.002652
ln L         -5.325485  -10.971829   -6.283998   -5.570116  -10.255989  -16.324565   -5.826651  -12.643581  -13.162387   -2.582940  -11.334310  -14.323082   -5.932293

site               235         236         237         238         239         240         241         242         243         244         245         246         247
L            1.820e-07    0.061123    0.061123   4.037e-06    0.061123    0.075552   1.630e-05    0.061123    0.017160   9.301e-08   9.933e-04    0.075552   1.406e-05
ln L        -15.519141   -2.794862   -2.794862  -12.420095   -2.794862   -2.582940  -11.024499   -2.794862   -4.065160  -16.190611   -6.914519   -2.582940  -11.172427

site               248         249         250         251         252         253         254         255         256         257         258         259         260
L            3.353e-04    0.084023   1.251e-05   4.985e-04   3.176e-06   1.179e-05    0.084023    0.075552   2.700e-07    0.002019    0.061123   1.398e-06   2.916e-07
ln L         -8.000528   -2.476662  -11.288801   -7.603828  -12.659933  -11.348378   -2.476662   -2.582940  -15.124694   -6.205262   -2.794862  -13.480362  -15.048049

site               261         262         263         264         265         266         267         268         269         270         271         272         273
L             0.002862   5.368e-06   8.544e-07    0.061123   1.683e-07    0.002408    0.002936   4.021e-05    0.017160    0.017160   1.826e-06   1.842e-08    0.001475
ln L         -5.856398  -12.135054  -13.972909   -2.794862  -15.597743   -6.028856   -5.830583  -10.121340   -4.065160   -4.065160  -13.213560  -17.809860   -6.519252

site               274         275         276         277         278         279         280         281         282         283         284         285         286
L            2.526e-08    0.084023    0.084023   1.077e-05    0.001355    0.005098   3.011e-04   5.076e-04    0.061123   7.598e-04   4.726e-04    0.061123   1.737e-07
ln L        -17.493962   -2.476662   -2.476662  -11.438579   -6.603747   -5.278865   -8.108225   -7.585771   -2.794862   -7.182455   -7.657158   -2.794862  -15.566074

site               287         288         289         290         291         292         293         294         295         296         297         298         299
L             0.084023    0.075552   1.781e-08   7.484e-04    0.075552   3.702e-04    0.075552    0.061123   4.061e-08    0.061123    0.084023    0.002936    0.061123
ln L         -2.476662   -2.582940  -17.843415   -7.197589   -2.582940   -7.901585   -2.582940   -2.794862  -17.019129   -2.794862   -2.476662   -5.830583   -2.794862

site               300         301         302         303         304         305         306         307         308         309         310         311         312
L             0.075552   9.014e-08    0.075552    0.061123   2.240e-08   2.852e-04    0.084023   2.869e-06    0.084023    0.061123   1.823e-07    0.005098    0.005188
ln L         -2.582940  -16.221913   -2.582940   -2.794862  -17.614395   -8.162382   -2.476662  -12.761544   -2.476662   -2.794862  -15.517491   -5.278865   -5.261463

site               313         314         315         316         317         318         319         320         321         322         323         324         325
L            6.799e-06    0.002294   5.834e-06   1.541e-05    0.005790   2.240e-04   4.653e-04   8.654e-04    0.001967    0.006078    0.075552    0.084023    0.002294
ln L        -11.898798   -6.077429  -12.051772  -11.080692   -5.151660   -8.403719   -7.672764   -7.052376   -6.230994   -5.103086   -2.582940   -2.476662   -6.077429

site               326         327         328         329         330         331         332         333         334         335         336         337         338
L             0.001582    0.017160   4.726e-04    0.017160    0.017160   5.715e-06   5.826e-10    0.003733   9.373e-04    0.005484   2.187e-04   2.152e-04    0.084023
ln L         -6.449205   -4.065160   -7.657158   -4.065160   -4.065160  -12.072351  -21.263435   -5.590499   -6.972537   -5.205853   -8.427986   -8.443782   -2.476662

site               339         340         341         342         343         344         345         346         347         348         349         350         351
L             0.075552   8.349e-04    0.001782    0.084023   1.895e-06    0.006362    0.002294    0.002936    0.004580   4.130e-04   3.571e-08    0.005228   2.325e-06
ln L         -2.582940   -7.088244   -6.330102   -2.476662  -13.176326   -5.057403   -6.077429   -5.830583   -5.386145   -7.792147  -17.147966   -5.253793  -12.971647

site               352         353         354         355         356         357         358         359         360         361         362         363         364
L            2.062e-06    0.084023    0.084023   1.233e-05    0.005228    0.061123    0.006938    0.084023    0.006078   6.188e-09    0.075552    0.075552   8.170e-07
ln L        -13.092039   -2.476662   -2.476662  -11.303773   -5.253793   -2.794862   -4.970735   -2.476662   -5.103086  -18.900595   -2.582940   -2.582940  -14.017673

site               365         366         367         368         369         370         371         372         373         374         375         376         377
L            2.865e-05    0.005228   9.772e-08    0.002862    0.061123   8.732e-06    0.084023    0.075552    0.006938    0.075552    0.017160    0.003360    0.017160
ln L        -10.460297   -5.253777  -16.141157   -5.856398   -2.794862  -11.648566   -2.476662   -2.582940   -4.970735   -2.582940   -4.065160   -5.695707   -4.065160

site               378         379         380         381         382         383         384         385         386         387         388         389         390
L             0.084023    0.084023    0.084023    0.084023   3.333e-07    0.084023   2.982e-08   5.440e-08   1.529e-05    0.061123   6.908e-05    0.084023    0.061123
ln L         -2.476662   -2.476662   -2.476662   -2.476662  -14.914120   -2.476662  -17.328248  -16.726942  -11.087996   -2.794862   -9.580276   -2.476662   -2.794862

site               391         392         393         394         395         396         397         398         399         400         401         402         403
L            6.794e-06   4.814e-07    0.003810   4.199e-06    0.001636    0.061123   1.157e-05    0.075552    0.084023    0.005228   5.837e-04    0.061123   2.178e-04
ln L        -11.899474  -14.546475   -5.570116  -12.380548   -6.415244   -2.794862  -11.367223   -2.582940   -2.476662   -5.253777   -7.446131   -2.794862   -8.431918

site               404         405         406         407         408         409         410         411         412         413         414         415         416
L            6.100e-06   1.231e-04   2.748e-05    0.075552    0.075552   3.995e-04   3.568e-05    0.061123   4.901e-09   3.481e-04    0.061123    0.002127    0.075552
ln L        -12.007197   -9.002174  -10.501879   -2.582940   -2.582940   -7.825277  -10.241017   -2.794862  -19.133786   -7.963154   -2.794862   -6.152860   -2.582940

site               417         418         419         420         421         422         423         424         425         426         427         428         429
L             0.061123   2.930e-08   1.447e-04    0.061123   4.653e-04   2.601e-05    0.075552   1.793e-06   1.974e-04    0.005098   4.155e-06    0.084023    0.002294
ln L         -2.794862  -17.345681   -8.840926   -2.794862   -7.672764  -10.556967   -2.582940  -13.231829   -8.530512   -5.278865  -12.391266   -2.476662   -6.077429

site               430         431         432         433         434         435         436         437         438         439         440         441         442
L             0.001473    0.075552    0.075552   6.013e-05   6.647e-04    0.001166   1.358e-07   1.048e-04    0.061123   3.834e-06    0.084023    0.061123   3.483e-07
ln L         -6.520535   -2.582940   -2.582940   -9.718920   -7.316196   -6.753828  -15.812152   -9.163597   -2.794862  -12.471714   -2.476662   -2.794862  -14.870277

site               443         444         445         446         447         448         449         450         451         452         453         454         455
L            3.608e-06    0.001398   1.274e-08    0.017160    0.017160   3.311e-08   1.989e-04    0.001778   2.183e-06   1.143e-06    0.005484   1.142e-08   2.292e-04
ln L        -12.532277   -6.573051  -18.178691   -4.065160   -4.065160  -17.223496   -8.522571   -6.332336  -13.034758  -13.682231   -5.205853  -18.287815   -8.381011

site               456         457         458         459         460         461         462         463         464         465         466         467         468
L            1.598e-04   7.423e-05    0.061123    0.017160    0.061123    0.084023   2.062e-05    0.005790    0.002862    0.084023    0.061123    0.084023    0.017160
ln L         -8.741430   -9.508335   -2.794862   -4.065160   -2.794862   -2.476662  -10.789089   -5.151660   -5.856398   -2.476662   -2.794862   -2.476662   -4.065160

site               469         470         471         472         473         474         475         476         477         478         479         480         481
L             0.061123    0.061123    0.061123    0.084023    0.002294   4.453e-06   4.410e-04    0.084023    0.084023    0.084023    0.084023    0.075552    0.084023
ln L         -2.794862   -2.794862   -2.794862   -2.476662   -6.077429  -12.322037   -7.726516   -2.476662   -2.476662   -2.476662   -2.476662   -2.582940   -2.476662

site               482         483         484         485         486         487         488         489         490         491         492         493         494
L            2.919e-05    0.001488    0.084023    0.017160    0.084023    0.001965    0.061123    0.017160    0.061123    0.017160    0.084023    0.002408    0.061123
ln L        -10.441636   -6.510069   -2.476662   -4.065160   -2.476662   -6.232137   -2.794862   -4.065160   -2.794862   -4.065160   -2.476662   -6.028856   -2.794862

site               495         496         497         498         499         500         501         502         503         504         505         506         507
L             0.075552    0.003810   6.647e-04    0.001815   2.300e-07   6.005e-06    0.084023    0.001488    0.084023    0.017160    0.001166   2.498e-05   2.119e-07
ln L         -2.582940   -5.570116   -7.316196   -6.311914  -15.284986  -12.022918   -2.476662   -6.510069   -2.476662   -4.065160   -6.753828  -10.597314  -15.367191

site               508         509         510         511         512         513         514         515         516         517         518         519         520
L             0.006362   5.389e-07   3.007e-08    0.001355    0.246262   2.669e-05   6.116e-08    0.095645    0.005484   2.095e-06   9.338e-04    0.075552    0.061123
ln L         -5.057403  -14.433666  -17.319595   -6.603747   -1.401358  -10.531325  -16.609830   -2.347111   -5.205853  -13.076118   -6.976207   -2.582940   -2.794862

site               521         522         523         524         525         526         527         528         529         530         531         532         533
L             0.061123    0.001355   2.431e-04    0.061123    0.061123    0.084023    0.075552    0.075552    0.001569    0.084023    0.017160    0.084023    0.084023
ln L         -2.794862   -6.603747   -8.322020   -2.794862   -2.794862   -2.476662   -2.582940   -2.582940   -6.457592   -2.476662   -4.065160   -2.476662   -2.476662

site               534         535         536         537         538         539         540         541         542         543         544         545         546
L             0.084023   9.545e-04    0.001782   7.311e-06    0.324121   1.654e-06   4.243e-06   3.067e-06   2.000e-04    0.004580    0.017160    0.001273   7.018e-04
ln L         -2.476662   -6.954295   -6.330102  -11.826191   -1.126639  -13.312159  -12.370171  -12.694922   -8.516994   -5.386145   -4.065160   -6.666380   -7.261885

site               547         548         549         550         551         552         553         554         555         556         557         558         559
L             0.075552    0.001965    0.017160    0.075552    0.061123    0.084023    0.084023   7.563e-08    0.002948    0.075552   1.605e-04   1.194e-07   5.482e-10
ln L         -2.582940   -6.232137   -4.065160   -2.582940   -2.794862   -2.476662   -2.476662  -16.397421   -5.826651   -2.582940   -8.737361  -15.940956  -21.324338

site               560         561         562         563         564         565         566         567         568         569         570         571         572
L            2.991e-09   1.451e-08   1.938e-06    0.075552    0.075552   2.629e-07    0.005188   6.581e-05   2.347e-07   5.547e-11    0.061123   9.679e-06    0.084023
ln L        -19.627745  -18.048203  -13.153996   -2.582940   -2.582940  -15.151501   -5.261463   -9.628706  -15.264926  -23.615180   -2.794862  -11.545571   -2.476662

site               573         574         575         576         577         578         579         580         581         582         583         584         585
L            2.664e-04    0.084023   6.793e-06   2.246e-04   1.730e-04   1.903e-04    0.017160    0.017160    0.003096    0.061123    0.004062   1.452e-04    0.075552
ln L         -8.230548   -2.476662  -11.899562   -8.401279   -8.661949   -8.566857   -4.065160   -4.065160   -5.777524   -2.794862   -5.506095   -8.837632   -2.582940

site               586         587         588         589         590         591         592         593         594         595         596         597         598
L             0.061123    0.005484    0.099448    0.001166    0.075552    0.061123    0.061123    0.061123    0.061123    0.084023    0.084023    0.084023    0.017160
ln L         -2.794862   -5.205853   -2.308125   -6.753828   -2.582940   -2.794862   -2.794862   -2.794862   -2.794862   -2.476662   -2.476662   -2.476662   -4.065160

site               599         600         601         602         603         604         605         606         607         608         609         610         611
L             0.017160    0.084023    0.061123    0.084023   6.278e-04   4.591e-04    0.084023    0.017160    0.001782   6.851e-05    0.084023    0.061123    0.075552
ln L         -4.065160   -2.476662   -2.794862   -2.476662   -7.373368   -7.686267   -2.476662   -4.065160   -6.330102   -9.588570   -2.476662   -2.794862   -2.582940

site               612         613         614         615         616         617         618         619         620         621         622         623         624
L             0.075552   2.595e-05    0.061123    0.005098    0.017160   4.054e-04   1.903e-04    0.075552    0.061123    0.061123    0.084023    0.017160    0.017160
ln L         -2.582940  -10.559428   -2.794862   -5.278865   -4.065160   -7.810702   -8.566857   -2.582940   -2.794862   -2.794862   -2.476662   -4.065160   -4.065160

site               625         626         627         628         629         630         631         632         633         634         635         636         637
L            8.349e-04   1.496e-06    0.003096    0.075552    0.002408    0.084023    0.084023    0.084023    0.084023   4.220e-05    0.001590    0.061123    0.061123
ln L         -7.088244  -13.413049   -5.777524   -2.582940   -6.028856   -2.476662   -2.476662   -2.476662   -2.476662  -10.073182   -6.444022   -2.794862   -2.794862

site               638         639         640         641         642         643         644         645         646         647         648         649         650
L             0.017160    0.017160    0.061123    0.017160    0.075552    0.084023    0.084023    0.075552    0.061123    0.075552    0.075552    0.084023    0.084023
ln L         -4.065160   -4.065160   -2.794862   -4.065160   -2.582940   -2.476662   -2.476662   -2.582940   -2.794862   -2.582940   -2.582940   -2.476662   -2.476662

site               651         652         653         654         655         656         657         658         659         660         661         662         663
L             0.084023    0.061123    0.084023    0.084023    0.084023    0.084023    0.017160    0.061123    0.084023    0.084023    0.002459    0.084023   4.126e-05
ln L         -2.476662   -2.794862   -2.476662   -2.476662   -2.476662   -2.476662   -4.065160   -2.794862   -2.476662   -2.476662   -6.008014   -2.476662  -10.095558

site               664         665         666         667         668         669         670         671         672         673         674         675         676
L            4.713e-04   5.784e-06   7.598e-04    0.061123   6.229e-04   1.764e-06   1.137e-04   1.469e-08   1.629e-05    0.005228   1.397e-04   1.952e-04    0.075552
ln L         -7.659985  -12.060496   -7.182455   -2.794862   -7.381086  -13.247902   -9.081902  -18.036234  -11.025074   -5.253777   -8.875707   -8.541406   -2.582940

site               677         678         679         680         681         682         683         684         685         686         687         688         689
L            3.514e-07    0.003236    0.005098    0.001834    0.001355   2.310e-04   8.978e-09   2.986e-06   9.338e-04   8.271e-06   1.078e-08    0.002948   2.091e-04
ln L        -14.861318   -5.733444   -5.278865   -6.301425   -6.603747   -8.373255  -18.528534  -12.721458   -6.976207  -11.702696  -18.345322   -5.826651   -8.472677

site               690         691         692         693         694         695         696         697         698         699         700         701         702
L            5.076e-05    0.075552   1.221e-06    0.002652    0.061123   1.375e-10    0.084023   1.273e-04   1.463e-05   4.565e-06   1.438e-04    0.075552   4.081e-06
ln L         -9.888309   -2.582940  -13.615546   -5.932293   -2.794862  -22.707106   -2.476662   -8.968771  -11.132200  -12.297167   -8.847271   -2.582940  -12.409141

site               703         704         705         706         707         708         709         710         711         712         713         714         715
L             0.061123   8.654e-04    0.006609   1.903e-04   6.227e-06   3.195e-05   3.458e-06   1.085e-07    0.075552    0.075552   2.220e-06    0.006078    0.061123
ln L         -2.794862   -7.052376   -5.019308   -8.566857  -11.986681  -10.351197  -12.574793  -16.036066   -2.582940   -2.582940  -13.018091   -5.103086   -2.794862

site               716         717         718         719         720         721         722         723         724         725         726         727         728
L            1.037e-05   7.054e-06   1.428e-04   8.386e-09   2.517e-05    0.002936   3.263e-07    0.084023    0.005015    0.006674   6.152e-06    0.005098   9.962e-07
ln L        -11.476684  -11.861846   -8.853877  -18.596673  -10.589964   -5.830583  -14.935387   -2.476662   -5.295343   -5.009480  -11.998753   -5.278865  -13.819279

site               729         730         731         732         733         734         735         736         737         738         739         740         741
L            4.726e-04   8.470e-05   4.756e-06    0.084023    0.084023   1.408e-04    0.003733   7.359e-04   1.283e-08   6.614e-05    0.084023   5.834e-06    0.002408
ln L         -7.657158   -9.376371  -12.256074   -2.476662   -2.476662   -8.867992   -5.590499   -7.214477  -18.171549   -9.623790   -2.476662  -12.051772   -6.028856

site               742         743         744         745         746         747         748         749         750         751         752         753         754
L             0.084023    0.084023    0.084023   1.975e-04   9.619e-06   4.417e-05   4.103e-07   9.485e-06   9.119e-08   6.954e-06    0.005228    0.061123    0.084023
ln L         -2.476662   -2.476662   -2.476662   -8.529597  -11.551776  -10.027524  -14.706297  -11.565843  -16.210325  -11.876202   -5.253793   -2.794862   -2.476662

site               755         756         757         758         759         760         761         762         763         764         765         766         767
L            2.266e-06    0.001633    0.075552   3.046e-07   6.614e-07    0.005228   6.459e-08    0.061123    0.084023   4.494e-05    0.017160    0.061123   6.484e-04
ln L        -12.997706   -6.417486   -2.582940  -15.004307  -14.228967   -5.253793  -16.555140   -2.794862   -2.476662  -10.010271   -4.065160   -2.794862   -7.341014

site               768         769         770         771         772         773         774         775         776         777         778         779         780
L             0.084023    0.084023    0.084023   8.082e-06   2.010e-05   6.425e-09   5.442e-08    0.001582   2.532e-05   3.323e-07    0.061123   9.122e-06   9.057e-05
ln L         -2.476662   -2.476662   -2.476662  -11.725888  -10.814821  -18.863129  -16.726443   -6.449205  -10.583720  -14.917101   -2.794862  -11.604770   -9.309401

site               781         782         783         784         785         786         787         788         789         790         791         792         793
L            2.734e-04   2.712e-07    0.061123   3.319e-05   1.417e-05   2.985e-05    0.075552   2.748e-04    0.004866    0.061123   3.084e-06    0.084023    0.002459
ln L         -8.204662  -15.120474   -2.794862  -10.313386  -11.164250  -10.419258   -2.582940   -8.199627   -5.325485   -2.794862  -12.689145   -2.476662   -6.008014

site               794         795         796         797         798         799         800         801         802         803         804         805         806
L            2.939e-11    0.084023   2.489e-06   1.435e-05    0.084023    0.017160   1.933e-06    0.006362    0.004866   2.382e-07   2.290e-07    0.002948   7.460e-06
ln L        -24.250346   -2.476662  -12.903613  -11.152072   -2.476662   -4.065160  -13.156388   -5.057403   -5.325485  -15.250345  -15.289603   -5.826651  -11.805906

site               807         808         809         810         811         812         813         814         815         816         817         818         819
L            2.734e-04    0.075552   1.253e-05    0.084023   4.733e-04   2.637e-04    0.006938   1.146e-04   8.451e-06   4.361e-06    0.061123    0.006609    0.061123
ln L         -8.204662   -2.582940  -11.287560   -2.476662   -7.655729   -8.240576   -4.970735   -9.074080  -11.681192  -12.342714   -2.794862   -5.019308   -2.794862

site               820         821         822         823         824         825         826         827         828         829         830         831         832
L             0.002095   6.880e-07   1.669e-04    0.061123   7.001e-10   1.452e-04   5.816e-06    0.005228   4.235e-06   2.918e-05    0.084023   8.754e-05   1.557e-06
ln L         -6.168115  -14.189485   -8.697835   -2.794862  -21.079797   -8.837632  -12.054846   -5.253777  -12.372111  -10.441861   -2.476662   -9.343390  -13.372611

site               833         834         835         836         837         838         839         840         841         842         843         844         845
L            3.146e-05    0.075552    0.084023    0.084023    0.017160    0.084023    0.084023   4.582e-05   7.787e-05   4.668e-05    0.084023    0.001349   1.083e-05
ln L        -10.366655   -2.582940   -2.476662   -2.476662   -4.065160   -2.476662   -2.476662   -9.990834   -9.460413   -9.972249   -2.476662   -6.608204  -11.433488

site               846         847         848         849         850         851         852         853         854         855         856         857         858
L             0.001166    0.061123   3.127e-05    0.002622    0.001155   3.020e-08    0.084023   1.065e-05    0.001967    0.061123    0.017160   7.233e-06    0.002652
ln L         -6.753828   -2.794862  -10.372739   -5.943992   -6.763930  -17.315548   -2.476662  -11.450280   -6.230994   -2.794862   -4.065160  -11.836887   -5.932293

site               859         860         861         862         863         864         865         866         867         868         869         870         871
L             0.001166   5.966e-05    0.061123    0.017160    0.084023   6.647e-04    0.001398   5.544e-05    0.001355   9.245e-05   1.844e-08    0.084023    0.001782
ln L         -6.753828   -9.726790   -2.794862   -4.065160   -2.476662   -7.316196   -6.573051   -9.800276   -6.603747   -9.288798  -17.808526   -2.476662   -6.330102

site               872         873         874         875         876         877         878         879         880         881         882         883         884
L             0.005484    0.075552    0.084023   8.438e-05    0.084023    0.075552   3.602e-06   4.699e-07   6.063e-04   6.093e-07   7.791e-07   9.373e-04   1.299e-05
ln L         -5.205853   -2.582940   -2.476662   -9.380234   -2.476662   -2.582940  -12.533931  -14.570772   -7.408214  -14.310904  -14.065172   -6.972537  -11.251332

site               885         886         887         888         889         890         891         892         893         894         895         896         897
L             0.005484    0.061123    0.001866    0.003166    0.002173   2.461e-08   1.412e-04    0.061123    0.004580    0.084023    0.017160    0.075552    0.061123
ln L         -5.205853   -2.794862   -6.283998   -5.755195   -6.131622  -17.520002   -8.865002   -2.794862   -5.386145   -2.476662   -4.065160   -2.582940   -2.794862

site               898
L             0.061123
ln L         -2.794862

Time used to compute likelihoods = 0.04 sec (CPU time = 0.30 sec)

Tree scores (and parameter estimates) written to file: ~/Library/CloudStorage/Dropbox/Lab/James
McInerney/programming/MLDecay/debug_runs/mldecay_20250520_142021/site_lnl_Clade_11.txt

--- STDERR ---

Computing likelihood scores...

[#########################                         ] 50.0% 
[##################################################] 100.0% 
