--- STDOUT ---

P A U P *
Version 4.0a (build 168) for macOS (built on Aug  2 2020 at 06:41:30)
Tue May 20 14:21:40 2025

        -----------------------------NOTICE-----------------------------
          This is a test version that is still changing rapidly.
          Please report bugs to dave@phylosolutions.com
        ----------------------------------------------------------------

Running on Apple M3 Max
    16 CPU cores on 1 socket
    Executable built for Intel(R) 64 architecture
    Compiled using Intel compiler (icc) 11.1.0 (build 20091012)
    SSE vectorization enabled
    SSSE3 instructions supported
    Multithreading enabled using Pthreads

Processing of file "~/Library/CloudStorage/Dropbox/Lab/James McInerney/programming/MLDecay/debug_runs/mldecay_20250520_142021/site_analysis_Clade_10.nex" begins...

Processing of file "~/Library/CloudStorage/Dropbox/Lab/James McInerney/programming/MLDecay/debug_runs/mldecay_20250520_142021/alignment.nex" begins...

Data read in DNA format

Data matrix has 12 taxa, 898 characters
Valid character-state symbols: ACGT
Missing data identified by '?'
Gaps identified by '-'
"Equate" macros in effect:
   R,r ==> {AG}
   Y,y ==> {CT}
   M,m ==> {AC}
   K,k ==> {GT}
   S,s ==> {CG}
   W,w ==> {AT}
   H,h ==> {ACT}
   B,b ==> {CGT}
   V,v ==> {ACG}
   D,d ==> {AGT}
   N,n ==> {ACGT}

Processing of input file "alignment.nex" completed.

Optimality criterion set to likelihood.

Processing TREES block from file: ~/Library/CloudStorage/Dropbox/Lab/James McInerney/programming/MLDecay/debug_runs/mldecay_20250520_142021/ml_tree.tre
  Keeping: trees from file (replacing any trees already in memory)
  1 tree read from file

  Time used = 0.00 sec (CPU time = 0.00 sec)

Note: Input trees are rooted but current criterion and/or option settings would specify unrooted trees.  (You can deroot the trees using the 'derootTrees' command.)

Processing TREES block from file: ~/Library/CloudStorage/Dropbox/Lab/James McInerney/programming/MLDecay/debug_runs/mldecay_20250520_142021/constraint_tree_10.tre
  Keeping: trees in memory plus trees from file
  1 tree originally in memory
  1 tree read from file
  1 tree from file kept
  2 trees now in memory

  Time used = 0.00 sec (CPU time = 0.00 sec)

Note: Input trees are rooted but current criterion and/or option settings would specify unrooted trees.  (You can deroot the trees using the 'derootTrees' command.)

Likelihood scores of tree(s) in memory:
---------------------------------------
  898 characters are included
  All characters have equal weight
  Likelihood settings:
    Current model:
                             Data type = nucleotide
                DNA substitution types = 1
                     State frequencies = empirical: A=0.324121 C=0.30402 G=0.105528 T=0.266332
        Proportion of invariable sites = none
               Rates at variable sites = equal
                  Model correspondence = F81

    Number of distinct data patterns under this model = 415
    Molecular clock not enforced
    Starting branch lengths obtained using Rogers-Swofford approximation method
    Branch-length optimization = one-dimensional Newton-Raphson with pass limit=20, tolerance=1e-07
    Likelihood calculations performed in single precision
    Vector processing enabled
    Using standard Felsenstein pruning for computing likelihoods
    Conditional-likelihood rescaling threshold = 1e-20
    Using 14 parallel threads on 16 processors

Tree             1           2
------------------------------
-ln L     6333.490    6354.211

Likelihoods for each site on tree 1:

site                 1           2           3           4           5           6           7           8           9          10          11          12          13
L             0.085077    0.085077    0.017454    0.005554    0.061962    0.061962   2.934e-05   4.428e-05    0.002956   7.432e-07    0.017454    0.017454   3.983e-06
ln L         -2.464201   -2.464201   -4.048184   -5.193284   -2.781228   -2.781228  -10.436437  -10.025064   -5.823992  -14.112309   -4.048184   -4.048184  -12.433440

site                14          15          16          17          18          19          20          21          22          23          24          25          26
L             0.017454    0.076530    0.007023   6.401e-06   8.034e-05   7.857e-07   9.554e-06   5.555e-06   8.009e-07    0.076530    0.061962   5.249e-10    0.085077
ln L         -4.048184   -2.570073   -4.958582  -11.959066   -9.429299  -14.056662  -11.558532  -12.100897  -14.037489   -2.570073   -2.781228  -21.367867   -2.464201

site                27          28          29          30          31          32          33          34          35          36          37          38          39
L             0.061962   1.325e-05   8.367e-04    0.061962   3.751e-09    0.017454    0.076530   3.322e-06    0.076530    0.085077   2.726e-06    0.017454    0.017454
ln L         -2.781228  -11.231337   -7.085990   -2.781228  -19.401321   -4.048184   -2.570073  -12.615067   -2.570073   -2.464201  -12.812777   -4.048184   -4.048184

site                40          41          42          43          44          45          46          47          48          49          50          51          52
L            4.422e-09    0.005339    0.061962   6.216e-07    0.085077    0.076530   3.212e-07    0.061962    0.076530   1.159e-09    0.061962    0.076530   9.703e-05
ln L        -19.236766   -5.232777   -2.781228  -14.290919   -2.464201   -2.570073  -14.951129   -2.781228   -2.570073  -20.575482   -2.781228   -2.570073   -9.240447

site                53          54          55          56          57          58          59          60          61          62          63          64          65
L            2.900e-07    0.061962   3.567e-07   1.212e-07   4.914e-05   1.298e-06    0.061962    0.061962    0.005554    0.061962    0.017454    0.004182   3.984e-05
ln L        -15.053323   -2.781228  -14.846510  -15.925634   -9.920828  -13.554828   -2.781228   -2.781228   -5.193284   -2.781228   -4.048184   -5.476886  -10.130621

site                66          67          68          69          70          71          72          73          74          75          76          77          78
L             0.061962   2.876e-07    0.017454    0.076530   3.658e-06    0.085077    0.085077   1.169e-04    0.005508    0.076530    0.004646    0.085077    0.085077
ln L         -2.781228  -15.061701   -4.048184   -2.570073  -12.518508   -2.464201   -2.464201   -9.054619   -5.201488   -2.570073   -5.371765   -2.464201   -2.464201

site                79          80          81          82          83          84          85          86          87          88          89          90          91
L            4.329e-05    0.061962    0.085077   1.305e-05    0.017454    0.085077   7.062e-04    0.076530    0.017454   2.836e-06    0.002438    0.001709   6.388e-08
ln L        -10.047691   -2.781228   -2.464201  -11.246559   -4.048184   -2.464201   -7.255550   -2.570073   -4.048184  -12.773292   -6.016703   -6.371742  -16.566289

site                92          93          94          95          96          97          98          99         100         101         102         103         104
L             0.076530    0.085077   7.244e-05    0.085077   3.130e-04   4.889e-05    0.076530    0.017454   3.114e-06    0.085077   6.453e-05    0.002237    0.085077
ln L         -2.570073   -2.464201   -9.532759   -2.464201   -8.069408   -9.926033   -2.570073   -4.048184  -12.679678   -2.464201   -9.648342   -6.102450   -2.464201

site               105         106         107         108         109         110         111         112         113         114         115         116         117
L             0.061962    0.085077   1.943e-05   4.914e-04   1.624e-06    0.005339    0.061962   3.459e-07   1.286e-04    0.076530   9.460e-07    0.076530   2.844e-04
ln L         -2.781228   -2.464201  -10.848682   -7.618199  -13.330591   -5.232777   -2.781228  -14.877086   -8.958735   -2.570073  -13.871027   -2.570073   -8.165012

site               118         119         120         121         122         123         124         125         126         127         128         129         130
L            1.977e-05    0.017454    0.017454   2.145e-07    0.005090    0.061962   6.089e-08    0.076530    0.085077    0.085077    0.001393    0.003232   6.621e-08
ln L        -10.831526   -4.048184   -4.048184  -15.354835   -5.280513   -2.781228  -16.614159   -2.570073   -2.464201   -2.464201   -6.576599   -5.734520  -16.530447

site               131         132         133         134         135         136         137         138         139         140         141         142         143
L            2.109e-04    0.061962    0.004646   4.770e-04    0.061962   9.950e-05    0.076530    0.076530   6.216e-06    0.001325    0.061962   2.236e-07    0.002438
ln L         -8.464269   -2.781228   -5.371765   -7.648010   -2.781228   -9.215363   -2.570073   -2.570073  -11.988444   -6.625986   -2.781228  -15.313276   -6.016703

site               144         145         146         147         148         149         150         151         152         153         154         155         156
L            2.615e-04    0.085077    0.017454    0.002115   7.699e-07   5.259e-07    0.002861   1.049e-06    0.061962    0.017454    0.085077    0.061962    0.017454
ln L         -8.249175   -2.464201   -4.048184   -6.158547  -14.077020  -14.458216   -5.856568  -13.767944   -2.781228   -4.048184   -2.464201   -2.781228   -4.048184

site               157         158         159         160         161         162         163         164         165         166         167         168         169
L             0.085077   8.244e-05    0.061962   1.843e-08   6.690e-05   1.646e-04   3.175e-05    0.017454    0.076530    0.003825    0.085077    0.001548    0.005339
ln L         -2.464201   -9.403432   -2.781228  -17.809473   -9.612366   -8.711934  -10.357534   -4.048184   -2.570073   -5.566196   -2.464201   -6.470968   -5.232777

site               170         171         172         173         174         175         176         177         178         179         180         181         182
L             0.005554    0.061962   1.727e-04   3.298e-06    0.076530   1.239e-04    0.085077    0.085077    0.001900    0.076530    0.061962   4.992e-07    0.017454
ln L         -5.193284   -2.781228   -8.663955  -12.622242   -2.570073   -8.996111   -2.464201   -2.464201   -6.265965   -2.570073   -2.781228  -14.510257   -4.048184

site               183         184         185         186         187         188         189         190         191         192         193         194         195
L             0.076530    0.001900   5.821e-05    0.061962    0.006152    0.076530    0.076530    0.003259   1.476e-05    0.076530   1.350e-05   1.362e-04    0.076530
ln L         -2.570073   -6.265965   -9.751483   -2.781228   -5.090934   -2.570073   -2.570073   -5.726332  -11.123422   -2.570073  -11.212973   -8.901364   -2.570073

site               196         197         198         199         200         201         202         203         204         205         206         207         208
L            1.243e-06    0.085077    0.061962   1.827e-06    0.085077    0.085077   2.755e-07    0.002956    0.061962   3.266e-06   1.799e-04    0.061962   4.212e-08
ln L        -13.597694   -2.464201   -2.781228  -13.212825   -2.464201   -2.464201  -15.104617   -5.823992   -2.781228  -12.631847   -8.622907   -2.781228  -16.982853

site               209         210         211         212         213         214         215         216         217         218         219         220         221
L             0.017454    0.017454   2.463e-10    0.017454    0.085077   7.062e-04    0.005339    0.061962   8.272e-05    0.004974   7.562e-05   1.582e-05    0.001548
ln L         -4.048184   -4.048184  -22.124302   -4.048184   -2.464201   -7.255550   -5.232777   -2.781228   -9.400084   -5.303511   -9.489768  -11.054116   -6.470968

site               222         223         224         225         226         227         228         229         230         231         232         233         234
L             0.004974   1.780e-05    0.002014    0.003870   3.747e-05   5.593e-08    0.003072   4.474e-06   2.030e-06    0.076530   7.891e-06   5.864e-07    0.002678
ln L         -5.303511  -10.936329   -6.207738   -5.554435  -10.192058  -16.699076   -5.785281  -12.317180  -13.107567   -2.570073  -11.749787  -14.349240   -5.922705

site               235         236         237         238         239         240         241         242         243         244         245         246         247
L            1.821e-07    0.061962    0.061962   5.139e-06    0.061962    0.076530   1.608e-05    0.061962    0.017454   1.285e-07    0.001022    0.076530   1.480e-05
ln L        -15.518594   -2.781228   -2.781228  -12.178611   -2.781228   -2.570073  -11.037810   -2.781228   -4.048184  -15.867335   -6.886057   -2.570073  -11.120576

site               248         249         250         251         252         253         254         255         256         257         258         259         260
L            3.499e-04    0.085077   9.915e-06   5.074e-04   3.292e-06   1.160e-05    0.085077    0.076530   2.773e-07    0.002054    0.061962   1.227e-06   1.871e-07
ln L         -7.957934   -2.464201  -11.521486   -7.586210  -12.623906  -11.364749   -2.464201   -2.570073  -15.098052   -6.188170   -2.781228  -13.610655  -15.491873

site               261         262         263         264         265         266         267         268         269         270         271         272         273
L             0.002944   2.897e-07   7.822e-07    0.061962   1.766e-07    0.002438    0.002956   2.752e-05    0.017454    0.017454   1.243e-06   2.519e-08    0.001486
ln L         -5.827936  -15.054475  -14.061209   -2.781228  -15.549138   -6.016703   -5.823992  -10.500755   -4.048184   -4.048184  -13.597922  -17.496801   -6.511830

site               274         275         276         277         278         279         280         281         282         283         284         285         286
L            2.350e-08    0.085077    0.085077   7.210e-06    0.001393    0.005167   3.041e-04   5.645e-04    0.061962   7.675e-04   4.735e-04    0.061962   1.482e-07
ln L        -17.566278   -2.464201   -2.464201  -11.840062   -6.576599   -5.265510   -8.098136   -7.479581   -2.781228   -7.172367   -7.655280   -2.781228  -15.724873

site               287         288         289         290         291         292         293         294         295         296         297         298         299
L             0.085077    0.076530   2.542e-07   7.588e-04    0.076530   3.772e-04    0.076530    0.061962   4.337e-08    0.061962    0.085077    0.002956    0.061962
ln L         -2.464201   -2.570073  -15.185312   -7.183753   -2.570073   -7.882780   -2.570073   -2.781228  -16.953523   -2.781228   -2.464201   -5.823992   -2.781228

site               300         301         302         303         304         305         306         307         308         309         310         311         312
L             0.076530   9.721e-08    0.076530    0.061962   1.877e-08   3.013e-04    0.085077   2.897e-06    0.085077    0.061962   1.250e-07    0.005167    0.005303
ln L         -2.570073  -16.146380   -2.570073   -2.781228  -17.791021   -8.107475   -2.464201  -12.751702   -2.464201   -2.781228  -15.894777   -5.265510   -5.239489

site               313         314         315         316         317         318         319         320         321         322         323         324         325
L            7.037e-06    0.002342   3.989e-06   1.094e-06    0.005910   2.302e-04   4.653e-04   5.835e-04    0.001325    0.006152    0.076530    0.085077    0.002342
ln L        -11.864278   -6.056944  -12.431889  -13.725486   -5.131175   -8.376442   -7.672850   -7.446499   -6.625986   -5.090934   -2.570073   -2.464201   -6.056944

site               326         327         328         329         330         331         332         333         334         335         336         337         338
L             0.001610    0.017454   4.735e-04    0.017454    0.017454   6.151e-06   2.089e-10    0.003758   8.367e-04    0.005554   2.209e-04   2.230e-04    0.085077
ln L         -6.431640   -4.048184   -7.655280   -4.048184   -4.048184  -11.998904  -22.289094   -5.583738   -7.085990   -5.193284   -8.417888   -8.408523   -2.464201

site               339         340         341         342         343         344         345         346         347         348         349         350         351
L             0.076530   8.629e-04    0.001709    0.085077   3.045e-05    0.006497    0.002342    0.002956    0.004646   4.151e-04   3.827e-08    0.005303   2.435e-06
ln L         -2.570073   -7.055205   -6.371742   -2.464201  -10.399463   -5.036404   -6.056944   -5.823992   -5.371765   -7.787079  -17.078704   -5.239413  -12.925615

site               352         353         354         355         356         357         358         359         360         361         362         363         364
L            1.884e-06    0.085077    0.085077   8.290e-06    0.005303    0.061962    0.007023    0.085077    0.006152   6.917e-09    0.076530    0.076530   7.130e-07
ln L        -13.182375   -2.464201   -2.464201  -11.700468   -5.239413   -2.781228   -4.958582   -2.464201   -5.090934  -18.789239   -2.570073   -2.570073  -14.153727

site               365         366         367         368         369         370         371         372         373         374         375         376         377
L            3.037e-05    0.005339   8.215e-08    0.002944    0.061962   8.688e-06    0.085077    0.076530    0.007023    0.076530    0.017454    0.003391    0.017454
ln L        -10.401944   -5.232777  -16.314754   -5.827936   -2.781228  -11.653600   -2.464201   -2.570073   -4.958582   -2.570073   -4.048184   -5.686535   -4.048184

site               378         379         380         381         382         383         384         385         386         387         388         389         390
L             0.085077    0.085077    0.085077    0.085077   3.378e-07    0.085077   3.328e-08   5.416e-08   1.556e-05    0.061962   6.685e-05    0.085077    0.061962
ln L         -2.464201   -2.464201   -2.464201   -2.464201  -14.900928   -2.464201  -17.218409  -16.731318  -11.070990   -2.781228   -9.612995   -2.464201   -2.781228

site               391         392         393         394         395         396         397         398         399         400         401         402         403
L            6.776e-06   4.275e-07    0.003870   4.386e-06    0.001671    0.061962   1.183e-05    0.076530    0.085077    0.005339   5.858e-04    0.061962   2.250e-04
ln L        -11.902070  -14.665294   -5.554435  -12.337076   -6.394579   -2.781228  -11.344471   -2.570073   -2.464201   -5.232777   -7.442593   -2.781228   -8.399262

site               404         405         406         407         408         409         410         411         412         413         414         415         416
L            6.485e-06   1.257e-04   2.922e-05    0.076530    0.076530   4.218e-04   3.656e-05    0.061962   5.494e-09   3.628e-04    0.061962    0.001900    0.076530
ln L        -11.946016   -8.981601  -10.440640   -2.570073   -2.570073   -7.770993  -10.216569   -2.781228  -19.019538   -7.921611   -2.781228   -6.265965   -2.570073

site               417         418         419         420         421         422         423         424         425         426         427         428         429
L             0.061962   3.164e-08   1.464e-04    0.061962   4.653e-04   2.645e-05    0.076530   2.050e-06   1.913e-04    0.005167   3.730e-06    0.085077    0.002342
ln L         -2.781228  -17.268917   -8.829366   -2.781228   -7.672850  -10.540290   -2.570073  -13.097783   -8.561475   -5.265510  -12.499049   -2.464201   -6.056944

site               430         431         432         433         434         435         436         437         438         439         440         441         442
L             0.001504    0.076530    0.076530   6.233e-05   6.761e-04    0.001177   1.341e-07   1.043e-04    0.061962   3.721e-06    0.085077    0.061962   2.590e-07
ln L         -6.499452   -2.570073   -2.570073   -9.683092   -7.299209   -6.744656  -15.824642   -9.167838   -2.781228  -12.501524   -2.464201   -2.781228  -15.166300

site               443         444         445         446         447         448         449         450         451         452         453         454         455
L            3.764e-06    0.001512   1.045e-08    0.017454    0.017454   2.807e-08   1.932e-04    0.001707   2.230e-06   1.150e-06    0.005554   1.972e-09   2.377e-04
ln L        -12.489912   -6.494317  -18.376295   -4.048184   -4.048184  -17.388524   -8.551902   -6.373000  -13.013480  -13.675648   -5.193284  -20.044346   -8.344536

site               456         457         458         459         460         461         462         463         464         465         466         467         468
L            1.604e-04   7.500e-05    0.061962    0.017454    0.061962    0.085077   3.422e-04    0.005910    0.002944    0.085077    0.061962    0.085077    0.017454
ln L         -8.737804   -9.497965   -2.781228   -4.048184   -2.781228   -2.464201   -7.980199   -5.131175   -5.827936   -2.464201   -2.781228   -2.464201   -4.048184

site               469         470         471         472         473         474         475         476         477         478         479         480         481
L             0.061962    0.061962    0.061962    0.085077    0.002342   3.983e-06   4.700e-04    0.085077    0.085077    0.085077    0.085077    0.076530    0.085077
ln L         -2.781228   -2.781228   -2.781228   -2.464201   -6.056944  -12.433440   -7.662842   -2.464201   -2.464201   -2.464201   -2.464201   -2.570073   -2.464201

site               482         483         484         485         486         487         488         489         490         491         492         493         494
L            3.257e-05    0.001516    0.085077    0.017454    0.085077    0.001756    0.061962    0.017454    0.061962    0.017454    0.085077    0.002438    0.061962
ln L        -10.332155   -6.491549   -2.464201   -4.048184   -2.464201   -6.344566   -2.781228   -4.048184   -2.781228   -4.048184   -2.464201   -6.016703   -2.781228

site               495         496         497         498         499         500         501         502         503         504         505         506         507
L             0.076530    0.003870   6.761e-04    0.001841   2.322e-07   4.450e-05    0.085077    0.001516    0.085077    0.017454    0.001177   2.104e-05   8.946e-06
ln L         -2.570073   -5.554435   -7.299209   -6.297534  -15.275498  -10.019971   -2.464201   -6.491549   -2.464201   -4.048184   -6.744656  -10.769071  -11.624279

site               508         509         510         511         512         513         514         515         516         517         518         519         520
L             0.006497   3.636e-07   3.450e-08    0.001393    0.246203   2.675e-05   6.575e-08    0.096867    0.005554   1.847e-05   9.013e-04    0.076530    0.061962
ln L         -5.036404  -14.827286  -17.182318   -6.576599   -1.401597  -10.529101  -16.537441   -2.334417   -5.193284  -10.899134   -7.011704   -2.570073   -2.781228

site               521         522         523         524         525         526         527         528         529         530         531         532         533
L             0.061962    0.001393   2.522e-04    0.061962    0.061962    0.085077    0.076530    0.076530    0.001595    0.085077    0.017454    0.085077    0.085077
ln L         -2.781228   -6.576599   -8.285265   -2.781228   -2.781228   -2.464201   -2.570073   -2.570073   -6.440819   -2.464201   -4.048184   -2.464201   -2.464201

site               534         535         536         537         538         539         540         541         542         543         544         545         546
L             0.085077   9.938e-04    0.001709   7.340e-06    0.324121   1.478e-06   4.582e-06   3.107e-06   2.733e-04    0.004646    0.017454    0.001338   7.062e-04
ln L         -2.464201   -6.913996   -6.371742  -11.822115   -1.126640  -13.424990  -12.293272  -12.681884   -8.204793   -5.371765   -4.048184   -6.616231   -7.255550

site               547         548         549         550         551         552         553         554         555         556         557         558         559
L             0.076530    0.001756    0.017454    0.076530    0.061962    0.085077    0.085077   1.104e-07    0.003072    0.076530   1.623e-04   1.060e-07   4.892e-10
ln L         -2.570073   -6.344566   -4.048184   -2.570073   -2.781228   -2.464201   -2.464201  -16.019164   -5.785281   -2.570073   -8.726259  -16.059931  -21.438294

site               560         561         562         563         564         565         566         567         568         569         570         571         572
L            5.192e-08   1.738e-07   2.260e-06    0.076530    0.076530   2.767e-07    0.005303   6.906e-05   2.461e-07   1.748e-10    0.061962   1.035e-05    0.085077
ln L        -16.773527  -15.565605  -13.000023   -2.570073   -2.570073  -15.100234   -5.239489   -9.580581  -15.217701  -22.467323   -2.781228  -11.478461   -2.464201

site               573         574         575         576         577         578         579         580         581         582         583         584         585
L            2.785e-04    0.085077   4.524e-05   2.392e-04   1.761e-04   1.991e-04    0.017454    0.017454    0.003232    0.061962    0.004126   9.847e-05    0.076530
ln L         -8.185976   -2.464201  -10.003620   -8.338156   -8.644331   -8.521728   -4.048184   -4.048184   -5.734520   -2.781228   -5.490413   -9.225776   -2.570073

site               586         587         588         589         590         591         592         593         594         595         596         597         598
L             0.061962    0.005554    0.100690    0.001177    0.076530    0.061962    0.061962    0.061962    0.061962    0.085077    0.085077    0.085077    0.017454
ln L         -2.781228   -5.193284   -2.295712   -6.744656   -2.570073   -2.781228   -2.781228   -2.781228   -2.781228   -2.464201   -2.464201   -2.464201   -4.048184

site               599         600         601         602         603         604         605         606         607         608         609         610         611
L             0.017454    0.085077    0.061962    0.085077   5.994e-04   4.541e-04    0.085077    0.017454    0.001709   6.961e-05    0.085077    0.061962    0.076530
ln L         -4.048184   -2.464201   -2.781228   -2.464201   -7.419600   -7.697137   -2.464201   -4.048184   -6.371742   -9.572619   -2.464201   -2.781228   -2.570073

site               612         613         614         615         616         617         618         619         620         621         622         623         624
L             0.076530   2.640e-05    0.061962    0.005167    0.017454   3.130e-04   1.991e-04    0.076530    0.061962    0.061962    0.085077    0.017454    0.017454
ln L         -2.570073  -10.542094   -2.781228   -5.265510   -4.048184   -8.069408   -8.521728   -2.570073   -2.781228   -2.781228   -2.464201   -4.048184   -4.048184

site               625         626         627         628         629         630         631         632         633         634         635         636         637
L            8.629e-04   1.619e-06    0.003232    0.076530    0.002438    0.085077    0.085077    0.085077    0.085077   3.353e-06    0.001717    0.061962    0.061962
ln L         -7.055205  -13.333689   -5.734520   -2.570073   -6.016703   -2.464201   -2.464201   -2.464201   -2.464201  -12.605640   -6.367403   -2.781228   -2.781228

site               638         639         640         641         642         643         644         645         646         647         648         649         650
L             0.017454    0.017454    0.061962    0.017454    0.076530    0.085077    0.085077    0.076530    0.061962    0.076530    0.076530    0.085077    0.085077
ln L         -4.048184   -4.048184   -2.781228   -4.048184   -2.570073   -2.464201   -2.464201   -2.570073   -2.781228   -2.570073   -2.570073   -2.464201   -2.464201

site               651         652         653         654         655         656         657         658         659         660         661         662         663
L             0.085077    0.061962    0.085077    0.085077    0.085077    0.085077    0.017454    0.061962    0.085077    0.085077    0.002485    0.085077   4.348e-05
ln L         -2.464201   -2.781228   -2.464201   -2.464201   -2.464201   -2.464201   -4.048184   -2.781228   -2.464201   -2.464201   -5.997638   -2.464201  -10.043196

site               664         665         666         667         668         669         670         671         672         673         674         675         676
L            4.932e-04   5.771e-06   7.675e-04    0.061962   5.983e-04   1.370e-06   1.140e-04   1.311e-08   1.553e-05    0.005339   1.422e-04   2.025e-04    0.076530
ln L         -7.614531  -12.062588   -7.172367   -2.781228   -7.421452  -13.500766   -9.078893  -18.150056  -11.072818   -5.232777   -8.858438   -8.504647   -2.570073

site               677         678         679         680         681         682         683         684         685         686         687         688         689
L            4.764e-07    0.003256    0.005167    0.001980    0.001393   2.414e-04   1.030e-08   2.891e-06   9.013e-04   8.636e-06   1.144e-08    0.003072   2.114e-04
ln L        -14.556995   -5.727353   -5.265510   -6.224499   -6.576599   -8.329104  -18.391428  -12.753922   -7.011704  -11.659567  -18.286025   -5.785281   -8.461576

site               690         691         692         693         694         695         696         697         698         699         700         701         702
L            5.107e-05    0.076530   1.038e-06    0.002678    0.061962   8.494e-10    0.085077   1.374e-04   1.514e-05   4.473e-06   1.422e-04    0.076530   4.125e-06
ln L         -9.882283   -2.570073  -13.777802   -5.922705   -2.781228  -20.886524   -2.464201   -8.892283  -11.098366  -12.317525   -8.858407   -2.570073  -12.398368

site               703         704         705         706         707         708         709         710         711         712         713         714         715
L             0.061962   5.835e-04    0.006746   1.991e-04   4.209e-06   3.182e-05   3.655e-06   1.484e-07    0.076530    0.076530   2.383e-06    0.006152    0.061962
ln L         -2.781228   -7.446499   -4.998824   -8.521728  -12.378168  -10.355404  -12.519286  -15.723295   -2.570073   -2.570073  -12.946982   -5.090934   -2.781228

site               716         717         718         719         720         721         722         723         724         725         726         727         728
L            1.049e-05   7.462e-06   1.483e-04   7.633e-09   2.562e-05    0.002956   2.710e-07    0.085077    0.005090    0.006759   6.179e-06    0.005167   8.765e-07
ln L        -11.465343  -11.805721   -8.816202  -18.690798  -10.572190   -5.823992  -15.121111   -2.464201   -5.280513   -4.996911  -11.994357   -5.265510  -13.947376

site               729         730         731         732         733         734         735         736         737         738         739         740         741
L            4.735e-04   5.665e-05   4.938e-06    0.085077    0.085077   1.417e-04    0.003758   7.437e-04   1.055e-07   5.183e-05    0.085077   3.989e-06    0.002438
ln L         -7.655280   -9.778531  -12.218604   -2.464201   -2.464201   -8.861579   -5.583738   -7.203925  -16.064754   -9.867469   -2.464201  -12.431889   -6.016703

site               742         743         744         745         746         747         748         749         750         751         752         753         754
L             0.085077    0.085077    0.085077   2.010e-04   9.773e-06   4.641e-05   3.174e-07   7.447e-06   6.473e-08   6.183e-06    0.005303    0.061962    0.085077
ln L         -2.464201   -2.464201   -2.464201   -8.511979  -11.535933   -9.977898  -14.963110  -11.807762  -16.553026  -11.993695   -5.239413   -2.781228   -2.464201

site               755         756         757         758         759         760         761         762         763         764         765         766         767
L            2.044e-06    0.001657    0.076530   3.091e-07   5.534e-07    0.005303   1.101e-06    0.061962    0.085077   4.467e-05    0.017454    0.061962   6.619e-04
ln L        -13.100743   -6.402656   -2.570073  -14.989615  -14.407143   -5.239413  -13.719365   -2.781228   -2.464201  -10.016232   -4.048184   -2.781228   -7.320348

site               768         769         770         771         772         773         774         775         776         777         778         779         780
L             0.085077    0.085077    0.085077   8.270e-06   2.075e-05   6.941e-09   4.497e-08    0.001610   2.603e-05   3.493e-07    0.061962   9.620e-06   9.539e-05
ln L         -2.464201   -2.464201   -2.464201  -11.702933  -10.783013  -18.785802  -16.917259   -6.431640  -10.556339  -14.867466   -2.781228  -11.551665   -9.257553

site               781         782         783         784         785         786         787         788         789         790         791         792         793
L            2.895e-04   2.785e-07    0.061962   3.538e-05   1.431e-05   3.132e-05    0.076530   2.868e-04    0.004974    0.061962   2.340e-06    0.085077    0.002485
ln L         -8.147356  -15.093719   -2.781228  -10.249491  -11.154575  -10.371220   -2.570073   -8.156694   -5.303511   -2.781228  -12.965428   -2.464201   -5.997638

site               794         795         796         797         798         799         800         801         802         803         804         805         806
L            3.904e-10    0.085077   1.694e-05   1.462e-05    0.085077    0.017454   1.299e-06    0.006497    0.004974   2.463e-07   1.770e-07    0.003072   6.788e-06
ln L        -21.663761   -2.464201  -10.986108  -11.133304   -2.464201   -4.048184  -13.553657   -5.036404   -5.303511  -15.216685  -15.547325   -5.785281  -11.900330

site               807         808         809         810         811         812         813         814         815         816         817         818         819
L            2.895e-04    0.076530   1.329e-05    0.085077   4.770e-04   2.664e-04    0.007023   1.120e-04   5.992e-06   3.133e-06    0.061962    0.006746    0.061962
ln L         -8.147356   -2.570073  -11.228837   -2.464201   -7.648010   -8.230488   -4.958582   -9.097185  -12.025091  -12.673395   -2.781228   -4.998824   -2.781228

site               820         821         822         823         824         825         826         827         828         829         830         831         832
L             0.001872   5.550e-07   1.680e-04    0.061962   6.272e-10   9.847e-05   6.261e-06    0.005339   4.286e-06   2.464e-05    0.085077   9.114e-05   1.539e-06
ln L         -6.280545  -14.404376   -8.691808   -2.781228  -21.189719   -9.225776  -11.981150   -5.232777  -12.360221  -10.611235   -2.464201   -9.303104  -13.384106

site               833         834         835         836         837         838         839         840         841         842         843         844         845
L            3.170e-05    0.076530    0.085077    0.085077    0.017454    0.085077    0.085077   4.698e-05   7.803e-05   5.027e-05    0.085077    0.001047   1.150e-05
ln L        -10.359330   -2.570073   -2.464201   -2.464201   -4.048184   -2.464201   -2.464201   -9.965816   -9.458473   -9.898141   -2.464201   -6.861514  -11.373283

site               846         847         848         849         850         851         852         853         854         855         856         857         858
L             0.001177    0.061962   2.646e-05    0.002649    0.001214   1.612e-09    0.085077   1.112e-05    0.001325    0.061962    0.017454   6.510e-06    0.002678
ln L         -6.744656   -2.781228  -10.539936   -5.933616   -6.713805  -20.245518   -2.464201  -11.406324   -6.625986   -2.781228   -4.048184  -11.942136   -5.922705

site               859         860         861         862         863         864         865         866         867         868         869         870         871
L             0.001177   4.666e-05    0.061962    0.017454    0.085077   6.761e-04    0.001512   5.636e-05    0.001393   8.244e-05   2.054e-08    0.085077    0.001709
ln L         -6.744656   -9.972532   -2.781228   -4.048184   -2.464201   -7.299209   -6.494317   -9.783706   -6.576599   -9.403432  -17.701116   -2.464201   -6.371742

site               872         873         874         875         876         877         878         879         880         881         882         883         884
L             0.005554    0.076530    0.085077   8.513e-05    0.085077    0.076530   3.550e-06   3.176e-07   6.275e-04   6.196e-07   6.218e-07   8.367e-04   1.383e-05
ln L         -5.193284   -2.570073   -2.464201   -9.371370   -2.464201   -2.570073  -12.548595  -14.962529   -7.373711  -14.294157  -14.290576   -7.085990  -11.188790

site               885         886         887         888         889         890         891         892         893         894         895         896         897
L             0.005554    0.061962    0.002014    0.003297    0.002201   2.807e-08   1.264e-04    0.061962    0.004646    0.085077    0.017454    0.076530    0.061962
ln L         -5.193284   -2.781228   -6.207738   -5.714656   -6.119053  -17.388635   -8.976167   -2.781228   -5.371765   -2.464201   -4.048184   -2.570073   -2.781228

site               898
L             0.061962
ln L         -2.781228

Likelihoods for each site on tree 2:

site                 1           2           3           4           5           6           7           8           9          10          11          12          13
L             0.083621    0.083621    0.017035    0.005456    0.060794    0.060794   2.672e-05   6.131e-05    0.002884   7.183e-07    0.017035    0.017035   5.369e-06
ln L         -2.481455   -2.481455   -4.072504   -5.211019   -2.800270   -2.800270  -10.530206   -9.699605   -5.848645  -14.146368   -4.072504   -4.072504  -12.134783

site                14          15          16          17          18          19          20          21          22          23          24          25          26
L             0.017035    0.075175    0.006904   2.623e-06   1.384e-05   1.082e-06   9.868e-06   5.586e-06   5.327e-07    0.075175    0.060794   1.035e-09    0.083621
ln L         -4.072504   -2.587943   -4.975714  -12.851326  -11.188217  -13.736990  -11.526207  -12.095241  -14.445296   -2.587943   -2.800270  -20.688445   -2.481455

site                27          28          29          30          31          32          33          34          35          36          37          38          39
L             0.060794   1.311e-05    0.001175    0.060794   1.659e-08    0.017035    0.075175   3.042e-06    0.075175    0.083621   3.611e-06    0.017035    0.017035
ln L         -2.800270  -11.242221   -6.746777   -2.800270  -17.914489   -4.072504   -2.587943  -12.703065   -2.587943   -2.481455  -12.531640   -4.072504   -4.072504

site                40          41          42          43          44          45          46          47          48          49          50          51          52
L            5.349e-09    0.005259    0.060794   4.890e-07    0.083621    0.075175   8.499e-08    0.060794    0.075175   6.759e-10    0.060794    0.075175   1.452e-05
ln L        -19.046415   -5.247878   -2.800270  -14.530977   -2.481455   -2.587943  -16.280683   -2.800270   -2.587943  -21.114948   -2.800270   -2.587943  -11.140294

site                53          54          55          56          57          58          59          60          61          62          63          64          65
L            7.501e-08    0.060794   3.610e-07   1.418e-07   6.843e-05   1.808e-06    0.060794    0.060794    0.005456    0.060794    0.017035    0.004092   5.786e-05
ln L        -16.405684   -2.800270  -14.834305  -15.768610   -9.589655  -13.223232   -2.800270   -2.800270   -5.211019   -2.800270   -4.072504   -5.498777   -9.757399

site                66          67          68          69          70          71          72          73          74          75          76          77          78
L             0.060794   4.125e-07    0.017035    0.075175   5.013e-06    0.083621    0.083621   1.134e-04    0.005405    0.075175    0.004548    0.083621    0.083621
ln L         -2.800270  -14.701004   -4.072504   -2.587943  -12.203538   -2.481455   -2.481455   -9.084667   -5.220368   -2.587943   -5.393016   -2.481455   -2.481455

site                79          80          81          82          83          84          85          86          87          88          89          90          91
L            3.647e-05    0.060794    0.083621   1.083e-05    0.017035    0.083621   7.168e-04    0.075175    0.017035   3.360e-06    0.002396    0.001797   3.213e-08
ln L        -10.219089   -2.800270   -2.481455  -11.433134   -4.072504   -2.481455   -7.240681   -2.587943   -4.072504  -12.603445   -6.033835   -6.321678  -17.253598

site                92          93          94          95          96          97          98          99         100         101         102         103         104
L             0.075175    0.083621   7.517e-05    0.083621   1.981e-05   4.462e-05    0.075175    0.017035   1.097e-06    0.083621   5.556e-05    0.002348    0.083621
ln L         -2.587943   -2.481455   -9.495747   -2.481455  -10.829137  -10.017396   -2.587943   -4.072504  -13.723038   -2.481455   -9.797959   -6.054199   -2.481455

site               105         106         107         108         109         110         111         112         113         114         115         116         117
L             0.060794    0.083621   2.134e-05   4.890e-04   1.635e-06    0.005259    0.060794   2.846e-07   1.301e-04    0.075175   1.046e-06    0.075175   2.783e-04
ln L         -2.800270   -2.481455  -10.754741   -7.623089  -13.323590   -5.247878   -2.800270  -15.072137   -8.946976   -2.587943  -13.770720   -2.587943   -8.186943

site               118         119         120         121         122         123         124         125         126         127         128         129         130
L            1.662e-05    0.017035    0.017035   2.399e-07    0.004980    0.060794   2.622e-08    0.075175    0.083621    0.083621    0.001356    0.003688   6.804e-08
ln L        -11.004854   -4.072504   -4.072504  -15.242960   -5.302403   -2.800270  -17.456678   -2.587943   -2.481455   -2.481455   -6.603080   -5.602701  -16.503187

site               131         132         133         134         135         136         137         138         139         140         141         142         143
L            2.044e-04    0.060794    0.004548   4.764e-04    0.060794   1.433e-05    0.075175    0.075175   6.319e-06    0.001381    0.060794   2.490e-07    0.002396
ln L         -8.495386   -2.800270   -5.393016   -7.649333   -2.800270  -11.153467   -2.587943   -2.587943  -11.971908   -6.584960   -2.800270  -15.205984   -6.033835

site               144         145         146         147         148         149         150         151         152         153         154         155         156
L            2.973e-04    0.083621    0.017035    0.002084   6.477e-07   5.453e-07    0.002787   1.176e-06    0.060794    0.017035    0.083621    0.060794    0.017035
ln L         -8.120851   -2.481455   -4.072504   -6.173648  -14.249915  -14.421961   -5.882891  -13.653779   -2.800270   -4.072504   -2.481455   -2.800270   -4.072504

site               157         158         159         160         161         162         163         164         165         166         167         168         169
L             0.083621   9.928e-05    0.060794   1.496e-08   7.549e-05   1.844e-04   3.202e-05    0.017035    0.075175    0.003735    0.083621    0.001514    0.005259
ln L         -2.481455   -9.217554   -2.800270  -18.017702   -9.491478   -8.598308  -10.349162   -4.072504   -2.587943   -5.589947   -2.481455   -6.493033   -5.247878

site               170         171         172         173         174         175         176         177         178         179         180         181         182
L             0.005456    0.060794   1.947e-04   3.589e-06    0.075175   1.256e-04    0.083621    0.083621    0.002672    0.075175    0.060794   5.598e-07    0.017035
ln L         -5.211019   -2.800270   -8.544185  -12.537774   -2.587943   -8.982503   -2.481455   -2.481455   -5.924981   -2.587943   -2.800270  -14.395635   -4.072504

site               183         184         185         186         187         188         189         190         191         192         193         194         195
L             0.075175    0.002672   5.745e-05    0.060794    0.006048    0.075175    0.075175    0.003211   2.087e-05    0.075175   1.343e-05   1.344e-04    0.075175
ln L         -2.587943   -5.924981   -9.764675   -2.800270   -5.108066   -2.587943   -2.587943   -5.741059  -10.777244   -2.587943  -11.218334   -8.914966   -2.587943

site               196         197         198         199         200         201         202         203         204         205         206         207         208
L            1.229e-06    0.083621    0.060794   1.470e-06    0.083621    0.083621   2.344e-07    0.002884    0.060794   3.186e-06   1.821e-04    0.060794   5.870e-08
ln L        -13.609593   -2.481455   -2.800270  -13.430011   -2.481455   -2.481455  -15.266241   -5.848645   -2.800270  -12.656807   -8.610774   -2.800270  -16.650850

site               209         210         211         212         213         214         215         216         217         218         219         220         221
L             0.017035    0.017035   4.397e-10    0.017035    0.083621   7.168e-04    0.005259    0.060794   8.572e-05    0.004893   7.447e-05   2.273e-06    0.001514
ln L         -4.072504   -4.072504  -21.544859   -4.072504   -2.481455   -7.240681   -5.247878   -2.800270   -9.364406   -5.319883   -9.505053  -12.994629   -6.493033

site               222         223         224         225         226         227         228         229         230         231         232         233         234
L             0.004893   1.617e-05    0.002008    0.003782   3.983e-05   5.831e-08    0.003502   3.728e-06   2.282e-06    0.075175   8.474e-06   5.769e-07    0.002639
ln L         -5.319883  -11.032220   -6.210823   -5.577537  -10.130800  -16.657566   -5.654320  -12.499731  -12.990315   -2.587943  -11.678460  -14.365516   -5.937432

site               235         236         237         238         239         240         241         242         243         244         245         246         247
L            1.857e-07    0.060794    0.060794   2.372e-05    0.060794    0.075175   1.635e-05    0.060794    0.017035   1.072e-07   9.933e-04    0.075175   1.639e-05
ln L        -15.499342   -2.800270   -2.800270  -10.649375   -2.800270   -2.587943  -11.021445   -2.800270   -4.072504  -16.048653   -6.914458   -2.587943  -11.018626

site               248         249         250         251         252         253         254         255         256         257         258         259         260
L            3.973e-04    0.083621   1.324e-06   5.016e-04   3.257e-06   1.236e-05    0.083621    0.075175   3.103e-07    0.001994    0.060794   1.662e-06   2.007e-07
ln L         -7.830859   -2.481455  -13.534635   -7.597759  -12.634825  -11.301095   -2.481455   -2.587943  -14.985615   -6.217758   -2.800270  -13.307226  -15.421206

site               261         262         263         264         265         266         267         268         269         270         271         272         273
L             0.002862   1.194e-07   8.238e-07    0.060794   1.723e-07    0.002396    0.002884   2.842e-05    0.017035    0.017035   1.277e-06   2.134e-08    0.001506
ln L         -5.856337  -15.941059  -14.009300   -2.800270  -15.574007   -6.033835   -5.848645  -10.468508   -4.072504   -4.072504  -13.571311  -17.662566   -6.498384

site               274         275         276         277         278         279         280         281         282         283         284         285         286
L            3.230e-08    0.083621    0.083621   7.689e-06    0.001356    0.005070   2.971e-04   6.405e-04    0.060794   7.499e-04   4.660e-04    0.060794   1.797e-07
ln L        -17.248353   -2.481455   -2.481455  -11.775662   -6.603080   -5.284390   -8.121383   -7.353217   -2.800270   -7.195614   -7.671396   -2.800270  -15.532251

site               287         288         289         290         291         292         293         294         295         296         297         298         299
L             0.083621    0.075175   2.125e-07   7.430e-04    0.075175   3.718e-04    0.075175    0.060794   4.376e-08    0.060794    0.083621    0.002884    0.060794
ln L         -2.481455   -2.587943  -15.364451   -7.204779   -2.587943   -7.897276   -2.587943   -2.800270  -16.944434   -2.800270   -2.481455   -5.848645   -2.800270

site               300         301         302         303         304         305         306         307         308         309         310         311         312
L             0.075175   1.011e-07    0.075175    0.060794   1.639e-08   3.351e-04    0.083621   3.076e-06    0.083621    0.060794   1.304e-07    0.005070    0.005217
ln L         -2.587943  -16.106732   -2.587943   -2.800270  -17.926701   -8.001142   -2.481455  -12.691904   -2.481455   -2.800270  -15.852781   -5.284390   -5.255861

site               313         314         315         316         317         318         319         320         321         322         323         324         325
L            7.898e-06    0.002308   4.120e-06   7.073e-07    0.005825   2.241e-04   4.683e-04   6.082e-04    0.001381    0.006048    0.075175    0.083621    0.002308
ln L        -11.748881   -6.071378  -12.399776  -14.161767   -5.145608   -8.403303   -7.666352   -7.405029   -6.584960   -5.108066   -2.587943   -2.481455   -6.071378

site               326         327         328         329         330         331         332         333         334         335         336         337         338
L             0.001562    0.017035   4.660e-04    0.017035    0.017035   6.270e-06   2.506e-10    0.003667    0.001175    0.005456   2.174e-04   2.179e-04    0.083621
ln L         -6.461861   -4.072504   -7.671396   -4.072504   -4.072504  -11.979802  -22.107067   -5.608364   -6.746777   -5.211019   -8.433597   -8.431584   -2.481455

site               339         340         341         342         343         344         345         346         347         348         349         350         351
L             0.075175   7.885e-04    0.001797    0.083621   2.482e-05    0.006400    0.002308    0.002884    0.004548   4.151e-04   4.067e-08    0.005192   2.866e-06
ln L         -2.587943   -7.145366   -6.321678   -2.481455  -10.603809   -5.051505   -6.071378   -5.848645   -5.393016   -7.787048  -17.017683   -5.260665  -12.762443

site               352         353         354         355         356         357         358         359         360         361         362         363         364
L            2.617e-06    0.083621    0.083621   8.785e-06    0.005192    0.060794    0.006904    0.083621    0.006048   7.786e-09    0.075175    0.075175   8.941e-07
ln L        -12.853566   -2.481455   -2.481455  -11.642505   -5.260665   -2.800270   -4.975714   -2.481455   -5.108066  -18.670942   -2.587943   -2.587943  -13.927395

site               365         366         367         368         369         370         371         372         373         374         375         376         377
L            3.365e-05    0.005259   6.986e-08    0.002862    0.060794   9.017e-06    0.083621    0.075175    0.006904    0.075175    0.017035    0.003344    0.017035
ln L        -10.299464   -5.247878  -16.476713   -5.856337   -2.800270  -11.616430   -2.481455   -2.587943   -4.975714   -2.587943   -4.072504   -5.700662   -4.072504

site               378         379         380         381         382         383         384         385         386         387         388         389         390
L             0.083621    0.083621    0.083621    0.083621   3.387e-07    0.083621   4.476e-08   5.492e-08   1.682e-05    0.060794   6.567e-05    0.083621    0.060794
ln L         -2.481455   -2.481455   -2.481455   -2.481455  -14.898186   -2.481455  -16.921951  -16.717332  -10.992751   -2.800270   -9.630926   -2.481455   -2.800270

site               391         392         393         394         395         396         397         398         399         400         401         402         403
L            6.696e-06   5.273e-07    0.003782   4.277e-06    0.001638    0.060794   1.188e-05    0.075175    0.083621    0.005259   5.871e-04    0.060794   2.516e-04
ln L        -11.913998  -14.455537   -5.577537  -12.362363   -6.414204   -2.800270  -11.340701   -2.587943   -2.481455   -5.247878   -7.440367   -2.800270   -8.287558

site               404         405         406         407         408         409         410         411         412         413         414         415         416
L            7.369e-06   1.221e-04   3.221e-05    0.075175    0.075175   4.681e-04   3.546e-05    0.060794   5.465e-09   4.120e-04    0.060794    0.002672    0.075175
ln L        -11.818171   -9.010701  -10.343327   -2.587943   -2.587943   -7.666742  -10.247198   -2.800270  -19.024887   -7.794367   -2.800270   -5.924981   -2.587943

site               417         418         419         420         421         422         423         424         425         426         427         428         429
L             0.060794   3.256e-08   1.437e-04    0.060794   4.683e-04   2.663e-05    0.075175   2.813e-06   1.988e-04    0.005070   5.236e-06    0.083621    0.002308
ln L         -2.800270  -17.240319   -8.848092   -2.800270   -7.666352  -10.533584   -2.587943  -12.781096   -8.523195   -5.284390  -12.160029   -2.481455   -6.071378

site               430         431         432         433         434         435         436         437         438         439         440         441         442
L             0.001474    0.075175    0.075175   6.052e-05   6.565e-04    0.001161   1.375e-07   1.056e-04    0.060794   3.956e-06    0.083621    0.060794   6.585e-08
ln L         -6.519665   -2.587943   -2.587943   -9.712553   -7.328647   -6.758783  -15.799682   -9.156291   -2.800270  -12.440197   -2.481455   -2.800270  -16.535962

site               443         444         445         446         447         448         449         450         451         452         453         454         455
L            4.256e-06    0.001501   3.245e-09    0.017035    0.017035   3.270e-08   2.001e-04    0.001790   2.496e-06   1.139e-06    0.005456   2.121e-09   2.319e-04
ln L        -12.367245   -6.501296  -19.546022   -4.072504   -4.072504  -17.236025   -8.516736   -6.325509  -12.900738  -13.685762   -5.211019  -19.971463   -8.369346

site               456         457         458         459         460         461         462         463         464         465         466         467         468
L            1.570e-04   7.397e-05    0.060794    0.017035    0.060794    0.083621   2.756e-04    0.005825    0.002862    0.083621    0.060794    0.083621    0.017035
ln L         -8.758975   -9.511861   -2.800270   -4.072504   -2.800270   -2.481455   -8.196638   -5.145608   -5.856337   -2.481455   -2.800270   -2.481455   -4.072504

site               469         470         471         472         473         474         475         476         477         478         479         480         481
L             0.060794    0.060794    0.060794    0.083621    0.002308   5.369e-06   5.040e-04    0.083621    0.083621    0.083621    0.083621    0.075175    0.083621
ln L         -2.800270   -2.800270   -2.800270   -2.481455   -6.071378  -12.134783   -7.592988   -2.481455   -2.481455   -2.481455   -2.481455   -2.587943   -2.481455

site               482         483         484         485         486         487         488         489         490         491         492         493         494
L            3.679e-05    0.001469    0.083621    0.017035    0.083621    0.002478    0.060794    0.017035    0.060794    0.017035    0.083621    0.002396    0.060794
ln L        -10.210227   -6.523053   -2.481455   -4.072504   -2.481455   -6.000223   -2.800270   -4.072504   -2.800270   -4.072504   -2.481455   -6.033835   -2.800270

site               495         496         497         498         499         500         501         502         503         504         505         506         507
L             0.075175    0.003782   6.565e-04    0.001802   2.439e-07   5.951e-05    0.083621    0.001469    0.083621    0.017035    0.001161   2.765e-05   7.175e-06
ln L         -2.587943   -5.577537   -7.328647   -6.318786  -15.226306   -9.729317   -2.481455   -6.523053   -2.481455   -4.072504   -6.758783  -10.496057  -11.844888

site               508         509         510         511         512         513         514         515         516         517         518         519         520
L             0.006400   3.817e-07   4.580e-08    0.001356    0.246285   2.738e-05   6.707e-08    0.095164    0.005456   2.111e-05   8.866e-04    0.075175    0.060794
ln L         -5.051505  -14.778560  -16.898985   -6.603080   -1.401265  -10.505839  -16.517517   -2.352157   -5.211019  -10.765725   -7.028065   -2.587943   -2.800270

site               521         522         523         524         525         526         527         528         529         530         531         532         533
L             0.060794    0.001356   2.458e-04    0.060794    0.060794    0.083621    0.075175    0.075175    0.001557    0.083621    0.017035    0.083621    0.083621
ln L         -2.800270   -6.603080   -8.310835   -2.800270   -2.800270   -2.481455   -2.587943   -2.587943   -6.464797   -2.481455   -4.072504   -2.481455   -2.481455

site               534         535         536         537         538         539         540         541         542         543         544         545         546
L             0.083621    0.001132    0.001797   7.380e-06    0.324121   2.010e-06   4.595e-06   3.078e-06   2.298e-04    0.004548    0.017035    0.001533   7.168e-04
ln L         -2.481455   -6.783392   -6.321678  -11.816703   -1.126640  -13.117185  -12.290581  -12.691325   -8.378246   -5.393016   -4.072504   -6.480401   -7.240681

site               547         548         549         550         551         552         553         554         555         556         557         558         559
L             0.075175    0.002478    0.017035    0.075175    0.060794    0.083621    0.083621   4.586e-07    0.003502    0.075175   1.594e-04   1.284e-07   6.229e-10
ln L         -2.587943   -6.000223   -4.072504   -2.587943   -2.800270   -2.481455   -2.481455  -14.595172   -5.654320   -2.587943   -8.744356  -15.868490  -21.196656

site               560         561         562         563         564         565         566         567         568         569         570         571         572
L            4.123e-08   1.636e-07   2.839e-06    0.075175    0.075175   3.196e-07    0.005217   7.574e-05   2.833e-07   3.915e-10    0.060794   1.035e-05    0.083621
ln L        -17.004054  -15.625947  -12.771962   -2.587943   -2.587943  -14.956254   -5.255861   -9.488251  -15.076609  -21.661100   -2.800270  -11.478950   -2.481455

site               573         574         575         576         577         578         579         580         581         582         583         584         585
L            3.143e-04    0.083621   6.027e-05   2.540e-04   1.741e-04   2.250e-04    0.017035    0.017035    0.003688    0.060794    0.004032   1.028e-04    0.075175
ln L         -8.065154   -2.481455   -9.716725   -8.278201   -8.655880   -8.399576   -4.072504   -4.072504   -5.602701   -2.800270   -5.513515   -9.182909   -2.587943

site               586         587         588         589         590         591         592         593         594         595         596         597         598
L             0.060794    0.005456    0.098969    0.001161    0.075175    0.060794    0.060794    0.060794    0.060794    0.083621    0.083621    0.083621    0.017035
ln L         -2.800270   -5.211019   -2.312948   -6.758783   -2.587943   -2.800270   -2.800270   -2.800270   -2.800270   -2.481455   -2.481455   -2.481455   -4.072504

site               599         600         601         602         603         604         605         606         607         608         609         610         611
L             0.017035    0.083621    0.060794    0.083621   6.342e-04   4.597e-04    0.083621    0.017035    0.001797   6.765e-05    0.083621    0.060794    0.075175
ln L         -4.072504   -2.481455   -2.800270   -2.481455   -7.363145   -7.685004   -2.481455   -4.072504   -6.321678   -9.601223   -2.481455   -2.800270   -2.587943

site               612         613         614         615         616         617         618         619         620         621         622         623         624
L             0.075175   2.597e-05    0.060794    0.005070    0.017035   1.981e-05   2.250e-04    0.075175    0.060794    0.060794    0.083621    0.017035    0.017035
ln L         -2.587943  -10.558574   -2.800270   -5.284390   -4.072504  -10.829137   -8.399576   -2.587943   -2.800270   -2.800270   -2.481455   -4.072504   -4.072504

site               625         626         627         628         629         630         631         632         633         634         635         636         637
L            7.885e-04   1.592e-06    0.003688    0.075175    0.002396    0.083621    0.083621    0.083621    0.083621   2.654e-06    0.001712    0.060794    0.060794
ln L         -7.145366  -13.350731   -5.602701   -2.587943   -6.033835   -2.481455   -2.481455   -2.481455   -2.481455  -12.839281   -6.370358   -2.800270   -2.800270

site               638         639         640         641         642         643         644         645         646         647         648         649         650
L             0.017035    0.017035    0.060794    0.017035    0.075175    0.083621    0.083621    0.075175    0.060794    0.075175    0.075175    0.083621    0.083621
ln L         -4.072504   -4.072504   -2.800270   -4.072504   -2.587943   -2.481455   -2.481455   -2.587943   -2.800270   -2.587943   -2.587943   -2.481455   -2.481455

site               651         652         653         654         655         656         657         658         659         660         661         662         663
L             0.083621    0.060794    0.083621    0.083621    0.083621    0.083621    0.017035    0.060794    0.083621    0.083621    0.002445    0.083621   4.289e-05
ln L         -2.481455   -2.800270   -2.481455   -2.481455   -2.481455   -2.481455   -4.072504   -2.800270   -2.481455   -2.481455   -6.013509   -2.481455  -10.056789

site               664         665         666         667         668         669         670         671         672         673         674         675         676
L            5.517e-04   5.957e-06   7.499e-04    0.060794   6.229e-04   2.068e-07   1.118e-04   1.791e-08   1.687e-05    0.005259   1.380e-04   2.339e-04    0.075175
ln L         -7.502467  -12.031014   -7.195614   -2.800270   -7.381127  -15.391684   -9.099090  -17.837823  -10.989922   -5.247878   -8.888517   -8.360628   -2.587943

site               677         678         679         680         681         682         683         684         685         686         687         688         689
L            3.991e-07    0.003179    0.005070    0.001971    0.001356   2.743e-04   1.380e-08   3.011e-06   8.866e-04   8.559e-06   1.232e-08    0.003502   2.076e-04
ln L        -14.734032   -5.751119   -5.284390   -6.228985   -6.603080   -8.201122  -18.098323  -12.713132   -7.028065  -11.668552  -18.212200   -5.654320   -8.479676

site               690         691         692         693         694         695         696         697         698         699         700         701         702
L            5.184e-05    0.075175   1.428e-06    0.002639    0.060794   1.167e-09    0.083621   1.382e-04   1.690e-05   4.618e-06   1.439e-04    0.075175   4.104e-06
ln L         -9.867291   -2.587943  -13.459055   -5.937432   -2.800270  -20.569241   -2.481455   -8.886961  -10.988221  -12.285505   -8.846056   -2.587943  -12.403666

site               703         704         705         706         707         708         709         710         711         712         713         714         715
L             0.060794   6.082e-04    0.006649   2.250e-04   4.408e-06   3.203e-05   4.116e-06   6.492e-07    0.075175    0.075175   2.455e-06    0.006048    0.060794
ln L         -2.800270   -7.405029   -5.013257   -8.399576  -12.332130  -10.348751  -12.400531  -14.247573   -2.587943   -2.587943  -12.917332   -5.108066   -2.800270

site               716         717         718         719         720         721         722         723         724         725         726         727         728
L            1.041e-05   8.396e-06   1.448e-04   1.026e-08   2.445e-05    0.002884   2.166e-07    0.083621    0.004980    0.006640   6.230e-06    0.005070   1.073e-06
ln L        -11.473080  -11.687767   -8.840210  -18.395194  -10.618912   -5.848645  -15.345083   -2.481455   -5.302403   -5.014645  -11.986141   -5.284390  -13.745330

site               729         730         731         732         733         734         735         736         737         738         739         740         741
L            4.660e-04   5.855e-05   5.787e-06    0.083621    0.083621   1.438e-04    0.003667   7.260e-04   1.166e-07   1.283e-05    0.083621   4.120e-06    0.002396
ln L         -7.671396   -9.745568  -12.059819   -2.481455   -2.481455   -8.847064   -5.608364   -7.227960  -15.964230  -11.264058   -2.481455  -12.399776   -6.033835

site               742         743         744         745         746         747         748         749         750         751         752         753         754
L             0.083621    0.083621    0.083621   1.987e-04   9.755e-06   5.128e-05   4.940e-08   1.385e-06   6.752e-08   7.752e-06    0.005192    0.060794    0.083621
ln L         -2.481455   -2.481455   -2.481455   -8.523528  -11.537729   -9.878284  -16.823328  -13.489742  -16.510832  -11.767601   -5.260665   -2.800270   -2.481455

site               755         756         757         758         759         760         761         762         763         764         765         766         767
L            2.852e-06    0.001621    0.075175   3.331e-07   5.065e-07    0.005192   8.736e-07    0.060794    0.083621   4.309e-05    0.017035    0.060794   6.491e-04
ln L        -12.767525   -6.424546   -2.587943  -14.914712  -14.495770   -5.260665  -13.950644   -2.800270   -2.481455  -10.052316   -4.072504   -2.800270   -7.339973

site               768         769         770         771         772         773         774         775         776         777         778         779         780
L             0.083621    0.083621    0.083621   8.067e-06   2.038e-05   6.987e-09   3.194e-08    0.001562   2.359e-05   3.947e-07    0.060794   1.081e-05   1.077e-04
ln L         -2.481455   -2.481455   -2.481455  -11.727747  -10.800981  -18.779207  -17.259403   -6.461861  -10.654500  -14.745035   -2.800270  -11.435338   -9.135897

site               781         782         783         784         785         786         787         788         789         790         791         792         793
L            3.202e-04   2.794e-07    0.060794   3.650e-05   1.520e-05   3.009e-05    0.075175   3.271e-04    0.004893    0.060794   2.528e-06    0.083621    0.002445
ln L         -8.046623  -15.090744   -2.800270  -10.218287  -11.094244  -10.411245   -2.587943   -8.025205   -5.319883   -2.800270  -12.887949   -2.481455   -6.013509

site               794         795         796         797         798         799         800         801         802         803         804         805         806
L            3.622e-10    0.083621   2.096e-05   1.424e-05    0.083621    0.017035   1.359e-06    0.006400    0.004893   2.403e-07   2.433e-08    0.003502   9.349e-06
ln L        -21.738927   -2.481455  -10.772695  -11.159681   -2.481455   -4.072504  -13.508629   -5.051505   -5.319883  -15.241332  -17.531606   -5.654320  -11.580285

site               807         808         809         810         811         812         813         814         815         816         817         818         819
L            3.202e-04    0.075175   1.319e-05    0.083621   4.764e-04   2.603e-04    0.006904   1.209e-04   7.241e-06   3.341e-06    0.060794    0.006649    0.060794
ln L         -8.046623   -2.587943  -11.236117   -2.481455   -7.649333   -8.253735   -4.975714   -9.020916  -11.835786  -12.609185   -2.800270   -5.013257   -2.800270

site               820         821         822         823         824         825         826         827         828         829         830         831         832
L             0.002642   1.148e-07   1.705e-04    0.060794   8.195e-10   1.028e-04   6.370e-06    0.005259   4.720e-06   3.305e-05    0.083621   1.038e-04   1.590e-06
ln L         -5.936201  -15.980032   -8.676817   -2.800270  -20.922318   -9.182909  -11.963871   -5.247878  -12.263657  -10.317638   -2.481455   -9.172638  -13.351505

site               833         834         835         836         837         838         839         840         841         842         843         844         845
L            3.104e-05    0.075175    0.083621    0.083621    0.017035    0.083621    0.083621   4.575e-05   7.675e-05   4.945e-05    0.083621   1.364e-04   1.141e-05
ln L        -10.380100   -2.587943   -2.481455   -2.481455   -4.072504   -2.481455   -2.481455   -9.992372   -9.475003   -9.914601   -2.481455   -8.899873  -11.381106

site               846         847         848         849         850         851         852         853         854         855         856         857         858
L             0.001161    0.060794   3.615e-05    0.002607    0.001391   6.652e-10    0.083621   1.316e-05    0.001381    0.060794    0.017035   9.118e-06    0.002639
ln L         -6.758783   -2.800270  -10.227728   -5.949488   -6.577940  -21.130887   -2.481455  -11.238614   -6.584960   -2.800270   -4.072504  -11.605295   -5.937432

site               859         860         861         862         863         864         865         866         867         868         869         870         871
L             0.001161   1.078e-05    0.060794    0.017035    0.083621   6.565e-04    0.001501   5.495e-05    0.001356   9.928e-05   2.352e-08    0.083621    0.001797
ln L         -6.758783  -11.437508   -2.800270   -4.072504   -2.481455   -7.328647   -6.501296   -9.809045   -6.603080   -9.217554  -17.565490   -2.481455   -6.321678

site               872         873         874         875         876         877         878         879         880         881         882         883         884
L             0.005456    0.075175    0.083621   8.394e-05    0.083621    0.075175   3.670e-06   3.330e-07   5.717e-04   6.102e-07   4.871e-07    0.001175   1.463e-05
ln L         -5.211019   -2.587943   -2.481455   -9.385371   -2.481455   -2.587943  -12.515450  -14.915219   -7.466838  -14.309477  -14.534783   -6.746777  -11.132531

site               885         886         887         888         889         890         891         892         893         894         895         896         897
L             0.005456    0.060794    0.002008    0.003757    0.002162   3.693e-08   1.770e-04    0.060794    0.004548    0.083621    0.017035    0.075175    0.060794
ln L         -5.211019   -2.800270   -6.210823   -5.584175   -6.136788  -17.114377   -8.639440   -2.800270   -5.393016   -2.481455   -4.072504   -2.587943   -2.800270

site               898
L             0.060794
ln L         -2.800270

Time used to compute likelihoods = 0.03 sec (CPU time = 0.23 sec)

Tree scores (and parameter estimates) written to file: ~/Library/CloudStorage/Dropbox/Lab/James
McInerney/programming/MLDecay/debug_runs/mldecay_20250520_142021/site_lnl_Clade_10.txt
