--- STDOUT ---

P A U P *
Version 4.0a (build 168) for macOS (built on Aug  2 2020 at 06:41:30)
Tue May 20 14:21:38 2025

        -----------------------------NOTICE-----------------------------
          This is a test version that is still changing rapidly.
          Please report bugs to dave@phylosolutions.com
        ----------------------------------------------------------------

Running on Apple M3 Max
    16 CPU cores on 1 socket
    Executable built for Intel(R) 64 architecture
    Compiled using Intel compiler (icc) 11.1.0 (build 20091012)
    SSE vectorization enabled
    SSSE3 instructions supported
    Multithreading enabled using Pthreads

Processing of file "~/Library/CloudStorage/Dropbox/Lab/James McInerney/programming/MLDecay/debug_runs/mldecay_20250520_142021/site_analysis_Clade_7.nex" begins...

Processing of file "~/Library/CloudStorage/Dropbox/Lab/James McInerney/programming/MLDecay/debug_runs/mldecay_20250520_142021/alignment.nex" begins...

Data read in DNA format

Data matrix has 12 taxa, 898 characters
Valid character-state symbols: ACGT
Missing data identified by '?'
Gaps identified by '-'
"Equate" macros in effect:
   R,r ==> {AG}
   Y,y ==> {CT}
   M,m ==> {AC}
   K,k ==> {GT}
   S,s ==> {CG}
   W,w ==> {AT}
   H,h ==> {ACT}
   B,b ==> {CGT}
   V,v ==> {ACG}
   D,d ==> {AGT}
   N,n ==> {ACGT}

Processing of input file "alignment.nex" completed.

Optimality criterion set to likelihood.

Processing TREES block from file: ~/Library/CloudStorage/Dropbox/Lab/James McInerney/programming/MLDecay/debug_runs/mldecay_20250520_142021/ml_tree.tre
  Keeping: trees from file (replacing any trees already in memory)
  1 tree read from file

  Time used = 0.00 sec (CPU time = 0.00 sec)

Note: Input trees are rooted but current criterion and/or option settings would specify unrooted trees.  (You can deroot the trees using the 'derootTrees' command.)

Processing TREES block from file: ~/Library/CloudStorage/Dropbox/Lab/James McInerney/programming/MLDecay/debug_runs/mldecay_20250520_142021/constraint_tree_7.tre
  Keeping: trees in memory plus trees from file
  1 tree originally in memory
  1 tree read from file
  1 tree from file kept
  2 trees now in memory

  Time used = 0.00 sec (CPU time = 0.00 sec)

Note: Input trees are rooted but current criterion and/or option settings would specify unrooted trees.  (You can deroot the trees using the 'derootTrees' command.)

Likelihood scores of tree(s) in memory:
---------------------------------------
  898 characters are included
  All characters have equal weight
  Likelihood settings:
    Current model:
                             Data type = nucleotide
                DNA substitution types = 1
                     State frequencies = empirical: A=0.324121 C=0.30402 G=0.105528 T=0.266332
        Proportion of invariable sites = none
               Rates at variable sites = equal
                  Model correspondence = F81

    Number of distinct data patterns under this model = 415
    Molecular clock not enforced
    Starting branch lengths obtained using Rogers-Swofford approximation method
    Branch-length optimization = one-dimensional Newton-Raphson with pass limit=20, tolerance=1e-07
    Likelihood calculations performed in single precision
    Vector processing enabled
    Using standard Felsenstein pruning for computing likelihoods
    Conditional-likelihood rescaling threshold = 1e-20
    Using 14 parallel threads on 16 processors

Tree             1           2
------------------------------
-ln L     6333.490    6345.491

Likelihoods for each site on tree 1:

site                 1           2           3           4           5           6           7           8           9          10          11          12          13
L             0.085077    0.085077    0.017454    0.005554    0.061962    0.061962   2.934e-05   4.428e-05    0.002956   7.432e-07    0.017454    0.017454   3.983e-06
ln L         -2.464201   -2.464201   -4.048184   -5.193284   -2.781228   -2.781228  -10.436437  -10.025064   -5.823992  -14.112309   -4.048184   -4.048184  -12.433440

site                14          15          16          17          18          19          20          21          22          23          24          25          26
L             0.017454    0.076530    0.007023   6.401e-06   8.034e-05   7.857e-07   9.554e-06   5.555e-06   8.009e-07    0.076530    0.061962   5.249e-10    0.085077
ln L         -4.048184   -2.570073   -4.958582  -11.959066   -9.429299  -14.056662  -11.558532  -12.100897  -14.037489   -2.570073   -2.781228  -21.367867   -2.464201

site                27          28          29          30          31          32          33          34          35          36          37          38          39
L             0.061962   1.325e-05   8.367e-04    0.061962   3.751e-09    0.017454    0.076530   3.322e-06    0.076530    0.085077   2.726e-06    0.017454    0.017454
ln L         -2.781228  -11.231337   -7.085990   -2.781228  -19.401321   -4.048184   -2.570073  -12.615067   -2.570073   -2.464201  -12.812777   -4.048184   -4.048184

site                40          41          42          43          44          45          46          47          48          49          50          51          52
L            4.422e-09    0.005339    0.061962   6.216e-07    0.085077    0.076530   3.212e-07    0.061962    0.076530   1.159e-09    0.061962    0.076530   9.703e-05
ln L        -19.236766   -5.232777   -2.781228  -14.290919   -2.464201   -2.570073  -14.951129   -2.781228   -2.570073  -20.575482   -2.781228   -2.570073   -9.240447

site                53          54          55          56          57          58          59          60          61          62          63          64          65
L            2.900e-07    0.061962   3.567e-07   1.212e-07   4.914e-05   1.298e-06    0.061962    0.061962    0.005554    0.061962    0.017454    0.004182   3.984e-05
ln L        -15.053323   -2.781228  -14.846510  -15.925634   -9.920828  -13.554828   -2.781228   -2.781228   -5.193284   -2.781228   -4.048184   -5.476886  -10.130621

site                66          67          68          69          70          71          72          73          74          75          76          77          78
L             0.061962   2.876e-07    0.017454    0.076530   3.658e-06    0.085077    0.085077   1.169e-04    0.005508    0.076530    0.004646    0.085077    0.085077
ln L         -2.781228  -15.061701   -4.048184   -2.570073  -12.518508   -2.464201   -2.464201   -9.054619   -5.201488   -2.570073   -5.371765   -2.464201   -2.464201

site                79          80          81          82          83          84          85          86          87          88          89          90          91
L            4.329e-05    0.061962    0.085077   1.305e-05    0.017454    0.085077   7.062e-04    0.076530    0.017454   2.836e-06    0.002438    0.001709   6.388e-08
ln L        -10.047691   -2.781228   -2.464201  -11.246559   -4.048184   -2.464201   -7.255550   -2.570073   -4.048184  -12.773292   -6.016703   -6.371742  -16.566289

site                92          93          94          95          96          97          98          99         100         101         102         103         104
L             0.076530    0.085077   7.244e-05    0.085077   3.130e-04   4.889e-05    0.076530    0.017454   3.114e-06    0.085077   6.453e-05    0.002237    0.085077
ln L         -2.570073   -2.464201   -9.532759   -2.464201   -8.069408   -9.926033   -2.570073   -4.048184  -12.679678   -2.464201   -9.648342   -6.102450   -2.464201

site               105         106         107         108         109         110         111         112         113         114         115         116         117
L             0.061962    0.085077   1.943e-05   4.914e-04   1.624e-06    0.005339    0.061962   3.459e-07   1.286e-04    0.076530   9.460e-07    0.076530   2.844e-04
ln L         -2.781228   -2.464201  -10.848682   -7.618199  -13.330591   -5.232777   -2.781228  -14.877086   -8.958735   -2.570073  -13.871027   -2.570073   -8.165012

site               118         119         120         121         122         123         124         125         126         127         128         129         130
L            1.977e-05    0.017454    0.017454   2.145e-07    0.005090    0.061962   6.089e-08    0.076530    0.085077    0.085077    0.001393    0.003232   6.621e-08
ln L        -10.831526   -4.048184   -4.048184  -15.354835   -5.280513   -2.781228  -16.614159   -2.570073   -2.464201   -2.464201   -6.576599   -5.734520  -16.530447

site               131         132         133         134         135         136         137         138         139         140         141         142         143
L            2.109e-04    0.061962    0.004646   4.770e-04    0.061962   9.950e-05    0.076530    0.076530   6.216e-06    0.001325    0.061962   2.236e-07    0.002438
ln L         -8.464269   -2.781228   -5.371765   -7.648010   -2.781228   -9.215363   -2.570073   -2.570073  -11.988444   -6.625986   -2.781228  -15.313276   -6.016703

site               144         145         146         147         148         149         150         151         152         153         154         155         156
L            2.615e-04    0.085077    0.017454    0.002115   7.699e-07   5.259e-07    0.002861   1.049e-06    0.061962    0.017454    0.085077    0.061962    0.017454
ln L         -8.249175   -2.464201   -4.048184   -6.158547  -14.077020  -14.458216   -5.856568  -13.767944   -2.781228   -4.048184   -2.464201   -2.781228   -4.048184

site               157         158         159         160         161         162         163         164         165         166         167         168         169
L             0.085077   8.244e-05    0.061962   1.843e-08   6.690e-05   1.646e-04   3.175e-05    0.017454    0.076530    0.003825    0.085077    0.001548    0.005339
ln L         -2.464201   -9.403432   -2.781228  -17.809473   -9.612366   -8.711934  -10.357534   -4.048184   -2.570073   -5.566196   -2.464201   -6.470968   -5.232777

site               170         171         172         173         174         175         176         177         178         179         180         181         182
L             0.005554    0.061962   1.727e-04   3.298e-06    0.076530   1.239e-04    0.085077    0.085077    0.001900    0.076530    0.061962   4.992e-07    0.017454
ln L         -5.193284   -2.781228   -8.663955  -12.622242   -2.570073   -8.996111   -2.464201   -2.464201   -6.265965   -2.570073   -2.781228  -14.510257   -4.048184

site               183         184         185         186         187         188         189         190         191         192         193         194         195
L             0.076530    0.001900   5.821e-05    0.061962    0.006152    0.076530    0.076530    0.003259   1.476e-05    0.076530   1.350e-05   1.362e-04    0.076530
ln L         -2.570073   -6.265965   -9.751483   -2.781228   -5.090934   -2.570073   -2.570073   -5.726332  -11.123422   -2.570073  -11.212973   -8.901364   -2.570073

site               196         197         198         199         200         201         202         203         204         205         206         207         208
L            1.243e-06    0.085077    0.061962   1.827e-06    0.085077    0.085077   2.755e-07    0.002956    0.061962   3.266e-06   1.799e-04    0.061962   4.212e-08
ln L        -13.597694   -2.464201   -2.781228  -13.212825   -2.464201   -2.464201  -15.104617   -5.823992   -2.781228  -12.631847   -8.622907   -2.781228  -16.982853

site               209         210         211         212         213         214         215         216         217         218         219         220         221
L             0.017454    0.017454   2.463e-10    0.017454    0.085077   7.062e-04    0.005339    0.061962   8.272e-05    0.004974   7.562e-05   1.582e-05    0.001548
ln L         -4.048184   -4.048184  -22.124302   -4.048184   -2.464201   -7.255550   -5.232777   -2.781228   -9.400084   -5.303511   -9.489768  -11.054116   -6.470968

site               222         223         224         225         226         227         228         229         230         231         232         233         234
L             0.004974   1.780e-05    0.002014    0.003870   3.747e-05   5.593e-08    0.003072   4.474e-06   2.030e-06    0.076530   7.891e-06   5.864e-07    0.002678
ln L         -5.303511  -10.936329   -6.207738   -5.554435  -10.192058  -16.699076   -5.785281  -12.317180  -13.107567   -2.570073  -11.749787  -14.349240   -5.922705

site               235         236         237         238         239         240         241         242         243         244         245         246         247
L            1.821e-07    0.061962    0.061962   5.139e-06    0.061962    0.076530   1.608e-05    0.061962    0.017454   1.285e-07    0.001022    0.076530   1.480e-05
ln L        -15.518594   -2.781228   -2.781228  -12.178611   -2.781228   -2.570073  -11.037810   -2.781228   -4.048184  -15.867335   -6.886057   -2.570073  -11.120576

site               248         249         250         251         252         253         254         255         256         257         258         259         260
L            3.499e-04    0.085077   9.915e-06   5.074e-04   3.292e-06   1.160e-05    0.085077    0.076530   2.773e-07    0.002054    0.061962   1.227e-06   1.871e-07
ln L         -7.957934   -2.464201  -11.521486   -7.586210  -12.623906  -11.364749   -2.464201   -2.570073  -15.098052   -6.188170   -2.781228  -13.610655  -15.491873

site               261         262         263         264         265         266         267         268         269         270         271         272         273
L             0.002944   2.897e-07   7.822e-07    0.061962   1.766e-07    0.002438    0.002956   2.752e-05    0.017454    0.017454   1.243e-06   2.519e-08    0.001486
ln L         -5.827936  -15.054475  -14.061209   -2.781228  -15.549138   -6.016703   -5.823992  -10.500755   -4.048184   -4.048184  -13.597922  -17.496801   -6.511830

site               274         275         276         277         278         279         280         281         282         283         284         285         286
L            2.350e-08    0.085077    0.085077   7.210e-06    0.001393    0.005167   3.041e-04   5.645e-04    0.061962   7.675e-04   4.735e-04    0.061962   1.482e-07
ln L        -17.566278   -2.464201   -2.464201  -11.840062   -6.576599   -5.265510   -8.098136   -7.479581   -2.781228   -7.172367   -7.655280   -2.781228  -15.724873

site               287         288         289         290         291         292         293         294         295         296         297         298         299
L             0.085077    0.076530   2.542e-07   7.588e-04    0.076530   3.772e-04    0.076530    0.061962   4.337e-08    0.061962    0.085077    0.002956    0.061962
ln L         -2.464201   -2.570073  -15.185312   -7.183753   -2.570073   -7.882780   -2.570073   -2.781228  -16.953523   -2.781228   -2.464201   -5.823992   -2.781228

site               300         301         302         303         304         305         306         307         308         309         310         311         312
L             0.076530   9.721e-08    0.076530    0.061962   1.877e-08   3.013e-04    0.085077   2.897e-06    0.085077    0.061962   1.250e-07    0.005167    0.005303
ln L         -2.570073  -16.146380   -2.570073   -2.781228  -17.791021   -8.107475   -2.464201  -12.751702   -2.464201   -2.781228  -15.894777   -5.265510   -5.239489

site               313         314         315         316         317         318         319         320         321         322         323         324         325
L            7.037e-06    0.002342   3.989e-06   1.094e-06    0.005910   2.302e-04   4.653e-04   5.835e-04    0.001325    0.006152    0.076530    0.085077    0.002342
ln L        -11.864278   -6.056944  -12.431889  -13.725486   -5.131175   -8.376442   -7.672850   -7.446499   -6.625986   -5.090934   -2.570073   -2.464201   -6.056944

site               326         327         328         329         330         331         332         333         334         335         336         337         338
L             0.001610    0.017454   4.735e-04    0.017454    0.017454   6.151e-06   2.089e-10    0.003758   8.367e-04    0.005554   2.209e-04   2.230e-04    0.085077
ln L         -6.431640   -4.048184   -7.655280   -4.048184   -4.048184  -11.998904  -22.289094   -5.583738   -7.085990   -5.193284   -8.417888   -8.408523   -2.464201

site               339         340         341         342         343         344         345         346         347         348         349         350         351
L             0.076530   8.629e-04    0.001709    0.085077   3.045e-05    0.006497    0.002342    0.002956    0.004646   4.151e-04   3.827e-08    0.005303   2.435e-06
ln L         -2.570073   -7.055205   -6.371742   -2.464201  -10.399463   -5.036404   -6.056944   -5.823992   -5.371765   -7.787079  -17.078704   -5.239413  -12.925615

site               352         353         354         355         356         357         358         359         360         361         362         363         364
L            1.884e-06    0.085077    0.085077   8.290e-06    0.005303    0.061962    0.007023    0.085077    0.006152   6.917e-09    0.076530    0.076530   7.130e-07
ln L        -13.182375   -2.464201   -2.464201  -11.700468   -5.239413   -2.781228   -4.958582   -2.464201   -5.090934  -18.789239   -2.570073   -2.570073  -14.153727

site               365         366         367         368         369         370         371         372         373         374         375         376         377
L            3.037e-05    0.005339   8.215e-08    0.002944    0.061962   8.688e-06    0.085077    0.076530    0.007023    0.076530    0.017454    0.003391    0.017454
ln L        -10.401944   -5.232777  -16.314754   -5.827936   -2.781228  -11.653600   -2.464201   -2.570073   -4.958582   -2.570073   -4.048184   -5.686535   -4.048184

site               378         379         380         381         382         383         384         385         386         387         388         389         390
L             0.085077    0.085077    0.085077    0.085077   3.378e-07    0.085077   3.328e-08   5.416e-08   1.556e-05    0.061962   6.685e-05    0.085077    0.061962
ln L         -2.464201   -2.464201   -2.464201   -2.464201  -14.900928   -2.464201  -17.218409  -16.731318  -11.070990   -2.781228   -9.612995   -2.464201   -2.781228

site               391         392         393         394         395         396         397         398         399         400         401         402         403
L            6.776e-06   4.275e-07    0.003870   4.386e-06    0.001671    0.061962   1.183e-05    0.076530    0.085077    0.005339   5.858e-04    0.061962   2.250e-04
ln L        -11.902070  -14.665294   -5.554435  -12.337076   -6.394579   -2.781228  -11.344471   -2.570073   -2.464201   -5.232777   -7.442593   -2.781228   -8.399262

site               404         405         406         407         408         409         410         411         412         413         414         415         416
L            6.485e-06   1.257e-04   2.922e-05    0.076530    0.076530   4.218e-04   3.656e-05    0.061962   5.494e-09   3.628e-04    0.061962    0.001900    0.076530
ln L        -11.946016   -8.981601  -10.440640   -2.570073   -2.570073   -7.770993  -10.216569   -2.781228  -19.019538   -7.921611   -2.781228   -6.265965   -2.570073

site               417         418         419         420         421         422         423         424         425         426         427         428         429
L             0.061962   3.164e-08   1.464e-04    0.061962   4.653e-04   2.645e-05    0.076530   2.050e-06   1.913e-04    0.005167   3.730e-06    0.085077    0.002342
ln L         -2.781228  -17.268917   -8.829366   -2.781228   -7.672850  -10.540290   -2.570073  -13.097783   -8.561475   -5.265510  -12.499049   -2.464201   -6.056944

site               430         431         432         433         434         435         436         437         438         439         440         441         442
L             0.001504    0.076530    0.076530   6.233e-05   6.761e-04    0.001177   1.341e-07   1.043e-04    0.061962   3.721e-06    0.085077    0.061962   2.590e-07
ln L         -6.499452   -2.570073   -2.570073   -9.683092   -7.299209   -6.744656  -15.824642   -9.167838   -2.781228  -12.501524   -2.464201   -2.781228  -15.166300

site               443         444         445         446         447         448         449         450         451         452         453         454         455
L            3.764e-06    0.001512   1.045e-08    0.017454    0.017454   2.807e-08   1.932e-04    0.001707   2.230e-06   1.150e-06    0.005554   1.972e-09   2.377e-04
ln L        -12.489912   -6.494317  -18.376295   -4.048184   -4.048184  -17.388524   -8.551902   -6.373000  -13.013480  -13.675648   -5.193284  -20.044346   -8.344536

site               456         457         458         459         460         461         462         463         464         465         466         467         468
L            1.604e-04   7.500e-05    0.061962    0.017454    0.061962    0.085077   3.422e-04    0.005910    0.002944    0.085077    0.061962    0.085077    0.017454
ln L         -8.737804   -9.497965   -2.781228   -4.048184   -2.781228   -2.464201   -7.980199   -5.131175   -5.827936   -2.464201   -2.781228   -2.464201   -4.048184

site               469         470         471         472         473         474         475         476         477         478         479         480         481
L             0.061962    0.061962    0.061962    0.085077    0.002342   3.983e-06   4.700e-04    0.085077    0.085077    0.085077    0.085077    0.076530    0.085077
ln L         -2.781228   -2.781228   -2.781228   -2.464201   -6.056944  -12.433440   -7.662842   -2.464201   -2.464201   -2.464201   -2.464201   -2.570073   -2.464201

site               482         483         484         485         486         487         488         489         490         491         492         493         494
L            3.257e-05    0.001516    0.085077    0.017454    0.085077    0.001756    0.061962    0.017454    0.061962    0.017454    0.085077    0.002438    0.061962
ln L        -10.332155   -6.491549   -2.464201   -4.048184   -2.464201   -6.344566   -2.781228   -4.048184   -2.781228   -4.048184   -2.464201   -6.016703   -2.781228

site               495         496         497         498         499         500         501         502         503         504         505         506         507
L             0.076530    0.003870   6.761e-04    0.001841   2.322e-07   4.450e-05    0.085077    0.001516    0.085077    0.017454    0.001177   2.104e-05   8.946e-06
ln L         -2.570073   -5.554435   -7.299209   -6.297534  -15.275498  -10.019971   -2.464201   -6.491549   -2.464201   -4.048184   -6.744656  -10.769071  -11.624279

site               508         509         510         511         512         513         514         515         516         517         518         519         520
L             0.006497   3.636e-07   3.450e-08    0.001393    0.246203   2.675e-05   6.575e-08    0.096867    0.005554   1.847e-05   9.013e-04    0.076530    0.061962
ln L         -5.036404  -14.827286  -17.182318   -6.576599   -1.401597  -10.529101  -16.537441   -2.334417   -5.193284  -10.899134   -7.011704   -2.570073   -2.781228

site               521         522         523         524         525         526         527         528         529         530         531         532         533
L             0.061962    0.001393   2.522e-04    0.061962    0.061962    0.085077    0.076530    0.076530    0.001595    0.085077    0.017454    0.085077    0.085077
ln L         -2.781228   -6.576599   -8.285265   -2.781228   -2.781228   -2.464201   -2.570073   -2.570073   -6.440819   -2.464201   -4.048184   -2.464201   -2.464201

site               534         535         536         537         538         539         540         541         542         543         544         545         546
L             0.085077   9.938e-04    0.001709   7.340e-06    0.324121   1.478e-06   4.582e-06   3.107e-06   2.733e-04    0.004646    0.017454    0.001338   7.062e-04
ln L         -2.464201   -6.913996   -6.371742  -11.822115   -1.126640  -13.424990  -12.293272  -12.681884   -8.204793   -5.371765   -4.048184   -6.616231   -7.255550

site               547         548         549         550         551         552         553         554         555         556         557         558         559
L             0.076530    0.001756    0.017454    0.076530    0.061962    0.085077    0.085077   1.104e-07    0.003072    0.076530   1.623e-04   1.060e-07   4.892e-10
ln L         -2.570073   -6.344566   -4.048184   -2.570073   -2.781228   -2.464201   -2.464201  -16.019164   -5.785281   -2.570073   -8.726259  -16.059931  -21.438294

site               560         561         562         563         564         565         566         567         568         569         570         571         572
L            5.192e-08   1.738e-07   2.260e-06    0.076530    0.076530   2.767e-07    0.005303   6.906e-05   2.461e-07   1.748e-10    0.061962   1.035e-05    0.085077
ln L        -16.773527  -15.565605  -13.000023   -2.570073   -2.570073  -15.100234   -5.239489   -9.580581  -15.217701  -22.467323   -2.781228  -11.478461   -2.464201

site               573         574         575         576         577         578         579         580         581         582         583         584         585
L            2.785e-04    0.085077   4.524e-05   2.392e-04   1.761e-04   1.991e-04    0.017454    0.017454    0.003232    0.061962    0.004126   9.847e-05    0.076530
ln L         -8.185976   -2.464201  -10.003620   -8.338156   -8.644331   -8.521728   -4.048184   -4.048184   -5.734520   -2.781228   -5.490413   -9.225776   -2.570073

site               586         587         588         589         590         591         592         593         594         595         596         597         598
L             0.061962    0.005554    0.100690    0.001177    0.076530    0.061962    0.061962    0.061962    0.061962    0.085077    0.085077    0.085077    0.017454
ln L         -2.781228   -5.193284   -2.295712   -6.744656   -2.570073   -2.781228   -2.781228   -2.781228   -2.781228   -2.464201   -2.464201   -2.464201   -4.048184

site               599         600         601         602         603         604         605         606         607         608         609         610         611
L             0.017454    0.085077    0.061962    0.085077   5.994e-04   4.541e-04    0.085077    0.017454    0.001709   6.961e-05    0.085077    0.061962    0.076530
ln L         -4.048184   -2.464201   -2.781228   -2.464201   -7.419600   -7.697137   -2.464201   -4.048184   -6.371742   -9.572619   -2.464201   -2.781228   -2.570073

site               612         613         614         615         616         617         618         619         620         621         622         623         624
L             0.076530   2.640e-05    0.061962    0.005167    0.017454   3.130e-04   1.991e-04    0.076530    0.061962    0.061962    0.085077    0.017454    0.017454
ln L         -2.570073  -10.542094   -2.781228   -5.265510   -4.048184   -8.069408   -8.521728   -2.570073   -2.781228   -2.781228   -2.464201   -4.048184   -4.048184

site               625         626         627         628         629         630         631         632         633         634         635         636         637
L            8.629e-04   1.619e-06    0.003232    0.076530    0.002438    0.085077    0.085077    0.085077    0.085077   3.353e-06    0.001717    0.061962    0.061962
ln L         -7.055205  -13.333689   -5.734520   -2.570073   -6.016703   -2.464201   -2.464201   -2.464201   -2.464201  -12.605640   -6.367403   -2.781228   -2.781228

site               638         639         640         641         642         643         644         645         646         647         648         649         650
L             0.017454    0.017454    0.061962    0.017454    0.076530    0.085077    0.085077    0.076530    0.061962    0.076530    0.076530    0.085077    0.085077
ln L         -4.048184   -4.048184   -2.781228   -4.048184   -2.570073   -2.464201   -2.464201   -2.570073   -2.781228   -2.570073   -2.570073   -2.464201   -2.464201

site               651         652         653         654         655         656         657         658         659         660         661         662         663
L             0.085077    0.061962    0.085077    0.085077    0.085077    0.085077    0.017454    0.061962    0.085077    0.085077    0.002485    0.085077   4.348e-05
ln L         -2.464201   -2.781228   -2.464201   -2.464201   -2.464201   -2.464201   -4.048184   -2.781228   -2.464201   -2.464201   -5.997638   -2.464201  -10.043196

site               664         665         666         667         668         669         670         671         672         673         674         675         676
L            4.932e-04   5.771e-06   7.675e-04    0.061962   5.983e-04   1.370e-06   1.140e-04   1.311e-08   1.553e-05    0.005339   1.422e-04   2.025e-04    0.076530
ln L         -7.614531  -12.062588   -7.172367   -2.781228   -7.421452  -13.500766   -9.078893  -18.150056  -11.072818   -5.232777   -8.858438   -8.504647   -2.570073

site               677         678         679         680         681         682         683         684         685         686         687         688         689
L            4.764e-07    0.003256    0.005167    0.001980    0.001393   2.414e-04   1.030e-08   2.891e-06   9.013e-04   8.636e-06   1.144e-08    0.003072   2.114e-04
ln L        -14.556995   -5.727353   -5.265510   -6.224499   -6.576599   -8.329104  -18.391428  -12.753922   -7.011704  -11.659567  -18.286025   -5.785281   -8.461576

site               690         691         692         693         694         695         696         697         698         699         700         701         702
L            5.107e-05    0.076530   1.038e-06    0.002678    0.061962   8.494e-10    0.085077   1.374e-04   1.514e-05   4.473e-06   1.422e-04    0.076530   4.125e-06
ln L         -9.882283   -2.570073  -13.777802   -5.922705   -2.781228  -20.886524   -2.464201   -8.892283  -11.098366  -12.317525   -8.858407   -2.570073  -12.398368

site               703         704         705         706         707         708         709         710         711         712         713         714         715
L             0.061962   5.835e-04    0.006746   1.991e-04   4.209e-06   3.182e-05   3.655e-06   1.484e-07    0.076530    0.076530   2.383e-06    0.006152    0.061962
ln L         -2.781228   -7.446499   -4.998824   -8.521728  -12.378168  -10.355404  -12.519286  -15.723295   -2.570073   -2.570073  -12.946982   -5.090934   -2.781228

site               716         717         718         719         720         721         722         723         724         725         726         727         728
L            1.049e-05   7.462e-06   1.483e-04   7.633e-09   2.562e-05    0.002956   2.710e-07    0.085077    0.005090    0.006759   6.179e-06    0.005167   8.765e-07
ln L        -11.465343  -11.805721   -8.816202  -18.690798  -10.572190   -5.823992  -15.121111   -2.464201   -5.280513   -4.996911  -11.994357   -5.265510  -13.947376

site               729         730         731         732         733         734         735         736         737         738         739         740         741
L            4.735e-04   5.665e-05   4.938e-06    0.085077    0.085077   1.417e-04    0.003758   7.437e-04   1.055e-07   5.183e-05    0.085077   3.989e-06    0.002438
ln L         -7.655280   -9.778531  -12.218604   -2.464201   -2.464201   -8.861579   -5.583738   -7.203925  -16.064754   -9.867469   -2.464201  -12.431889   -6.016703

site               742         743         744         745         746         747         748         749         750         751         752         753         754
L             0.085077    0.085077    0.085077   2.010e-04   9.773e-06   4.641e-05   3.174e-07   7.447e-06   6.473e-08   6.183e-06    0.005303    0.061962    0.085077
ln L         -2.464201   -2.464201   -2.464201   -8.511979  -11.535933   -9.977898  -14.963110  -11.807762  -16.553026  -11.993695   -5.239413   -2.781228   -2.464201

site               755         756         757         758         759         760         761         762         763         764         765         766         767
L            2.044e-06    0.001657    0.076530   3.091e-07   5.534e-07    0.005303   1.101e-06    0.061962    0.085077   4.467e-05    0.017454    0.061962   6.619e-04
ln L        -13.100743   -6.402656   -2.570073  -14.989615  -14.407143   -5.239413  -13.719365   -2.781228   -2.464201  -10.016232   -4.048184   -2.781228   -7.320348

site               768         769         770         771         772         773         774         775         776         777         778         779         780
L             0.085077    0.085077    0.085077   8.270e-06   2.075e-05   6.941e-09   4.497e-08    0.001610   2.603e-05   3.493e-07    0.061962   9.620e-06   9.539e-05
ln L         -2.464201   -2.464201   -2.464201  -11.702933  -10.783013  -18.785802  -16.917259   -6.431640  -10.556339  -14.867466   -2.781228  -11.551665   -9.257553

site               781         782         783         784         785         786         787         788         789         790         791         792         793
L            2.895e-04   2.785e-07    0.061962   3.538e-05   1.431e-05   3.132e-05    0.076530   2.868e-04    0.004974    0.061962   2.340e-06    0.085077    0.002485
ln L         -8.147356  -15.093719   -2.781228  -10.249491  -11.154575  -10.371220   -2.570073   -8.156694   -5.303511   -2.781228  -12.965428   -2.464201   -5.997638

site               794         795         796         797         798         799         800         801         802         803         804         805         806
L            3.904e-10    0.085077   1.694e-05   1.462e-05    0.085077    0.017454   1.299e-06    0.006497    0.004974   2.463e-07   1.770e-07    0.003072   6.788e-06
ln L        -21.663761   -2.464201  -10.986108  -11.133304   -2.464201   -4.048184  -13.553657   -5.036404   -5.303511  -15.216685  -15.547325   -5.785281  -11.900330

site               807         808         809         810         811         812         813         814         815         816         817         818         819
L            2.895e-04    0.076530   1.329e-05    0.085077   4.770e-04   2.664e-04    0.007023   1.120e-04   5.992e-06   3.133e-06    0.061962    0.006746    0.061962
ln L         -8.147356   -2.570073  -11.228837   -2.464201   -7.648010   -8.230488   -4.958582   -9.097185  -12.025091  -12.673395   -2.781228   -4.998824   -2.781228

site               820         821         822         823         824         825         826         827         828         829         830         831         832
L             0.001872   5.550e-07   1.680e-04    0.061962   6.272e-10   9.847e-05   6.261e-06    0.005339   4.286e-06   2.464e-05    0.085077   9.114e-05   1.539e-06
ln L         -6.280545  -14.404376   -8.691808   -2.781228  -21.189719   -9.225776  -11.981150   -5.232777  -12.360221  -10.611235   -2.464201   -9.303104  -13.384106

site               833         834         835         836         837         838         839         840         841         842         843         844         845
L            3.170e-05    0.076530    0.085077    0.085077    0.017454    0.085077    0.085077   4.698e-05   7.803e-05   5.027e-05    0.085077    0.001047   1.150e-05
ln L        -10.359330   -2.570073   -2.464201   -2.464201   -4.048184   -2.464201   -2.464201   -9.965816   -9.458473   -9.898141   -2.464201   -6.861514  -11.373283

site               846         847         848         849         850         851         852         853         854         855         856         857         858
L             0.001177    0.061962   2.646e-05    0.002649    0.001214   1.612e-09    0.085077   1.112e-05    0.001325    0.061962    0.017454   6.510e-06    0.002678
ln L         -6.744656   -2.781228  -10.539936   -5.933616   -6.713805  -20.245518   -2.464201  -11.406324   -6.625986   -2.781228   -4.048184  -11.942136   -5.922705

site               859         860         861         862         863         864         865         866         867         868         869         870         871
L             0.001177   4.666e-05    0.061962    0.017454    0.085077   6.761e-04    0.001512   5.636e-05    0.001393   8.244e-05   2.054e-08    0.085077    0.001709
ln L         -6.744656   -9.972532   -2.781228   -4.048184   -2.464201   -7.299209   -6.494317   -9.783706   -6.576599   -9.403432  -17.701116   -2.464201   -6.371742

site               872         873         874         875         876         877         878         879         880         881         882         883         884
L             0.005554    0.076530    0.085077   8.513e-05    0.085077    0.076530   3.550e-06   3.176e-07   6.275e-04   6.196e-07   6.218e-07   8.367e-04   1.383e-05
ln L         -5.193284   -2.570073   -2.464201   -9.371370   -2.464201   -2.570073  -12.548595  -14.962529   -7.373711  -14.294157  -14.290576   -7.085990  -11.188790

site               885         886         887         888         889         890         891         892         893         894         895         896         897
L             0.005554    0.061962    0.002014    0.003297    0.002201   2.807e-08   1.264e-04    0.061962    0.004646    0.085077    0.017454    0.076530    0.061962
ln L         -5.193284   -2.781228   -6.207738   -5.714656   -6.119053  -17.388635   -8.976167   -2.781228   -5.371765   -2.464201   -4.048184   -2.570073   -2.781228

site               898
L             0.061962
ln L         -2.781228

Likelihoods for each site on tree 2:

site                 1           2           3           4           5           6           7           8           9          10          11          12          13
L             0.084158    0.084158    0.017172    0.005446    0.061212    0.061212   2.952e-05   4.435e-05    0.003430   7.959e-07    0.017172    0.017172   4.536e-06
ln L         -2.475054   -2.475054   -4.064497   -5.212849   -2.793408   -2.793408  -10.430314  -10.023431   -5.675238  -14.043837   -4.064497   -4.064497  -12.303362

site                14          15          16          17          18          19          20          21          22          23          24          25          26
L             0.017172    0.075670    0.006892   6.330e-06   9.192e-05   8.570e-07   9.158e-06   5.340e-06   1.070e-06    0.075670    0.061212   4.530e-10    0.084158
ln L         -4.064497   -2.581378   -4.977332  -11.970266   -9.294585  -13.969828  -11.600878  -12.140200  -13.748159   -2.581378   -2.793408  -21.515048   -2.475054

site                27          28          29          30          31          32          33          34          35          36          37          38          39
L             0.061212   1.353e-05   8.236e-04    0.061212   3.783e-09    0.017172    0.075670   3.753e-06    0.075670    0.084158   3.410e-06    0.017172    0.017172
ln L         -2.793408  -11.210465   -7.101809   -2.793408  -19.392831   -4.064497   -2.581378  -12.493069   -2.581378   -2.475054  -12.588777   -4.064497   -4.064497

site                40          41          42          43          44          45          46          47          48          49          50          51          52
L            3.467e-09    0.006039    0.061212   5.861e-07    0.084158    0.075670   3.567e-07    0.061212    0.075670   1.058e-09    0.061212    0.075670   1.107e-04
ln L        -19.479995   -5.109563   -2.793408  -14.349775   -2.475054   -2.581378  -14.846440   -2.793408   -2.581378  -20.666947   -2.793408   -2.581378   -9.108526

site                53          54          55          56          57          58          59          60          61          62          63          64          65
L            2.836e-07    0.061212   5.164e-07   2.384e-07   4.919e-05   1.307e-06    0.061212    0.061212    0.005446    0.061212    0.017172    0.004236   3.860e-05
ln L        -15.075687   -2.793408  -14.476439  -15.249473   -9.919838  -13.547743   -2.793408   -2.793408   -5.212849   -2.793408   -4.064497   -5.464205  -10.162229

site                66          67          68          69          70          71          72          73          74          75          76          77          78
L             0.061212   2.742e-07    0.017172    0.075670   3.783e-06    0.084158    0.084158   1.167e-04    0.005393    0.075670    0.004708    0.084158    0.084158
ln L         -2.793408  -15.109380   -4.064497   -2.581378  -12.485116   -2.475054   -2.475054   -9.055534   -5.222659   -2.581378   -5.358405   -2.475054   -2.475054

site                79          80          81          82          83          84          85          86          87          88          89          90          91
L            4.871e-05    0.061212    0.084158   1.308e-05    0.017172    0.084158   6.880e-04    0.075670    0.017172   2.654e-06    0.002392   3.461e-04   7.539e-08
ln L         -9.929596   -2.793408   -2.475054  -11.244351   -4.064497   -2.475054   -7.281696   -2.581378   -4.064497  -12.839444   -6.035453   -7.968810  -16.400556

site                92          93          94          95          96          97          98          99         100         101         102         103         104
L             0.075670    0.084158   7.224e-05    0.084158   3.115e-04   4.949e-05    0.075670    0.017172   1.956e-06    0.084158   4.589e-05   5.153e-04    0.084158
ln L         -2.581378   -2.475054   -9.535494   -2.475054   -8.074228   -9.913758   -2.581378   -4.064497  -13.144548   -2.475054   -9.989307   -7.570689   -2.475054

site               105         106         107         108         109         110         111         112         113         114         115         116         117
L             0.061212    0.084158   4.200e-05   4.692e-04   1.722e-06    0.006039    0.061212   4.299e-07   1.004e-04    0.075670   1.905e-06    0.075670   2.944e-04
ln L         -2.793408   -2.475054  -10.077821   -7.664507  -13.271832   -5.109563   -2.793408  -14.659703   -9.206441   -2.581378  -13.170865   -2.581378   -8.130516

site               118         119         120         121         122         123         124         125         126         127         128         129         130
L            1.930e-05    0.017172    0.017172   1.760e-07    0.005155    0.061212   6.024e-08    0.075670    0.084158    0.084158    0.001356    0.003046   7.697e-08
ln L        -10.855377   -4.064497   -4.064497  -15.552673   -5.267832   -2.793408  -16.624969   -2.581378   -2.475054   -2.475054   -6.603076   -5.793932  -16.379816

site               131         132         133         134         135         136         137         138         139         140         141         142         143
L            2.102e-04    0.061212    0.004708   4.390e-04    0.061212   9.859e-05    0.075670    0.075670   4.841e-06    0.001290    0.061212   5.091e-08    0.002392
ln L         -8.467297   -2.793408   -5.358405   -7.730981   -2.793408   -9.224587   -2.581378   -2.581378  -12.238353   -6.652916   -2.793408  -16.793154   -6.035453

site               144         145         146         147         148         149         150         151         152         153         154         155         156
L            2.748e-04    0.084158    0.017172    0.002393   7.549e-07   4.494e-07    0.003326   1.054e-06    0.061212    0.017172    0.084158    0.061212    0.017172
ln L         -8.199309   -2.475054   -4.064497   -6.035333  -14.096642  -14.615435   -5.705838  -13.763036   -2.793408   -4.064497   -2.475054   -2.793408   -4.064497

site               157         158         159         160         161         162         163         164         165         166         167         168         169
L             0.084158   7.773e-05    0.061212   1.975e-08   6.127e-05   1.384e-04   3.616e-05    0.017172    0.075670    0.004422    0.084158    0.001769    0.006039
ln L         -2.475054   -9.462230   -2.793408  -17.740222   -9.700247   -8.885018  -10.227692   -4.064497   -2.581378   -5.421060   -2.475054   -6.337470   -5.109563

site               170         171         172         173         174         175         176         177         178         179         180         181         182
L             0.005446    0.061212   2.480e-04   1.245e-05    0.075670   1.194e-04    0.084158    0.084158    0.001869    0.075670    0.061212   6.280e-07    0.017172
ln L         -5.212849   -2.793408   -8.302021  -11.294057   -2.581378   -9.032774   -2.475054   -2.475054   -6.282200   -2.581378   -2.793408  -14.280731   -4.064497

site               183         184         185         186         187         188         189         190         191         192         193         194         195
L             0.075670    0.001869   5.787e-05    0.061212    0.006038    0.075670    0.075670    0.003172   1.276e-05    0.075670   1.272e-05   1.485e-04    0.075670
ln L         -2.581378   -6.282200   -9.757283   -2.793408   -5.109684   -2.581378   -2.581378   -5.753453  -11.269496   -2.581378  -11.272038   -8.814777   -2.581378

site               196         197         198         199         200         201         202         203         204         205         206         207         208
L            1.277e-06    0.084158    0.061212   1.839e-06    0.084158    0.084158   2.912e-07    0.003430    0.061212   3.136e-06   1.421e-04    0.061212   4.631e-08
ln L        -13.571027   -2.475054   -2.793408  -13.206500   -2.475054   -2.475054  -15.049421   -5.675238   -2.793408  -12.672608   -8.858932   -2.793408  -16.887915

site               209         210         211         212         213         214         215         216         217         218         219         220         221
L             0.017172    0.017172   4.539e-10    0.017172    0.084158   6.880e-04    0.006039    0.061212   3.402e-05    0.005637   7.794e-05   1.586e-05    0.001769
ln L         -4.064497   -4.064497  -21.513086   -4.064497   -2.475054   -7.281696   -5.109563   -2.793408  -10.288428   -5.178378   -9.459583  -11.051916   -6.337470

site               222         223         224         225         226         227         228         229         230         231         232         233         234
L             0.005637   1.863e-05    0.002144    0.003914   4.260e-05   6.345e-08    0.002891   4.335e-06   2.242e-06    0.075670   6.150e-06   5.998e-07    0.002606
ln L         -5.178378  -10.890702   -6.145120   -5.543121  -10.063694  -16.573009   -5.846019  -12.348768  -13.008265   -2.581378  -11.999013  -14.326595   -5.949827

site               235         236         237         238         239         240         241         242         243         244         245         246         247
L            1.603e-07    0.061212    0.061212   5.318e-06    0.061212    0.075670   1.263e-05    0.061212    0.017172   1.236e-07   9.936e-04    0.075670   1.642e-05
ln L        -15.646242   -2.793408   -2.793408  -12.144480   -2.793408   -2.581378  -11.279318   -2.793408   -4.064497  -15.906325   -6.914192   -2.581378  -11.017231

site               248         249         250         251         252         253         254         255         256         257         258         259         260
L            3.763e-04    0.084158   1.020e-05   5.481e-04   3.255e-06   6.620e-06    0.084158    0.075670   2.397e-07    0.002070    0.061212   1.221e-06   1.887e-07
ln L         -7.885030   -2.475054  -11.492677   -7.509126  -12.635425  -11.925463   -2.475054   -2.581378  -15.243693   -6.180396   -2.793408  -13.615651  -15.483277

site               261         262         263         264         265         266         267         268         269         270         271         272         273
L             0.002862   3.422e-07   4.627e-07    0.061212   2.380e-07    0.002392    0.003430   2.638e-05    0.017172    0.017172   1.397e-06   2.539e-08    0.001445
ln L         -5.856071  -14.887800  -14.586163   -2.793408  -15.250990   -6.035453   -5.675238  -10.542831   -4.064497   -4.064497  -13.480868  -17.488789   -6.539503

site               274         275         276         277         278         279         280         281         282         283         284         285         286
L            2.422e-08    0.084158    0.084158   5.905e-06    0.001356    0.005059   3.313e-04   5.614e-04    0.061212   8.361e-04   4.708e-04    0.061212   1.628e-07
ln L        -17.536241   -2.475054   -2.475054  -12.039702   -6.603076   -5.286681   -8.012517   -7.485049   -2.793408   -7.086748   -7.661055   -2.793408  -15.630470

site               287         288         289         290         291         292         293         294         295         296         297         298         299
L             0.084158    0.075670   2.921e-07   7.341e-04    0.075670   4.126e-04    0.075670    0.061212   4.613e-08    0.061212    0.084158    0.003430    0.061212
ln L         -2.475054   -2.581378  -15.046036   -7.216825   -2.581378   -7.793021   -2.581378   -2.793408  -16.891782   -2.793408   -2.475054   -5.675238   -2.793408

site               300         301         302         303         304         305         306         307         308         309         310         311         312
L             0.075670   1.020e-07    0.075670    0.061212   2.117e-08   3.376e-04    0.084158   1.688e-06    0.084158    0.061212   1.387e-07    0.005059    0.006010
ln L         -2.581378  -16.098153   -2.581378   -2.793408  -17.670487   -7.993519   -2.475054  -13.292118   -2.475054   -2.793408  -15.790997   -5.286681   -5.114356

site               313         314         315         316         317         318         319         320         321         322         323         324         325
L            9.780e-06    0.002646   3.792e-06   1.117e-06    0.006678   2.223e-04   3.808e-04   5.683e-04    0.001290    0.006038    0.075670    0.084158    0.002646
ln L        -11.535161   -5.934746  -12.482532  -13.705311   -5.008977   -8.411572   -7.873295   -7.472934   -6.652916   -5.109684   -2.581378   -2.475054   -5.934746

site               326         327         328         329         330         331         332         333         334         335         336         337         338
L             0.001622    0.017172   4.708e-04    0.017172    0.017172   1.021e-05   2.375e-10    0.004350   8.236e-04    0.005446   2.128e-04   2.563e-04    0.084158
ln L         -6.424312   -4.064497   -7.661055   -4.064497   -4.064497  -11.491762  -22.161052   -5.437567   -7.101809   -5.212849   -8.455050   -8.269037   -2.475054

site               339         340         341         342         343         344         345         346         347         348         349         350         351
L             0.075670   8.810e-04   3.461e-04    0.084158   3.601e-05    0.007349    0.002646    0.003430    0.004708   3.649e-04   3.660e-08    0.005375   2.599e-06
ln L         -2.581378   -7.034467   -7.968810   -2.475054  -10.231798   -4.913190   -5.934746   -5.675238   -5.358405   -7.915940  -17.123096   -5.226054  -12.860468

site               352         353         354         355         356         357         358         359         360         361         362         363         364
L            1.818e-06    0.084158    0.084158   7.518e-06    0.005375    0.061212    0.006892    0.084158    0.006038   7.558e-09    0.075670    0.075670   6.288e-07
ln L        -13.217770   -2.475054   -2.475054  -11.798163   -5.226054   -2.793408   -4.977332   -2.475054   -5.109684  -18.700657   -2.581378   -2.581378  -14.279500

site               365         366         367         368         369         370         371         372         373         374         375         376         377
L            3.656e-05    0.006039   1.541e-07    0.002862    0.061212   7.105e-06    0.084158    0.075670    0.006892    0.075670    0.017172    0.003302    0.017172
ln L        -10.216692   -5.109563  -15.685665   -5.856071   -2.793408  -11.854694   -2.475054   -2.581378   -4.977332   -2.581378   -4.064497   -5.713111   -4.064497

site               378         379         380         381         382         383         384         385         386         387         388         389         390
L             0.084158    0.084158    0.084158    0.084158   3.072e-07    0.084158   2.389e-08   6.266e-08   1.578e-05    0.061212   7.129e-05    0.084158    0.061212
ln L         -2.475054   -2.475054   -2.475054   -2.475054  -14.995926   -2.475054  -17.549995  -16.585621  -11.057062   -2.793408   -9.548821   -2.475054   -2.793408

site               391         392         393         394         395         396         397         398         399         400         401         402         403
L            6.642e-06   3.830e-07    0.003914   5.036e-06    0.001648    0.061212   1.138e-05    0.075670    0.084158    0.006039   5.080e-04    0.061212   1.866e-04
ln L        -11.922030  -14.775258   -5.543121  -12.198967   -6.408388   -2.793408  -11.383229   -2.581378   -2.475054   -5.109563   -7.585090   -2.793408   -8.586353

site               404         405         406         407         408         409         410         411         412         413         414         415         416
L            7.038e-06   1.436e-04   3.597e-05    0.075670    0.075670   4.730e-04   3.923e-05    0.061212   1.247e-08   3.848e-04    0.061212    0.001869    0.075670
ln L        -11.864191   -8.848539  -10.232802   -2.581378   -2.581378   -7.656346  -10.146071   -2.793408  -18.199803   -7.862867   -2.793408   -6.282200   -2.581378

site               417         418         419         420         421         422         423         424         425         426         427         428         429
L             0.061212   4.500e-08   1.459e-04    0.061212   3.808e-04   2.397e-05    0.075670   2.230e-06   7.147e-05    0.005059   4.066e-06    0.084158    0.002646
ln L         -2.793408  -16.916548   -8.832489   -2.793408   -7.873295  -10.638795   -2.581378  -13.013538   -9.546194   -5.286681  -12.412848   -2.475054   -5.934746

site               430         431         432         433         434         435         436         437         438         439         440         441         442
L             0.001483    0.075670    0.075670   6.049e-05   6.814e-04    0.001146   1.061e-07   7.712e-05    0.061212   1.747e-06    0.084158    0.061212   2.507e-07
ln L         -6.513737   -2.581378   -2.581378   -9.713090   -7.291392   -6.771232  -16.058727   -9.470137   -2.793408  -13.257765   -2.475054   -2.793408  -15.199196

site               443         444         445         446         447         448         449         450         451         452         453         454         455
L            4.452e-06    0.001612   1.004e-08    0.017172    0.017172   1.162e-08   7.644e-05   3.696e-04   1.822e-06   1.287e-06    0.005446   1.611e-09   2.719e-04
ln L        -12.322057   -6.430526  -18.416260   -4.064497   -4.064497  -18.270531   -9.479038   -7.903218  -13.215462  -13.563358   -5.212849  -20.246317   -8.210200

site               456         457         458         459         460         461         462         463         464         465         466         467         468
L            1.827e-04   8.527e-05    0.061212    0.017172    0.061212    0.084158   3.421e-04    0.006678    0.002862    0.084158    0.061212    0.084158    0.017172
ln L         -8.607546   -9.369682   -2.793408   -4.064497   -2.793408   -2.475054   -7.980496   -5.008977   -5.856071   -2.475054   -2.793408   -2.475054   -4.064497

site               469         470         471         472         473         474         475         476         477         478         479         480         481
L             0.061212    0.061212    0.061212    0.084158    0.002646   4.536e-06   5.214e-04    0.084158    0.084158    0.084158    0.084158    0.075670    0.084158
ln L         -2.793408   -2.793408   -2.793408   -2.475054   -5.934746  -12.303362   -7.559063   -2.475054   -2.475054   -2.475054   -2.475054   -2.581378   -2.475054

site               482         483         484         485         486         487         488         489         490         491         492         493         494
L            3.313e-05    0.001526    0.084158    0.017172    0.084158    0.001727    0.061212    0.017172    0.061212    0.017172    0.084158    0.002392    0.061212
ln L        -10.314991   -6.485110   -2.475054   -4.064497   -2.475054   -6.361605   -2.793408   -4.064497   -2.793408   -4.064497   -2.475054   -6.035453   -2.793408

site               495         496         497         498         499         500         501         502         503         504         505         506         507
L             0.075670    0.003914   6.814e-04    0.001866   1.571e-07   4.240e-05    0.084158    0.001526    0.084158    0.017172    0.001146   7.065e-06   8.751e-06
ln L         -2.581378   -5.543121   -7.291392   -6.284175  -15.666200  -10.068411   -2.475054   -6.485110   -2.475054   -4.064497   -6.771232  -11.860350  -11.646343

site               508         509         510         511         512         513         514         515         516         517         518         519         520
L             0.007349   3.831e-07   3.933e-08    0.001356    0.246329   2.227e-05   1.462e-07    0.096107    0.005446   1.928e-05   9.370e-04    0.075670    0.061212
ln L         -4.913190  -14.774880  -17.051196   -6.603076   -1.401086  -10.712365  -15.738414   -2.342292   -5.212849  -10.856376   -6.972863   -2.581378   -2.793408

site               521         522         523         524         525         526         527         528         529         530         531         532         533
L             0.061212    0.001356   2.824e-04    0.061212    0.061212    0.084158    0.075670    0.075670    0.001549    0.084158    0.017172    0.084158    0.084158
ln L         -2.793408   -6.603076   -8.172223   -2.793408   -2.793408   -2.475054   -2.581378   -2.581378   -6.470144   -2.475054   -4.064497   -2.475054   -2.475054

site               534         535         536         537         538         539         540         541         542         543         544         545         546
L             0.084158   9.297e-04   3.461e-04   5.769e-06    0.324121   1.878e-06   4.798e-06   3.148e-06   2.690e-04    0.004708    0.017172    0.001262   6.880e-04
ln L         -2.475054   -6.980626   -7.968810  -12.063084   -1.126639  -13.185068  -12.247404  -12.668759   -8.220749   -5.358405   -4.064497   -6.675141   -7.281696

site               547         548         549         550         551         552         553         554         555         556         557         558         559
L             0.075670    0.001727    0.017172    0.075670    0.061212    0.084158    0.084158   1.241e-07    0.002891    0.075670   1.619e-04   9.812e-08   4.770e-10
ln L         -2.581378   -6.361605   -4.064497   -2.581378   -2.793408   -2.475054   -2.475054  -15.901914   -5.846019   -2.581378   -8.728608  -16.137106  -21.463541

site               560         561         562         563         564         565         566         567         568         569         570         571         572
L            5.217e-08   3.754e-07   7.781e-06    0.075670    0.075670   4.187e-07    0.006010   2.833e-04   2.637e-07   1.903e-10    0.061212   1.108e-05    0.084158
ln L        -16.768759  -14.795179  -11.763785   -2.581378   -2.581378  -14.686141   -5.114356   -8.168930  -15.148491  -22.382219   -2.793408  -11.410016   -2.475054

site               573         574         575         576         577         578         579         580         581         582         583         584         585
L            3.285e-04    0.084158   4.309e-05   8.355e-04   1.902e-04   2.323e-04    0.017172    0.017172    0.003046    0.061212    0.004173   1.099e-04    0.075670
ln L         -8.021103   -2.475054  -10.052121   -7.087464   -8.567247   -8.367382   -4.064497   -4.064497   -5.793932   -2.793408   -5.479099   -9.116320   -2.581378

site               586         587         588         589         590         591         592         593         594         595         596         597         598
L             0.061212    0.005446    0.099481    0.001146    0.075670    0.061212    0.061212    0.061212    0.061212    0.084158    0.084158    0.084158    0.017172
ln L         -2.793408   -5.212849   -2.307786   -6.771232   -2.581378   -2.793408   -2.793408   -2.793408   -2.793408   -2.475054   -2.475054   -2.475054   -4.064497

site               599         600         601         602         603         604         605         606         607         608         609         610         611
L             0.017172    0.084158    0.061212    0.084158   7.002e-05   3.587e-04    0.084158    0.017172   3.461e-04   8.062e-05    0.084158    0.061212    0.075670
ln L         -4.064497   -2.475054   -2.793408   -2.475054   -9.566774   -7.933163   -2.475054   -4.064497   -7.968810   -9.425809   -2.475054   -2.793408   -2.581378

site               612         613         614         615         616         617         618         619         620         621         622         623         624
L             0.075670   2.563e-05    0.061212    0.005059    0.017172   3.115e-04   2.323e-04    0.075670    0.061212    0.061212    0.084158    0.017172    0.017172
ln L         -2.581378  -10.571588   -2.793408   -5.286681   -4.064497   -8.074228   -8.367382   -2.581378   -2.793408   -2.793408   -2.475054   -4.064497   -4.064497

site               625         626         627         628         629         630         631         632         633         634         635         636         637
L            8.810e-04   1.677e-06    0.003046    0.075670    0.002392    0.084158    0.084158    0.084158    0.084158   3.081e-06    0.001828    0.061212    0.061212
ln L         -7.034467  -13.298211   -5.793932   -2.581378   -6.035453   -2.475054   -2.475054   -2.475054   -2.475054  -12.690160   -6.304603   -2.793408   -2.793408

site               638         639         640         641         642         643         644         645         646         647         648         649         650
L             0.017172    0.017172    0.061212    0.017172    0.075670    0.084158    0.084158    0.075670    0.061212    0.075670    0.075670    0.084158    0.084158
ln L         -4.064497   -4.064497   -2.793408   -4.064497   -2.581378   -2.475054   -2.475054   -2.581378   -2.793408   -2.581378   -2.581378   -2.475054   -2.475054

site               651         652         653         654         655         656         657         658         659         660         661         662         663
L             0.084158    0.061212    0.084158    0.084158    0.084158    0.084158    0.017172    0.061212    0.084158    0.084158    0.002416    0.084158   5.220e-05
ln L         -2.475054   -2.793408   -2.475054   -2.475054   -2.475054   -2.475054   -4.064497   -2.793408   -2.475054   -2.475054   -6.025810   -2.475054   -9.860374

site               664         665         666         667         668         669         670         671         672         673         674         675         676
L            4.922e-04   4.571e-06   8.361e-04    0.061212   1.236e-04   1.578e-06   1.300e-04   1.443e-08   3.134e-06    0.006039   1.420e-04   1.049e-04    0.075670
ln L         -7.616632  -12.295793   -7.086748   -2.793408   -8.998540  -13.359543   -8.947932  -18.053967  -12.673128   -5.109563   -8.859367   -9.162203   -2.581378

site               677         678         679         680         681         682         683         684         685         686         687         688         689
L            4.825e-07    0.003771    0.005059    0.002109    0.001356   2.614e-04   9.187e-09   1.146e-06   9.370e-04   9.313e-06   1.297e-08    0.002891   2.109e-04
ln L        -14.544365   -5.580530   -5.286681   -6.161577   -6.603076   -8.249603  -18.505463  -13.679029   -6.972863  -11.584067  -18.160880   -5.846019   -8.463926

site               690         691         692         693         694         695         696         697         698         699         700         701         702
L            4.936e-05    0.075670   3.069e-07    0.002606    0.061212   1.155e-09    0.084158   1.457e-04   1.299e-05   1.820e-06   1.121e-04    0.075670   4.047e-06
ln L         -9.916325   -2.581378  -14.996906   -5.949827   -2.793408  -20.579305   -2.475054   -8.833729  -11.251308  -13.216677   -9.096281   -2.581378  -12.417484

site               703         704         705         706         707         708         709         710         711         712         713         714         715
L             0.061212   5.683e-04    0.007623   2.323e-04   4.623e-06   2.629e-05   4.436e-06   1.611e-07    0.075670    0.075670   2.557e-06    0.006038    0.061212
ln L         -2.793408   -7.472934   -4.876625   -8.367382  -12.284396  -10.546197  -12.325867  -15.641120   -2.581378   -2.581378  -12.876526   -5.109684   -2.793408

site               716         717         718         719         720         721         722         723         724         725         726         727         728
L            9.445e-06   8.332e-06   1.458e-04   9.028e-09   3.085e-05    0.003430   2.009e-07    0.084158    0.005155    0.006628   6.636e-06    0.005059   9.795e-07
ln L        -11.570070  -11.695411   -8.833023  -18.522953  -10.386496   -5.675238  -15.420552   -2.475054   -5.267832   -5.016476  -11.922949   -5.286681  -13.836175

site               729         730         731         732         733         734         735         736         737         738         739         740         741
L            4.708e-04   6.498e-05   4.832e-06    0.084158    0.084158   1.369e-04    0.004350   8.111e-04   8.915e-08   7.856e-05    0.084158   3.792e-06    0.002392
ln L         -7.661055   -9.641373  -12.240344   -2.475054   -2.475054   -8.896506   -5.437567   -7.117156  -16.232936   -9.451709   -2.475054  -12.482532   -6.035453

site               742         743         744         745         746         747         748         749         750         751         752         753         754
L             0.084158    0.084158    0.084158   2.172e-04   8.154e-06   9.204e-05   3.563e-07   8.276e-06   6.394e-08   7.133e-06    0.005375    0.061212    0.084158
ln L         -2.475054   -2.475054   -2.475054   -8.434895  -11.716943   -9.293289  -14.847551  -11.702191  -16.565375  -11.850772   -5.226054   -2.793408   -2.475054

site               755         756         757         758         759         760         761         762         763         764         765         766         767
L            2.068e-06    0.001678    0.075670   6.075e-07   4.955e-07    0.005375   1.148e-06    0.061212    0.084158   4.536e-05    0.017172    0.061212   6.529e-04
ln L        -13.088900   -6.389974   -2.581378  -14.313949  -14.517697   -5.226054  -13.677481   -2.793408   -2.475054  -10.000952   -4.064497   -2.793408   -7.334158

site               768         769         770         771         772         773         774         775         776         777         778         779         780
L             0.084158    0.084158    0.084158   9.192e-06   2.285e-05   8.086e-09   4.588e-08    0.001622   3.118e-05   3.083e-07    0.061212   9.393e-06   1.054e-04
ln L         -2.475054   -2.475054   -2.475054  -11.597128  -10.686701  -18.633081  -16.897142   -6.424312  -10.375801  -14.992237   -2.793408  -11.575578   -9.158080

site               781         782         783         784         785         786         787         788         789         790         791         792         793
L            3.266e-04   2.639e-07    0.061212   4.270e-05   1.584e-05   3.132e-05    0.075670   2.743e-04    0.005637    0.061212   2.425e-06    0.084158    0.002416
ln L         -8.026920  -15.147667   -2.793408  -10.061368  -11.052750  -10.371212   -2.581378   -8.201376   -5.178378   -2.793408  -12.929630   -2.475054   -6.025810

site               794         795         796         797         798         799         800         801         802         803         804         805         806
L            4.252e-10    0.084158   1.743e-05   1.589e-05    0.084158    0.017172   1.454e-06    0.007349    0.005637   2.346e-07   1.960e-07    0.002891   7.530e-06
ln L        -21.578361   -2.475054  -10.957167  -11.049513   -2.475054   -4.064497  -13.440959   -4.913190   -5.178378  -15.265191  -15.444921   -5.846019  -11.796636

site               807         808         809         810         811         812         813         814         815         816         817         818         819
L            3.266e-04    0.075670   1.818e-05    0.084158   4.390e-04   2.902e-04    0.006892   5.519e-05   5.668e-06   3.267e-06    0.061212    0.007623    0.061212
ln L         -8.026920   -2.581378  -10.915011   -2.475054   -7.730981   -8.144869   -4.977332   -9.804704  -12.080758  -12.631676   -2.793408   -4.876625   -2.793408

site               820         821         822         823         824         825         826         827         828         829         830         831         832
L             0.001841   5.345e-07   1.623e-04    0.061212   6.151e-10   1.099e-04   7.256e-06    0.006039   5.206e-06   2.448e-05    0.084158   8.853e-05   9.568e-07
ln L         -6.297583  -14.441948   -8.725850   -2.793408  -21.209224   -9.116320  -11.833638   -5.109563  -12.165672  -10.617703   -2.475054   -9.332122  -13.859710

site               833         834         835         836         837         838         839         840         841         842         843         844         845
L            3.403e-05    0.075670    0.084158    0.084158    0.017172    0.084158    0.084158   5.414e-05   7.690e-05   5.388e-05    0.084158    0.001044   1.588e-05
ln L        -10.288376   -2.581378   -2.475054   -2.475054   -4.064497   -2.475054   -2.475054   -9.823859   -9.472976   -9.828816   -2.475054   -6.864769  -11.050615

site               846         847         848         849         850         851         852         853         854         855         856         857         858
L             0.001146    0.061212   2.658e-05    0.002575    0.001144   1.915e-09    0.084158   1.032e-05    0.001290    0.061212    0.017172   6.389e-06    0.002606
ln L         -6.771232   -2.793408  -10.535386   -5.961789   -6.773449  -20.073778   -2.475054  -11.481521   -6.652916   -2.793408   -4.064497  -11.960913   -5.949827

site               859         860         861         862         863         864         865         866         867         868         869         870         871
L             0.001146   7.014e-05    0.061212    0.017172    0.084158   6.814e-04    0.001612   5.517e-05    0.001356   7.773e-05   2.197e-08    0.084158   3.461e-04
ln L         -6.771232   -9.565040   -2.793408   -4.064497   -2.475054   -7.291392   -6.430526   -9.805101   -6.603076   -9.462230  -17.633444   -2.475054   -7.968810

site               872         873         874         875         876         877         878         879         880         881         882         883         884
L             0.005446    0.075670    0.084158   8.224e-05    0.084158    0.075670   1.469e-06   3.029e-07   6.401e-04   5.879e-07   4.134e-07   8.236e-04   1.347e-05
ln L         -5.212849   -2.581378   -2.475054   -9.405840   -2.475054   -2.581378  -13.430999  -15.009964   -7.353941  -14.346696  -14.698786   -7.101809  -11.215399

site               885         886         887         888         889         890         891         892         893         894         895         896         897
L             0.005446    0.061212    0.002144    0.003103    0.002158   2.746e-08   1.275e-04    0.061212    0.004708    0.084158    0.017172    0.075670    0.061212
ln L         -5.212849   -2.793408   -6.145120   -5.775366   -6.138618  -17.410458   -8.967335   -2.793408   -5.358405   -2.475054   -4.064497   -2.581378   -2.793408

site               898
L             0.061212
ln L         -2.793408

Time used to compute likelihoods = 0.03 sec (CPU time = 0.17 sec)

Tree scores (and parameter estimates) written to file: ~/Library/CloudStorage/Dropbox/Lab/James
McInerney/programming/MLDecay/debug_runs/mldecay_20250520_142021/site_lnl_Clade_7.txt
