--- STDOUT ---

P A U P *
Version 4.0a (build 168) for macOS (built on Aug  2 2020 at 06:41:30)
Tue May 20 14:21:39 2025

        -----------------------------NOTICE-----------------------------
          This is a test version that is still changing rapidly.
          Please report bugs to dave@phylosolutions.com
        ----------------------------------------------------------------

Running on Apple M3 Max
    16 CPU cores on 1 socket
    Executable built for Intel(R) 64 architecture
    Compiled using Intel compiler (icc) 11.1.0 (build 20091012)
    SSE vectorization enabled
    SSSE3 instructions supported
    Multithreading enabled using Pthreads

Processing of file "~/Library/CloudStorage/Dropbox/Lab/James McInerney/programming/MLDecay/debug_runs/mldecay_20250520_142021/site_analysis_Clade_9.nex" begins...

Processing of file "~/Library/CloudStorage/Dropbox/Lab/James McInerney/programming/MLDecay/debug_runs/mldecay_20250520_142021/alignment.nex" begins...

Data read in DNA format

Data matrix has 12 taxa, 898 characters
Valid character-state symbols: ACGT
Missing data identified by '?'
Gaps identified by '-'
"Equate" macros in effect:
   R,r ==> {AG}
   Y,y ==> {CT}
   M,m ==> {AC}
   K,k ==> {GT}
   S,s ==> {CG}
   W,w ==> {AT}
   H,h ==> {ACT}
   B,b ==> {CGT}
   V,v ==> {ACG}
   D,d ==> {AGT}
   N,n ==> {ACGT}

Processing of input file "alignment.nex" completed.

Optimality criterion set to likelihood.

Processing TREES block from file: ~/Library/CloudStorage/Dropbox/Lab/James McInerney/programming/MLDecay/debug_runs/mldecay_20250520_142021/ml_tree.tre
  Keeping: trees from file (replacing any trees already in memory)
  1 tree read from file

  Time used = 0.00 sec (CPU time = 0.00 sec)

Note: Input trees are rooted but current criterion and/or option settings would specify unrooted trees.  (You can deroot the trees using the 'derootTrees' command.)

Processing TREES block from file: ~/Library/CloudStorage/Dropbox/Lab/James McInerney/programming/MLDecay/debug_runs/mldecay_20250520_142021/constraint_tree_9.tre
  Keeping: trees in memory plus trees from file
  1 tree originally in memory
  1 tree read from file
  1 tree from file kept
  2 trees now in memory

  Time used = 0.00 sec (CPU time = 0.00 sec)

Note: Input trees are rooted but current criterion and/or option settings would specify unrooted trees.  (You can deroot the trees using the 'derootTrees' command.)

Likelihood scores of tree(s) in memory:
---------------------------------------
  898 characters are included
  All characters have equal weight
  Likelihood settings:
    Current model:
                             Data type = nucleotide
                DNA substitution types = 1
                     State frequencies = empirical: A=0.324121 C=0.30402 G=0.105528 T=0.266332
        Proportion of invariable sites = none
               Rates at variable sites = equal
                  Model correspondence = F81

    Number of distinct data patterns under this model = 415
    Molecular clock not enforced
    Starting branch lengths obtained using Rogers-Swofford approximation method
    Branch-length optimization = one-dimensional Newton-Raphson with pass limit=20, tolerance=1e-07
    Likelihood calculations performed in single precision
    Vector processing enabled
    Using standard Felsenstein pruning for computing likelihoods
    Conditional-likelihood rescaling threshold = 1e-20
    Using 14 parallel threads on 16 processors

Tree             1           2
------------------------------
-ln L     6333.490    6416.080

Likelihoods for each site on tree 1:

site                 1           2           3           4           5           6           7           8           9          10          11          12          13
L             0.085077    0.085077    0.017454    0.005554    0.061962    0.061962   2.934e-05   4.428e-05    0.002956   7.432e-07    0.017454    0.017454   3.983e-06
ln L         -2.464201   -2.464201   -4.048184   -5.193284   -2.781228   -2.781228  -10.436437  -10.025064   -5.823992  -14.112309   -4.048184   -4.048184  -12.433440

site                14          15          16          17          18          19          20          21          22          23          24          25          26
L             0.017454    0.076530    0.007023   6.401e-06   8.034e-05   7.857e-07   9.554e-06   5.555e-06   8.009e-07    0.076530    0.061962   5.249e-10    0.085077
ln L         -4.048184   -2.570073   -4.958582  -11.959066   -9.429299  -14.056662  -11.558532  -12.100897  -14.037489   -2.570073   -2.781228  -21.367867   -2.464201

site                27          28          29          30          31          32          33          34          35          36          37          38          39
L             0.061962   1.325e-05   8.367e-04    0.061962   3.751e-09    0.017454    0.076530   3.322e-06    0.076530    0.085077   2.726e-06    0.017454    0.017454
ln L         -2.781228  -11.231337   -7.085990   -2.781228  -19.401321   -4.048184   -2.570073  -12.615067   -2.570073   -2.464201  -12.812777   -4.048184   -4.048184

site                40          41          42          43          44          45          46          47          48          49          50          51          52
L            4.422e-09    0.005339    0.061962   6.216e-07    0.085077    0.076530   3.212e-07    0.061962    0.076530   1.159e-09    0.061962    0.076530   9.703e-05
ln L        -19.236766   -5.232777   -2.781228  -14.290919   -2.464201   -2.570073  -14.951129   -2.781228   -2.570073  -20.575482   -2.781228   -2.570073   -9.240447

site                53          54          55          56          57          58          59          60          61          62          63          64          65
L            2.900e-07    0.061962   3.567e-07   1.212e-07   4.914e-05   1.298e-06    0.061962    0.061962    0.005554    0.061962    0.017454    0.004182   3.984e-05
ln L        -15.053323   -2.781228  -14.846510  -15.925634   -9.920828  -13.554828   -2.781228   -2.781228   -5.193284   -2.781228   -4.048184   -5.476886  -10.130621

site                66          67          68          69          70          71          72          73          74          75          76          77          78
L             0.061962   2.876e-07    0.017454    0.076530   3.658e-06    0.085077    0.085077   1.169e-04    0.005508    0.076530    0.004646    0.085077    0.085077
ln L         -2.781228  -15.061701   -4.048184   -2.570073  -12.518508   -2.464201   -2.464201   -9.054619   -5.201488   -2.570073   -5.371765   -2.464201   -2.464201

site                79          80          81          82          83          84          85          86          87          88          89          90          91
L            4.329e-05    0.061962    0.085077   1.305e-05    0.017454    0.085077   7.062e-04    0.076530    0.017454   2.836e-06    0.002438    0.001709   6.388e-08
ln L        -10.047691   -2.781228   -2.464201  -11.246559   -4.048184   -2.464201   -7.255550   -2.570073   -4.048184  -12.773292   -6.016703   -6.371742  -16.566289

site                92          93          94          95          96          97          98          99         100         101         102         103         104
L             0.076530    0.085077   7.244e-05    0.085077   3.130e-04   4.889e-05    0.076530    0.017454   3.114e-06    0.085077   6.453e-05    0.002237    0.085077
ln L         -2.570073   -2.464201   -9.532759   -2.464201   -8.069408   -9.926033   -2.570073   -4.048184  -12.679678   -2.464201   -9.648342   -6.102450   -2.464201

site               105         106         107         108         109         110         111         112         113         114         115         116         117
L             0.061962    0.085077   1.943e-05   4.914e-04   1.624e-06    0.005339    0.061962   3.459e-07   1.286e-04    0.076530   9.460e-07    0.076530   2.844e-04
ln L         -2.781228   -2.464201  -10.848682   -7.618199  -13.330591   -5.232777   -2.781228  -14.877086   -8.958735   -2.570073  -13.871027   -2.570073   -8.165012

site               118         119         120         121         122         123         124         125         126         127         128         129         130
L            1.977e-05    0.017454    0.017454   2.145e-07    0.005090    0.061962   6.089e-08    0.076530    0.085077    0.085077    0.001393    0.003232   6.621e-08
ln L        -10.831526   -4.048184   -4.048184  -15.354835   -5.280513   -2.781228  -16.614159   -2.570073   -2.464201   -2.464201   -6.576599   -5.734520  -16.530447

site               131         132         133         134         135         136         137         138         139         140         141         142         143
L            2.109e-04    0.061962    0.004646   4.770e-04    0.061962   9.950e-05    0.076530    0.076530   6.216e-06    0.001325    0.061962   2.236e-07    0.002438
ln L         -8.464269   -2.781228   -5.371765   -7.648010   -2.781228   -9.215363   -2.570073   -2.570073  -11.988444   -6.625986   -2.781228  -15.313276   -6.016703

site               144         145         146         147         148         149         150         151         152         153         154         155         156
L            2.615e-04    0.085077    0.017454    0.002115   7.699e-07   5.259e-07    0.002861   1.049e-06    0.061962    0.017454    0.085077    0.061962    0.017454
ln L         -8.249175   -2.464201   -4.048184   -6.158547  -14.077020  -14.458216   -5.856568  -13.767944   -2.781228   -4.048184   -2.464201   -2.781228   -4.048184

site               157         158         159         160         161         162         163         164         165         166         167         168         169
L             0.085077   8.244e-05    0.061962   1.843e-08   6.690e-05   1.646e-04   3.175e-05    0.017454    0.076530    0.003825    0.085077    0.001548    0.005339
ln L         -2.464201   -9.403432   -2.781228  -17.809473   -9.612366   -8.711934  -10.357534   -4.048184   -2.570073   -5.566196   -2.464201   -6.470968   -5.232777

site               170         171         172         173         174         175         176         177         178         179         180         181         182
L             0.005554    0.061962   1.727e-04   3.298e-06    0.076530   1.239e-04    0.085077    0.085077    0.001900    0.076530    0.061962   4.992e-07    0.017454
ln L         -5.193284   -2.781228   -8.663955  -12.622242   -2.570073   -8.996111   -2.464201   -2.464201   -6.265965   -2.570073   -2.781228  -14.510257   -4.048184

site               183         184         185         186         187         188         189         190         191         192         193         194         195
L             0.076530    0.001900   5.821e-05    0.061962    0.006152    0.076530    0.076530    0.003259   1.476e-05    0.076530   1.350e-05   1.362e-04    0.076530
ln L         -2.570073   -6.265965   -9.751483   -2.781228   -5.090934   -2.570073   -2.570073   -5.726332  -11.123422   -2.570073  -11.212973   -8.901364   -2.570073

site               196         197         198         199         200         201         202         203         204         205         206         207         208
L            1.243e-06    0.085077    0.061962   1.827e-06    0.085077    0.085077   2.755e-07    0.002956    0.061962   3.266e-06   1.799e-04    0.061962   4.212e-08
ln L        -13.597694   -2.464201   -2.781228  -13.212825   -2.464201   -2.464201  -15.104617   -5.823992   -2.781228  -12.631847   -8.622907   -2.781228  -16.982853

site               209         210         211         212         213         214         215         216         217         218         219         220         221
L             0.017454    0.017454   2.463e-10    0.017454    0.085077   7.062e-04    0.005339    0.061962   8.272e-05    0.004974   7.562e-05   1.582e-05    0.001548
ln L         -4.048184   -4.048184  -22.124302   -4.048184   -2.464201   -7.255550   -5.232777   -2.781228   -9.400084   -5.303511   -9.489768  -11.054116   -6.470968

site               222         223         224         225         226         227         228         229         230         231         232         233         234
L             0.004974   1.780e-05    0.002014    0.003870   3.747e-05   5.593e-08    0.003072   4.474e-06   2.030e-06    0.076530   7.891e-06   5.864e-07    0.002678
ln L         -5.303511  -10.936329   -6.207738   -5.554435  -10.192058  -16.699076   -5.785281  -12.317180  -13.107567   -2.570073  -11.749787  -14.349240   -5.922705

site               235         236         237         238         239         240         241         242         243         244         245         246         247
L            1.821e-07    0.061962    0.061962   5.139e-06    0.061962    0.076530   1.608e-05    0.061962    0.017454   1.285e-07    0.001022    0.076530   1.480e-05
ln L        -15.518594   -2.781228   -2.781228  -12.178611   -2.781228   -2.570073  -11.037810   -2.781228   -4.048184  -15.867335   -6.886057   -2.570073  -11.120576

site               248         249         250         251         252         253         254         255         256         257         258         259         260
L            3.499e-04    0.085077   9.915e-06   5.074e-04   3.292e-06   1.160e-05    0.085077    0.076530   2.773e-07    0.002054    0.061962   1.227e-06   1.871e-07
ln L         -7.957934   -2.464201  -11.521486   -7.586210  -12.623906  -11.364749   -2.464201   -2.570073  -15.098052   -6.188170   -2.781228  -13.610655  -15.491873

site               261         262         263         264         265         266         267         268         269         270         271         272         273
L             0.002944   2.897e-07   7.822e-07    0.061962   1.766e-07    0.002438    0.002956   2.752e-05    0.017454    0.017454   1.243e-06   2.519e-08    0.001486
ln L         -5.827936  -15.054475  -14.061209   -2.781228  -15.549138   -6.016703   -5.823992  -10.500755   -4.048184   -4.048184  -13.597922  -17.496801   -6.511830

site               274         275         276         277         278         279         280         281         282         283         284         285         286
L            2.350e-08    0.085077    0.085077   7.210e-06    0.001393    0.005167   3.041e-04   5.645e-04    0.061962   7.675e-04   4.735e-04    0.061962   1.482e-07
ln L        -17.566278   -2.464201   -2.464201  -11.840062   -6.576599   -5.265510   -8.098136   -7.479581   -2.781228   -7.172367   -7.655280   -2.781228  -15.724873

site               287         288         289         290         291         292         293         294         295         296         297         298         299
L             0.085077    0.076530   2.542e-07   7.588e-04    0.076530   3.772e-04    0.076530    0.061962   4.337e-08    0.061962    0.085077    0.002956    0.061962
ln L         -2.464201   -2.570073  -15.185312   -7.183753   -2.570073   -7.882780   -2.570073   -2.781228  -16.953523   -2.781228   -2.464201   -5.823992   -2.781228

site               300         301         302         303         304         305         306         307         308         309         310         311         312
L             0.076530   9.721e-08    0.076530    0.061962   1.877e-08   3.013e-04    0.085077   2.897e-06    0.085077    0.061962   1.250e-07    0.005167    0.005303
ln L         -2.570073  -16.146380   -2.570073   -2.781228  -17.791021   -8.107475   -2.464201  -12.751702   -2.464201   -2.781228  -15.894777   -5.265510   -5.239489

site               313         314         315         316         317         318         319         320         321         322         323         324         325
L            7.037e-06    0.002342   3.989e-06   1.094e-06    0.005910   2.302e-04   4.653e-04   5.835e-04    0.001325    0.006152    0.076530    0.085077    0.002342
ln L        -11.864278   -6.056944  -12.431889  -13.725486   -5.131175   -8.376442   -7.672850   -7.446499   -6.625986   -5.090934   -2.570073   -2.464201   -6.056944

site               326         327         328         329         330         331         332         333         334         335         336         337         338
L             0.001610    0.017454   4.735e-04    0.017454    0.017454   6.151e-06   2.089e-10    0.003758   8.367e-04    0.005554   2.209e-04   2.230e-04    0.085077
ln L         -6.431640   -4.048184   -7.655280   -4.048184   -4.048184  -11.998904  -22.289094   -5.583738   -7.085990   -5.193284   -8.417888   -8.408523   -2.464201

site               339         340         341         342         343         344         345         346         347         348         349         350         351
L             0.076530   8.629e-04    0.001709    0.085077   3.045e-05    0.006497    0.002342    0.002956    0.004646   4.151e-04   3.827e-08    0.005303   2.435e-06
ln L         -2.570073   -7.055205   -6.371742   -2.464201  -10.399463   -5.036404   -6.056944   -5.823992   -5.371765   -7.787079  -17.078704   -5.239413  -12.925615

site               352         353         354         355         356         357         358         359         360         361         362         363         364
L            1.884e-06    0.085077    0.085077   8.290e-06    0.005303    0.061962    0.007023    0.085077    0.006152   6.917e-09    0.076530    0.076530   7.130e-07
ln L        -13.182375   -2.464201   -2.464201  -11.700468   -5.239413   -2.781228   -4.958582   -2.464201   -5.090934  -18.789239   -2.570073   -2.570073  -14.153727

site               365         366         367         368         369         370         371         372         373         374         375         376         377
L            3.037e-05    0.005339   8.215e-08    0.002944    0.061962   8.688e-06    0.085077    0.076530    0.007023    0.076530    0.017454    0.003391    0.017454
ln L        -10.401944   -5.232777  -16.314754   -5.827936   -2.781228  -11.653600   -2.464201   -2.570073   -4.958582   -2.570073   -4.048184   -5.686535   -4.048184

site               378         379         380         381         382         383         384         385         386         387         388         389         390
L             0.085077    0.085077    0.085077    0.085077   3.378e-07    0.085077   3.328e-08   5.416e-08   1.556e-05    0.061962   6.685e-05    0.085077    0.061962
ln L         -2.464201   -2.464201   -2.464201   -2.464201  -14.900928   -2.464201  -17.218409  -16.731318  -11.070990   -2.781228   -9.612995   -2.464201   -2.781228

site               391         392         393         394         395         396         397         398         399         400         401         402         403
L            6.776e-06   4.275e-07    0.003870   4.386e-06    0.001671    0.061962   1.183e-05    0.076530    0.085077    0.005339   5.858e-04    0.061962   2.250e-04
ln L        -11.902070  -14.665294   -5.554435  -12.337076   -6.394579   -2.781228  -11.344471   -2.570073   -2.464201   -5.232777   -7.442593   -2.781228   -8.399262

site               404         405         406         407         408         409         410         411         412         413         414         415         416
L            6.485e-06   1.257e-04   2.922e-05    0.076530    0.076530   4.218e-04   3.656e-05    0.061962   5.494e-09   3.628e-04    0.061962    0.001900    0.076530
ln L        -11.946016   -8.981601  -10.440640   -2.570073   -2.570073   -7.770993  -10.216569   -2.781228  -19.019538   -7.921611   -2.781228   -6.265965   -2.570073

site               417         418         419         420         421         422         423         424         425         426         427         428         429
L             0.061962   3.164e-08   1.464e-04    0.061962   4.653e-04   2.645e-05    0.076530   2.050e-06   1.913e-04    0.005167   3.730e-06    0.085077    0.002342
ln L         -2.781228  -17.268917   -8.829366   -2.781228   -7.672850  -10.540290   -2.570073  -13.097783   -8.561475   -5.265510  -12.499049   -2.464201   -6.056944

site               430         431         432         433         434         435         436         437         438         439         440         441         442
L             0.001504    0.076530    0.076530   6.233e-05   6.761e-04    0.001177   1.341e-07   1.043e-04    0.061962   3.721e-06    0.085077    0.061962   2.590e-07
ln L         -6.499452   -2.570073   -2.570073   -9.683092   -7.299209   -6.744656  -15.824642   -9.167838   -2.781228  -12.501524   -2.464201   -2.781228  -15.166300

site               443         444         445         446         447         448         449         450         451         452         453         454         455
L            3.764e-06    0.001512   1.045e-08    0.017454    0.017454   2.807e-08   1.932e-04    0.001707   2.230e-06   1.150e-06    0.005554   1.972e-09   2.377e-04
ln L        -12.489912   -6.494317  -18.376295   -4.048184   -4.048184  -17.388524   -8.551902   -6.373000  -13.013480  -13.675648   -5.193284  -20.044346   -8.344536

site               456         457         458         459         460         461         462         463         464         465         466         467         468
L            1.604e-04   7.500e-05    0.061962    0.017454    0.061962    0.085077   3.422e-04    0.005910    0.002944    0.085077    0.061962    0.085077    0.017454
ln L         -8.737804   -9.497965   -2.781228   -4.048184   -2.781228   -2.464201   -7.980199   -5.131175   -5.827936   -2.464201   -2.781228   -2.464201   -4.048184

site               469         470         471         472         473         474         475         476         477         478         479         480         481
L             0.061962    0.061962    0.061962    0.085077    0.002342   3.983e-06   4.700e-04    0.085077    0.085077    0.085077    0.085077    0.076530    0.085077
ln L         -2.781228   -2.781228   -2.781228   -2.464201   -6.056944  -12.433440   -7.662842   -2.464201   -2.464201   -2.464201   -2.464201   -2.570073   -2.464201

site               482         483         484         485         486         487         488         489         490         491         492         493         494
L            3.257e-05    0.001516    0.085077    0.017454    0.085077    0.001756    0.061962    0.017454    0.061962    0.017454    0.085077    0.002438    0.061962
ln L        -10.332155   -6.491549   -2.464201   -4.048184   -2.464201   -6.344566   -2.781228   -4.048184   -2.781228   -4.048184   -2.464201   -6.016703   -2.781228

site               495         496         497         498         499         500         501         502         503         504         505         506         507
L             0.076530    0.003870   6.761e-04    0.001841   2.322e-07   4.450e-05    0.085077    0.001516    0.085077    0.017454    0.001177   2.104e-05   8.946e-06
ln L         -2.570073   -5.554435   -7.299209   -6.297534  -15.275498  -10.019971   -2.464201   -6.491549   -2.464201   -4.048184   -6.744656  -10.769071  -11.624279

site               508         509         510         511         512         513         514         515         516         517         518         519         520
L             0.006497   3.636e-07   3.450e-08    0.001393    0.246203   2.675e-05   6.575e-08    0.096867    0.005554   1.847e-05   9.013e-04    0.076530    0.061962
ln L         -5.036404  -14.827286  -17.182318   -6.576599   -1.401597  -10.529101  -16.537441   -2.334417   -5.193284  -10.899134   -7.011704   -2.570073   -2.781228

site               521         522         523         524         525         526         527         528         529         530         531         532         533
L             0.061962    0.001393   2.522e-04    0.061962    0.061962    0.085077    0.076530    0.076530    0.001595    0.085077    0.017454    0.085077    0.085077
ln L         -2.781228   -6.576599   -8.285265   -2.781228   -2.781228   -2.464201   -2.570073   -2.570073   -6.440819   -2.464201   -4.048184   -2.464201   -2.464201

site               534         535         536         537         538         539         540         541         542         543         544         545         546
L             0.085077   9.938e-04    0.001709   7.340e-06    0.324121   1.478e-06   4.582e-06   3.107e-06   2.733e-04    0.004646    0.017454    0.001338   7.062e-04
ln L         -2.464201   -6.913996   -6.371742  -11.822115   -1.126640  -13.424990  -12.293272  -12.681884   -8.204793   -5.371765   -4.048184   -6.616231   -7.255550

site               547         548         549         550         551         552         553         554         555         556         557         558         559
L             0.076530    0.001756    0.017454    0.076530    0.061962    0.085077    0.085077   1.104e-07    0.003072    0.076530   1.623e-04   1.060e-07   4.892e-10
ln L         -2.570073   -6.344566   -4.048184   -2.570073   -2.781228   -2.464201   -2.464201  -16.019164   -5.785281   -2.570073   -8.726259  -16.059931  -21.438294

site               560         561         562         563         564         565         566         567         568         569         570         571         572
L            5.192e-08   1.738e-07   2.260e-06    0.076530    0.076530   2.767e-07    0.005303   6.906e-05   2.461e-07   1.748e-10    0.061962   1.035e-05    0.085077
ln L        -16.773527  -15.565605  -13.000023   -2.570073   -2.570073  -15.100234   -5.239489   -9.580581  -15.217701  -22.467323   -2.781228  -11.478461   -2.464201

site               573         574         575         576         577         578         579         580         581         582         583         584         585
L            2.785e-04    0.085077   4.524e-05   2.392e-04   1.761e-04   1.991e-04    0.017454    0.017454    0.003232    0.061962    0.004126   9.847e-05    0.076530
ln L         -8.185976   -2.464201  -10.003620   -8.338156   -8.644331   -8.521728   -4.048184   -4.048184   -5.734520   -2.781228   -5.490413   -9.225776   -2.570073

site               586         587         588         589         590         591         592         593         594         595         596         597         598
L             0.061962    0.005554    0.100690    0.001177    0.076530    0.061962    0.061962    0.061962    0.061962    0.085077    0.085077    0.085077    0.017454
ln L         -2.781228   -5.193284   -2.295712   -6.744656   -2.570073   -2.781228   -2.781228   -2.781228   -2.781228   -2.464201   -2.464201   -2.464201   -4.048184

site               599         600         601         602         603         604         605         606         607         608         609         610         611
L             0.017454    0.085077    0.061962    0.085077   5.994e-04   4.541e-04    0.085077    0.017454    0.001709   6.961e-05    0.085077    0.061962    0.076530
ln L         -4.048184   -2.464201   -2.781228   -2.464201   -7.419600   -7.697137   -2.464201   -4.048184   -6.371742   -9.572619   -2.464201   -2.781228   -2.570073

site               612         613         614         615         616         617         618         619         620         621         622         623         624
L             0.076530   2.640e-05    0.061962    0.005167    0.017454   3.130e-04   1.991e-04    0.076530    0.061962    0.061962    0.085077    0.017454    0.017454
ln L         -2.570073  -10.542094   -2.781228   -5.265510   -4.048184   -8.069408   -8.521728   -2.570073   -2.781228   -2.781228   -2.464201   -4.048184   -4.048184

site               625         626         627         628         629         630         631         632         633         634         635         636         637
L            8.629e-04   1.619e-06    0.003232    0.076530    0.002438    0.085077    0.085077    0.085077    0.085077   3.353e-06    0.001717    0.061962    0.061962
ln L         -7.055205  -13.333689   -5.734520   -2.570073   -6.016703   -2.464201   -2.464201   -2.464201   -2.464201  -12.605640   -6.367403   -2.781228   -2.781228

site               638         639         640         641         642         643         644         645         646         647         648         649         650
L             0.017454    0.017454    0.061962    0.017454    0.076530    0.085077    0.085077    0.076530    0.061962    0.076530    0.076530    0.085077    0.085077
ln L         -4.048184   -4.048184   -2.781228   -4.048184   -2.570073   -2.464201   -2.464201   -2.570073   -2.781228   -2.570073   -2.570073   -2.464201   -2.464201

site               651         652         653         654         655         656         657         658         659         660         661         662         663
L             0.085077    0.061962    0.085077    0.085077    0.085077    0.085077    0.017454    0.061962    0.085077    0.085077    0.002485    0.085077   4.348e-05
ln L         -2.464201   -2.781228   -2.464201   -2.464201   -2.464201   -2.464201   -4.048184   -2.781228   -2.464201   -2.464201   -5.997638   -2.464201  -10.043196

site               664         665         666         667         668         669         670         671         672         673         674         675         676
L            4.932e-04   5.771e-06   7.675e-04    0.061962   5.983e-04   1.370e-06   1.140e-04   1.311e-08   1.553e-05    0.005339   1.422e-04   2.025e-04    0.076530
ln L         -7.614531  -12.062588   -7.172367   -2.781228   -7.421452  -13.500766   -9.078893  -18.150056  -11.072818   -5.232777   -8.858438   -8.504647   -2.570073

site               677         678         679         680         681         682         683         684         685         686         687         688         689
L            4.764e-07    0.003256    0.005167    0.001980    0.001393   2.414e-04   1.030e-08   2.891e-06   9.013e-04   8.636e-06   1.144e-08    0.003072   2.114e-04
ln L        -14.556995   -5.727353   -5.265510   -6.224499   -6.576599   -8.329104  -18.391428  -12.753922   -7.011704  -11.659567  -18.286025   -5.785281   -8.461576

site               690         691         692         693         694         695         696         697         698         699         700         701         702
L            5.107e-05    0.076530   1.038e-06    0.002678    0.061962   8.494e-10    0.085077   1.374e-04   1.514e-05   4.473e-06   1.422e-04    0.076530   4.125e-06
ln L         -9.882283   -2.570073  -13.777802   -5.922705   -2.781228  -20.886524   -2.464201   -8.892283  -11.098366  -12.317525   -8.858407   -2.570073  -12.398368

site               703         704         705         706         707         708         709         710         711         712         713         714         715
L             0.061962   5.835e-04    0.006746   1.991e-04   4.209e-06   3.182e-05   3.655e-06   1.484e-07    0.076530    0.076530   2.383e-06    0.006152    0.061962
ln L         -2.781228   -7.446499   -4.998824   -8.521728  -12.378168  -10.355404  -12.519286  -15.723295   -2.570073   -2.570073  -12.946982   -5.090934   -2.781228

site               716         717         718         719         720         721         722         723         724         725         726         727         728
L            1.049e-05   7.462e-06   1.483e-04   7.633e-09   2.562e-05    0.002956   2.710e-07    0.085077    0.005090    0.006759   6.179e-06    0.005167   8.765e-07
ln L        -11.465343  -11.805721   -8.816202  -18.690798  -10.572190   -5.823992  -15.121111   -2.464201   -5.280513   -4.996911  -11.994357   -5.265510  -13.947376

site               729         730         731         732         733         734         735         736         737         738         739         740         741
L            4.735e-04   5.665e-05   4.938e-06    0.085077    0.085077   1.417e-04    0.003758   7.437e-04   1.055e-07   5.183e-05    0.085077   3.989e-06    0.002438
ln L         -7.655280   -9.778531  -12.218604   -2.464201   -2.464201   -8.861579   -5.583738   -7.203925  -16.064754   -9.867469   -2.464201  -12.431889   -6.016703

site               742         743         744         745         746         747         748         749         750         751         752         753         754
L             0.085077    0.085077    0.085077   2.010e-04   9.773e-06   4.641e-05   3.174e-07   7.447e-06   6.473e-08   6.183e-06    0.005303    0.061962    0.085077
ln L         -2.464201   -2.464201   -2.464201   -8.511979  -11.535933   -9.977898  -14.963110  -11.807762  -16.553026  -11.993695   -5.239413   -2.781228   -2.464201

site               755         756         757         758         759         760         761         762         763         764         765         766         767
L            2.044e-06    0.001657    0.076530   3.091e-07   5.534e-07    0.005303   1.101e-06    0.061962    0.085077   4.467e-05    0.017454    0.061962   6.619e-04
ln L        -13.100743   -6.402656   -2.570073  -14.989615  -14.407143   -5.239413  -13.719365   -2.781228   -2.464201  -10.016232   -4.048184   -2.781228   -7.320348

site               768         769         770         771         772         773         774         775         776         777         778         779         780
L             0.085077    0.085077    0.085077   8.270e-06   2.075e-05   6.941e-09   4.497e-08    0.001610   2.603e-05   3.493e-07    0.061962   9.620e-06   9.539e-05
ln L         -2.464201   -2.464201   -2.464201  -11.702933  -10.783013  -18.785802  -16.917259   -6.431640  -10.556339  -14.867466   -2.781228  -11.551665   -9.257553

site               781         782         783         784         785         786         787         788         789         790         791         792         793
L            2.895e-04   2.785e-07    0.061962   3.538e-05   1.431e-05   3.132e-05    0.076530   2.868e-04    0.004974    0.061962   2.340e-06    0.085077    0.002485
ln L         -8.147356  -15.093719   -2.781228  -10.249491  -11.154575  -10.371220   -2.570073   -8.156694   -5.303511   -2.781228  -12.965428   -2.464201   -5.997638

site               794         795         796         797         798         799         800         801         802         803         804         805         806
L            3.904e-10    0.085077   1.694e-05   1.462e-05    0.085077    0.017454   1.299e-06    0.006497    0.004974   2.463e-07   1.770e-07    0.003072   6.788e-06
ln L        -21.663761   -2.464201  -10.986108  -11.133304   -2.464201   -4.048184  -13.553657   -5.036404   -5.303511  -15.216685  -15.547325   -5.785281  -11.900330

site               807         808         809         810         811         812         813         814         815         816         817         818         819
L            2.895e-04    0.076530   1.329e-05    0.085077   4.770e-04   2.664e-04    0.007023   1.120e-04   5.992e-06   3.133e-06    0.061962    0.006746    0.061962
ln L         -8.147356   -2.570073  -11.228837   -2.464201   -7.648010   -8.230488   -4.958582   -9.097185  -12.025091  -12.673395   -2.781228   -4.998824   -2.781228

site               820         821         822         823         824         825         826         827         828         829         830         831         832
L             0.001872   5.550e-07   1.680e-04    0.061962   6.272e-10   9.847e-05   6.261e-06    0.005339   4.286e-06   2.464e-05    0.085077   9.114e-05   1.539e-06
ln L         -6.280545  -14.404376   -8.691808   -2.781228  -21.189719   -9.225776  -11.981150   -5.232777  -12.360221  -10.611235   -2.464201   -9.303104  -13.384106

site               833         834         835         836         837         838         839         840         841         842         843         844         845
L            3.170e-05    0.076530    0.085077    0.085077    0.017454    0.085077    0.085077   4.698e-05   7.803e-05   5.027e-05    0.085077    0.001047   1.150e-05
ln L        -10.359330   -2.570073   -2.464201   -2.464201   -4.048184   -2.464201   -2.464201   -9.965816   -9.458473   -9.898141   -2.464201   -6.861514  -11.373283

site               846         847         848         849         850         851         852         853         854         855         856         857         858
L             0.001177    0.061962   2.646e-05    0.002649    0.001214   1.612e-09    0.085077   1.112e-05    0.001325    0.061962    0.017454   6.510e-06    0.002678
ln L         -6.744656   -2.781228  -10.539936   -5.933616   -6.713805  -20.245518   -2.464201  -11.406324   -6.625986   -2.781228   -4.048184  -11.942136   -5.922705

site               859         860         861         862         863         864         865         866         867         868         869         870         871
L             0.001177   4.666e-05    0.061962    0.017454    0.085077   6.761e-04    0.001512   5.636e-05    0.001393   8.244e-05   2.054e-08    0.085077    0.001709
ln L         -6.744656   -9.972532   -2.781228   -4.048184   -2.464201   -7.299209   -6.494317   -9.783706   -6.576599   -9.403432  -17.701116   -2.464201   -6.371742

site               872         873         874         875         876         877         878         879         880         881         882         883         884
L             0.005554    0.076530    0.085077   8.513e-05    0.085077    0.076530   3.550e-06   3.176e-07   6.275e-04   6.196e-07   6.218e-07   8.367e-04   1.383e-05
ln L         -5.193284   -2.570073   -2.464201   -9.371370   -2.464201   -2.570073  -12.548595  -14.962529   -7.373711  -14.294157  -14.290576   -7.085990  -11.188790

site               885         886         887         888         889         890         891         892         893         894         895         896         897
L             0.005554    0.061962    0.002014    0.003297    0.002201   2.807e-08   1.264e-04    0.061962    0.004646    0.085077    0.017454    0.076530    0.061962
ln L         -5.193284   -2.781228   -6.207738   -5.714656   -6.119053  -17.388635   -8.976167   -2.781228   -5.371765   -2.464201   -4.048184   -2.570073   -2.781228

site               898
L             0.061962
ln L         -2.781228

Likelihoods for each site on tree 2:

site                 1           2           3           4           5           6           7           8           9          10          11          12          13
L             0.080012    0.080012    0.015990    0.005364    0.057890    0.057890   2.706e-05   4.393e-05    0.005187   9.905e-07    0.015990    0.015990   7.176e-06
ln L         -2.525583   -2.525583   -4.135766   -5.228018   -2.849212   -2.849212  -10.517343  -10.032975   -5.261523  -13.825031   -4.135766   -4.135766  -11.844720

site                14          15          16          17          18          19          20          21          22          23          24          25          26
L             0.015990    0.071810    0.006807   5.930e-06   8.856e-05   1.254e-07   8.136e-06   5.462e-06   3.576e-06    0.071810    0.057890   5.514e-10    0.080012
ln L         -4.135766   -2.633725   -4.989808  -12.035532   -9.331868  -15.891359  -11.719183  -12.117786  -12.541312   -2.633725   -2.849212  -21.318505   -2.525583

site                27          28          29          30          31          32          33          34          35          36          37          38          39
L             0.057890   1.342e-05   8.375e-04    0.057890   3.314e-09    0.015990    0.071810   3.647e-06    0.071810    0.080012   6.563e-06    0.015990    0.015990
ln L         -2.849212  -11.218806   -7.085031   -2.849212  -19.525004   -4.135766   -2.633725  -12.521626   -2.633725   -2.525583  -11.933991   -4.135766   -4.135766

site                40          41          42          43          44          45          46          47          48          49          50          51          52
L            4.982e-09    0.005854    0.057890   6.801e-07    0.080012    0.071810   4.459e-07    0.057890    0.071810   2.085e-09    0.057890    0.071810   1.046e-04
ln L        -19.117462   -5.140678   -2.849212  -14.201019   -2.525583   -2.633725  -14.623064   -2.849212   -2.633725  -19.988321   -2.849212   -2.633725   -9.165838

site                53          54          55          56          57          58          59          60          61          62          63          64          65
L            2.715e-07    0.057890   9.081e-07   5.324e-07   4.859e-05   1.375e-06    0.057890    0.057890    0.005364    0.057890    0.015990    0.004105   3.953e-05
ln L        -15.119163   -2.849212  -13.911929  -14.445908   -9.932015  -13.497053   -2.849212   -2.849212   -5.228018   -2.849212   -4.135766   -5.495670  -10.138510

site                66          67          68          69          70          71          72          73          74          75          76          77          78
L             0.057890   2.718e-07    0.015990    0.071810   3.921e-06    0.080012    0.080012   1.118e-04    0.005284    0.071810    0.004580    0.080012    0.080012
ln L         -2.849212  -15.118138   -4.135766   -2.633725  -12.449170   -2.525583   -2.525583   -9.098476   -5.243060   -2.633725   -5.386105   -2.525583   -2.525583

site                79          80          81          82          83          84          85          86          87          88          89          90          91
L            4.903e-05    0.057890    0.080012   1.254e-05    0.015990    0.080012   6.590e-04    0.071810    0.015990   8.889e-07    0.002363   4.236e-04   9.257e-08
ln L         -9.923097   -2.849212   -2.525583  -11.286617   -4.135766   -2.525583   -7.324811   -2.633725   -4.135766  -13.933238   -6.047929   -7.766607  -16.195330

site                92          93          94          95          96          97          98          99         100         101         102         103         104
L             0.071810    0.080012   6.790e-05    0.080012   2.916e-04   4.794e-05    0.071810    0.015990   4.321e-06    0.080012   7.219e-05   6.501e-04    0.080012
ln L         -2.633725   -2.525583   -9.597472   -2.525583   -8.139965   -9.945509   -2.633725   -4.135766  -12.351985   -2.525583   -9.536264   -7.338409   -2.525583

site               105         106         107         108         109         110         111         112         113         114         115         116         117
L             0.057890    0.080012   1.027e-04   4.659e-04   1.940e-06    0.005854    0.057890   5.014e-07   1.534e-04    0.071810   4.137e-06    0.071810   2.834e-04
ln L         -2.849212   -2.525583   -9.183442   -7.671616  -13.152645   -5.140678   -2.849212  -14.505766   -8.782673   -2.633725  -12.395658   -2.633725   -8.168584

site               118         119         120         121         122         123         124         125         126         127         128         129         130
L            1.979e-05    0.015990    0.015990   2.185e-08    0.004995    0.057890   6.794e-08    0.071810    0.080012    0.080012    0.001246   2.584e-04   7.909e-08
ln L        -10.830293   -4.135766   -4.135766  -17.639060   -5.299297   -2.849212  -16.504703   -2.633725   -2.525583   -2.525583   -6.687791   -8.261023  -16.352640

site               131         132         133         134         135         136         137         138         139         140         141         142         143
L            1.968e-04    0.057890    0.004580   4.373e-04    0.057890   9.660e-05    0.071810    0.071810   7.482e-06    0.001184    0.057890   4.955e-08    0.002363
ln L         -8.533530   -2.849212   -5.386105   -7.734863   -2.849212   -9.244914   -2.633725   -2.633725  -11.802975   -6.738973   -2.849212  -16.820274   -6.047929

site               144         145         146         147         148         149         150         151         152         153         154         155         156
L            1.542e-04    0.080012    0.015990    0.002319   7.760e-07   6.444e-07    0.005021   9.688e-07    0.057890    0.015990    0.080012    0.057890    0.015990
ln L         -8.776988   -2.525583   -4.135766   -6.066448  -14.069114  -14.254964   -5.294046  -13.847180   -2.849212   -4.135766   -2.525583   -2.849212   -4.135766

site               157         158         159         160         161         162         163         164         165         166         167         168         169
L             0.080012   2.480e-05    0.057890   2.070e-08   5.435e-06   1.510e-05   5.483e-05    0.015990    0.071810    0.006658    0.080012    0.001674    0.005854
ln L         -2.525583  -10.604565   -2.849212  -17.693281  -12.122610  -11.100525   -9.811186   -4.135766   -2.633725   -5.011958   -2.525583   -6.392773   -5.140678

site               170         171         172         173         174         175         176         177         178         179         180         181         182
L             0.005364    0.057890   2.538e-04   4.213e-05    0.071810   1.179e-04    0.080012    0.080012    0.001900    0.071810    0.057890   6.158e-07    0.015990
ln L         -5.228018   -2.849212   -8.279149  -10.074699   -2.633725   -9.045634   -2.525583   -2.525583   -6.265948   -2.633725   -2.849212  -14.300341   -4.135766

site               183         184         185         186         187         188         189         190         191         192         193         194         195
L             0.071810    0.001900   5.412e-05    0.057890    0.005963    0.071810    0.071810    0.003128   1.336e-05    0.071810   1.264e-05   1.471e-04    0.071810
ln L         -2.633725   -6.265948   -9.824283   -2.849212   -5.122160   -2.633725   -2.633725   -5.767327  -11.223232   -2.633725  -11.278628   -8.824076   -2.633725

site               196         197         198         199         200         201         202         203         204         205         206         207         208
L            1.306e-06    0.080012    0.057890   1.919e-06    0.080012    0.080012   3.384e-07    0.005187    0.057890   3.006e-06   2.114e-04    0.057890   6.611e-08
ln L        -13.548780   -2.525583   -2.849212  -13.163850   -2.525583   -2.525583  -14.898991   -5.261523   -2.849212  -12.714897   -8.461792   -2.849212  -16.532020

site               209         210         211         212         213         214         215         216         217         218         219         220         221
L             0.015990    0.015990   9.812e-10    0.015990    0.080012   6.590e-04    0.005854    0.057890   4.164e-05    0.005441   7.886e-05   1.469e-05    0.001674
ln L         -4.135766   -4.135766  -20.742218   -4.135766   -2.525583   -7.324811   -5.140678   -2.849212  -10.086359   -5.213815   -9.447844  -11.128241   -6.392773

site               222         223         224         225         226         227         228         229         230         231         232         233         234
L             0.005441   1.782e-05    0.002452    0.003765   3.556e-05   8.475e-08   2.205e-04   4.135e-06   1.640e-07    0.071810   8.882e-06   6.083e-07    0.002570
ln L         -5.213815  -10.935286   -6.010788   -5.581974  -10.244291  -16.283610   -8.419767  -12.395930  -15.623336   -2.633725  -11.631532  -14.312649   -5.963700

site               235         236         237         238         239         240         241         242         243         244         245         246         247
L            1.411e-07    0.057890    0.057890   4.480e-06    0.057890    0.071810   1.934e-05    0.057890    0.015990   1.221e-07   9.073e-04    0.071810   8.486e-06
ln L        -15.773964   -2.849212   -2.849212  -12.315906   -2.849212   -2.633725  -10.853112   -2.849212   -4.135766  -15.918031   -7.005053   -2.633725  -11.677138

site               248         249         250         251         252         253         254         255         256         257         258         259         260
L            2.442e-04    0.080012   9.252e-06   5.520e-04   3.158e-06   3.986e-06    0.080012    0.071810   7.508e-08    0.001915    0.057890   1.294e-06   1.818e-07
ln L         -8.317665   -2.525583  -11.590623   -7.502030  -12.665605  -12.432787   -2.525583   -2.633725  -16.404747   -6.258182   -2.849212  -13.557950  -15.520404

site               261         262         263         264         265         266         267         268         269         270         271         272         273
L             0.002614   5.936e-07   6.538e-07    0.057890   3.516e-07    0.002363    0.005187   2.344e-05    0.015990    0.015990   2.015e-06   2.534e-08    0.001377
ln L         -5.946932  -14.337054  -14.240509   -2.849212  -14.860838   -6.047929   -5.261523  -10.661212   -4.135766   -4.135766  -13.115010  -17.490997   -6.587764

site               274         275         276         277         278         279         280         281         282         283         284         285         286
L            2.988e-08    0.080012    0.080012   5.586e-06    0.001246    0.004956   4.321e-04   5.112e-04    0.057890    0.001091   4.499e-04    0.057890   9.891e-08
ln L        -17.326140   -2.525583   -2.525583  -12.095290   -6.687791   -5.307082   -7.746846   -7.578812   -2.849212   -6.821077   -7.706532   -2.849212  -16.129072

site               287         288         289         290         291         292         293         294         295         296         297         298         299
L             0.080012    0.071810   4.428e-07   7.113e-04    0.071810   4.072e-04    0.071810    0.057890   4.840e-08    0.057890    0.080012    0.005187    0.057890
ln L         -2.525583   -2.633725  -14.630257   -7.248466   -2.633725   -7.806205   -2.633725   -2.849212  -16.843823   -2.849212   -2.525583   -5.261523   -2.849212

site               300         301         302         303         304         305         306         307         308         309         310         311         312
L             0.071810   2.114e-08    0.071810    0.057890   3.834e-08   1.393e-04    0.080012   4.649e-07    0.080012    0.057890   1.298e-07    0.004956    0.005801
ln L         -2.633725  -17.671877   -2.633725   -2.849212  -17.076876   -8.878976   -2.525583  -14.581519   -2.525583   -2.849212  -15.856903   -5.307082   -5.149793

site               313         314         315         316         317         318         319         320         321         322         323         324         325
L            1.051e-05    0.002571   3.492e-06   1.220e-06    0.006488   2.113e-04   3.714e-04   5.224e-04    0.001184    0.005963    0.071810    0.080012    0.002571
ln L        -11.463055   -5.963606  -12.565038  -13.617002   -5.037837   -8.462244   -7.898130   -7.557133   -6.738973   -5.122160   -2.633725   -2.525583   -5.963606

site               326         327         328         329         330         331         332         333         334         335         336         337         338
L             0.001497    0.015990   4.499e-04    0.015990    0.015990   2.160e-05   2.355e-10    0.006543   8.375e-04    0.005364   2.167e-04   2.675e-04    0.080012
ln L         -6.504186   -4.135766   -7.706532   -4.135766   -4.135766  -10.742587  -22.169444   -5.029411   -7.085031   -5.228018   -8.436783   -8.226327   -2.525583

site               339         340         341         342         343         344         345         346         347         348         349         350         351
L             0.071810   8.239e-04   4.236e-04    0.080012   6.037e-05    0.007124    0.002571    0.005187    0.004580   3.539e-04   1.003e-08    0.005228   3.985e-07
ln L         -2.633725   -7.101479   -7.766607   -2.525583   -9.714936   -4.944305   -5.963606   -5.261523   -5.386105   -7.946454  -18.417656   -5.253753  -14.735526

site               352         353         354         355         356         357         358         359         360         361         362         363         364
L            1.779e-06    0.080012    0.080012   7.261e-06    0.005228    0.057890    0.006807    0.080012    0.005963   9.428e-09    0.071810    0.071810   7.147e-07
ln L        -13.239715   -2.525583   -2.525583  -11.832977   -5.253753   -2.849212   -4.989808   -2.525583   -5.122160  -18.479551   -2.633725   -2.633725  -14.151452

site               365         366         367         368         369         370         371         372         373         374         375         376         377
L            2.805e-05    0.005854   4.162e-07    0.002614    0.057890   6.965e-06    0.080012    0.071810    0.006807    0.071810    0.015990    0.003262    0.015990
ln L        -10.481431   -5.140678  -14.692133   -5.946932   -2.849212  -11.874627   -2.525583   -2.633725   -4.989808   -2.633725   -4.135766   -5.725275   -4.135766

site               378         379         380         381         382         383         384         385         386         387         388         389         390
L             0.080012    0.080012    0.080012    0.080012   3.147e-07    0.080012   4.619e-09   6.023e-08   1.206e-05    0.057890   7.205e-05    0.080012    0.057890
ln L         -2.525583   -2.525583   -2.525583   -2.525583  -14.971557   -2.525583  -19.193012  -16.625066  -11.325519   -2.849212   -9.538147   -2.525583   -2.849212

site               391         392         393         394         395         396         397         398         399         400         401         402         403
L            6.596e-06   4.465e-07    0.003765   5.262e-06    0.001560    0.057890   1.061e-05    0.071810    0.080012    0.005854   4.956e-04    0.057890   2.587e-05
ln L        -11.929034  -14.621867   -5.581974  -12.155036   -6.463056   -2.849212  -11.453473   -2.633725   -2.525583   -5.140678   -7.609710   -2.849212  -10.562463

site               404         405         406         407         408         409         410         411         412         413         414         415         416
L            2.213e-06   2.044e-04   3.139e-05    0.071810    0.071810   2.079e-04   4.893e-05    0.057890   3.318e-08   2.292e-04    0.057890    0.001900    0.071810
ln L        -13.021318   -8.495569  -10.368887   -2.633725   -2.633725   -8.478223   -9.925065   -2.849212  -17.221188   -8.380787   -2.849212   -6.265948   -2.633725

site               417         418         419         420         421         422         423         424         425         426         427         428         429
L             0.057890   4.774e-08   1.469e-04    0.057890   3.714e-04   2.170e-05    0.071810   1.446e-06   8.637e-05    0.004956   4.333e-06    0.080012    0.002571
ln L         -2.849212  -16.857480   -8.825644   -2.849212   -7.898130  -10.738010   -2.633725  -13.446986   -9.356853   -5.307082  -12.349360   -2.525583   -5.963606

site               430         431         432         433         434         435         436         437         438         439         440         441         442
L             0.001401    0.071810    0.071810   5.523e-05   6.303e-04    0.001132   1.561e-07   7.593e-05    0.057890   2.186e-06    0.080012    0.057890   2.444e-07
ln L         -6.570225   -2.633725   -2.633725   -9.803945   -7.369312   -6.783396  -15.672469   -9.485677   -2.849212  -13.033247   -2.525583   -2.849212  -15.224470

site               443         444         445         446         447         448         449         450         451         452         453         454         455
L            4.522e-06    0.001812   1.104e-08    0.015990    0.015990   1.431e-08   9.414e-05   4.726e-04   2.518e-07   1.308e-06    0.005364   2.554e-09   2.767e-04
ln L        -12.306516   -6.313500  -18.321698   -4.135766   -4.135766  -18.062360   -9.270699   -7.657347  -15.194609  -13.546673   -5.228018  -19.785786   -8.192693

site               456         457         458         459         460         461         462         463         464         465         466         467         468
L            2.850e-04   8.308e-05    0.057890    0.015990    0.057890    0.080012   3.375e-04    0.006488    0.002614    0.080012    0.057890    0.080012    0.015990
ln L         -8.163000   -9.395695   -2.849212   -4.135766   -2.849212   -2.525583   -7.993884   -5.037837   -5.946932   -2.525583   -2.849212   -2.525583   -4.135766

site               469         470         471         472         473         474         475         476         477         478         479         480         481
L             0.057890    0.057890    0.057890    0.080012    0.002571   7.176e-06   3.563e-04    0.080012    0.080012    0.080012    0.080012    0.071810    0.080012
ln L         -2.849212   -2.849212   -2.849212   -2.525583   -5.963606  -11.844720   -7.939867   -2.525583   -2.525583   -2.525583   -2.525583   -2.633725   -2.525583

site               482         483         484         485         486         487         488         489         490         491         492         493         494
L            3.057e-05    0.001403    0.080012    0.015990    0.080012    0.001753    0.057890    0.015990    0.057890    0.015990    0.080012    0.002363    0.057890
ln L        -10.395430   -6.568866   -2.525583   -4.135766   -2.525583   -6.346305   -2.849212   -4.135766   -2.849212   -4.135766   -2.525583   -6.047929   -2.849212

site               495         496         497         498         499         500         501         502         503         504         505         506         507
L             0.071810    0.003765   6.303e-04    0.001815   9.305e-08   4.844e-06    0.080012    0.001403    0.080012    0.015990    0.001132   9.808e-06   8.821e-06
ln L         -2.633725   -5.581974   -7.369312   -6.311874  -16.190077  -12.237771   -2.525583   -6.568866   -2.525583   -4.135766   -6.783396  -11.532355  -11.638348

site               508         509         510         511         512         513         514         515         516         517         518         519         520
L             0.007124   3.851e-07   1.870e-08    0.001246    0.246414   2.618e-05   3.505e-07    0.091634    0.005364   2.256e-05   9.210e-04    0.071810    0.057890
ln L         -4.944305  -14.769838  -17.794782   -6.687791   -1.400744  -10.550410  -14.863818   -2.389954   -5.228018  -10.699311   -6.990028   -2.633725   -2.849212

site               521         522         523         524         525         526         527         528         529         530         531         532         533
L             0.057890    0.001246   2.670e-04    0.057890    0.057890    0.080012    0.071810    0.071810    0.001480    0.080012    0.015990    0.080012    0.080012
ln L         -2.849212   -6.687791   -8.228157   -2.849212   -2.849212   -2.525583   -2.633725   -2.633725   -6.515921   -2.525583   -4.135766   -2.525583   -2.525583

site               534         535         536         537         538         539         540         541         542         543         544         545         546
L             0.080012   3.330e-05   4.236e-04   8.144e-06    0.324121   3.527e-06   5.054e-06   3.025e-06   2.655e-04    0.004580    0.015990   1.071e-04   6.590e-04
ln L         -2.525583  -10.309889   -7.766607  -11.718177   -1.126640  -12.555034  -12.195264  -12.708652   -8.233726   -5.386105   -4.135766   -9.141815   -7.324811

site               547         548         549         550         551         552         553         554         555         556         557         558         559
L             0.071810    0.001753    0.015990    0.071810    0.057890    0.080012    0.080012   8.901e-08   2.205e-04    0.071810   1.636e-04   1.126e-07   5.472e-10
ln L         -2.633725   -6.346305   -4.135766   -2.633725   -2.849212   -2.525583   -2.525583  -16.234476   -8.419767   -2.633725   -8.718146  -15.999316  -21.326148

site               560         561         562         563         564         565         566         567         568         569         570         571         572
L            5.046e-08   9.604e-07   2.380e-05    0.071810    0.071810   7.460e-07    0.005801   9.404e-04   4.326e-08   1.571e-10    0.057890   1.279e-05    0.080012
ln L        -16.802026  -13.855916  -10.645763   -2.633725   -2.633725  -14.108581   -5.149793   -6.969184  -16.956109  -22.574216   -2.849212  -11.267152   -2.525583

site               573         574         575         576         577         578         579         580         581         582         583         584         585
L            2.965e-04    0.080012   5.077e-06    0.002672   1.916e-04   2.002e-04    0.015990    0.015990   2.584e-04    0.057890    0.004014   1.025e-04    0.071810
ln L         -8.123423   -2.525583  -12.190865   -5.924787   -8.560151   -8.516024   -4.135766   -4.135766   -8.261023   -2.849212   -5.517952   -9.185389   -2.633725

site               586         587         588         589         590         591         592         593         594         595         596         597         598
L             0.057890    0.005364    0.095144    0.001132    0.071810    0.057890    0.057890    0.057890    0.057890    0.080012    0.080012    0.080012    0.015990
ln L         -2.849212   -5.228018   -2.352359   -6.783396   -2.633725   -2.849212   -2.849212   -2.849212   -2.849212   -2.525583   -2.525583   -2.525583   -4.135766

site               599         600         601         602         603         604         605         606         607         608         609         610         611
L             0.015990    0.080012    0.057890    0.080012   6.550e-05   5.335e-04    0.080012    0.015990   4.236e-04   1.210e-04    0.080012    0.057890    0.071810
ln L         -4.135766   -2.525583   -2.849212   -2.525583   -9.633409   -7.536023   -2.525583   -4.135766   -7.766607   -9.020055   -2.525583   -2.849212   -2.633725

site               612         613         614         615         616         617         618         619         620         621         622         623         624
L             0.071810   2.522e-05    0.057890    0.004956    0.015990   2.916e-04   2.002e-04    0.071810    0.057890    0.057890    0.080012    0.015990    0.015990
ln L         -2.633725  -10.587873   -2.849212   -5.307082   -4.135766   -8.139965   -8.516024   -2.633725   -2.849212   -2.849212   -2.525583   -4.135766   -4.135766

site               625         626         627         628         629         630         631         632         633         634         635         636         637
L            8.239e-04   1.865e-06   2.584e-04    0.071810    0.002363    0.080012    0.080012    0.080012    0.080012   3.403e-06    0.002092    0.057890    0.057890
ln L         -7.101479  -13.192154   -8.261023   -2.633725   -6.047929   -2.525583   -2.525583   -2.525583   -2.525583  -12.590882   -6.169677   -2.849212   -2.849212

site               638         639         640         641         642         643         644         645         646         647         648         649         650
L             0.015990    0.015990    0.057890    0.015990    0.071810    0.080012    0.080012    0.071810    0.057890    0.071810    0.071810    0.080012    0.080012
ln L         -4.135766   -4.135766   -2.849212   -4.135766   -2.633725   -2.525583   -2.525583   -2.633725   -2.849212   -2.633725   -2.633725   -2.525583   -2.525583

site               651         652         653         654         655         656         657         658         659         660         661         662         663
L             0.080012    0.057890    0.080012    0.080012    0.080012    0.080012    0.015990    0.057890    0.080012    0.080012    0.002375    0.080012   7.511e-05
ln L         -2.525583   -2.849212   -2.525583   -2.525583   -2.525583   -2.525583   -4.135766   -2.849212   -2.525583   -2.525583   -6.042935   -2.525583   -9.496576

site               664         665         666         667         668         669         670         671         672         673         674         675         676
L            4.845e-04   6.379e-06    0.001091    0.057890   1.765e-04   1.520e-06   2.035e-04   2.211e-08   3.813e-06    0.005854   1.361e-04   3.771e-05    0.071810
ln L         -7.632331  -11.962566   -6.821077   -2.849212   -8.642296  -13.397004   -8.499785  -17.627127  -12.477062   -5.140678   -8.902105  -10.185582   -2.633725

site               677         678         679         680         681         682         683         684         685         686         687         688         689
L            4.879e-07    0.005697    0.004956    0.002397    0.001246   1.757e-04   2.248e-09   1.433e-06   9.210e-04   9.657e-06   1.055e-08   2.205e-04   2.132e-04
ln L        -14.533063   -5.167761   -5.307082   -6.033348   -6.687791   -8.646795  -19.913169  -13.455711   -6.990028  -11.547815  -18.367198   -8.419767   -8.453443

site               690         691         692         693         694         695         696         697         698         699         700         701         702
L            4.911e-05    0.071810   3.237e-07    0.002570    0.057890   1.296e-09    0.080012   1.552e-04   2.940e-06   2.240e-06   1.676e-04    0.071810   3.953e-06
ln L         -9.921388   -2.633725  -14.943484   -5.963700   -2.849212  -20.463744   -2.525583   -8.770655  -12.737043  -13.009019   -8.693902   -2.633725  -12.441000

site               703         704         705         706         707         708         709         710         711         712         713         714         715
L             0.057890   5.224e-04    0.007406   2.002e-04   4.489e-06   3.420e-05   4.492e-06   1.043e-07    0.071810    0.071810   2.928e-06    0.005963    0.057890
ln L         -2.849212   -7.557133   -4.905485   -8.516024  -12.313861  -10.283237  -12.313116  -16.076149   -2.633725   -2.633725  -12.741358   -5.122160   -2.849212

site               716         717         718         719         720         721         722         723         724         725         726         727         728
L            8.809e-06   1.711e-06   1.432e-04   1.326e-08   4.543e-05    0.005187   2.318e-07    0.080012    0.004995    0.006528   8.727e-06    0.004956   1.383e-06
ln L        -11.639779  -13.278146   -8.851067  -18.138755   -9.999371   -5.261523  -15.277569   -2.525583   -5.299297   -5.031644  -11.649140   -5.307082  -13.491048

site               729         730         731         732         733         734         735         736         737         738         739         740         741
L            4.499e-04   9.696e-05   9.819e-07    0.080012    0.080012   1.358e-04    0.006543    0.001059   1.329e-07   3.468e-04    0.080012   3.492e-06    0.002363
ln L         -7.706532   -9.241218  -13.833769   -2.525583   -2.525583   -8.904217   -5.029411   -6.850798  -15.833764   -7.966726   -2.525583  -12.565038   -6.047929

site               742         743         744         745         746         747         748         749         750         751         752         753         754
L             0.080012    0.080012    0.080012   2.187e-04   7.713e-06   1.986e-04   3.388e-07   9.502e-06   6.610e-08   1.083e-05    0.005228    0.057890    0.080012
ln L         -2.525583   -2.525583   -2.525583   -8.427800  -11.772644   -8.524428  -14.897734  -11.564048  -16.532051  -11.433005   -5.253753   -2.849212   -2.525583

site               755         756         757         758         759         760         761         762         763         764         765         766         767
L            2.188e-06    0.001626    0.071810   1.391e-06   2.125e-07    0.005228   1.124e-06    0.057890    0.080012   4.460e-05    0.015990    0.057890   6.181e-04
ln L        -13.032345   -6.421440   -2.633725  -13.485290  -15.364311   -5.253753  -13.698186   -2.849212   -2.525583  -10.017828   -4.135766   -2.849212   -7.388826

site               768         769         770         771         772         773         774         775         776         777         778         779         780
L             0.080012    0.080012    0.080012   8.847e-06   2.432e-05   9.997e-09   8.081e-08    0.001497   4.636e-05   3.421e-08    0.057890   2.087e-06   1.973e-05
ln L         -2.525583   -2.525583   -2.525583  -11.635393  -10.624006  -18.421021  -16.331133   -6.504186   -9.979013  -17.190777   -2.849212  -13.079873  -10.833349

site               781         782         783         784         785         786         787         788         789         790         791         792         793
L            1.593e-04   2.520e-07    0.057890   6.236e-05   1.583e-05   2.892e-05    0.071810   4.869e-05    0.005441    0.057890   2.464e-06    0.080012    0.002375
ln L         -8.744768  -15.193750   -2.849212   -9.682638  -11.053366  -10.451013   -2.633725   -9.930103   -5.213815   -2.849212  -12.913883   -2.525583   -6.042935

site               794         795         796         797         798         799         800         801         802         803         804         805         806
L            5.532e-10    0.080012   2.066e-05   2.066e-05    0.080012    0.015990   1.370e-06    0.007124    0.005441   2.321e-07   3.148e-07   2.205e-04   7.992e-06
ln L        -21.315232   -2.525583  -10.787269  -10.787298   -2.525583   -4.135766  -13.500418   -4.944305   -5.213815  -15.276088  -14.971236   -8.419767  -11.737034

site               807         808         809         810         811         812         813         814         815         816         817         818         819
L            1.593e-04    0.071810   2.906e-05    0.080012   4.373e-04   3.785e-04    0.006807   1.977e-05   1.139e-06   3.377e-06    0.057890    0.007406    0.057890
ln L         -8.744768   -2.633725  -10.446307   -2.525583   -7.734863   -7.879198   -4.989808  -10.831155  -13.685102  -12.598620   -2.849212   -4.905485   -2.849212

site               820         821         822         823         824         825         826         827         828         829         830         831         832
L             0.001869   4.789e-07   1.615e-04    0.057890   6.501e-10   1.025e-04   9.458e-06    0.005854   6.257e-06   2.666e-05    0.080012   2.218e-05   8.539e-07
ln L         -6.282283  -14.551755   -8.730916   -2.849212  -21.153826   -9.185389  -11.568693   -5.140678  -11.981835  -10.532393   -2.525583  -10.716118  -13.973446

site               833         834         835         836         837         838         839         840         841         842         843         844         845
L            4.611e-05    0.071810    0.080012    0.080012    0.015990    0.080012    0.080012   5.139e-05   7.613e-05   5.926e-05    0.080012   9.645e-04   2.573e-05
ln L         -9.984394   -2.633725   -2.525583   -2.525583   -4.135766   -2.525583   -2.525583   -9.876094   -9.483063   -9.733562   -2.525583   -6.943927  -10.567788

site               846         847         848         849         850         851         852         853         854         855         856         857         858
L             0.001132    0.057890   2.862e-05    0.002532   9.112e-05   3.338e-09    0.080012   8.861e-07    0.001184    0.057890    0.015990   6.470e-06    0.002570
ln L         -6.783396   -2.849212  -10.461390   -5.978913   -9.303313  -19.517981   -2.525583  -13.936405   -6.738973   -2.849212   -4.135766  -11.948272   -5.963700

site               859         860         861         862         863         864         865         866         867         868         869         870         871
L             0.001132   3.120e-04    0.057890    0.015990    0.080012   6.303e-04    0.001812   5.095e-05    0.001246   2.480e-05   2.209e-08    0.080012   4.236e-04
ln L         -6.783396   -8.072534   -2.849212   -4.135766   -2.525583   -7.369312   -6.313500   -9.884740   -6.687791  -10.604565  -17.627967   -2.525583   -7.766607

site               872         873         874         875         876         877         878         879         880         881         882         883         884
L             0.005364    0.071810    0.080012   8.440e-05    0.080012    0.071810   1.611e-06   2.842e-07   5.954e-04   5.735e-07   4.685e-07   8.375e-04   1.209e-06
ln L         -5.228018   -2.633725   -2.525583   -9.379972   -2.525583   -2.633725  -13.338520  -15.073679   -7.426261  -14.371469  -14.573681   -7.085031  -13.625755

site               885         886         887         888         889         890         891         892         893         894         895         896         897
L             0.005364    0.057890    0.002452   2.385e-04    0.002125   6.391e-09   1.328e-04    0.057890    0.004580    0.080012    0.015990    0.071810    0.057890
ln L         -5.228018   -2.849212   -6.010788   -8.341009   -6.153787  -18.868363   -8.926849   -2.849212   -5.386105   -2.525583   -4.135766   -2.633725   -2.849212

site               898
L             0.057890
ln L         -2.849212

Time used to compute likelihoods = 0.03 sec (CPU time = 0.18 sec)

Tree scores (and parameter estimates) written to file: ~/Library/CloudStorage/Dropbox/Lab/James
McInerney/programming/MLDecay/debug_runs/mldecay_20250520_142021/site_lnl_Clade_9.txt
