--- STDOUT ---

P A U P *
Version 4.0a (build 168) for macOS (built on Aug  2 2020 at 06:41:30)
Tue May 20 14:21:38 2025

        -----------------------------NOTICE-----------------------------
          This is a test version that is still changing rapidly.
          Please report bugs to dave@phylosolutions.com
        ----------------------------------------------------------------

Running on Apple M3 Max
    16 CPU cores on 1 socket
    Executable built for Intel(R) 64 architecture
    Compiled using Intel compiler (icc) 11.1.0 (build 20091012)
    SSE vectorization enabled
    SSSE3 instructions supported
    Multithreading enabled using Pthreads

Processing of file "~/Library/CloudStorage/Dropbox/Lab/James McInerney/programming/MLDecay/debug_runs/mldecay_20250520_142021/site_analysis_Clade_8.nex" begins...

Processing of file "~/Library/CloudStorage/Dropbox/Lab/James McInerney/programming/MLDecay/debug_runs/mldecay_20250520_142021/alignment.nex" begins...

Data read in DNA format

Data matrix has 12 taxa, 898 characters
Valid character-state symbols: ACGT
Missing data identified by '?'
Gaps identified by '-'
"Equate" macros in effect:
   R,r ==> {AG}
   Y,y ==> {CT}
   M,m ==> {AC}
   K,k ==> {GT}
   S,s ==> {CG}
   W,w ==> {AT}
   H,h ==> {ACT}
   B,b ==> {CGT}
   V,v ==> {ACG}
   D,d ==> {AGT}
   N,n ==> {ACGT}

Processing of input file "alignment.nex" completed.

Optimality criterion set to likelihood.

Processing TREES block from file: ~/Library/CloudStorage/Dropbox/Lab/James McInerney/programming/MLDecay/debug_runs/mldecay_20250520_142021/ml_tree.tre
  Keeping: trees from file (replacing any trees already in memory)
  1 tree read from file

  Time used = 0.00 sec (CPU time = 0.00 sec)

Note: Input trees are rooted but current criterion and/or option settings would specify unrooted trees.  (You can deroot the trees using the 'derootTrees' command.)

Processing TREES block from file: ~/Library/CloudStorage/Dropbox/Lab/James McInerney/programming/MLDecay/debug_runs/mldecay_20250520_142021/constraint_tree_8.tre
  Keeping: trees in memory plus trees from file
  1 tree originally in memory
  1 tree read from file
  1 tree from file kept
  2 trees now in memory

  Time used = 0.00 sec (CPU time = 0.00 sec)

Note: Input trees are rooted but current criterion and/or option settings would specify unrooted trees.  (You can deroot the trees using the 'derootTrees' command.)

Likelihood scores of tree(s) in memory:
---------------------------------------
  898 characters are included
  All characters have equal weight
  Likelihood settings:
    Current model:
                             Data type = nucleotide
                DNA substitution types = 1
                     State frequencies = empirical: A=0.324121 C=0.30402 G=0.105528 T=0.266332
        Proportion of invariable sites = none
               Rates at variable sites = equal
                  Model correspondence = F81

    Number of distinct data patterns under this model = 415
    Molecular clock not enforced
    Starting branch lengths obtained using Rogers-Swofford approximation method
    Branch-length optimization = one-dimensional Newton-Raphson with pass limit=20, tolerance=1e-07
    Likelihood calculations performed in single precision
    Vector processing enabled
    Using standard Felsenstein pruning for computing likelihoods
    Conditional-likelihood rescaling threshold = 1e-20
    Using 14 parallel threads on 16 processors

Tree             1           2
------------------------------
-ln L     6333.490    6367.072

Likelihoods for each site on tree 1:

site                 1           2           3           4           5           6           7           8           9          10          11          12          13
L             0.085077    0.085077    0.017454    0.005554    0.061962    0.061962   2.934e-05   4.428e-05    0.002956   7.432e-07    0.017454    0.017454   3.983e-06
ln L         -2.464201   -2.464201   -4.048184   -5.193284   -2.781228   -2.781228  -10.436437  -10.025064   -5.823992  -14.112309   -4.048184   -4.048184  -12.433440

site                14          15          16          17          18          19          20          21          22          23          24          25          26
L             0.017454    0.076530    0.007023   6.401e-06   8.034e-05   7.857e-07   9.554e-06   5.555e-06   8.009e-07    0.076530    0.061962   5.249e-10    0.085077
ln L         -4.048184   -2.570073   -4.958582  -11.959066   -9.429299  -14.056662  -11.558532  -12.100897  -14.037489   -2.570073   -2.781228  -21.367867   -2.464201

site                27          28          29          30          31          32          33          34          35          36          37          38          39
L             0.061962   1.325e-05   8.367e-04    0.061962   3.751e-09    0.017454    0.076530   3.322e-06    0.076530    0.085077   2.726e-06    0.017454    0.017454
ln L         -2.781228  -11.231337   -7.085990   -2.781228  -19.401321   -4.048184   -2.570073  -12.615067   -2.570073   -2.464201  -12.812777   -4.048184   -4.048184

site                40          41          42          43          44          45          46          47          48          49          50          51          52
L            4.422e-09    0.005339    0.061962   6.216e-07    0.085077    0.076530   3.212e-07    0.061962    0.076530   1.159e-09    0.061962    0.076530   9.703e-05
ln L        -19.236766   -5.232777   -2.781228  -14.290919   -2.464201   -2.570073  -14.951129   -2.781228   -2.570073  -20.575482   -2.781228   -2.570073   -9.240447

site                53          54          55          56          57          58          59          60          61          62          63          64          65
L            2.900e-07    0.061962   3.567e-07   1.212e-07   4.914e-05   1.298e-06    0.061962    0.061962    0.005554    0.061962    0.017454    0.004182   3.984e-05
ln L        -15.053323   -2.781228  -14.846510  -15.925634   -9.920828  -13.554828   -2.781228   -2.781228   -5.193284   -2.781228   -4.048184   -5.476886  -10.130621

site                66          67          68          69          70          71          72          73          74          75          76          77          78
L             0.061962   2.876e-07    0.017454    0.076530   3.658e-06    0.085077    0.085077   1.169e-04    0.005508    0.076530    0.004646    0.085077    0.085077
ln L         -2.781228  -15.061701   -4.048184   -2.570073  -12.518508   -2.464201   -2.464201   -9.054619   -5.201488   -2.570073   -5.371765   -2.464201   -2.464201

site                79          80          81          82          83          84          85          86          87          88          89          90          91
L            4.329e-05    0.061962    0.085077   1.305e-05    0.017454    0.085077   7.062e-04    0.076530    0.017454   2.836e-06    0.002438    0.001709   6.388e-08
ln L        -10.047691   -2.781228   -2.464201  -11.246559   -4.048184   -2.464201   -7.255550   -2.570073   -4.048184  -12.773292   -6.016703   -6.371742  -16.566289

site                92          93          94          95          96          97          98          99         100         101         102         103         104
L             0.076530    0.085077   7.244e-05    0.085077   3.130e-04   4.889e-05    0.076530    0.017454   3.114e-06    0.085077   6.453e-05    0.002237    0.085077
ln L         -2.570073   -2.464201   -9.532759   -2.464201   -8.069408   -9.926033   -2.570073   -4.048184  -12.679678   -2.464201   -9.648342   -6.102450   -2.464201

site               105         106         107         108         109         110         111         112         113         114         115         116         117
L             0.061962    0.085077   1.943e-05   4.914e-04   1.624e-06    0.005339    0.061962   3.459e-07   1.286e-04    0.076530   9.460e-07    0.076530   2.844e-04
ln L         -2.781228   -2.464201  -10.848682   -7.618199  -13.330591   -5.232777   -2.781228  -14.877086   -8.958735   -2.570073  -13.871027   -2.570073   -8.165012

site               118         119         120         121         122         123         124         125         126         127         128         129         130
L            1.977e-05    0.017454    0.017454   2.145e-07    0.005090    0.061962   6.089e-08    0.076530    0.085077    0.085077    0.001393    0.003232   6.621e-08
ln L        -10.831526   -4.048184   -4.048184  -15.354835   -5.280513   -2.781228  -16.614159   -2.570073   -2.464201   -2.464201   -6.576599   -5.734520  -16.530447

site               131         132         133         134         135         136         137         138         139         140         141         142         143
L            2.109e-04    0.061962    0.004646   4.770e-04    0.061962   9.950e-05    0.076530    0.076530   6.216e-06    0.001325    0.061962   2.236e-07    0.002438
ln L         -8.464269   -2.781228   -5.371765   -7.648010   -2.781228   -9.215363   -2.570073   -2.570073  -11.988444   -6.625986   -2.781228  -15.313276   -6.016703

site               144         145         146         147         148         149         150         151         152         153         154         155         156
L            2.615e-04    0.085077    0.017454    0.002115   7.699e-07   5.259e-07    0.002861   1.049e-06    0.061962    0.017454    0.085077    0.061962    0.017454
ln L         -8.249175   -2.464201   -4.048184   -6.158547  -14.077020  -14.458216   -5.856568  -13.767944   -2.781228   -4.048184   -2.464201   -2.781228   -4.048184

site               157         158         159         160         161         162         163         164         165         166         167         168         169
L             0.085077   8.244e-05    0.061962   1.843e-08   6.690e-05   1.646e-04   3.175e-05    0.017454    0.076530    0.003825    0.085077    0.001548    0.005339
ln L         -2.464201   -9.403432   -2.781228  -17.809473   -9.612366   -8.711934  -10.357534   -4.048184   -2.570073   -5.566196   -2.464201   -6.470968   -5.232777

site               170         171         172         173         174         175         176         177         178         179         180         181         182
L             0.005554    0.061962   1.727e-04   3.298e-06    0.076530   1.239e-04    0.085077    0.085077    0.001900    0.076530    0.061962   4.992e-07    0.017454
ln L         -5.193284   -2.781228   -8.663955  -12.622242   -2.570073   -8.996111   -2.464201   -2.464201   -6.265965   -2.570073   -2.781228  -14.510257   -4.048184

site               183         184         185         186         187         188         189         190         191         192         193         194         195
L             0.076530    0.001900   5.821e-05    0.061962    0.006152    0.076530    0.076530    0.003259   1.476e-05    0.076530   1.350e-05   1.362e-04    0.076530
ln L         -2.570073   -6.265965   -9.751483   -2.781228   -5.090934   -2.570073   -2.570073   -5.726332  -11.123422   -2.570073  -11.212973   -8.901364   -2.570073

site               196         197         198         199         200         201         202         203         204         205         206         207         208
L            1.243e-06    0.085077    0.061962   1.827e-06    0.085077    0.085077   2.755e-07    0.002956    0.061962   3.266e-06   1.799e-04    0.061962   4.212e-08
ln L        -13.597694   -2.464201   -2.781228  -13.212825   -2.464201   -2.464201  -15.104617   -5.823992   -2.781228  -12.631847   -8.622907   -2.781228  -16.982853

site               209         210         211         212         213         214         215         216         217         218         219         220         221
L             0.017454    0.017454   2.463e-10    0.017454    0.085077   7.062e-04    0.005339    0.061962   8.272e-05    0.004974   7.562e-05   1.582e-05    0.001548
ln L         -4.048184   -4.048184  -22.124302   -4.048184   -2.464201   -7.255550   -5.232777   -2.781228   -9.400084   -5.303511   -9.489768  -11.054116   -6.470968

site               222         223         224         225         226         227         228         229         230         231         232         233         234
L             0.004974   1.780e-05    0.002014    0.003870   3.747e-05   5.593e-08    0.003072   4.474e-06   2.030e-06    0.076530   7.891e-06   5.864e-07    0.002678
ln L         -5.303511  -10.936329   -6.207738   -5.554435  -10.192058  -16.699076   -5.785281  -12.317180  -13.107567   -2.570073  -11.749787  -14.349240   -5.922705

site               235         236         237         238         239         240         241         242         243         244         245         246         247
L            1.821e-07    0.061962    0.061962   5.139e-06    0.061962    0.076530   1.608e-05    0.061962    0.017454   1.285e-07    0.001022    0.076530   1.480e-05
ln L        -15.518594   -2.781228   -2.781228  -12.178611   -2.781228   -2.570073  -11.037810   -2.781228   -4.048184  -15.867335   -6.886057   -2.570073  -11.120576

site               248         249         250         251         252         253         254         255         256         257         258         259         260
L            3.499e-04    0.085077   9.915e-06   5.074e-04   3.292e-06   1.160e-05    0.085077    0.076530   2.773e-07    0.002054    0.061962   1.227e-06   1.871e-07
ln L         -7.957934   -2.464201  -11.521486   -7.586210  -12.623906  -11.364749   -2.464201   -2.570073  -15.098052   -6.188170   -2.781228  -13.610655  -15.491873

site               261         262         263         264         265         266         267         268         269         270         271         272         273
L             0.002944   2.897e-07   7.822e-07    0.061962   1.766e-07    0.002438    0.002956   2.752e-05    0.017454    0.017454   1.243e-06   2.519e-08    0.001486
ln L         -5.827936  -15.054475  -14.061209   -2.781228  -15.549138   -6.016703   -5.823992  -10.500755   -4.048184   -4.048184  -13.597922  -17.496801   -6.511830

site               274         275         276         277         278         279         280         281         282         283         284         285         286
L            2.350e-08    0.085077    0.085077   7.210e-06    0.001393    0.005167   3.041e-04   5.645e-04    0.061962   7.675e-04   4.735e-04    0.061962   1.482e-07
ln L        -17.566278   -2.464201   -2.464201  -11.840062   -6.576599   -5.265510   -8.098136   -7.479581   -2.781228   -7.172367   -7.655280   -2.781228  -15.724873

site               287         288         289         290         291         292         293         294         295         296         297         298         299
L             0.085077    0.076530   2.542e-07   7.588e-04    0.076530   3.772e-04    0.076530    0.061962   4.337e-08    0.061962    0.085077    0.002956    0.061962
ln L         -2.464201   -2.570073  -15.185312   -7.183753   -2.570073   -7.882780   -2.570073   -2.781228  -16.953523   -2.781228   -2.464201   -5.823992   -2.781228

site               300         301         302         303         304         305         306         307         308         309         310         311         312
L             0.076530   9.721e-08    0.076530    0.061962   1.877e-08   3.013e-04    0.085077   2.897e-06    0.085077    0.061962   1.250e-07    0.005167    0.005303
ln L         -2.570073  -16.146380   -2.570073   -2.781228  -17.791021   -8.107475   -2.464201  -12.751702   -2.464201   -2.781228  -15.894777   -5.265510   -5.239489

site               313         314         315         316         317         318         319         320         321         322         323         324         325
L            7.037e-06    0.002342   3.989e-06   1.094e-06    0.005910   2.302e-04   4.653e-04   5.835e-04    0.001325    0.006152    0.076530    0.085077    0.002342
ln L        -11.864278   -6.056944  -12.431889  -13.725486   -5.131175   -8.376442   -7.672850   -7.446499   -6.625986   -5.090934   -2.570073   -2.464201   -6.056944

site               326         327         328         329         330         331         332         333         334         335         336         337         338
L             0.001610    0.017454   4.735e-04    0.017454    0.017454   6.151e-06   2.089e-10    0.003758   8.367e-04    0.005554   2.209e-04   2.230e-04    0.085077
ln L         -6.431640   -4.048184   -7.655280   -4.048184   -4.048184  -11.998904  -22.289094   -5.583738   -7.085990   -5.193284   -8.417888   -8.408523   -2.464201

site               339         340         341         342         343         344         345         346         347         348         349         350         351
L             0.076530   8.629e-04    0.001709    0.085077   3.045e-05    0.006497    0.002342    0.002956    0.004646   4.151e-04   3.827e-08    0.005303   2.435e-06
ln L         -2.570073   -7.055205   -6.371742   -2.464201  -10.399463   -5.036404   -6.056944   -5.823992   -5.371765   -7.787079  -17.078704   -5.239413  -12.925615

site               352         353         354         355         356         357         358         359         360         361         362         363         364
L            1.884e-06    0.085077    0.085077   8.290e-06    0.005303    0.061962    0.007023    0.085077    0.006152   6.917e-09    0.076530    0.076530   7.130e-07
ln L        -13.182375   -2.464201   -2.464201  -11.700468   -5.239413   -2.781228   -4.958582   -2.464201   -5.090934  -18.789239   -2.570073   -2.570073  -14.153727

site               365         366         367         368         369         370         371         372         373         374         375         376         377
L            3.037e-05    0.005339   8.215e-08    0.002944    0.061962   8.688e-06    0.085077    0.076530    0.007023    0.076530    0.017454    0.003391    0.017454
ln L        -10.401944   -5.232777  -16.314754   -5.827936   -2.781228  -11.653600   -2.464201   -2.570073   -4.958582   -2.570073   -4.048184   -5.686535   -4.048184

site               378         379         380         381         382         383         384         385         386         387         388         389         390
L             0.085077    0.085077    0.085077    0.085077   3.378e-07    0.085077   3.328e-08   5.416e-08   1.556e-05    0.061962   6.685e-05    0.085077    0.061962
ln L         -2.464201   -2.464201   -2.464201   -2.464201  -14.900928   -2.464201  -17.218409  -16.731318  -11.070990   -2.781228   -9.612995   -2.464201   -2.781228

site               391         392         393         394         395         396         397         398         399         400         401         402         403
L            6.776e-06   4.275e-07    0.003870   4.386e-06    0.001671    0.061962   1.183e-05    0.076530    0.085077    0.005339   5.858e-04    0.061962   2.250e-04
ln L        -11.902070  -14.665294   -5.554435  -12.337076   -6.394579   -2.781228  -11.344471   -2.570073   -2.464201   -5.232777   -7.442593   -2.781228   -8.399262

site               404         405         406         407         408         409         410         411         412         413         414         415         416
L            6.485e-06   1.257e-04   2.922e-05    0.076530    0.076530   4.218e-04   3.656e-05    0.061962   5.494e-09   3.628e-04    0.061962    0.001900    0.076530
ln L        -11.946016   -8.981601  -10.440640   -2.570073   -2.570073   -7.770993  -10.216569   -2.781228  -19.019538   -7.921611   -2.781228   -6.265965   -2.570073

site               417         418         419         420         421         422         423         424         425         426         427         428         429
L             0.061962   3.164e-08   1.464e-04    0.061962   4.653e-04   2.645e-05    0.076530   2.050e-06   1.913e-04    0.005167   3.730e-06    0.085077    0.002342
ln L         -2.781228  -17.268917   -8.829366   -2.781228   -7.672850  -10.540290   -2.570073  -13.097783   -8.561475   -5.265510  -12.499049   -2.464201   -6.056944

site               430         431         432         433         434         435         436         437         438         439         440         441         442
L             0.001504    0.076530    0.076530   6.233e-05   6.761e-04    0.001177   1.341e-07   1.043e-04    0.061962   3.721e-06    0.085077    0.061962   2.590e-07
ln L         -6.499452   -2.570073   -2.570073   -9.683092   -7.299209   -6.744656  -15.824642   -9.167838   -2.781228  -12.501524   -2.464201   -2.781228  -15.166300

site               443         444         445         446         447         448         449         450         451         452         453         454         455
L            3.764e-06    0.001512   1.045e-08    0.017454    0.017454   2.807e-08   1.932e-04    0.001707   2.230e-06   1.150e-06    0.005554   1.972e-09   2.377e-04
ln L        -12.489912   -6.494317  -18.376295   -4.048184   -4.048184  -17.388524   -8.551902   -6.373000  -13.013480  -13.675648   -5.193284  -20.044346   -8.344536

site               456         457         458         459         460         461         462         463         464         465         466         467         468
L            1.604e-04   7.500e-05    0.061962    0.017454    0.061962    0.085077   3.422e-04    0.005910    0.002944    0.085077    0.061962    0.085077    0.017454
ln L         -8.737804   -9.497965   -2.781228   -4.048184   -2.781228   -2.464201   -7.980199   -5.131175   -5.827936   -2.464201   -2.781228   -2.464201   -4.048184

site               469         470         471         472         473         474         475         476         477         478         479         480         481
L             0.061962    0.061962    0.061962    0.085077    0.002342   3.983e-06   4.700e-04    0.085077    0.085077    0.085077    0.085077    0.076530    0.085077
ln L         -2.781228   -2.781228   -2.781228   -2.464201   -6.056944  -12.433440   -7.662842   -2.464201   -2.464201   -2.464201   -2.464201   -2.570073   -2.464201

site               482         483         484         485         486         487         488         489         490         491         492         493         494
L            3.257e-05    0.001516    0.085077    0.017454    0.085077    0.001756    0.061962    0.017454    0.061962    0.017454    0.085077    0.002438    0.061962
ln L        -10.332155   -6.491549   -2.464201   -4.048184   -2.464201   -6.344566   -2.781228   -4.048184   -2.781228   -4.048184   -2.464201   -6.016703   -2.781228

site               495         496         497         498         499         500         501         502         503         504         505         506         507
L             0.076530    0.003870   6.761e-04    0.001841   2.322e-07   4.450e-05    0.085077    0.001516    0.085077    0.017454    0.001177   2.104e-05   8.946e-06
ln L         -2.570073   -5.554435   -7.299209   -6.297534  -15.275498  -10.019971   -2.464201   -6.491549   -2.464201   -4.048184   -6.744656  -10.769071  -11.624279

site               508         509         510         511         512         513         514         515         516         517         518         519         520
L             0.006497   3.636e-07   3.450e-08    0.001393    0.246203   2.675e-05   6.575e-08    0.096867    0.005554   1.847e-05   9.013e-04    0.076530    0.061962
ln L         -5.036404  -14.827286  -17.182318   -6.576599   -1.401597  -10.529101  -16.537441   -2.334417   -5.193284  -10.899134   -7.011704   -2.570073   -2.781228

site               521         522         523         524         525         526         527         528         529         530         531         532         533
L             0.061962    0.001393   2.522e-04    0.061962    0.061962    0.085077    0.076530    0.076530    0.001595    0.085077    0.017454    0.085077    0.085077
ln L         -2.781228   -6.576599   -8.285265   -2.781228   -2.781228   -2.464201   -2.570073   -2.570073   -6.440819   -2.464201   -4.048184   -2.464201   -2.464201

site               534         535         536         537         538         539         540         541         542         543         544         545         546
L             0.085077   9.938e-04    0.001709   7.340e-06    0.324121   1.478e-06   4.582e-06   3.107e-06   2.733e-04    0.004646    0.017454    0.001338   7.062e-04
ln L         -2.464201   -6.913996   -6.371742  -11.822115   -1.126640  -13.424990  -12.293272  -12.681884   -8.204793   -5.371765   -4.048184   -6.616231   -7.255550

site               547         548         549         550         551         552         553         554         555         556         557         558         559
L             0.076530    0.001756    0.017454    0.076530    0.061962    0.085077    0.085077   1.104e-07    0.003072    0.076530   1.623e-04   1.060e-07   4.892e-10
ln L         -2.570073   -6.344566   -4.048184   -2.570073   -2.781228   -2.464201   -2.464201  -16.019164   -5.785281   -2.570073   -8.726259  -16.059931  -21.438294

site               560         561         562         563         564         565         566         567         568         569         570         571         572
L            5.192e-08   1.738e-07   2.260e-06    0.076530    0.076530   2.767e-07    0.005303   6.906e-05   2.461e-07   1.748e-10    0.061962   1.035e-05    0.085077
ln L        -16.773527  -15.565605  -13.000023   -2.570073   -2.570073  -15.100234   -5.239489   -9.580581  -15.217701  -22.467323   -2.781228  -11.478461   -2.464201

site               573         574         575         576         577         578         579         580         581         582         583         584         585
L            2.785e-04    0.085077   4.524e-05   2.392e-04   1.761e-04   1.991e-04    0.017454    0.017454    0.003232    0.061962    0.004126   9.847e-05    0.076530
ln L         -8.185976   -2.464201  -10.003620   -8.338156   -8.644331   -8.521728   -4.048184   -4.048184   -5.734520   -2.781228   -5.490413   -9.225776   -2.570073

site               586         587         588         589         590         591         592         593         594         595         596         597         598
L             0.061962    0.005554    0.100690    0.001177    0.076530    0.061962    0.061962    0.061962    0.061962    0.085077    0.085077    0.085077    0.017454
ln L         -2.781228   -5.193284   -2.295712   -6.744656   -2.570073   -2.781228   -2.781228   -2.781228   -2.781228   -2.464201   -2.464201   -2.464201   -4.048184

site               599         600         601         602         603         604         605         606         607         608         609         610         611
L             0.017454    0.085077    0.061962    0.085077   5.994e-04   4.541e-04    0.085077    0.017454    0.001709   6.961e-05    0.085077    0.061962    0.076530
ln L         -4.048184   -2.464201   -2.781228   -2.464201   -7.419600   -7.697137   -2.464201   -4.048184   -6.371742   -9.572619   -2.464201   -2.781228   -2.570073

site               612         613         614         615         616         617         618         619         620         621         622         623         624
L             0.076530   2.640e-05    0.061962    0.005167    0.017454   3.130e-04   1.991e-04    0.076530    0.061962    0.061962    0.085077    0.017454    0.017454
ln L         -2.570073  -10.542094   -2.781228   -5.265510   -4.048184   -8.069408   -8.521728   -2.570073   -2.781228   -2.781228   -2.464201   -4.048184   -4.048184

site               625         626         627         628         629         630         631         632         633         634         635         636         637
L            8.629e-04   1.619e-06    0.003232    0.076530    0.002438    0.085077    0.085077    0.085077    0.085077   3.353e-06    0.001717    0.061962    0.061962
ln L         -7.055205  -13.333689   -5.734520   -2.570073   -6.016703   -2.464201   -2.464201   -2.464201   -2.464201  -12.605640   -6.367403   -2.781228   -2.781228

site               638         639         640         641         642         643         644         645         646         647         648         649         650
L             0.017454    0.017454    0.061962    0.017454    0.076530    0.085077    0.085077    0.076530    0.061962    0.076530    0.076530    0.085077    0.085077
ln L         -4.048184   -4.048184   -2.781228   -4.048184   -2.570073   -2.464201   -2.464201   -2.570073   -2.781228   -2.570073   -2.570073   -2.464201   -2.464201

site               651         652         653         654         655         656         657         658         659         660         661         662         663
L             0.085077    0.061962    0.085077    0.085077    0.085077    0.085077    0.017454    0.061962    0.085077    0.085077    0.002485    0.085077   4.348e-05
ln L         -2.464201   -2.781228   -2.464201   -2.464201   -2.464201   -2.464201   -4.048184   -2.781228   -2.464201   -2.464201   -5.997638   -2.464201  -10.043196

site               664         665         666         667         668         669         670         671         672         673         674         675         676
L            4.932e-04   5.771e-06   7.675e-04    0.061962   5.983e-04   1.370e-06   1.140e-04   1.311e-08   1.553e-05    0.005339   1.422e-04   2.025e-04    0.076530
ln L         -7.614531  -12.062588   -7.172367   -2.781228   -7.421452  -13.500766   -9.078893  -18.150056  -11.072818   -5.232777   -8.858438   -8.504647   -2.570073

site               677         678         679         680         681         682         683         684         685         686         687         688         689
L            4.764e-07    0.003256    0.005167    0.001980    0.001393   2.414e-04   1.030e-08   2.891e-06   9.013e-04   8.636e-06   1.144e-08    0.003072   2.114e-04
ln L        -14.556995   -5.727353   -5.265510   -6.224499   -6.576599   -8.329104  -18.391428  -12.753922   -7.011704  -11.659567  -18.286025   -5.785281   -8.461576

site               690         691         692         693         694         695         696         697         698         699         700         701         702
L            5.107e-05    0.076530   1.038e-06    0.002678    0.061962   8.494e-10    0.085077   1.374e-04   1.514e-05   4.473e-06   1.422e-04    0.076530   4.125e-06
ln L         -9.882283   -2.570073  -13.777802   -5.922705   -2.781228  -20.886524   -2.464201   -8.892283  -11.098366  -12.317525   -8.858407   -2.570073  -12.398368

site               703         704         705         706         707         708         709         710         711         712         713         714         715
L             0.061962   5.835e-04    0.006746   1.991e-04   4.209e-06   3.182e-05   3.655e-06   1.484e-07    0.076530    0.076530   2.383e-06    0.006152    0.061962
ln L         -2.781228   -7.446499   -4.998824   -8.521728  -12.378168  -10.355404  -12.519286  -15.723295   -2.570073   -2.570073  -12.946982   -5.090934   -2.781228

site               716         717         718         719         720         721         722         723         724         725         726         727         728
L            1.049e-05   7.462e-06   1.483e-04   7.633e-09   2.562e-05    0.002956   2.710e-07    0.085077    0.005090    0.006759   6.179e-06    0.005167   8.765e-07
ln L        -11.465343  -11.805721   -8.816202  -18.690798  -10.572190   -5.823992  -15.121111   -2.464201   -5.280513   -4.996911  -11.994357   -5.265510  -13.947376

site               729         730         731         732         733         734         735         736         737         738         739         740         741
L            4.735e-04   5.665e-05   4.938e-06    0.085077    0.085077   1.417e-04    0.003758   7.437e-04   1.055e-07   5.183e-05    0.085077   3.989e-06    0.002438
ln L         -7.655280   -9.778531  -12.218604   -2.464201   -2.464201   -8.861579   -5.583738   -7.203925  -16.064754   -9.867469   -2.464201  -12.431889   -6.016703

site               742         743         744         745         746         747         748         749         750         751         752         753         754
L             0.085077    0.085077    0.085077   2.010e-04   9.773e-06   4.641e-05   3.174e-07   7.447e-06   6.473e-08   6.183e-06    0.005303    0.061962    0.085077
ln L         -2.464201   -2.464201   -2.464201   -8.511979  -11.535933   -9.977898  -14.963110  -11.807762  -16.553026  -11.993695   -5.239413   -2.781228   -2.464201

site               755         756         757         758         759         760         761         762         763         764         765         766         767
L            2.044e-06    0.001657    0.076530   3.091e-07   5.534e-07    0.005303   1.101e-06    0.061962    0.085077   4.467e-05    0.017454    0.061962   6.619e-04
ln L        -13.100743   -6.402656   -2.570073  -14.989615  -14.407143   -5.239413  -13.719365   -2.781228   -2.464201  -10.016232   -4.048184   -2.781228   -7.320348

site               768         769         770         771         772         773         774         775         776         777         778         779         780
L             0.085077    0.085077    0.085077   8.270e-06   2.075e-05   6.941e-09   4.497e-08    0.001610   2.603e-05   3.493e-07    0.061962   9.620e-06   9.539e-05
ln L         -2.464201   -2.464201   -2.464201  -11.702933  -10.783013  -18.785802  -16.917259   -6.431640  -10.556339  -14.867466   -2.781228  -11.551665   -9.257553

site               781         782         783         784         785         786         787         788         789         790         791         792         793
L            2.895e-04   2.785e-07    0.061962   3.538e-05   1.431e-05   3.132e-05    0.076530   2.868e-04    0.004974    0.061962   2.340e-06    0.085077    0.002485
ln L         -8.147356  -15.093719   -2.781228  -10.249491  -11.154575  -10.371220   -2.570073   -8.156694   -5.303511   -2.781228  -12.965428   -2.464201   -5.997638

site               794         795         796         797         798         799         800         801         802         803         804         805         806
L            3.904e-10    0.085077   1.694e-05   1.462e-05    0.085077    0.017454   1.299e-06    0.006497    0.004974   2.463e-07   1.770e-07    0.003072   6.788e-06
ln L        -21.663761   -2.464201  -10.986108  -11.133304   -2.464201   -4.048184  -13.553657   -5.036404   -5.303511  -15.216685  -15.547325   -5.785281  -11.900330

site               807         808         809         810         811         812         813         814         815         816         817         818         819
L            2.895e-04    0.076530   1.329e-05    0.085077   4.770e-04   2.664e-04    0.007023   1.120e-04   5.992e-06   3.133e-06    0.061962    0.006746    0.061962
ln L         -8.147356   -2.570073  -11.228837   -2.464201   -7.648010   -8.230488   -4.958582   -9.097185  -12.025091  -12.673395   -2.781228   -4.998824   -2.781228

site               820         821         822         823         824         825         826         827         828         829         830         831         832
L             0.001872   5.550e-07   1.680e-04    0.061962   6.272e-10   9.847e-05   6.261e-06    0.005339   4.286e-06   2.464e-05    0.085077   9.114e-05   1.539e-06
ln L         -6.280545  -14.404376   -8.691808   -2.781228  -21.189719   -9.225776  -11.981150   -5.232777  -12.360221  -10.611235   -2.464201   -9.303104  -13.384106

site               833         834         835         836         837         838         839         840         841         842         843         844         845
L            3.170e-05    0.076530    0.085077    0.085077    0.017454    0.085077    0.085077   4.698e-05   7.803e-05   5.027e-05    0.085077    0.001047   1.150e-05
ln L        -10.359330   -2.570073   -2.464201   -2.464201   -4.048184   -2.464201   -2.464201   -9.965816   -9.458473   -9.898141   -2.464201   -6.861514  -11.373283

site               846         847         848         849         850         851         852         853         854         855         856         857         858
L             0.001177    0.061962   2.646e-05    0.002649    0.001214   1.612e-09    0.085077   1.112e-05    0.001325    0.061962    0.017454   6.510e-06    0.002678
ln L         -6.744656   -2.781228  -10.539936   -5.933616   -6.713805  -20.245518   -2.464201  -11.406324   -6.625986   -2.781228   -4.048184  -11.942136   -5.922705

site               859         860         861         862         863         864         865         866         867         868         869         870         871
L             0.001177   4.666e-05    0.061962    0.017454    0.085077   6.761e-04    0.001512   5.636e-05    0.001393   8.244e-05   2.054e-08    0.085077    0.001709
ln L         -6.744656   -9.972532   -2.781228   -4.048184   -2.464201   -7.299209   -6.494317   -9.783706   -6.576599   -9.403432  -17.701116   -2.464201   -6.371742

site               872         873         874         875         876         877         878         879         880         881         882         883         884
L             0.005554    0.076530    0.085077   8.513e-05    0.085077    0.076530   3.550e-06   3.176e-07   6.275e-04   6.196e-07   6.218e-07   8.367e-04   1.383e-05
ln L         -5.193284   -2.570073   -2.464201   -9.371370   -2.464201   -2.570073  -12.548595  -14.962529   -7.373711  -14.294157  -14.290576   -7.085990  -11.188790

site               885         886         887         888         889         890         891         892         893         894         895         896         897
L             0.005554    0.061962    0.002014    0.003297    0.002201   2.807e-08   1.264e-04    0.061962    0.004646    0.085077    0.017454    0.076530    0.061962
ln L         -5.193284   -2.781228   -6.207738   -5.714656   -6.119053  -17.388635   -8.976167   -2.781228   -5.371765   -2.464201   -4.048184   -2.570073   -2.781228

site               898
L             0.061962
ln L         -2.781228

Likelihoods for each site on tree 2:

site                 1           2           3           4           5           6           7           8           9          10          11          12          13
L             0.082689    0.082689    0.016735    0.006252    0.060024    0.060024   2.791e-05   4.406e-05   6.053e-04   5.422e-07    0.016735    0.016735   9.692e-07
ln L         -2.492666   -2.492666   -4.090268   -5.074777   -2.813005   -2.813005  -10.486552  -10.029905   -7.409844  -14.427548   -4.090268   -4.090268  -13.846768

site                14          15          16          17          18          19          20          21          22          23          24          25          26
L             0.016735    0.074298    0.007897   6.141e-06   8.229e-05   7.915e-07   9.224e-06   6.280e-06   1.892e-07    0.074298    0.060024   1.055e-09    0.082689
ln L         -4.090268   -2.599669   -4.841279  -12.000603   -9.405235  -14.049345  -11.593703  -11.978102  -15.480558   -2.599669   -2.813005  -20.669299   -2.492666

site                27          28          29          30          31          32          33          34          35          36          37          38          39
L             0.060024   1.288e-05   8.246e-04    0.060024   4.511e-09    0.016735    0.074298   4.803e-06    0.074298    0.082689   6.980e-07    0.016735    0.016735
ln L         -2.813005  -11.259859   -7.100621   -2.813005  -19.216735   -4.090268   -2.599669  -12.246346   -2.599669   -2.492666  -14.175006   -4.090268   -4.090268

site                40          41          42          43          44          45          46          47          48          49          50          51          52
L            2.724e-09    0.005682    0.060024   1.079e-06    0.082689    0.074298   4.578e-07    0.060024    0.074298   1.342e-09    0.060024    0.074298   1.010e-04
ln L        -19.721098   -5.170450   -2.813005  -13.739933   -2.492666   -2.599669  -14.596905   -2.813005   -2.599669  -20.428797   -2.813005   -2.599669   -9.200193

site                53          54          55          56          57          58          59          60          61          62          63          64          65
L            3.627e-07    0.060024   3.545e-07   1.095e-07   4.875e-05   1.284e-06    0.060024    0.060024    0.006252    0.060024    0.016735    0.004950   3.960e-05
ln L        -14.829628   -2.813005  -14.852644  -16.027381   -9.928815  -13.565544   -2.813005   -2.813005   -5.074777   -2.813005   -4.090268   -5.308453  -10.136797

site                66          67          68          69          70          71          72          73          74          75          76          77          78
L             0.060024   2.857e-07    0.016735    0.074298   4.424e-06    0.082689    0.082689   1.328e-04    0.006216    0.074298    0.005486    0.082689    0.082689
ln L         -2.813005  -15.068186   -4.090268   -2.599669  -12.328478   -2.492666   -2.492666   -8.926402   -5.080624   -2.599669   -5.205523   -2.492666   -2.492666

site                79          80          81          82          83          84          85          86          87          88          89          90          91
L            4.634e-05    0.060024    0.082689   1.287e-05    0.016735    0.082689   6.929e-04    0.074298    0.016735   2.773e-06    0.002741    0.002235   5.149e-08
ln L         -9.979417   -2.813005   -2.492666  -11.260783   -4.090268   -2.492666   -7.274573   -2.599669   -4.090268  -12.795562   -5.899400   -6.103706  -16.781947

site                92          93          94          95          96          97          98          99         100         101         102         103         104
L             0.074298    0.082689   8.529e-05    0.082689   2.939e-04   5.380e-05    0.074298    0.016735   4.392e-06    0.082689   7.303e-05    0.002884    0.082689
ln L         -2.599669   -2.492666   -9.369497   -2.492666   -8.132102   -9.830214   -2.599669   -4.090268  -12.335772   -2.492666   -9.524601   -5.848467   -2.492666

site               105         106         107         108         109         110         111         112         113         114         115         116         117
L             0.060024    0.082689   1.671e-05   6.540e-04   1.665e-06    0.005682    0.060024   3.670e-07   6.875e-05    0.074298   8.043e-07    0.074298   2.725e-04
ln L         -2.813005   -2.492666  -10.999444   -7.332457  -13.305852   -5.170450   -2.813005  -14.817773   -9.585017   -2.599669  -14.033241   -2.599669   -8.207871

site               118         119         120         121         122         123         124         125         126         127         128         129         130
L            2.236e-05    0.016735    0.016735   2.740e-07    0.006024    0.060024   8.355e-08    0.074298    0.082689    0.082689    0.001351    0.003074   6.906e-08
ln L        -10.708280   -4.090268   -4.090268  -15.110251   -5.112080   -2.813005  -16.297767   -2.599669   -2.492666   -2.492666   -6.606732   -5.784831  -16.488307

site               131         132         133         134         135         136         137         138         139         140         141         142         143
L            2.491e-04    0.060024    0.005486   6.418e-04    0.060024   1.099e-04    0.074298    0.074298   3.718e-06    0.001280    0.060024   2.874e-07    0.002741
ln L         -8.297533   -2.813005   -5.205523   -7.351227   -2.813005   -9.115886   -2.599669   -2.599669  -12.502261   -6.660761   -2.813005  -15.062350   -5.899400

site               144         145         146         147         148         149         150         151         152         153         154         155         156
L            2.982e-04    0.082689    0.016735    0.002251   8.720e-07   3.054e-07   6.081e-04   1.184e-06    0.060024    0.016735    0.082689    0.060024    0.016735
ln L         -8.117654   -2.492666   -4.090268   -6.096219  -13.952473  -15.001736   -7.405095  -13.646400   -2.813005   -4.090268   -2.492666   -2.813005   -4.090268

site               157         158         159         160         161         162         163         164         165         166         167         168         169
L             0.082689   7.884e-05    0.060024   2.196e-08   6.389e-05   1.628e-04   7.158e-06    0.016735    0.074298   8.541e-04    0.082689    0.001641    0.005682
ln L         -2.492666   -9.448033   -2.813005  -17.633975   -9.658290   -8.723248  -11.847329   -4.090268   -2.599669   -7.065466   -2.492666   -6.412730   -5.170450

site               170         171         172         173         174         175         176         177         178         179         180         181         182
L             0.006252    0.060024   4.745e-05   1.486e-06    0.074298   1.411e-04    0.082689    0.082689    0.001870    0.074298    0.060024   3.847e-07    0.016735
ln L         -5.074777   -2.813005   -9.955808  -13.419110   -2.599669   -8.865713   -2.492666   -2.492666   -6.281617   -2.599669   -2.813005  -14.770773   -4.090268

site               183         184         185         186         187         188         189         190         191         192         193         194         195
L             0.074298    0.001870   5.704e-05    0.060024    0.006918    0.074298    0.074298    0.003146   3.323e-05    0.074298   1.796e-05   2.007e-04    0.074298
ln L         -2.599669   -6.281617   -9.771733   -2.813005   -4.973631   -2.599669   -2.599669   -5.761583  -10.312045   -2.599669  -10.927582   -8.513560   -2.599669

site               196         197         198         199         200         201         202         203         204         205         206         207         208
L            1.407e-06    0.082689    0.060024   2.171e-06    0.082689    0.082689   2.809e-07   6.053e-04    0.060024   3.157e-06   1.118e-04    0.060024   3.123e-08
ln L        -13.474056   -2.492666   -2.813005  -13.040163   -2.492666   -2.492666  -15.085303   -7.409844   -2.813005  -12.665759   -9.098700   -2.813005  -17.281758

site               209         210         211         212         213         214         215         216         217         218         219         220         221
L             0.016735    0.016735   2.515e-10    0.016735    0.082689   6.929e-04    0.005682    0.060024   1.387e-04    0.005290   8.619e-05   1.506e-05    0.001641
ln L         -4.090268   -4.090268  -22.103466   -4.090268   -2.492666   -7.274573   -5.170450   -2.813005   -8.883216   -5.241900   -9.358926  -11.103186   -6.412730

site               222         223         224         225         226         227         228         229         230         231         232         233         234
L             0.005290   2.054e-05    0.002052    0.004600   4.124e-05   1.629e-08    0.002914   4.367e-06   2.079e-06    0.074298   4.871e-06   6.632e-07    0.002585
ln L         -5.241900  -10.793047   -6.189122   -5.381713  -10.096032  -17.932886   -5.838393  -12.341367  -13.083760   -2.599669  -12.232287  -14.226208   -5.957956

site               235         236         237         238         239         240         241         242         243         244         245         246         247
L            3.776e-07    0.060024    0.060024   5.896e-06    0.060024    0.074298   9.876e-06    0.060024    0.016735   1.455e-07   9.882e-04    0.074298   1.245e-05
ln L        -14.789314   -2.813005   -2.813005  -12.041211   -2.813005   -2.599669  -11.525399   -2.813005   -4.090268  -15.742819   -6.919597   -2.599669  -11.293942

site               248         249         250         251         252         253         254         255         256         257         258         259         260
L            4.009e-04    0.082689   9.228e-06   6.344e-04   3.238e-06   1.771e-05    0.082689    0.074298   3.397e-07    0.002015    0.060024   1.198e-06   1.826e-07
ln L         -7.821876   -2.492666  -11.593262   -7.362844  -12.640630  -10.941562   -2.492666   -2.599669  -14.895235   -6.207273   -2.813005  -13.635203  -15.515981

site               261         262         263         264         265         266         267         268         269         270         271         272         273
L             0.002847   6.516e-08   9.160e-07    0.060024   1.811e-07    0.002741   6.053e-04   2.656e-05    0.016735    0.016735   2.799e-07   3.027e-08    0.001453
ln L         -5.861476  -16.546444  -13.903279   -2.813005  -15.524382   -5.899400   -7.409844  -10.536057   -4.090268   -4.090268  -15.088713  -17.312998   -6.534075

site               274         275         276         277         278         279         280         281         282         283         284         285         286
L            3.013e-08    0.082689    0.082689   1.686e-05    0.001351    0.005831   2.220e-04   5.445e-04    0.060024   5.604e-04   4.603e-04    0.060024   1.323e-07
ln L        -17.317705   -2.492666   -2.492666  -10.990430   -6.606732   -5.144646   -8.412655   -7.515605   -2.813005   -7.486885   -7.683678   -2.813005  -15.838437

site               287         288         289         290         291         292         293         294         295         296         297         298         299
L             0.082689    0.074298   5.815e-08   7.233e-04    0.074298   5.580e-04    0.074298    0.060024   5.667e-08    0.060024    0.082689   6.053e-04    0.060024
ln L         -2.492666   -2.599669  -16.660320   -7.231747   -2.599669   -7.491111   -2.599669   -2.813005  -16.685935   -2.813005   -2.492666   -7.409844   -2.813005

site               300         301         302         303         304         305         306         307         308         309         310         311         312
L             0.074298   9.674e-08    0.074298    0.060024   1.929e-08   2.650e-04    0.082689   3.226e-06    0.082689    0.060024   1.323e-07    0.005831    0.005640
ln L         -2.599669  -16.151194   -2.599669   -2.813005  -17.763651   -8.235902   -2.492666  -12.644188   -2.492666   -2.813005  -15.838339   -5.144646   -5.177878

site               313         314         315         316         317         318         319         320         321         322         323         324         325
L            1.992e-06    0.002493   4.468e-06   1.279e-06    0.006292   2.590e-04    0.001088   5.642e-04    0.001280    0.006918    0.074298    0.082689    0.002493
ln L        -13.126330   -5.994245  -12.318641  -13.569443   -5.068475   -8.258542   -6.823435   -7.480140   -6.660761   -4.973631   -2.599669   -2.492666   -5.994245

site               326         327         328         329         330         331         332         333         334         335         336         337         338
L             0.001578    0.016735   4.603e-04    0.016735    0.016735   6.044e-06   2.254e-10   8.539e-04   8.246e-04    0.006252   2.478e-04   2.352e-04    0.082689
ln L         -6.451816   -4.090268   -7.683678   -4.090268   -4.090268  -12.016376  -22.212979   -7.065718   -7.100621   -5.074777   -8.302716   -8.354941   -2.492666

site               339         340         341         342         343         344         345         346         347         348         349         350         351
L             0.074298   8.201e-04    0.002235    0.082689   6.326e-06    0.006915    0.002493   6.053e-04    0.005486   9.573e-04   4.498e-08    0.006263   2.489e-06
ln L         -2.599669   -7.106114   -6.103706   -2.492666  -11.970778   -4.974076   -5.994245   -7.409844   -5.205523   -6.951381  -16.917111   -5.073172  -12.903772

site               352         353         354         355         356         357         358         359         360         361         362         363         364
L            1.850e-06    0.082689    0.082689   1.109e-05    0.006263    0.060024    0.007897    0.082689    0.006918   5.016e-09    0.074298    0.074298   1.501e-06
ln L        -13.200122   -2.492666   -2.492666  -11.409081   -5.073172   -2.813005   -4.841279   -2.492666   -4.973631  -19.110713   -2.599669   -2.599669  -13.409240

site               365         366         367         368         369         370         371         372         373         374         375         376         377
L            3.903e-05    0.005682   7.503e-08    0.002847    0.060024   2.067e-05    0.082689    0.074298    0.007897    0.074298    0.016735    0.003278    0.016735
ln L        -10.151125   -5.170450  -16.405436   -5.861476   -2.813005  -10.786994   -2.492666   -2.599669   -4.841279   -2.599669   -4.090268   -5.720629   -4.090268

site               378         379         380         381         382         383         384         385         386         387         388         389         390
L             0.082689    0.082689    0.082689    0.082689   4.504e-07    0.082689   3.474e-08   7.690e-08   2.433e-05    0.060024   7.911e-05    0.082689    0.060024
ln L         -2.492666   -2.492666   -2.492666   -2.492666  -14.613144   -2.492666  -17.175458  -16.380750  -10.623699   -2.813005   -9.444657   -2.492666   -2.813005

site               391         392         393         394         395         396         397         398         399         400         401         402         403
L            6.553e-06   5.243e-07    0.004600   4.623e-06    0.001623    0.060024   1.159e-05    0.074298    0.082689    0.005682    0.001309    0.060024   2.247e-04
ln L        -11.935530  -14.461290   -5.381713  -12.284430   -6.423619   -2.813005  -11.364940   -2.599669   -2.492666   -5.170450   -6.638593   -2.813005   -8.400715

site               404         405         406         407         408         409         410         411         412         413         414         415         416
L            9.078e-06   2.844e-05   3.792e-05    0.074298    0.074298   3.684e-04   2.684e-05    0.060024   4.770e-09   4.143e-04    0.060024    0.001870    0.074298
ln L        -11.609707  -10.467687  -10.180116   -2.599669   -2.599669   -7.906374  -10.525739   -2.813005  -19.160880   -7.788996   -2.813005   -6.281617   -2.599669

site               417         418         419         420         421         422         423         424         425         426         427         428         429
L             0.060024   8.730e-09   1.722e-04    0.060024    0.001088   5.647e-05    0.074298   2.340e-06   3.304e-04    0.005831   5.586e-06    0.082689    0.002493
ln L         -2.813005  -18.556449   -8.666578   -2.813005   -6.823435   -9.781736   -2.599669  -12.965565   -8.015338   -5.144646  -12.095318   -2.492666   -5.994245

site               430         431         432         433         434         435         436         437         438         439         440         441         442
L             0.001460    0.074298    0.074298   6.038e-05   6.634e-04    0.001138   8.414e-08   1.511e-04    0.060024   5.458e-06    0.082689    0.060024   2.553e-07
ln L         -6.529615   -2.599669   -2.599669   -9.714935   -7.318157   -6.778750  -16.290744   -8.797524   -2.813005  -12.118341   -2.492666   -2.813005  -15.180829

site               443         444         445         446         447         448         449         450         451         452         453         454         455
L            4.365e-06    0.001533   1.094e-08    0.016735    0.016735   3.460e-08   3.275e-04    0.002214   2.242e-06   1.218e-06    0.006252   1.079e-09   2.511e-04
ln L        -12.341789   -6.480451  -18.331182   -4.090268   -4.090268  -17.179277   -8.024098   -6.113006  -13.008269  -13.618668   -5.074777  -20.647233   -8.289614

site               456         457         458         459         460         461         462         463         464         465         466         467         468
L            3.653e-05   7.983e-05    0.060024    0.016735    0.060024    0.082689   3.344e-04    0.006292    0.002847    0.082689    0.060024    0.082689    0.016735
ln L        -10.217426   -9.435551   -2.813005   -4.090268   -2.813005   -2.492666   -8.003190   -5.068475   -5.861476   -2.492666   -2.813005   -2.492666   -4.090268

site               469         470         471         472         473         474         475         476         477         478         479         480         481
L             0.060024    0.060024    0.060024    0.082689    0.002493   9.692e-07   4.724e-04    0.082689    0.082689    0.082689    0.082689    0.074298    0.082689
ln L         -2.813005   -2.813005   -2.813005   -2.492666   -5.994245  -13.846768   -7.657701   -2.492666   -2.492666   -2.492666   -2.492666   -2.599669   -2.492666

site               482         483         484         485         486         487         488         489         490         491         492         493         494
L            3.846e-05    0.001483    0.082689    0.016735    0.082689    0.001726    0.060024    0.016735    0.060024    0.016735    0.082689    0.002741    0.060024
ln L        -10.165895   -6.513880   -2.492666   -4.090268   -2.492666   -6.362189   -2.813005   -4.090268   -2.813005   -4.090268   -2.492666   -5.899400   -2.813005

site               495         496         497         498         499         500         501         502         503         504         505         506         507
L             0.074298    0.004600   6.634e-04    0.002174   3.109e-07   4.264e-05    0.082689    0.001483    0.082689    0.016735    0.001138   2.674e-05   8.579e-06
ln L         -2.599669   -5.381713   -7.318157   -6.131293  -14.983843  -10.062662   -2.492666   -6.513880   -2.492666   -4.090268   -6.778750  -10.529277  -11.666165

site               508         509         510         511         512         513         514         515         516         517         518         519         520
L             0.006915   4.514e-07   2.913e-08    0.001351    0.230786   1.807e-05   5.556e-08    0.096612    0.006252   1.905e-05   8.742e-04    0.074298    0.060024
ln L         -4.974076  -14.610957  -17.351342   -6.606732   -1.466264  -10.921089  -16.705734   -2.337056   -5.074777  -10.868341   -7.042166   -2.599669   -2.813005

site               521         522         523         524         525         526         527         528         529         530         531         532         533
L             0.060024    0.001351   2.675e-04    0.060024    0.060024    0.082689    0.074298    0.074298    0.001821    0.082689    0.016735    0.082689    0.082689
ln L         -2.813005   -6.606732   -8.226206   -2.813005   -2.813005   -2.492666   -2.599669   -2.599669   -6.308298   -2.492666   -4.090268   -2.492666   -2.492666

site               534         535         536         537         538         539         540         541         542         543         544         545         546
L             0.082689   9.297e-04    0.002235   4.563e-06    0.324121   3.377e-07   4.580e-06   3.712e-06   2.673e-04    0.005486    0.016735    0.001275   6.929e-04
ln L         -2.492666   -6.980644   -6.103706  -12.297476   -1.126640  -14.901025  -12.293725  -12.504034   -8.227317   -5.205523   -4.090268   -6.665196   -7.274573

site               547         548         549         550         551         552         553         554         555         556         557         558         559
L             0.074298    0.001726    0.016735    0.074298    0.060024    0.082689    0.082689   1.038e-07    0.002914    0.074298   1.905e-04   1.324e-07   6.364e-10
ln L         -2.599669   -6.362189   -4.090268   -2.599669   -2.813005   -2.492666   -2.492666  -16.080823   -5.838393   -2.599669   -8.565633  -15.837602  -21.175260

site               560         561         562         563         564         565         566         567         568         569         570         571         572
L            6.165e-08   1.469e-07   1.442e-06    0.074298    0.074298   3.289e-07    0.005640   2.705e-05   2.481e-07   1.185e-10    0.060024   1.056e-05    0.082689
ln L        -16.601764  -15.733611  -13.449257   -2.599669   -2.599669  -14.927602   -5.177878  -10.517761  -15.209237  -22.856229   -2.813005  -11.458601   -2.492666

site               573         574         575         576         577         578         579         580         581         582         583         584         585
L            3.247e-04    0.082689   4.335e-05   1.518e-04   2.202e-04   2.327e-04    0.016735    0.016735    0.003074    0.060024    0.004904   1.042e-04    0.074298
ln L         -8.032626   -2.492666  -10.046317   -8.793178   -8.420964   -8.365737   -4.090268   -4.090268   -5.784831   -2.813005   -5.317691   -9.169461   -2.599669

site               586         587         588         589         590         591         592         593         594         595         596         597         598
L             0.060024    0.006252    0.100245    0.001138    0.074298    0.060024    0.060024    0.060024    0.060024    0.082689    0.082689    0.082689    0.016735
ln L         -2.813005   -5.074777   -2.300136   -6.778750   -2.599669   -2.813005   -2.813005   -2.813005   -2.813005   -2.492666   -2.492666   -2.492666   -4.090268

site               599         600         601         602         603         604         605         606         607         608         609         610         611
L             0.016735    0.082689    0.060024    0.082689   8.209e-04   2.822e-04    0.082689    0.016735    0.002235   1.532e-05    0.082689    0.060024    0.074298
ln L         -4.090268   -2.492666   -2.813005   -2.492666   -7.105127   -8.172931   -2.492666   -4.090268   -6.103706  -11.086562   -2.492666   -2.813005   -2.599669

site               612         613         614         615         616         617         618         619         620         621         622         623         624
L             0.074298   2.550e-05    0.060024    0.005831    0.016735   2.939e-04   2.327e-04    0.074298    0.060024    0.060024    0.082689    0.016735    0.016735
ln L         -2.599669  -10.576753   -2.813005   -5.144646   -4.090268   -8.132102   -8.365737   -2.599669   -2.813005   -2.813005   -2.492666   -4.090268   -4.090268

site               625         626         627         628         629         630         631         632         633         634         635         636         637
L            8.201e-04   1.922e-06    0.003074    0.074298    0.002741    0.082689    0.082689    0.082689    0.082689   3.905e-06    0.001749    0.060024    0.060024
ln L         -7.106114  -13.162026   -5.784831   -2.599669   -5.899400   -2.492666   -2.492666   -2.492666   -2.492666  -12.453294   -6.348609   -2.813005   -2.813005

site               638         639         640         641         642         643         644         645         646         647         648         649         650
L             0.016735    0.016735    0.060024    0.016735    0.074298    0.082689    0.082689    0.074298    0.060024    0.074298    0.074298    0.082689    0.082689
ln L         -4.090268   -4.090268   -2.813005   -4.090268   -2.599669   -2.492666   -2.492666   -2.599669   -2.813005   -2.599669   -2.599669   -2.492666   -2.492666

site               651         652         653         654         655         656         657         658         659         660         661         662         663
L             0.082689    0.060024    0.082689    0.082689    0.082689    0.082689    0.016735    0.060024    0.082689    0.082689    0.002393    0.082689   4.239e-05
ln L         -2.492666   -2.813005   -2.492666   -2.492666   -2.492666   -2.492666   -4.090268   -2.813005   -2.492666   -2.492666   -6.035120   -2.492666  -10.068633

site               664         665         666         667         668         669         670         671         672         673         674         675         676
L            3.373e-04   3.583e-06   5.604e-04    0.060024   7.766e-04   1.410e-06   2.395e-05   9.849e-09   2.048e-05    0.005682   1.616e-04   2.400e-04    0.074298
ln L         -7.994479  -12.539326   -7.486885   -2.813005   -7.160637  -13.472121  -10.639705  -18.435907  -10.796086   -5.170450   -8.730467   -8.334958   -2.599669

site               677         678         679         680         681         682         683         684         685         686         687         688         689
L            5.672e-07   6.787e-04    0.005831    0.002014    0.001351   2.773e-04   1.320e-08   4.859e-06   8.742e-04   1.052e-05   1.278e-08    0.002914   2.483e-04
ln L        -14.382521   -7.295261   -5.144646   -6.207568   -6.606732   -8.190447  -18.142699  -12.234625   -7.042166  -11.461999  -18.175080   -5.838393   -8.300951

site               690         691         692         693         694         695         696         697         698         699         700         701         702
L            5.797e-05    0.074298   1.325e-06    0.002585    0.060024   6.482e-10    0.082689   1.799e-04   1.813e-05   7.504e-06   8.547e-05    0.074298   4.689e-06
ln L         -9.755536   -2.599669  -13.534315   -5.957956   -2.813005  -21.156793   -2.492666   -8.623329  -10.918212  -11.800015   -9.367401   -2.599669  -12.270317

site               703         704         705         706         707         708         709         710         711         712         713         714         715
L             0.060024   5.642e-04    0.007182   2.327e-04   4.428e-06   3.595e-05   4.263e-06   2.131e-07    0.074298    0.074298   2.974e-06    0.006918    0.060024
ln L         -2.813005   -7.480140   -4.936124   -8.365737  -12.327544  -10.233257  -12.365485  -15.361450   -2.599669   -2.599669  -12.725542   -4.973631   -2.813005

site               716         717         718         719         720         721         722         723         724         725         726         727         728
L            2.401e-05   7.339e-06   1.445e-04   7.824e-09   4.865e-06   6.053e-04   3.648e-07    0.082689    0.006024    0.007609   4.534e-06    0.005831   7.006e-07
ln L        -10.637182  -11.822276   -8.842025  -18.666011  -12.233458   -7.409844  -14.824045   -2.492666   -5.112080   -4.878403  -12.303909   -5.144646  -14.171366

site               729         730         731         732         733         734         735         736         737         738         739         740         741
L            4.603e-04   1.200e-05   5.803e-06    0.082689    0.082689   1.611e-04   8.539e-04   5.405e-04   6.384e-08   1.418e-05    0.082689   4.468e-06    0.002741
ln L         -7.683678  -11.330344  -12.057133   -2.492666   -2.492666   -8.733596   -7.065718   -7.522956  -16.566889  -11.163515   -2.492666  -12.318641   -5.899400

site               742         743         744         745         746         747         748         749         750         751         752         753         754
L             0.082689    0.082689    0.082689   2.514e-04   2.184e-05   4.085e-05   3.335e-07   9.201e-06   7.540e-08   6.054e-06    0.006263    0.060024    0.082689
ln L         -2.492666   -2.492666   -2.492666   -8.288613  -10.731554  -10.105559  -14.913535  -11.596175  -16.400475  -12.014823   -5.073172   -2.813005   -2.492666

site               755         756         757         758         759         760         761         762         763         764         765         766         767
L            2.451e-06    0.001961    0.074298   2.938e-07   7.325e-07    0.006263   1.323e-06    0.060024    0.082689   4.296e-05    0.016735    0.060024   6.430e-04
ln L        -12.918830   -6.234222   -2.599669  -15.040500  -14.126770   -5.073172  -13.535964   -2.813005   -2.492666  -10.055208   -4.090268   -2.813005   -7.349389

site               768         769         770         771         772         773         774         775         776         777         778         779         780
L             0.082689    0.082689    0.082689   1.228e-05   2.567e-05   5.973e-09   1.699e-08    0.001578   5.219e-06   3.462e-07    0.060024   1.123e-05   9.164e-05
ln L         -2.492666   -2.492666   -2.492666  -11.307176  -10.569998  -18.936083  -17.890702   -6.451816  -12.163141  -14.876246   -2.813005  -11.397026   -9.297671

site               781         782         783         784         785         786         787         788         789         790         791         792         793
L            2.457e-04   3.663e-07    0.060024   9.976e-06   1.775e-05   3.044e-05    0.074298   3.181e-04    0.005290    0.060024   3.247e-06    0.082689    0.002393
ln L         -8.311529  -14.819699   -2.813005  -11.515378  -10.938871  -10.399750   -2.599669   -8.053004   -5.241900   -2.813005  -12.637644   -2.492666   -6.035120

site               794         795         796         797         798         799         800         801         802         803         804         805         806
L            2.951e-10    0.082689   1.759e-05   1.062e-05    0.082689    0.016735   1.376e-06    0.006915    0.005290   2.769e-07   1.250e-07    0.002914   7.255e-06
ln L        -21.943808   -2.492666  -10.948076  -11.452899   -2.492666   -4.090268  -13.496607   -4.974076   -5.241900  -15.099625  -15.894941   -5.838393  -11.833884

site               807         808         809         810         811         812         813         814         815         816         817         818         819
L            2.457e-04    0.074298   1.376e-05    0.082689   6.418e-04   1.945e-04    0.007897   1.312e-04   6.616e-06   4.069e-06    0.060024    0.007182    0.060024
ln L         -8.311529   -2.599669  -11.193801   -2.492666   -7.351227   -8.545006   -4.841279   -8.938794  -11.925948  -12.412221   -2.813005   -4.936124   -2.813005

site               820         821         822         823         824         825         826         827         828         829         830         831         832
L             0.001840   5.293e-07   1.907e-04    0.060024   7.677e-10   1.042e-04   5.215e-06    0.005682   5.272e-06   2.466e-05    0.082689   1.027e-04   4.405e-06
ln L         -6.298167  -14.451777   -8.565059   -2.813005  -20.987599   -9.169461  -12.164026   -5.170450  -12.153020  -10.610477   -2.492666   -9.183541  -12.332719

site               833         834         835         836         837         838         839         840         841         842         843         844         845
L            2.292e-05    0.074298    0.082689    0.082689    0.016735    0.082689    0.082689   5.048e-05   8.785e-05   5.136e-05    0.082689   9.947e-04   1.191e-05
ln L        -10.683388   -2.599669   -2.492666   -2.492666   -4.090268   -2.492666   -2.492666   -9.893902   -9.339878   -9.876638   -2.492666   -6.913043  -11.337717

site               846         847         848         849         850         851         852         853         854         855         856         857         858
L             0.001138    0.060024   2.631e-05    0.002551    0.001154   3.627e-10    0.082689   1.070e-05    0.001280    0.060024    0.016735   6.412e-06    0.002585
ln L         -6.778750   -2.813005  -10.545495   -5.971098   -6.764234  -21.737350   -2.492666  -11.445456   -6.660761   -2.813005   -4.090268  -11.957341   -5.957956

site               859         860         861         862         863         864         865         866         867         868         869         870         871
L             0.001138   1.230e-05    0.060024    0.016735    0.082689   6.634e-04    0.001533   5.469e-05    0.001351   7.884e-05   2.537e-08    0.082689    0.002235
ln L         -6.778750  -11.306055   -2.813005   -4.090268   -2.492666   -7.318157   -6.480451   -9.813768   -6.606732   -9.448033  -17.489880   -2.492666   -6.103706

site               872         873         874         875         876         877         878         879         880         881         882         883         884
L             0.006252    0.074298    0.082689   9.519e-05    0.082689    0.074298   5.943e-06   4.228e-07   5.941e-04   8.301e-07   7.080e-07   8.246e-04   1.287e-05
ln L         -5.074777   -2.599669   -2.492666   -9.259673   -2.492666   -2.599669  -12.033240  -14.676329   -7.428419  -14.001774  -14.160859   -7.100621  -11.260448

site               885         886         887         888         889         890         891         892         893         894         895         896         897
L             0.006252    0.060024    0.002052    0.003127    0.002477   3.235e-08   1.517e-04    0.060024    0.005486    0.082689    0.016735    0.074298    0.060024
ln L         -5.074777   -2.813005   -6.189122   -5.767753   -6.000546  -17.246698   -8.793782   -2.813005   -5.205523   -2.492666   -4.090268   -2.599669   -2.813005

site               898
L             0.060024
ln L         -2.813005

Time used to compute likelihoods = 0.02 sec (CPU time = 0.19 sec)

Tree scores (and parameter estimates) written to file: ~/Library/CloudStorage/Dropbox/Lab/James
McInerney/programming/MLDecay/debug_runs/mldecay_20250520_142021/site_lnl_Clade_8.txt
