--- STDOUT ---

P A U P *
Version 4.0a (build 168) for macOS (built on Aug  2 2020 at 06:41:30)
Wed May 21 15:10:50 2025

        -----------------------------NOTICE-----------------------------
          This is a test version that is still changing rapidly.
          Please report bugs to dave@phylosolutions.com
        ----------------------------------------------------------------

Running on Apple M3 Max
    16 CPU cores on 1 socket
    Executable built for Intel(R) 64 architecture
    Compiled using Intel compiler (icc) 11.1.0 (build 20091012)
    SSE vectorization enabled
    SSSE3 instructions supported
    Multithreading enabled using Pthreads

Processing of file "~/Library/CloudStorage/Dropbox/Lab/James McInerney/programming/MLDecay/debug_runs/mldecay_20250521_150942/site_analysis_Clade_3.nex" begins...

Processing of file "~/Library/CloudStorage/Dropbox/Lab/James McInerney/programming/MLDecay/debug_runs/mldecay_20250521_150942/alignment.nex" begins...

Data read in DNA format

Data matrix has 12 taxa, 898 characters
Valid character-state symbols: ACGT
Missing data identified by '?'
Gaps identified by '-'
"Equate" macros in effect:
   R,r ==> {AG}
   Y,y ==> {CT}
   M,m ==> {AC}
   K,k ==> {GT}
   S,s ==> {CG}
   W,w ==> {AT}
   H,h ==> {ACT}
   B,b ==> {CGT}
   V,v ==> {ACG}
   D,d ==> {AGT}
   N,n ==> {ACGT}

Processing of input file "alignment.nex" completed.

Optimality criterion set to likelihood.

Processing TREES block from file: ~/Library/CloudStorage/Dropbox/Lab/James McInerney/programming/MLDecay/debug_runs/mldecay_20250521_150942/ml_tree.tre
  Keeping: trees from file (replacing any trees already in memory)
  1 tree read from file

  Time used = 0.00 sec (CPU time = 0.00 sec)

Note: Input trees are rooted but current criterion and/or option settings would specify unrooted trees.  (You can deroot the trees using the 'derootTrees' command.)

Processing TREES block from file: ~/Library/CloudStorage/Dropbox/Lab/James McInerney/programming/MLDecay/debug_runs/mldecay_20250521_150942/constraint_tree_3.tre
  Keeping: trees in memory plus trees from file
  1 tree originally in memory
  1 tree read from file
  1 tree from file kept
  2 trees now in memory

  Time used = 0.00 sec (CPU time = 0.00 sec)

Note: Input trees are rooted but current criterion and/or option settings would specify unrooted trees.  (You can deroot the trees using the 'derootTrees' command.)

Likelihood scores of tree(s) in memory:
---------------------------------------
  898 characters are included
  All characters have equal weight
  Likelihood settings:
    Current model:
                             Data type = nucleotide
                DNA substitution types = 1
                     State frequencies = empirical: A=0.324121 C=0.30402 G=0.105528 T=0.266332
        Proportion of invariable sites = none
               Rates at variable sites = equal
                  Model correspondence = F81

    Number of distinct data patterns under this model = 413
    Molecular clock not enforced
    Starting branch lengths obtained using Rogers-Swofford approximation method
    Branch-length optimization = one-dimensional Newton-Raphson with pass limit=20, tolerance=1e-07
    Likelihood calculations performed in single precision
    Vector processing enabled
    Using standard Felsenstein pruning for computing likelihoods
    Conditional-likelihood rescaling threshold = 1e-20
    Using 14 parallel threads on 16 processors

Tree             1           2
------------------------------
-ln L     6303.661    6337.534

Likelihoods for each site on tree 1:

site                 1           2           3           4           5           6           7           8           9          10          11          12          13          14          15          16          17
L             0.085727    0.085727    0.017630    0.005603    0.062476    0.062476   3.606e-05    0.003892    0.002978   3.035e-07    0.017630    0.017630   3.604e-06    0.017630    0.077132    0.007084   2.005e-05
ln L         -2.456587   -2.456587   -4.038130   -5.184402   -2.772967   -2.772967  -10.230275   -5.548879   -5.816510  -15.007928   -4.038130   -4.038130  -12.533408   -4.038130   -2.562234   -4.949938  -10.817138

site                18          19          20          21          22          23          24          25          26          27          28          29          30          31          32          33          34
L            1.064e-04   3.598e-08   1.137e-05   4.091e-06   2.279e-06    0.077132    0.062476   4.931e-09    0.085727    0.062476   5.166e-06   7.650e-04    0.062476   8.772e-10    0.017630    0.077132   4.320e-06
ln L         -9.148160  -17.140367  -11.384453  -12.406741  -12.991821   -2.562234   -2.772967  -19.127626   -2.456587   -2.772967  -12.173326   -7.175615   -2.772967  -20.854252   -4.038130   -2.562234  -12.352344

site                35          36          37          38          39          40          41          42          43          44          45          46          47          48          49          50          51
L             0.077132    0.085727   2.421e-06    0.017630    0.017630   7.740e-09    0.005368    0.062476   9.997e-07    0.085727    0.077132   7.195e-06    0.062476    0.077132   1.925e-08    0.062476    0.077132
ln L         -2.562234   -2.456587  -12.931381   -4.038130   -4.038130  -18.676868   -5.227343   -2.772967  -13.815825   -2.456587   -2.562234  -11.842167   -2.772967   -2.562234  -17.765993   -2.772967   -2.562234

site                52          53          54          55          56          57          58          59          60          61          62          63          64          65          66          67          68
L            1.312e-04   4.409e-06    0.062476   2.774e-07   3.469e-07    0.003598   2.364e-06    0.062476    0.062476    0.005603    0.062476    0.017630    0.004207   7.536e-05    0.062476   1.062e-06    0.017630
ln L         -8.938629  -12.331764   -2.772967  -15.097890  -14.874240   -5.627305  -12.955324   -2.772967   -2.772967   -5.184402   -2.772967   -4.038130   -5.470923   -9.493274   -2.772967  -13.755200   -4.038130

site                69          70          71          72          73          74          75          76          77          78          79          80          81          82          83          84          85
L             0.077132   2.932e-04    0.085727    0.085727   7.252e-05    0.005560    0.077132    0.004673    0.085727    0.085727   1.090e-04    0.062476    0.085727   2.021e-05    0.017630    0.085727   5.956e-04
ln L         -2.562234   -8.134738   -2.456587   -2.456587   -9.531665   -5.192160   -2.562234   -5.366011   -2.456587   -2.456587   -9.124614   -2.772967   -2.456587  -10.809142   -4.038130   -2.456587   -7.425945

site                86          87          88          89          90          91          92          93          94          95          96          97          98          99         100         101         102
L             0.077132    0.017630   4.243e-05    0.002459    0.001713   6.145e-08    0.077132    0.085727   7.382e-05    0.085727   2.754e-04   4.575e-05    0.077132    0.017630   2.757e-06    0.085727   5.797e-05
ln L         -2.562234   -4.038130  -10.067736   -6.008059   -6.369387  -16.605048   -2.562234   -2.456587   -9.513817   -2.456587   -8.197467   -9.992351   -2.562234   -4.038130  -12.801269   -2.456587   -9.755642

site               103         104         105         106         107         108         109         110         111         112         113         114         115         116         117         118         119
L             0.002243    0.085727    0.062476    0.085727   2.080e-05   4.943e-04   1.661e-06    0.005368    0.062476   3.888e-07   1.290e-04    0.077132   1.052e-06    0.077132   2.889e-04   1.976e-05    0.017630
ln L         -6.100058   -2.456587   -2.772967   -2.456587  -10.780339   -7.612405  -13.308010   -5.227343   -2.772967  -14.760268   -8.955430   -2.562234  -13.764779   -2.562234   -8.149398  -10.831633   -4.038130

site               120         121         122         123         124         125         126         127         128         129         130         131         132         133         134         135         136
L             0.017630   2.189e-07    0.005120    0.062476   5.109e-08    0.077132    0.085727    0.085727    0.001390    0.003531   6.336e-08   2.102e-04    0.062476    0.004673   4.795e-04    0.062476   8.808e-05
ln L         -4.038130  -15.334852   -5.274549   -2.772967  -16.789760   -2.562234   -2.456587   -2.456587   -6.578329   -5.646211  -16.574472   -8.467663   -2.772967   -5.366011   -7.642761   -2.772967   -9.337247

site               137         138         139         140         141         142         143         144         145         146         147         148         149         150         151         152         153
L             0.077132    0.077132   6.083e-06    0.001353    0.062476   2.261e-07    0.002459   2.853e-04    0.085727    0.017630    0.002127   8.379e-07   4.996e-07    0.002884   7.682e-07    0.062476    0.017630
ln L         -2.562234   -2.562234  -12.010009   -6.605169   -2.772967  -15.302495   -6.008059   -8.161897   -2.456587   -4.038130   -6.153113  -13.992351  -14.509552   -5.848657  -14.079256   -2.772967   -4.038130

site               154         155         156         157         158         159         160         161         162         163         164         165         166         167         168         169         170
L             0.085727    0.062476    0.017630    0.085727   8.959e-05    0.062476   2.134e-08   7.224e-05   1.766e-04   3.081e-05    0.017630    0.077132    0.003853    0.085727    0.001559    0.005368    0.005603
ln L         -2.456587   -2.772967   -4.038130   -2.456587   -9.320283   -2.772967  -17.662488   -9.535537   -8.641399  -10.387569   -4.038130   -2.562234   -5.558954   -2.456587   -6.463427   -5.227343   -5.184402

site               171         172         173         174         175         176         177         178         179         180         181         182         183         184         185         186         187
L             0.062476   1.878e-04   3.420e-06    0.077132   1.205e-04    0.085727    0.085727    0.001737    0.077132    0.062476   5.253e-07    0.017630    0.077132    0.001737   5.874e-05    0.062476    0.006206
ln L         -2.772967   -8.579958  -12.585803   -2.562234   -9.024065   -2.456587   -2.456587   -6.355603   -2.562234   -2.772967  -14.459237   -4.038130   -2.562234   -6.355603   -9.742434   -2.772967   -5.082289

site               188         189         190         191         192         193         194         195         196         197         198         199         200         201         202         203         204
L             0.077132    0.077132    0.003204   1.343e-05    0.077132   1.401e-05   1.366e-04    0.077132   1.360e-06    0.085727    0.062476   1.987e-06    0.085727    0.085727   2.856e-07    0.002978    0.062476
ln L         -2.562234   -2.562234   -5.743280  -11.217868   -2.562234  -11.175466   -8.898110   -2.562234  -13.507993   -2.456587   -2.772967  -13.128708   -2.456587   -2.456587  -15.068733   -5.816510   -2.772967

site               205         206         207         208         209         210         211         212         213         214         215         216         217         218         219         220         221
L            3.282e-06   1.805e-04    0.062476   4.186e-08    0.017630    0.017630   2.899e-10    0.017630    0.085727   6.856e-04    0.005368    0.062476   8.299e-05    0.005003   7.686e-05   1.522e-05    0.001559
ln L        -12.626923   -8.619739   -2.772967  -16.989014   -4.038130   -4.038130  -21.961502   -4.038130   -2.456587   -7.285214   -5.227343   -2.772967   -9.396739   -5.297678   -9.473560  -11.092617   -6.463427

site               222         223         224         225         226         227         228         229         230         231         232         233         234         235         236         237         238
L             0.005003   1.652e-05    0.002040    0.003895   3.929e-05   5.547e-08    0.003355   4.428e-06   2.075e-06    0.077132   8.020e-06   6.145e-07    0.002633   2.002e-07    0.062476    0.062476   5.563e-06
ln L         -5.297678  -11.011080   -6.194944   -5.548079  -10.144501  -16.707361   -5.697444  -12.327663  -13.085327   -2.562234  -11.733629  -14.302495   -5.939653  -15.424090   -2.772967   -2.772967  -12.099288

site               239         240         241         242         243         244         245         246         247         248         249         250         251         252         253         254         255
L             0.062476    0.077132   1.574e-05    0.062476    0.017630   1.273e-07    0.001021    0.077132   1.544e-05   3.813e-04    0.085727   8.133e-06   5.105e-04   3.360e-06   1.192e-05    0.085727    0.077132
ln L         -2.772967   -2.562234  -11.058993   -2.772967   -4.038130  -15.876590   -6.887250   -2.562234  -11.078582   -7.872020   -2.456587  -11.719624   -7.580215  -12.603631  -11.336960   -2.456587   -2.562234

site               256         257         258         259         260         261         262         263         264         265         266         267         268         269         270         271         272
L            2.780e-07    0.001946    0.062476   1.049e-06   1.841e-07    0.002941   2.470e-07   6.172e-07    0.062476   1.726e-07    0.002459    0.002978   2.783e-05    0.017630    0.017630   1.257e-06   2.533e-08
ln L        -15.095725   -6.242175   -2.772967  -13.767984  -15.507773   -5.829130  -15.213996  -14.298037   -2.772967  -15.572145   -6.008059   -5.816510  -10.489545   -4.038130   -4.038130  -13.586761  -17.491111

site               273         274         275         276         277         278         279         280         281         282         283         284         285         286         287         288         289
L             0.001443   2.068e-08    0.085727    0.085727   7.329e-06    0.001390    0.005215   3.062e-04   4.394e-04    0.062476   7.728e-04   5.191e-04    0.062476   1.530e-07    0.085727    0.077132   2.813e-07
ln L         -6.540850  -17.694257   -2.456587   -2.456587  -11.823640   -6.578329   -5.256182   -8.091199   -7.730161   -2.772967   -7.165429   -7.563436   -2.772967  -15.692530   -2.456587   -2.562234  -15.083680

site               290         291         292         293         294         295         296         297         298         299         300         301         302         303         304         305         306
L            7.473e-04    0.077132   3.785e-04    0.077132    0.062476   4.500e-08    0.062476    0.085727    0.002978    0.062476    0.077132   1.015e-07    0.077132    0.062476   1.598e-08   3.238e-04    0.085727
ln L         -7.198989   -2.562234   -7.879341   -2.562234   -2.772967  -16.916608   -2.772967   -2.456587   -5.816510   -2.772967   -2.562234  -16.103555   -2.562234   -2.772967  -17.952118   -8.035463   -2.456587

site               307         308         309         310         311         312         313         314         315         316         317         318         319         320         321         322         323
L            2.822e-06    0.085727    0.062476   1.315e-07    0.005215    0.005334   7.416e-06    0.002354   4.040e-06   9.096e-07    0.005941   2.301e-04   4.668e-04   5.956e-04    0.001353    0.006206    0.077132
ln L        -12.778080   -2.456587   -2.772967  -15.844571   -5.256182   -5.233656  -11.811908   -6.051723  -12.419327  -13.910291   -5.125954   -8.376860   -7.669542   -7.425945   -6.605169   -5.082289   -2.562234

site               324         325         326         327         328         329         330         331         332         333         334         335         336         337         338         339         340
L             0.085727    0.002354    0.001525    0.017630   5.191e-04    0.017630    0.017630   6.095e-06   1.685e-10    0.003787   7.650e-04    0.005603   2.175e-04   2.223e-04    0.085727    0.077132   8.073e-04
ln L         -2.456587   -6.051723   -6.485579   -4.038130   -7.563436   -4.038130   -4.038130  -12.008110  -22.504099   -5.576269   -7.175615   -5.184402   -8.433441   -8.411606   -2.456587   -2.562234   -7.121812

site               341         342         343         344         345         346         347         348         349         350         351         352         353         354         355         356         357
L             0.001713    0.085727   3.398e-05    0.006532    0.002354    0.002978    0.004673   4.166e-04   3.825e-08    0.005334   2.551e-06   1.762e-06    0.085727    0.085727   8.442e-06    0.005334    0.062476
ln L         -6.369387   -2.456587  -10.289777   -5.030970   -6.051723   -5.816510   -5.366011   -7.783391  -17.079183   -5.233659  -12.879132  -13.249306   -2.456587   -2.456587  -11.682250   -5.233659   -2.772967

site               358         359         360         361         362         363         364         365         366         367         368         369         370         371         372         373         374
L             0.007084    0.085727    0.006206   5.557e-09    0.077132    0.077132   6.298e-07   3.251e-05    0.005368   7.420e-08    0.002941    0.062476   8.399e-06    0.085727    0.077132    0.007084    0.077132
ln L         -4.949938   -2.456587   -5.082289  -19.008191   -2.562234   -2.562234  -14.277853  -10.334079   -5.227343  -16.416465   -5.829130   -2.772967  -11.687438   -2.456587   -2.562234   -4.949938   -2.562234

site               375         376         377         378         379         380         381         382         383         384         385         386         387         388         389         390         391
L             0.017630    0.003334    0.017630    0.085727    0.085727    0.085727    0.085727   3.427e-07    0.085727   2.600e-08   5.722e-08   1.642e-05    0.062476   6.770e-05    0.085727    0.062476   7.235e-06
ln L         -4.038130   -5.703659   -4.038130   -2.456587   -2.456587   -2.456587   -2.456587  -14.886366   -2.456587  -17.465291  -16.676387  -11.016967   -2.772967   -9.600356   -2.456587   -2.772967  -11.836562

site               392         393         394         395         396         397         398         399         400         401         402         403         404         405         406         407         408
L            3.729e-07    0.003895   4.515e-06    0.001738    0.062476   1.137e-05    0.077132    0.085727    0.005368   5.878e-04    0.062476   2.409e-04   7.041e-06   1.258e-04   3.119e-05    0.077132    0.077132
ln L        -14.801967   -5.548079  -12.308009   -6.354920   -2.772967  -11.384453   -2.562234   -2.456587   -5.227343   -7.439160   -2.772967   -8.331065  -11.863772   -8.980891  -10.375538   -2.562234   -2.562234

site               409         410         411         412         413         414         415         416         417         418         419         420         421         422         423         424         425
L            4.525e-04   3.651e-05    0.062476   6.336e-09   3.954e-04    0.062476    0.001737    0.077132    0.062476   3.515e-08   1.436e-04    0.062476   4.668e-04   2.661e-05    0.077132   1.727e-06   1.920e-04
ln L         -7.700684  -10.217971   -2.772967  -18.877042   -7.835590   -2.772967   -6.355603   -2.562234   -2.772967  -17.163701   -8.848184   -2.772967   -7.669542  -10.534195   -2.562234  -13.269215   -8.558124

site               426         427         428         429         430         431         432         433         434         435         436         437         438         439         440         441         442
L             0.005215   3.395e-06    0.085727    0.002354    0.001566    0.077132    0.077132   6.426e-05   6.405e-04    0.001157   1.357e-07   1.048e-04    0.062476   3.591e-06    0.085727    0.062476   2.485e-07
ln L         -5.256182  -12.593257   -2.456587   -6.051723   -6.459506   -2.562234   -2.562234   -9.652524   -7.353331   -6.761780  -15.812709   -9.163806   -2.772967  -12.536998   -2.456587   -2.772967  -15.207950

site               443         444         445         446         447         448         449         450         451         452         453         454         455         456         457         458         459
L            3.981e-06    0.001531   9.364e-09    0.017630    0.017630   2.591e-08   1.938e-04    0.001711   2.593e-06   1.227e-06    0.005603   1.722e-09   2.370e-04   1.577e-04   8.206e-05    0.062476    0.017630
ln L        -12.433867   -6.481934  -18.486393   -4.038130   -4.038130  -17.468514   -8.548530   -6.370672  -12.862857  -13.611002   -5.184402  -20.179602   -8.347554   -8.755054   -9.408090   -2.772967   -4.038130

site               460         461         462         463         464         465         466         467         468         469         470         471         472         473         474         475         476
L             0.062476    0.085727   3.827e-04    0.005941    0.002941    0.085727    0.062476    0.085727    0.017630    0.062476    0.062476    0.062476    0.085727    0.002354   3.604e-06   4.956e-04    0.085727
ln L         -2.772967   -2.456587   -7.868218   -5.125954   -5.829130   -2.456587   -2.772967   -2.456587   -4.038130   -2.772967   -2.772967   -2.772967   -2.456587   -6.051723  -12.533408   -7.609813   -2.456587

site               477         478         479         480         481         482         483         484         485         486         487         488         489         490         491         492         493
L             0.085727    0.085727    0.085727    0.077132    0.085727   2.529e-05    0.001437    0.085727    0.017630    0.085727    0.001606    0.062476    0.017630    0.062476    0.017630    0.085727    0.002459
ln L         -2.456587   -2.456587   -2.456587   -2.562234   -2.456587  -10.585124   -6.545284   -2.456587   -4.038130   -2.456587   -6.434233   -2.772967   -4.038130   -2.772967   -4.038130   -2.456587   -6.008059

site               494         495         496         497         498         499         500         501         502         503         504         505         506         507         508         509         510
L             0.062476    0.077132    0.003895   6.405e-04    0.001851   2.247e-07   5.322e-05    0.085727    0.001437    0.085727    0.017630    0.001157   1.898e-05   9.787e-06    0.006532   3.617e-07   3.107e-08
ln L         -2.772967   -2.562234   -5.548079   -7.353331   -6.291780  -15.308533   -9.840999   -2.456587   -6.545284   -2.456587   -4.038130   -6.761780  -10.871901  -11.534453   -5.030970  -14.832454  -17.287134

site               511         512         513         514         515         516         517         518         519         520         521         522         523         524         525         526         527
L             0.001390    0.246216   2.698e-05   6.494e-08    0.097585    0.005603   2.059e-05   9.147e-04    0.077132    0.062476    0.062476    0.001390   2.513e-04    0.062476    0.062476    0.085727    0.077132
ln L         -6.578329   -1.401546  -10.520337  -16.549762   -2.327029   -5.184402  -10.790822   -6.996942   -2.562234   -2.772967   -2.772967   -6.578329   -8.288792   -2.772967   -2.772967   -2.456587   -2.562234

site               528         529         530         531         532         533         534         535         536         537         538         539         540         541         542         543         544
L             0.077132    0.001613    0.085727    0.017630    0.085727    0.085727    0.085727    0.001087    0.001713   7.315e-06    0.324121   1.393e-06   4.436e-06   3.152e-06   2.730e-04    0.004673    0.017630
ln L         -2.562234   -6.429592   -2.456587   -4.038130   -2.456587   -2.456587   -2.456587   -6.824746   -6.369387  -11.825588   -1.126640  -13.483926  -12.325725  -12.667540   -8.205930   -5.366011   -4.038130

site               545         546         547         548         549         550         551         552         553         554         555         556         557         558         559         560         561
L             0.001468   6.856e-04    0.077132    0.001606    0.017630    0.077132    0.062476    0.085727    0.085727   1.235e-07    0.003355    0.077132   1.592e-04   9.212e-08   4.762e-10   5.921e-08   1.881e-07
ln L         -6.524131   -7.285214   -2.562234   -6.434233   -4.038130   -2.562234   -2.772967   -2.456587   -2.456587  -15.906678   -5.697444   -2.562234   -8.745237  -16.200194  -21.465158  -16.642171  -15.486118

site               562         563         564         565         566         567         568         569         570         571         572         573         574         575         576         577         578
L            1.826e-06    0.077132    0.077132   2.885e-07    0.005334   7.417e-05   2.690e-07   1.806e-10    0.062476   1.145e-05    0.085727   3.023e-04    0.085727   5.398e-05   2.514e-04   1.772e-04   2.164e-04
ln L        -13.213463   -2.562234   -2.562234  -15.058450   -5.233656   -9.509198  -15.128738  -22.434931   -2.772967  -11.377623   -2.456587   -8.104129   -2.456587   -9.826963   -8.288316   -8.638336   -8.438503

site               579         580         581         582         583         584         585         586         587         588         589         590         591         592         593         594         595
L             0.017630    0.017630    0.003531    0.062476    0.004152   1.003e-04    0.077132    0.062476    0.005603    0.101475    0.001157    0.077132    0.062476    0.062476    0.062476    0.062476    0.085727
ln L         -4.038130   -4.038130   -5.646211   -2.772967   -5.484057   -9.206891   -2.562234   -2.772967   -5.184402   -2.287939   -6.761780   -2.562234   -2.772967   -2.772967   -2.772967   -2.772967   -2.456587

site               596         597         598         599         600         601         602         603         604         605         606         607         608         609         610         611         612
L             0.085727    0.085727    0.017630    0.017630    0.085727    0.062476    0.085727   6.008e-04   4.556e-04    0.085727    0.017630    0.001713   7.246e-05    0.085727    0.062476    0.077132    0.077132
ln L         -2.456587   -2.456587   -4.038130   -4.038130   -2.456587   -2.772967   -2.456587   -7.417317   -7.693970   -2.456587   -4.038130   -6.369387   -9.532490   -2.456587   -2.772967   -2.562234   -2.562234

site               613         614         615         616         617         618         619         620         621         622         623         624         625         626         627         628         629
L            2.680e-05    0.062476    0.005215    0.017630   2.754e-04   2.164e-04    0.077132    0.062476    0.062476    0.085727    0.017630    0.017630   8.073e-04   1.592e-06    0.003531    0.077132    0.002459
ln L        -10.527155   -2.772967   -5.256182   -4.038130   -8.197467   -8.438503   -2.562234   -2.772967   -2.772967   -2.456587   -4.038130   -4.038130   -7.121812  -13.350650   -5.646211   -2.562234   -6.008059

site               630         631         632         633         634         635         636         637         638         639         640         641         642         643         644         645         646
L             0.085727    0.085727    0.085727    0.085727   2.797e-06    0.001739    0.062476    0.062476    0.017630    0.017630    0.062476    0.017630    0.077132    0.085727    0.085727    0.077132    0.062476
ln L         -2.456587   -2.456587   -2.456587   -2.456587  -12.787065   -6.354313   -2.772967   -2.772967   -4.038130   -4.038130   -2.772967   -4.038130   -2.562234   -2.456587   -2.456587   -2.562234   -2.772967

site               647         648         649         650         651         652         653         654         655         656         657         658         659         660         661         662         663
L             0.077132    0.077132    0.085727    0.085727    0.085727    0.062476    0.085727    0.085727    0.085727    0.085727    0.017630    0.062476    0.085727    0.085727    0.002444    0.085727   4.201e-05
ln L         -2.562234   -2.562234   -2.456587   -2.456587   -2.456587   -2.772967   -2.456587   -2.456587   -2.456587   -2.456587   -4.038130   -2.772967   -2.456587   -2.456587   -6.014257   -2.456587  -10.077644

site               664         665         666         667         668         669         670         671         672         673         674         675         676         677         678         679         680
L            5.269e-04   5.553e-06   7.728e-04    0.062476   5.994e-04   1.315e-06   1.121e-04   1.205e-08   1.500e-05    0.005368   1.349e-04   2.167e-04    0.077132   5.170e-07    0.003279    0.005215    0.002005
ln L         -7.548449  -12.101149   -7.165429   -2.772967   -7.419557  -13.541310   -9.096282  -18.233865  -11.107718   -5.227343   -8.911330   -8.437120   -2.562234  -14.475244   -5.720102   -5.256182   -6.212002

site               681         682         683         684         685         686         687         688         689         690         691         692         693         694         695         696         697
L             0.001390   2.633e-04   8.318e-09   2.830e-06   9.147e-04   8.719e-06   1.211e-08    0.003355   2.075e-04   4.963e-05    0.077132   9.377e-07    0.002633    0.062476   1.096e-09    0.085727   1.402e-04
ln L         -6.578329   -8.242043  -18.604842  -12.775197   -6.996942  -11.649968  -18.228827   -5.697444   -8.480554   -9.910915   -2.562234  -13.879847   -5.939653   -2.772967  -20.631397   -2.456587   -8.872726

site               698         699         700         701         702         703         704         705         706         707         708         709         710         711         712         713         714
L            1.623e-05   4.635e-06   1.426e-04    0.077132   4.197e-06    0.062476   5.956e-04    0.006781   2.164e-04   4.184e-06   3.192e-05   4.100e-06   1.606e-07    0.077132    0.077132   2.326e-06    0.006206
ln L        -11.028658  -12.281928   -8.855244   -2.562234  -12.381117   -2.772967   -7.425945   -4.993602   -8.438503  -12.384162  -10.352135  -12.404541  -15.644389   -2.562234   -2.562234  -12.971280   -5.082289

site               715         716         717         718         719         720         721         722         723         724         725         726         727         728         729         730         731
L             0.062476   9.931e-06   7.636e-06   1.438e-04   6.940e-09   2.429e-05    0.002978   2.332e-07    0.085727    0.005120    0.006819   5.996e-06    0.005215   7.913e-07   5.191e-04   5.785e-05   5.182e-06
ln L         -2.772967  -11.519832  -11.782615   -8.847181  -18.785900  -10.625356   -5.816510  -15.271202   -2.456587   -5.274549   -4.988029  -12.024470   -5.256182  -14.049561   -7.563436   -9.757571  -12.170346

site               732         733         734         735         736         737         738         739         740         741         742         743         744         745         746         747         748
L             0.085727    0.085727   1.378e-04    0.003787   7.490e-04   1.100e-07   4.595e-05    0.085727   4.040e-06    0.002459    0.085727    0.085727    0.085727   2.023e-04   9.731e-06   4.985e-05   2.695e-07
ln L         -2.456587   -2.456587   -8.889976   -5.576269   -7.196760  -16.023032   -9.987967   -2.456587  -12.419327   -6.008059   -2.456587   -2.456587   -2.456587   -8.505985  -11.540235   -9.906471  -15.126851

site               749         750         751         752         753         754         755         756         757         758         759         760         761         762         763         764         765
L            6.582e-06   6.324e-08   5.576e-06    0.005334    0.062476    0.085727   1.926e-06    0.001667    0.077132   3.277e-07   5.189e-07    0.005334   1.154e-06    0.062476    0.085727   4.227e-05    0.017630
ln L        -11.931222  -16.576403  -12.097010   -5.233659   -2.772967   -2.456587  -13.160208   -6.396692   -2.562234  -14.931157  -14.471478   -5.233659  -13.672643   -2.772967   -2.456587  -10.071424   -4.038130

site               766         767         768         769         770         771         772         773         774         775         776         777         778         779         780         781         782
L             0.062476   6.887e-04    0.085727    0.085727    0.085727   7.806e-06   2.073e-05   6.408e-09   3.845e-08    0.001525   2.432e-05   3.751e-07    0.062476   1.037e-05   1.035e-04   3.103e-04   2.895e-07
ln L         -2.772967   -7.280690   -2.456587   -2.456587   -2.456587  -11.760566  -10.783824  -18.865739  -17.073876   -6.485579  -10.624021  -14.796016   -2.772967  -11.476806   -9.176403   -8.077950  -15.055142

site               783         784         785         786         787         788         789         790         791         792         793         794         795         796         797         798         799
L             0.062476   3.646e-05   1.498e-05   2.973e-05    0.077132   3.135e-04    0.005003    0.062476   2.420e-06    0.085727    0.002444   4.358e-10    0.085727   1.883e-05   1.520e-05    0.085727    0.017630
ln L         -2.772967  -10.219272  -11.108888  -10.423253   -2.562234   -8.067633   -5.297678   -2.772967  -12.931629   -2.456587   -6.014257  -21.553861   -2.456587  -10.880303  -11.094031   -2.456587   -4.038130

site               800         801         802         803         804         805         806         807         808         809         810         811         812         813         814         815         816
L            1.440e-06    0.006532    0.005003   2.481e-07   1.525e-07    0.003355   6.131e-06   3.103e-04    0.077132   1.283e-05    0.085727   4.795e-04   2.683e-04    0.007084   1.156e-04   6.625e-06   3.236e-06
ln L        -13.450804   -5.030970   -5.297678  -15.209557  -15.696168   -5.697444  -12.002082   -8.077950   -2.562234  -11.263903   -2.456587   -7.642761   -8.223550   -4.949938   -9.065045  -11.924602  -12.641241

site               817         818         819         820         821         822         823         824         825         826         827         828         829         830         831         832         833
L             0.062476    0.006781    0.062476    0.001712   4.529e-07   1.632e-04    0.062476   5.796e-10   1.003e-04   6.431e-06    0.005368   4.583e-06   2.262e-05    0.085727   9.974e-05   1.512e-06   3.114e-05
ln L         -2.772967   -4.993602   -2.772967   -6.370211  -14.607507   -8.720441   -2.772967  -21.268605   -9.206891  -11.954352   -5.227343  -12.293059  -10.696686   -2.456587   -9.212963  -13.402243  -10.376924

site               834         835         836         837         838         839         840         841         842         843         844         845         846         847         848         849         850
L             0.077132    0.085727    0.085727    0.017630    0.085727    0.085727   4.440e-05   8.566e-05   4.789e-05    0.085727   9.256e-04   1.111e-05    0.001157    0.062476   2.429e-05    0.002605    0.001331
ln L         -2.562234   -2.456587   -2.456587   -4.038130   -2.456587   -2.456587  -10.022291   -9.365150   -9.946543   -2.456587   -6.985036  -11.407691   -6.761780   -2.772967  -10.625420   -5.950235   -6.621467

site               851         852         853         854         855         856         857         858         859         860         861         862         863         864         865         866         867
L            1.495e-09    0.085727   1.175e-05    0.001353    0.062476    0.017630   6.146e-06    0.002633    0.001157   4.134e-05    0.062476    0.017630    0.085727   6.405e-04    0.001531   6.121e-05    0.001390
ln L        -20.320810   -2.456587  -11.351687   -6.605169   -2.772967   -4.038130  -11.999716   -5.939653   -6.761780  -10.093706   -2.772967   -4.038130   -2.456587   -7.353331   -6.481934   -9.701214   -6.578329

site               868         869         870         871         872         873         874         875         876         877         878         879         880         881         882         883         884
L            8.959e-05   1.557e-08    0.085727    0.001713    0.005603    0.077132    0.085727   8.377e-05    0.085727    0.077132   3.543e-06   3.050e-07   5.878e-04   5.603e-07   5.570e-07   7.650e-04   1.392e-05
ln L         -9.320283  -17.977779   -2.456587   -6.369387   -5.184402   -2.562234   -2.456587   -9.387463   -2.456587   -2.562234  -12.550513  -15.002923   -7.439183  -14.394770  -14.400722   -7.175615  -11.182160

site               885         886         887         888         889         890         891         892         893         894         895         896         897         898
L             0.005603    0.062476    0.002040    0.003598    0.002220   2.297e-08   1.153e-04    0.062476    0.004673    0.085727    0.017630    0.077132    0.062476    0.062476
ln L         -5.184402   -2.772967   -6.194944   -5.627305   -6.110171  -17.589089   -9.067690   -2.772967   -5.366011   -2.456587   -4.038130   -2.562234   -2.772967   -2.772967

Likelihoods for each site on tree 2:

site                 1           2           3           4           5           6           7           8           9          10          11          12          13          14          15          16          17
L             0.083288    0.083288    0.016894    0.006315    0.060496    0.060496   3.497e-05    0.003702   6.107e-04   2.227e-07    0.016894    0.016894   8.784e-07    0.016894    0.074852    0.007974   1.970e-05
ln L         -2.485446   -2.485446   -4.080773   -5.064802   -2.805178   -2.805178  -10.260969   -5.598833   -7.400826  -15.317522   -4.080773   -4.080773  -13.945190   -4.080773   -2.592238   -4.831539  -10.834730

site                18          19          20          21          22          23          24          25          26          27          28          29          30          31          32          33          34
L            1.147e-04   3.913e-08   1.107e-05   4.597e-06   4.813e-07    0.074852    0.060496   8.980e-09    0.083288    0.060496   4.993e-06   7.545e-04    0.060496   1.048e-09    0.016894    0.074852   6.395e-06
ln L         -9.073452  -17.056371  -11.411074  -12.290042  -14.546718   -2.592238   -2.805178  -18.528216   -2.485446   -2.805178  -12.207445   -7.189469   -2.805178  -20.675916   -4.080773   -2.592238  -11.960033

site                35          36          37          38          39          40          41          42          43          44          45          46          47          48          49          50          51
L             0.074852    0.083288   6.130e-07    0.016894    0.016894   4.754e-09    0.005710    0.060496   1.659e-06    0.083288    0.074852   1.027e-05    0.060496    0.074852   2.378e-08    0.060496    0.074852
ln L         -2.592238   -2.485446  -14.304902   -4.080773   -4.080773  -19.164307   -5.165577   -2.805178  -13.309367   -2.485446   -2.592238  -11.485844   -2.805178   -2.592238  -17.554247   -2.805178   -2.592238

site                52          53          54          55          56          57          58          59          60          61          62          63          64          65          66          67          68
L            1.417e-04   5.854e-06    0.060496   2.841e-07   2.849e-07    0.003408   2.242e-06    0.060496    0.060496    0.006315    0.060496    0.016894    0.004999   7.274e-05    0.060496   1.023e-06    0.016894
ln L         -8.862105  -12.048435   -2.805178  -15.073937  -15.071266   -5.681528  -13.008331   -2.805178   -2.805178   -5.064802   -2.805178   -4.080773   -5.298544   -9.528563   -2.805178  -13.793167   -4.080773

site                69          70          71          72          73          74          75          76          77          78          79          80          81          82          83          84          85
L             0.074852   3.424e-04    0.083288    0.083288   7.991e-05    0.006281    0.074852    0.005539    0.083288    0.083288   1.156e-04    0.060496    0.083288   1.905e-05    0.016894    0.083288   5.791e-04
ln L         -2.592238   -7.979556   -2.485446   -2.485446   -9.434656   -5.070212   -2.592238   -5.195854   -2.485446   -2.485446   -9.065791   -2.805178   -2.485446  -10.868248   -4.080773   -2.485446   -7.453975

site                86          87          88          89          90          91          92          93          94          95          96          97          98          99         100         101         102
L             0.074852    0.016894   3.977e-05    0.002768    0.002243   4.895e-08    0.074852    0.083288   8.779e-05    0.083288   2.566e-04   5.075e-05    0.074852    0.016894   3.882e-06    0.083288   6.535e-05
ln L         -2.592238   -4.080773  -10.132398   -5.889659   -6.100032  -16.832393   -2.592238   -2.485446   -9.340587   -2.485446   -8.267815   -9.888650   -2.592238   -4.080773  -12.459052   -2.485446   -9.635750

site               103         104         105         106         107         108         109         110         111         112         113         114         115         116         117         118         119
L             0.002895    0.083288    0.060496    0.083288   1.778e-05   6.589e-04   1.705e-06    0.005710    0.060496   4.099e-07   6.889e-05    0.074852   8.854e-07    0.074852   2.764e-04   2.225e-05    0.016894
ln L         -5.844803   -2.485446   -2.805178   -2.485446  -10.937540   -7.324865  -13.282044   -5.165577   -2.805178  -14.707474   -9.583012   -2.592238  -13.937188   -2.592238   -8.193782  -10.713336   -4.080773

site               120         121         122         123         124         125         126         127         128         129         130         131         132         133         134         135         136
L             0.016894   2.784e-07    0.006084    0.060496   7.003e-08    0.074852    0.083288    0.083288    0.001348    0.003354   6.642e-08   2.493e-04    0.060496    0.005539   6.465e-04    0.060496   9.676e-05
ln L         -4.080773  -15.094262   -5.102171   -2.805178  -16.474288   -2.592238   -2.485446   -2.485446   -6.608850   -5.697631  -16.527255   -8.296978   -2.805178   -5.195854   -7.344004   -2.805178   -9.243259

site               137         138         139         140         141         142         143         144         145         146         147         148         149         150         151         152         153
L             0.074852    0.074852   3.635e-06    0.001314    0.060496   2.923e-07    0.002768   3.246e-04    0.083288    0.016894    0.002262   9.476e-07   2.875e-07   6.142e-04   8.791e-07    0.060496    0.016894
ln L         -2.592238   -2.592238  -12.524786   -6.634327   -2.805178  -15.045450   -5.889659   -8.032946   -2.485446   -4.080773   -6.091346  -13.869344  -15.062103   -7.395174  -13.944378   -2.805178   -4.080773

site               154         155         156         157         158         159         160         161         162         163         164         165         166         167         168         169         170
L             0.083288    0.060496    0.016894    0.083288   8.588e-05    0.060496   2.534e-08   6.890e-05   1.741e-04   6.916e-06    0.016894    0.074852   8.618e-04    0.083288    0.001652    0.005710    0.006315
ln L         -2.485446   -2.805178   -4.080773   -2.485446   -9.362518   -2.805178  -17.490990   -9.582790   -8.656122  -11.881730   -4.080773   -2.592238   -7.056502   -2.485446   -6.405871   -5.165577   -5.064802

site               171         172         173         174         175         176         177         178         179         180         181         182         183         184         185         186         187
L             0.060496   5.131e-05   1.483e-06    0.074852   1.366e-04    0.083288    0.083288    0.001711    0.074852    0.060496   4.039e-07    0.016894    0.074852    0.001711   5.759e-05    0.060496    0.006986
ln L         -2.805178   -9.877540  -13.421265   -2.592238   -8.898735   -2.485446   -2.485446   -6.370475   -2.592238   -2.805178  -14.722126   -4.080773   -2.592238   -6.370475   -9.762245   -2.805178   -4.963890

site               188         189         190         191         192         193         194         195         196         197         198         199         200         201         202         203         204
L             0.074852    0.074852    0.003090   3.007e-05    0.074852   1.863e-05   2.015e-04    0.074852   1.543e-06    0.083288    0.060496   2.359e-06    0.083288    0.083288   2.891e-07   6.107e-04    0.060496
ln L         -2.592238   -2.592238   -5.779464  -10.411827   -2.592238  -10.890612   -8.509608   -2.592238  -13.381689   -2.485446   -2.805178  -12.957233   -2.485446   -2.485446  -15.056594   -7.400826   -2.805178

site               205         206         207         208         209         210         211         212         213         214         215         216         217         218         219         220         221
L            3.163e-06   1.121e-04    0.060496   3.133e-08    0.016894    0.016894   2.909e-10    0.016894    0.083288   6.683e-04    0.005710    0.060496   1.391e-04    0.005318   8.765e-05   1.444e-05    0.001652
ln L        -12.663907   -9.095834   -2.805178  -17.278799   -4.080773   -4.080773  -21.958076   -4.080773   -2.485446   -7.310717   -5.165577   -2.805178   -8.880483   -5.236648   -9.342165  -11.145271   -6.405871

site               222         223         224         225         226         227         228         229         230         231         232         233         234         235         236         237         238
L             0.005318   1.927e-05    0.002081    0.004648   4.385e-05   1.656e-08    0.003177   4.294e-06   2.137e-06    0.074852   4.978e-06   6.935e-07    0.002539   4.107e-07    0.060496    0.060496   6.379e-06
ln L         -5.236648  -10.857087   -6.174901   -5.371353  -10.034811  -17.916031   -5.751678  -12.358285  -13.056018   -2.592238  -12.210415  -14.181573   -5.975837  -14.705324   -2.805178   -2.805178  -11.962508

site               239         240         241         242         243         244         245         246         247         248         249         250         251         252         253         254         255
L             0.060496    0.074852   9.659e-06    0.060496    0.016894   1.435e-07   9.866e-04    0.074852   1.315e-05   4.354e-04    0.083288   7.568e-06   6.389e-04   3.304e-06   1.802e-05    0.083288    0.074852
ln L         -2.805178   -2.592238  -11.547607   -2.805178   -4.080773  -15.756839   -6.921224   -2.592238  -11.239284   -7.739131   -2.485446  -11.791614   -7.355725  -12.620512  -10.923766   -2.485446   -2.592238

site               256         257         258         259         260         261         262         263         264         265         266         267         268         269         270         271         272
L            3.394e-07    0.001919    0.060496   1.025e-06   1.796e-07    0.002842   5.536e-08   7.347e-07    0.060496   1.765e-07    0.002768   6.107e-04   2.701e-05    0.016894    0.016894   2.855e-07   3.037e-08
ln L        -14.895987   -6.256014   -2.805178  -13.791185  -15.532330   -5.863103  -16.709333  -14.123755   -2.805178  -15.550043   -5.889659   -7.400826  -10.519230   -4.080773   -4.080773  -15.069055  -17.309899

site               273         274         275         276         277         278         279         280         281         282         283         284         285         286         287         288         289
L             0.001402   2.651e-08    0.083288    0.083288   1.712e-05    0.001348    0.005892   2.246e-04   4.264e-04    0.060496   5.669e-04   5.061e-04    0.060496   1.374e-07    0.083288    0.074852   6.413e-08
ln L         -6.569682  -17.445614   -2.485446   -2.485446  -10.975419   -6.608850   -5.134234   -8.401079   -7.760040   -2.805178   -7.475309   -7.588806   -2.805178  -15.800635   -2.485446   -2.592238  -16.562327

site               290         291         292         293         294         295         296         297         298         299         300         301         302         303         304         305         306
L            7.115e-04    0.074852   5.603e-04    0.074852    0.060496   5.941e-08    0.060496    0.083288   6.107e-04    0.060496    0.074852   1.006e-07    0.074852    0.060496   1.649e-08   2.876e-04    0.083288
ln L         -7.248104   -2.592238   -7.486979   -2.592238   -2.805178  -16.638825   -2.805178   -2.485446   -7.400826   -2.805178   -2.592238  -16.112553   -2.592238   -2.805178  -17.920300   -8.153830   -2.485446

site               307         308         309         310         311         312         313         314         315         316         317         318         319         320         321         322         323
L            3.126e-06    0.083288    0.060496   1.395e-07    0.005892    0.005670   2.072e-06    0.002505   4.557e-06   1.066e-06    0.006321   2.592e-04    0.001084   5.791e-04    0.001314    0.006986    0.074852
ln L        -12.675684   -2.485446   -2.805178  -15.785046   -5.134234   -5.172626  -13.086808   -5.989575  -12.298895  -13.751366   -5.063805   -8.257785   -6.827460   -7.453975   -6.634327   -4.963890   -2.592238

site               324         325         326         327         328         329         330         331         332         333         334         335         336         337         338         339         340
L             0.083288    0.002505    0.001503    0.016894   5.061e-04    0.016894    0.016894   5.950e-06   1.817e-10   8.620e-04   7.545e-04    0.006315   2.442e-04   2.342e-04    0.083288    0.074852   7.721e-04
ln L         -2.485446   -5.989575   -6.500478   -4.080773   -7.588806   -4.080773   -4.080773  -12.032166  -22.428617   -7.056310   -7.189469   -5.064802   -8.317718   -8.359313   -2.485446   -2.592238   -7.166370

site               341         342         343         344         345         346         347         348         349         350         351         352         353         354         355         356         357
L             0.002243    0.083288   7.028e-06    0.006949    0.002505   6.107e-04    0.005539   9.540e-04   4.529e-08    0.006323   2.592e-06   1.728e-06    0.083288    0.083288   1.139e-05    0.006323    0.060496
ln L         -6.100032   -2.485446  -11.865623   -4.969203   -5.989575   -7.400826   -5.195854   -6.954797  -16.910142   -5.063503  -12.863094  -13.268654   -2.485446   -2.485446  -11.382886   -5.063503   -2.805178

site               358         359         360         361         362         363         364         365         366         367         368         369         370         371         372         373         374
L             0.007974    0.083288    0.006986   4.065e-09    0.074852    0.074852   1.321e-06   4.166e-05    0.005710   6.703e-08    0.002842    0.060496   1.971e-05    0.083288    0.074852    0.007974    0.074852
ln L         -4.831539   -2.485446   -4.963890  -19.320856   -2.592238   -2.592238  -13.536879  -10.085934   -5.165577  -16.518078   -5.863103   -2.805178  -10.834371   -2.485446   -2.592238   -4.831539   -2.592238

site               375         376         377         378         379         380         381         382         383         384         385         386         387         388         389         390         391
L             0.016894    0.003219    0.016894    0.083288    0.083288    0.083288    0.083288   4.565e-07    0.083288   2.703e-08   8.087e-08   2.525e-05    0.060496   8.036e-05    0.083288    0.060496   7.012e-06
ln L         -4.080773   -5.738668   -4.080773   -2.485446   -2.485446   -2.485446   -2.485446  -14.599609   -2.485446  -17.426395  -16.330370  -10.586786   -2.805178   -9.428954   -2.485446   -2.805178  -11.867958

site               392         393         394         395         396         397         398         399         400         401         402         403         404         405         406         407         408
L            4.568e-07    0.004648   4.742e-06    0.001684    0.060496   1.107e-05    0.074852    0.083288    0.005710    0.001305    0.060496   2.397e-04   9.874e-06   2.876e-05   4.034e-05    0.074852    0.074852
ln L        -14.599079   -5.371353  -12.259061   -6.386721   -2.805178  -11.411074   -2.592238   -2.485446   -5.165577   -6.641834   -2.805178   -8.336147  -11.525655  -10.456545  -10.118219   -2.592238   -2.592238

site               409         410         411         412         413         414         415         416         417         418         419         420         421         422         423         424         425
L            3.994e-04   2.694e-05    0.060496   5.451e-09   4.502e-04    0.060496    0.001711    0.074852    0.060496   9.567e-09   1.696e-04    0.060496    0.001084   5.613e-05    0.074852   1.977e-06   3.312e-04
ln L         -7.825592  -10.521902   -2.805178  -19.027539   -7.705768   -2.805178   -6.370475   -2.592238   -2.805178  -18.464903   -8.681975   -2.805178   -6.827460   -9.787871   -2.592238  -13.133767   -8.012771

site               426         427         428         429         430         431         432         433         434         435         436         437         438         439         440         441         442
L             0.005892   5.093e-06    0.083288    0.002505    0.001515    0.074852    0.074852   6.208e-05   6.318e-04    0.001117   8.509e-08   1.522e-04    0.060496   5.259e-06    0.083288    0.060496   2.440e-07
ln L         -5.134234  -12.187611   -2.485446   -5.989575   -6.492452   -2.592238   -2.592238   -9.687147   -7.366947   -6.796789  -16.279549   -8.790552   -2.805178  -12.155477   -2.485446   -2.805178  -15.225912

site               443         444         445         446         447         448         449         450         451         452         453         454         455         456         457         458         459
L            4.626e-06    0.001554   9.775e-09    0.016894    0.016894   3.194e-08   3.284e-04    0.002222   2.603e-06   1.302e-06    0.006315   9.390e-10   2.501e-04   3.596e-05   8.759e-05    0.060496    0.016894
ln L        -12.283715   -6.466766  -18.443446   -4.080773   -4.080773  -17.259351   -8.021288   -6.109271  -12.858932  -13.551688   -5.064802  -20.786250   -8.293731  -10.232975   -9.342815   -2.805178   -4.080773

site               460         461         462         463         464         465         466         467         468         469         470         471         472         473         474         475         476
L             0.060496    0.083288   3.721e-04    0.006321    0.002842    0.083288    0.060496    0.083288    0.016894    0.060496    0.060496    0.060496    0.083288    0.002505   8.784e-07   5.011e-04    0.083288
ln L         -2.805178   -2.485446   -7.896222   -5.063805   -5.863103   -2.485446   -2.805178   -2.485446   -4.080773   -2.805178   -2.805178   -2.805178   -2.485446   -5.989575  -13.945190   -7.598704   -2.485446

site               477         478         479         480         481         482         483         484         485         486         487         488         489         490         491         492         493
L             0.083288    0.083288    0.083288    0.074852    0.083288   3.018e-05    0.001413    0.083288    0.016894    0.083288    0.001579    0.060496    0.016894    0.060496    0.016894    0.083288    0.002768
ln L         -2.485446   -2.485446   -2.485446   -2.592238   -2.485446  -10.408272   -6.562350   -2.485446   -4.080773   -2.485446   -6.451067   -2.805178   -4.080773   -2.805178   -4.080773   -2.485446   -5.889659

site               494         495         496         497         498         499         500         501         502         503         504         505         506         507         508         509         510
L             0.060496    0.074852    0.004648   6.318e-04    0.002195   3.006e-07   5.073e-05    0.083288    0.001413    0.083288    0.016894    0.001117   2.421e-05   9.330e-06    0.006949   4.520e-07   2.683e-08
ln L         -2.805178   -2.592238   -5.371353   -7.366947   -6.121623  -15.017399   -9.889046   -2.485446   -6.562350   -2.485446   -4.080773   -6.796789  -10.628803  -11.582283   -4.969203  -14.609497  -17.433702

site               511         512         513         514         515         516         517         518         519         520         521         522         523         524         525         526         527
L             0.001348    0.230682   1.835e-05   5.490e-08    0.097346    0.006315   2.113e-05   8.861e-04    0.074852    0.060496    0.060496    0.001348   2.664e-04    0.060496    0.060496    0.083288    0.074852
ln L         -6.608850   -1.466713  -10.905752  -16.717818   -2.329482   -5.064802  -10.764850   -7.028725   -2.592238   -2.805178   -2.805178   -6.608850   -8.230393   -2.805178   -2.805178   -2.485446   -2.592238

site               528         529         530         531         532         533         534         535         536         537         538         539         540         541         542         543         544
L             0.074852    0.001844    0.083288    0.016894    0.083288    0.083288    0.083288    0.001015    0.002243   4.547e-06    0.324121   3.169e-07   4.416e-06   3.778e-06   2.652e-04    0.005539    0.016894
ln L         -2.592238   -6.296024   -2.485446   -4.080773   -2.485446   -2.485446   -2.485446   -6.892527   -6.100032  -12.301074   -1.126640  -14.964645  -12.330191  -12.486225   -8.234892   -5.195854   -4.080773

site               545         546         547         548         549         550         551         552         553         554         555         556         557         558         559         560         561
L             0.001396   6.683e-04    0.074852    0.001579    0.016894    0.074852    0.060496    0.083288    0.083288   1.151e-07    0.003177    0.074852   1.876e-04   1.155e-07   6.236e-10   7.009e-08   1.569e-07
ln L         -6.574168   -7.310717   -2.592238   -6.451067   -4.080773   -2.592238   -2.805178   -2.485446   -2.485446  -15.977120   -5.751678   -2.592238   -8.581216  -15.973904  -21.195545  -16.473458  -15.667618

site               562         563         564         565         566         567         568         569         570         571         572         573         574         575         576         577         578
L            1.138e-06    0.074852    0.074852   3.415e-07    0.005670   2.814e-05   2.710e-07   1.238e-10    0.060496   1.174e-05    0.083288   3.534e-04    0.083288   5.145e-05   1.549e-04   2.218e-04   2.536e-04
ln L        -13.686298   -2.592238   -2.592238  -14.889981   -5.172626  -10.478450  -15.121226  -22.812238   -2.805178  -11.352879   -2.485446   -7.948017   -2.485446   -9.874944   -8.772640   -8.413846   -8.279592

site               579         580         581         582         583         584         585         586         587         588         589         590         591         592         593         594         595
L             0.016894    0.016894    0.003354    0.060496    0.004955   1.067e-04    0.074852    0.060496    0.006315    0.101016    0.001117    0.074852    0.060496    0.060496    0.060496    0.060496    0.083288
ln L         -4.080773   -4.080773   -5.697631   -2.805178   -5.307331   -9.145099   -2.592238   -2.805178   -5.064802   -2.292474   -6.796789   -2.592238   -2.805178   -2.805178   -2.805178   -2.805178   -2.485446

site               596         597         598         599         600         601         602         603         604         605         606         607         608         609         610         611         612
L             0.083288    0.083288    0.016894    0.016894    0.083288    0.060496    0.083288   8.239e-04   2.830e-04    0.083288    0.016894    0.002243   1.594e-05    0.083288    0.060496    0.074852    0.074852
ln L         -2.485446   -2.485446   -4.080773   -4.080773   -2.485446   -2.805178   -2.485446   -7.101421   -8.170064   -2.485446   -4.080773   -6.100032  -11.046693   -2.485446   -2.805178   -2.592238   -2.592238

site               613         614         615         616         617         618         619         620         621         622         623         624         625         626         627         628         629
L            2.580e-05    0.060496    0.005892    0.016894   2.566e-04   2.536e-04    0.074852    0.060496    0.060496    0.083288    0.016894    0.016894   7.721e-04   1.895e-06    0.003354    0.074852    0.002768
ln L        -10.565095   -2.805178   -5.134234   -4.080773   -8.267815   -8.279592   -2.592238   -2.805178   -2.805178   -2.485446   -4.080773   -4.080773   -7.166370  -13.176351   -5.697631   -2.592238   -5.889659

site               630         631         632         633         634         635         636         637         638         639         640         641         642         643         644         645         646
L             0.083288    0.083288    0.083288    0.083288   3.251e-06    0.001775    0.060496    0.060496    0.016894    0.016894    0.060496    0.016894    0.074852    0.083288    0.083288    0.074852    0.060496
ln L         -2.485446   -2.485446   -2.485446   -2.485446  -12.636662   -6.334089   -2.805178   -2.805178   -4.080773   -4.080773   -2.805178   -4.080773   -2.592238   -2.485446   -2.485446   -2.592238   -2.805178

site               647         648         649         650         651         652         653         654         655         656         657         658         659         660         661         662         663
L             0.074852    0.074852    0.083288    0.083288    0.083288    0.060496    0.083288    0.083288    0.083288    0.083288    0.016894    0.060496    0.083288    0.083288    0.002351    0.083288   4.097e-05
ln L         -2.592238   -2.592238   -2.485446   -2.485446   -2.485446   -2.805178   -2.485446   -2.485446   -2.485446   -2.485446   -4.080773   -2.805178   -2.485446   -2.485446   -6.052706   -2.485446  -10.102654

site               664         665         666         667         668         669         670         671         672         673         674         675         676         677         678         679         680
L            3.606e-04   3.427e-06   5.669e-04    0.060496   7.795e-04   1.348e-06   2.357e-05   9.070e-09   1.968e-05    0.005710   1.543e-04   2.564e-04    0.074852   6.163e-07   6.847e-04    0.005892    0.002042
ln L         -7.927697  -12.583758   -7.475309   -2.805178   -7.156797  -13.516937  -10.655713  -18.518338  -10.835817   -5.165577   -8.776579   -8.268881   -2.592238  -14.299458   -7.286565   -5.134234   -6.193686

site               681         682         683         684         685         686         687         688         689         690         691         692         693         694         695         696         697
L             0.001348   3.015e-04   1.076e-08   4.751e-06   8.861e-04   1.067e-05   1.371e-08    0.003177   2.444e-04   5.606e-05    0.074852   1.198e-06    0.002539    0.060496   8.357e-10    0.083288   1.847e-04
ln L         -6.608850   -8.106741  -18.347301  -12.257149   -7.028725  -11.447875  -18.105004   -5.751678   -8.316535   -9.789160   -2.592238  -13.635189   -5.975837   -2.805178  -20.902773   -2.485446   -8.596850

site               698         699         700         701         702         703         704         705         706         707         708         709         710         711         712         713         714
L            1.935e-05   7.754e-06   8.569e-05    0.074852   4.773e-06    0.060496   5.791e-04    0.007216   2.536e-04   4.423e-06   3.615e-05   4.783e-06   2.299e-07    0.074852    0.074852   2.901e-06    0.006986
ln L        -10.853029  -11.767319   -9.364732   -2.592238  -12.252442   -2.805178   -7.453975   -4.931454   -8.279592  -12.328595  -10.227751  -12.250434  -15.285486   -2.592238   -2.592238  -12.750388   -4.963890

site               715         716         717         718         719         720         721         722         723         724         725         726         727         728         729         730         731
L             0.060496   2.266e-05   7.548e-06   1.402e-04   7.099e-09   4.657e-06   6.107e-04   3.161e-07    0.083288    0.006084    0.007685   4.393e-06    0.005892   6.339e-07   5.061e-04   1.236e-05   6.072e-06
ln L         -2.805178  -10.695053  -11.794275   -8.872493  -18.763351  -12.277138   -7.400826  -14.967108   -2.485446   -5.102171   -4.868429  -12.335446   -5.134234  -14.271414   -7.588806  -11.301350  -12.011746

site               732         733         734         735         736         737         738         739         740         741         742         743         744         745         746         747         748
L             0.083288    0.083288   1.558e-04   8.620e-04   5.470e-04   6.671e-08   1.262e-05    0.083288   4.557e-06    0.002768    0.083288    0.083288    0.083288   2.532e-04   2.159e-05   4.350e-05   2.794e-07
ln L         -2.485446   -2.485446   -8.767012   -7.056310   -7.511104  -16.522877  -11.279908   -2.485446  -12.298895   -5.889659   -2.485446   -2.485446   -2.485446   -8.281495  -10.743377  -10.042854  -15.090728

site               749         750         751         752         753         754         755         756         757         758         759         760         761         762         763         764         765
L            8.092e-06   7.450e-08   5.470e-06    0.006323    0.060496    0.083288   2.316e-06    0.001981    0.074852   3.083e-07   6.865e-07    0.006323   1.393e-06    0.060496    0.083288   4.064e-05    0.016894
ln L        -11.724632  -16.412411  -12.116193   -5.063503   -2.805178   -2.485446  -12.975557   -6.224313   -2.592238  -14.992300  -14.191717   -5.063503  -13.484238   -2.805178   -2.485446  -10.110689   -4.080773

site               766         767         768         769         770         771         772         773         774         775         776         777         778         779         780         781         782
L             0.060496   6.672e-04    0.083288    0.083288    0.083288   1.167e-05   2.566e-05   5.591e-09   1.484e-08    0.001503   4.919e-06   3.713e-07    0.060496   1.214e-05   9.978e-05   2.666e-04   3.801e-07
ln L         -2.805178   -7.312490   -2.485446   -2.485446   -2.485446  -11.358635  -10.570666  -19.002114  -18.025951   -6.500478  -12.222384  -14.806193   -2.805178  -11.319268   -9.212551   -8.229800  -14.782847

site               783         784         785         786         787         788         789         790         791         792         793         794         795         796         797         798         799
L             0.060496   1.056e-05   1.858e-05   2.902e-05    0.074852   3.478e-04    0.005318    0.060496   3.394e-06    0.083288    0.002351   3.295e-10    0.083288   1.945e-05   1.107e-05    0.083288    0.016894
ln L         -2.805178  -11.458856  -10.893400  -10.447441   -2.592238   -7.963991   -5.236648   -2.805178  -12.593444   -2.485446   -6.052706  -21.833575   -2.485446  -10.847428  -11.411316   -2.485446   -4.080773

site               800         801         802         803         804         805         806         807         808         809         810         811         812         813         814         815         816
L            1.538e-06    0.006949    0.005318   2.785e-07   1.075e-07    0.003177   6.557e-06   2.666e-04    0.074852   1.326e-05    0.083288   6.465e-04   1.968e-04    0.007974   1.345e-04   7.358e-06   4.255e-06
ln L        -13.384869   -4.969203   -5.236648  -15.093889  -16.045934   -5.751678  -11.934961   -8.229800   -2.592238  -11.230649   -2.485446   -7.344004   -8.533430   -4.831539   -8.913888  -11.819758  -12.367365

site               817         818         819         820         821         822         823         824         825         826         827         828         829         830         831         832         833
L             0.060496    0.007216    0.060496    0.001683   4.321e-07   1.843e-04    0.060496   7.144e-10   1.067e-04   5.414e-06    0.005710   5.637e-06   2.261e-05    0.083288   1.123e-04   4.273e-06   2.262e-05
ln L         -2.805178   -4.931454   -2.805178   -6.387045  -14.654505   -8.598683   -2.805178  -21.059647   -9.145099  -12.126507   -5.165577  -12.086093  -10.697284   -2.485446   -9.094069  -12.363278  -10.696798

site               834         835         836         837         838         839         840         841         842         843         844         845         846         847         848         849         850
L             0.074852    0.083288    0.083288    0.016894    0.083288    0.083288   4.796e-05   9.688e-05   4.924e-05    0.083288   8.729e-04   1.149e-05    0.001117    0.060496   2.413e-05    0.002507    0.001265
ln L         -2.592238   -2.485446   -2.485446   -4.080773   -2.485446   -2.485446   -9.945235   -9.242041   -9.918734   -2.485446   -7.043661  -11.373935   -6.796789   -2.805178  -10.631980   -5.988684   -6.672970

site               851         852         853         854         855         856         857         858         859         860         861         862         863         864         865         866         867
L            3.364e-10    0.083288   1.122e-05    0.001314    0.060496    0.016894   6.044e-06    0.002539    0.001117   1.094e-05    0.060496    0.016894    0.083288   6.318e-04    0.001554   5.958e-05    0.001348
ln L        -21.812597   -2.485446  -11.398014   -6.634327   -2.805178   -4.080773  -12.016511   -5.975837   -6.796789  -11.423428   -2.805178   -4.080773   -2.485446   -7.366947   -6.466766   -9.728243   -6.608850

site               868         869         870         871         872         873         874         875         876         877         878         879         880         881         882         883         884
L            8.588e-05   1.937e-08    0.083288    0.002243    0.006315    0.074852    0.083288   9.372e-05    0.083288    0.074852   5.922e-06   4.114e-07   5.601e-04   7.539e-07   6.348e-07   7.545e-04   1.303e-05
ln L         -9.362518  -17.759405   -2.485446   -6.100032   -5.064802   -2.592238   -2.485446   -9.275191   -2.485446   -2.592238  -12.036757  -14.703750   -7.487478  -14.098067  -14.270009   -7.189469  -11.248147

site               885         886         887         888         889         890         891         892         893         894         895         896         897         898
L             0.006315    0.060496    0.002081    0.003408    0.002502   2.670e-08   1.391e-04    0.060496    0.005539    0.083288    0.016894    0.074852    0.060496    0.060496
ln L         -5.064802   -2.805178   -6.174901   -5.681528   -5.990572  -17.438456   -8.880174   -2.805178   -5.195854   -2.485446   -4.080773   -2.592238   -2.805178   -2.805178

Time used to compute likelihoods = 0.02 sec (CPU time = 0.23 sec)

Tree scores (and parameter estimates) written to file: ~/Library/CloudStorage/Dropbox/Lab/James McInerney/programming/MLDecay/debug_runs/mldecay_20250521_150942/site_lnl_Clade_3.txt
