--- STDOUT ---

P A U P *
Version 4.0a (build 168) for macOS (built on Aug  2 2020 at 06:41:30)
Wed May 21 15:10:52 2025

        -----------------------------NOTICE-----------------------------
          This is a test version that is still changing rapidly.
          Please report bugs to dave@phylosolutions.com
        ----------------------------------------------------------------

Running on Apple M3 Max
    16 CPU cores on 1 socket
    Executable built for Intel(R) 64 architecture
    Compiled using Intel compiler (icc) 11.1.0 (build 20091012)
    SSE vectorization enabled
    SSSE3 instructions supported
    Multithreading enabled using Pthreads

Processing of file "~/Library/CloudStorage/Dropbox/Lab/James McInerney/programming/MLDecay/debug_runs/mldecay_20250521_150942/site_analysis_Clade_6.nex" begins...

Processing of file "~/Library/CloudStorage/Dropbox/Lab/James McInerney/programming/MLDecay/debug_runs/mldecay_20250521_150942/alignment.nex" begins...

Data read in DNA format

Data matrix has 12 taxa, 898 characters
Valid character-state symbols: ACGT
Missing data identified by '?'
Gaps identified by '-'
"Equate" macros in effect:
   R,r ==> {AG}
   Y,y ==> {CT}
   M,m ==> {AC}
   K,k ==> {GT}
   S,s ==> {CG}
   W,w ==> {AT}
   H,h ==> {ACT}
   B,b ==> {CGT}
   V,v ==> {ACG}
   D,d ==> {AGT}
   N,n ==> {ACGT}

Processing of input file "alignment.nex" completed.

Optimality criterion set to likelihood.

Processing TREES block from file: ~/Library/CloudStorage/Dropbox/Lab/James McInerney/programming/MLDecay/debug_runs/mldecay_20250521_150942/ml_tree.tre
  Keeping: trees from file (replacing any trees already in memory)
  1 tree read from file

  Time used = 0.00 sec (CPU time = 0.00 sec)

Note: Input trees are rooted but current criterion and/or option settings would specify unrooted trees.  (You can deroot the trees using the 'derootTrees' command.)

Processing TREES block from file: ~/Library/CloudStorage/Dropbox/Lab/James McInerney/programming/MLDecay/debug_runs/mldecay_20250521_150942/constraint_tree_6.tre
  Keeping: trees in memory plus trees from file
  1 tree originally in memory
  1 tree read from file
  1 tree from file kept
  2 trees now in memory

  Time used = 0.00 sec (CPU time = 0.00 sec)

Note: Input trees are rooted but current criterion and/or option settings would specify unrooted trees.  (You can deroot the trees using the 'derootTrees' command.)

Likelihood scores of tree(s) in memory:
---------------------------------------
  898 characters are included
  All characters have equal weight
  Likelihood settings:
    Current model:
                             Data type = nucleotide
                DNA substitution types = 1
                     State frequencies = empirical: A=0.324121 C=0.30402 G=0.105528 T=0.266332
        Proportion of invariable sites = none
               Rates at variable sites = equal
                  Model correspondence = F81

    Number of distinct data patterns under this model = 413
    Molecular clock not enforced
    Starting branch lengths obtained using Rogers-Swofford approximation method
    Branch-length optimization = one-dimensional Newton-Raphson with pass limit=20, tolerance=1e-07
    Likelihood calculations performed in single precision
    Vector processing enabled
    Using standard Felsenstein pruning for computing likelihoods
    Conditional-likelihood rescaling threshold = 1e-20
    Using 14 parallel threads on 16 processors

Tree             1           2
------------------------------
-ln L     6303.661    6314.344

Likelihoods for each site on tree 1:

site                 1           2           3           4           5           6           7           8           9          10          11          12          13          14          15          16          17
L             0.085727    0.085727    0.017630    0.005603    0.062476    0.062476   3.606e-05    0.003892    0.002978   3.035e-07    0.017630    0.017630   3.604e-06    0.017630    0.077132    0.007084   2.005e-05
ln L         -2.456587   -2.456587   -4.038130   -5.184402   -2.772967   -2.772967  -10.230275   -5.548879   -5.816510  -15.007928   -4.038130   -4.038130  -12.533408   -4.038130   -2.562234   -4.949938  -10.817138

site                18          19          20          21          22          23          24          25          26          27          28          29          30          31          32          33          34
L            1.064e-04   3.598e-08   1.137e-05   4.091e-06   2.279e-06    0.077132    0.062476   4.931e-09    0.085727    0.062476   5.166e-06   7.650e-04    0.062476   8.772e-10    0.017630    0.077132   4.320e-06
ln L         -9.148160  -17.140367  -11.384453  -12.406741  -12.991821   -2.562234   -2.772967  -19.127626   -2.456587   -2.772967  -12.173326   -7.175615   -2.772967  -20.854252   -4.038130   -2.562234  -12.352344

site                35          36          37          38          39          40          41          42          43          44          45          46          47          48          49          50          51
L             0.077132    0.085727   2.421e-06    0.017630    0.017630   7.740e-09    0.005368    0.062476   9.997e-07    0.085727    0.077132   7.195e-06    0.062476    0.077132   1.925e-08    0.062476    0.077132
ln L         -2.562234   -2.456587  -12.931381   -4.038130   -4.038130  -18.676868   -5.227343   -2.772967  -13.815825   -2.456587   -2.562234  -11.842167   -2.772967   -2.562234  -17.765993   -2.772967   -2.562234

site                52          53          54          55          56          57          58          59          60          61          62          63          64          65          66          67          68
L            1.312e-04   4.409e-06    0.062476   2.774e-07   3.469e-07    0.003598   2.364e-06    0.062476    0.062476    0.005603    0.062476    0.017630    0.004207   7.536e-05    0.062476   1.062e-06    0.017630
ln L         -8.938629  -12.331764   -2.772967  -15.097890  -14.874240   -5.627305  -12.955324   -2.772967   -2.772967   -5.184402   -2.772967   -4.038130   -5.470923   -9.493274   -2.772967  -13.755200   -4.038130

site                69          70          71          72          73          74          75          76          77          78          79          80          81          82          83          84          85
L             0.077132   2.932e-04    0.085727    0.085727   7.252e-05    0.005560    0.077132    0.004673    0.085727    0.085727   1.090e-04    0.062476    0.085727   2.021e-05    0.017630    0.085727   5.956e-04
ln L         -2.562234   -8.134738   -2.456587   -2.456587   -9.531665   -5.192160   -2.562234   -5.366011   -2.456587   -2.456587   -9.124614   -2.772967   -2.456587  -10.809142   -4.038130   -2.456587   -7.425945

site                86          87          88          89          90          91          92          93          94          95          96          97          98          99         100         101         102
L             0.077132    0.017630   4.243e-05    0.002459    0.001713   6.145e-08    0.077132    0.085727   7.382e-05    0.085727   2.754e-04   4.575e-05    0.077132    0.017630   2.757e-06    0.085727   5.797e-05
ln L         -2.562234   -4.038130  -10.067736   -6.008059   -6.369387  -16.605048   -2.562234   -2.456587   -9.513817   -2.456587   -8.197467   -9.992351   -2.562234   -4.038130  -12.801269   -2.456587   -9.755642

site               103         104         105         106         107         108         109         110         111         112         113         114         115         116         117         118         119
L             0.002243    0.085727    0.062476    0.085727   2.080e-05   4.943e-04   1.661e-06    0.005368    0.062476   3.888e-07   1.290e-04    0.077132   1.052e-06    0.077132   2.889e-04   1.976e-05    0.017630
ln L         -6.100058   -2.456587   -2.772967   -2.456587  -10.780339   -7.612405  -13.308010   -5.227343   -2.772967  -14.760268   -8.955430   -2.562234  -13.764779   -2.562234   -8.149398  -10.831633   -4.038130

site               120         121         122         123         124         125         126         127         128         129         130         131         132         133         134         135         136
L             0.017630   2.189e-07    0.005120    0.062476   5.109e-08    0.077132    0.085727    0.085727    0.001390    0.003531   6.336e-08   2.102e-04    0.062476    0.004673   4.795e-04    0.062476   8.808e-05
ln L         -4.038130  -15.334852   -5.274549   -2.772967  -16.789760   -2.562234   -2.456587   -2.456587   -6.578329   -5.646211  -16.574472   -8.467663   -2.772967   -5.366011   -7.642761   -2.772967   -9.337247

site               137         138         139         140         141         142         143         144         145         146         147         148         149         150         151         152         153
L             0.077132    0.077132   6.083e-06    0.001353    0.062476   2.261e-07    0.002459   2.853e-04    0.085727    0.017630    0.002127   8.379e-07   4.996e-07    0.002884   7.682e-07    0.062476    0.017630
ln L         -2.562234   -2.562234  -12.010009   -6.605169   -2.772967  -15.302495   -6.008059   -8.161897   -2.456587   -4.038130   -6.153113  -13.992351  -14.509552   -5.848657  -14.079256   -2.772967   -4.038130

site               154         155         156         157         158         159         160         161         162         163         164         165         166         167         168         169         170
L             0.085727    0.062476    0.017630    0.085727   8.959e-05    0.062476   2.134e-08   7.224e-05   1.766e-04   3.081e-05    0.017630    0.077132    0.003853    0.085727    0.001559    0.005368    0.005603
ln L         -2.456587   -2.772967   -4.038130   -2.456587   -9.320283   -2.772967  -17.662488   -9.535537   -8.641399  -10.387569   -4.038130   -2.562234   -5.558954   -2.456587   -6.463427   -5.227343   -5.184402

site               171         172         173         174         175         176         177         178         179         180         181         182         183         184         185         186         187
L             0.062476   1.878e-04   3.420e-06    0.077132   1.205e-04    0.085727    0.085727    0.001737    0.077132    0.062476   5.253e-07    0.017630    0.077132    0.001737   5.874e-05    0.062476    0.006206
ln L         -2.772967   -8.579958  -12.585803   -2.562234   -9.024065   -2.456587   -2.456587   -6.355603   -2.562234   -2.772967  -14.459237   -4.038130   -2.562234   -6.355603   -9.742434   -2.772967   -5.082289

site               188         189         190         191         192         193         194         195         196         197         198         199         200         201         202         203         204
L             0.077132    0.077132    0.003204   1.343e-05    0.077132   1.401e-05   1.366e-04    0.077132   1.360e-06    0.085727    0.062476   1.987e-06    0.085727    0.085727   2.856e-07    0.002978    0.062476
ln L         -2.562234   -2.562234   -5.743280  -11.217868   -2.562234  -11.175466   -8.898110   -2.562234  -13.507993   -2.456587   -2.772967  -13.128708   -2.456587   -2.456587  -15.068733   -5.816510   -2.772967

site               205         206         207         208         209         210         211         212         213         214         215         216         217         218         219         220         221
L            3.282e-06   1.805e-04    0.062476   4.186e-08    0.017630    0.017630   2.899e-10    0.017630    0.085727   6.856e-04    0.005368    0.062476   8.299e-05    0.005003   7.686e-05   1.522e-05    0.001559
ln L        -12.626923   -8.619739   -2.772967  -16.989014   -4.038130   -4.038130  -21.961502   -4.038130   -2.456587   -7.285214   -5.227343   -2.772967   -9.396739   -5.297678   -9.473560  -11.092617   -6.463427

site               222         223         224         225         226         227         228         229         230         231         232         233         234         235         236         237         238
L             0.005003   1.652e-05    0.002040    0.003895   3.929e-05   5.547e-08    0.003355   4.428e-06   2.075e-06    0.077132   8.020e-06   6.145e-07    0.002633   2.002e-07    0.062476    0.062476   5.563e-06
ln L         -5.297678  -11.011080   -6.194944   -5.548079  -10.144501  -16.707361   -5.697444  -12.327663  -13.085327   -2.562234  -11.733629  -14.302495   -5.939653  -15.424090   -2.772967   -2.772967  -12.099288

site               239         240         241         242         243         244         245         246         247         248         249         250         251         252         253         254         255
L             0.062476    0.077132   1.574e-05    0.062476    0.017630   1.273e-07    0.001021    0.077132   1.544e-05   3.813e-04    0.085727   8.133e-06   5.105e-04   3.360e-06   1.192e-05    0.085727    0.077132
ln L         -2.772967   -2.562234  -11.058993   -2.772967   -4.038130  -15.876590   -6.887250   -2.562234  -11.078582   -7.872020   -2.456587  -11.719624   -7.580215  -12.603631  -11.336960   -2.456587   -2.562234

site               256         257         258         259         260         261         262         263         264         265         266         267         268         269         270         271         272
L            2.780e-07    0.001946    0.062476   1.049e-06   1.841e-07    0.002941   2.470e-07   6.172e-07    0.062476   1.726e-07    0.002459    0.002978   2.783e-05    0.017630    0.017630   1.257e-06   2.533e-08
ln L        -15.095725   -6.242175   -2.772967  -13.767984  -15.507773   -5.829130  -15.213996  -14.298037   -2.772967  -15.572145   -6.008059   -5.816510  -10.489545   -4.038130   -4.038130  -13.586761  -17.491111

site               273         274         275         276         277         278         279         280         281         282         283         284         285         286         287         288         289
L             0.001443   2.068e-08    0.085727    0.085727   7.329e-06    0.001390    0.005215   3.062e-04   4.394e-04    0.062476   7.728e-04   5.191e-04    0.062476   1.530e-07    0.085727    0.077132   2.813e-07
ln L         -6.540850  -17.694257   -2.456587   -2.456587  -11.823640   -6.578329   -5.256182   -8.091199   -7.730161   -2.772967   -7.165429   -7.563436   -2.772967  -15.692530   -2.456587   -2.562234  -15.083680

site               290         291         292         293         294         295         296         297         298         299         300         301         302         303         304         305         306
L            7.473e-04    0.077132   3.785e-04    0.077132    0.062476   4.500e-08    0.062476    0.085727    0.002978    0.062476    0.077132   1.015e-07    0.077132    0.062476   1.598e-08   3.238e-04    0.085727
ln L         -7.198989   -2.562234   -7.879341   -2.562234   -2.772967  -16.916608   -2.772967   -2.456587   -5.816510   -2.772967   -2.562234  -16.103555   -2.562234   -2.772967  -17.952118   -8.035463   -2.456587

site               307         308         309         310         311         312         313         314         315         316         317         318         319         320         321         322         323
L            2.822e-06    0.085727    0.062476   1.315e-07    0.005215    0.005334   7.416e-06    0.002354   4.040e-06   9.096e-07    0.005941   2.301e-04   4.668e-04   5.956e-04    0.001353    0.006206    0.077132
ln L        -12.778080   -2.456587   -2.772967  -15.844571   -5.256182   -5.233656  -11.811908   -6.051723  -12.419327  -13.910291   -5.125954   -8.376860   -7.669542   -7.425945   -6.605169   -5.082289   -2.562234

site               324         325         326         327         328         329         330         331         332         333         334         335         336         337         338         339         340
L             0.085727    0.002354    0.001525    0.017630   5.191e-04    0.017630    0.017630   6.095e-06   1.685e-10    0.003787   7.650e-04    0.005603   2.175e-04   2.223e-04    0.085727    0.077132   8.073e-04
ln L         -2.456587   -6.051723   -6.485579   -4.038130   -7.563436   -4.038130   -4.038130  -12.008110  -22.504099   -5.576269   -7.175615   -5.184402   -8.433441   -8.411606   -2.456587   -2.562234   -7.121812

site               341         342         343         344         345         346         347         348         349         350         351         352         353         354         355         356         357
L             0.001713    0.085727   3.398e-05    0.006532    0.002354    0.002978    0.004673   4.166e-04   3.825e-08    0.005334   2.551e-06   1.762e-06    0.085727    0.085727   8.442e-06    0.005334    0.062476
ln L         -6.369387   -2.456587  -10.289777   -5.030970   -6.051723   -5.816510   -5.366011   -7.783391  -17.079183   -5.233659  -12.879132  -13.249306   -2.456587   -2.456587  -11.682250   -5.233659   -2.772967

site               358         359         360         361         362         363         364         365         366         367         368         369         370         371         372         373         374
L             0.007084    0.085727    0.006206   5.557e-09    0.077132    0.077132   6.298e-07   3.251e-05    0.005368   7.420e-08    0.002941    0.062476   8.399e-06    0.085727    0.077132    0.007084    0.077132
ln L         -4.949938   -2.456587   -5.082289  -19.008191   -2.562234   -2.562234  -14.277853  -10.334079   -5.227343  -16.416465   -5.829130   -2.772967  -11.687438   -2.456587   -2.562234   -4.949938   -2.562234

site               375         376         377         378         379         380         381         382         383         384         385         386         387         388         389         390         391
L             0.017630    0.003334    0.017630    0.085727    0.085727    0.085727    0.085727   3.427e-07    0.085727   2.600e-08   5.722e-08   1.642e-05    0.062476   6.770e-05    0.085727    0.062476   7.235e-06
ln L         -4.038130   -5.703659   -4.038130   -2.456587   -2.456587   -2.456587   -2.456587  -14.886366   -2.456587  -17.465291  -16.676387  -11.016967   -2.772967   -9.600356   -2.456587   -2.772967  -11.836562

site               392         393         394         395         396         397         398         399         400         401         402         403         404         405         406         407         408
L            3.729e-07    0.003895   4.515e-06    0.001738    0.062476   1.137e-05    0.077132    0.085727    0.005368   5.878e-04    0.062476   2.409e-04   7.041e-06   1.258e-04   3.119e-05    0.077132    0.077132
ln L        -14.801967   -5.548079  -12.308009   -6.354920   -2.772967  -11.384453   -2.562234   -2.456587   -5.227343   -7.439160   -2.772967   -8.331065  -11.863772   -8.980891  -10.375538   -2.562234   -2.562234

site               409         410         411         412         413         414         415         416         417         418         419         420         421         422         423         424         425
L            4.525e-04   3.651e-05    0.062476   6.336e-09   3.954e-04    0.062476    0.001737    0.077132    0.062476   3.515e-08   1.436e-04    0.062476   4.668e-04   2.661e-05    0.077132   1.727e-06   1.920e-04
ln L         -7.700684  -10.217971   -2.772967  -18.877042   -7.835590   -2.772967   -6.355603   -2.562234   -2.772967  -17.163701   -8.848184   -2.772967   -7.669542  -10.534195   -2.562234  -13.269215   -8.558124

site               426         427         428         429         430         431         432         433         434         435         436         437         438         439         440         441         442
L             0.005215   3.395e-06    0.085727    0.002354    0.001566    0.077132    0.077132   6.426e-05   6.405e-04    0.001157   1.357e-07   1.048e-04    0.062476   3.591e-06    0.085727    0.062476   2.485e-07
ln L         -5.256182  -12.593257   -2.456587   -6.051723   -6.459506   -2.562234   -2.562234   -9.652524   -7.353331   -6.761780  -15.812709   -9.163806   -2.772967  -12.536998   -2.456587   -2.772967  -15.207950

site               443         444         445         446         447         448         449         450         451         452         453         454         455         456         457         458         459
L            3.981e-06    0.001531   9.364e-09    0.017630    0.017630   2.591e-08   1.938e-04    0.001711   2.593e-06   1.227e-06    0.005603   1.722e-09   2.370e-04   1.577e-04   8.206e-05    0.062476    0.017630
ln L        -12.433867   -6.481934  -18.486393   -4.038130   -4.038130  -17.468514   -8.548530   -6.370672  -12.862857  -13.611002   -5.184402  -20.179602   -8.347554   -8.755054   -9.408090   -2.772967   -4.038130

site               460         461         462         463         464         465         466         467         468         469         470         471         472         473         474         475         476
L             0.062476    0.085727   3.827e-04    0.005941    0.002941    0.085727    0.062476    0.085727    0.017630    0.062476    0.062476    0.062476    0.085727    0.002354   3.604e-06   4.956e-04    0.085727
ln L         -2.772967   -2.456587   -7.868218   -5.125954   -5.829130   -2.456587   -2.772967   -2.456587   -4.038130   -2.772967   -2.772967   -2.772967   -2.456587   -6.051723  -12.533408   -7.609813   -2.456587

site               477         478         479         480         481         482         483         484         485         486         487         488         489         490         491         492         493
L             0.085727    0.085727    0.085727    0.077132    0.085727   2.529e-05    0.001437    0.085727    0.017630    0.085727    0.001606    0.062476    0.017630    0.062476    0.017630    0.085727    0.002459
ln L         -2.456587   -2.456587   -2.456587   -2.562234   -2.456587  -10.585124   -6.545284   -2.456587   -4.038130   -2.456587   -6.434233   -2.772967   -4.038130   -2.772967   -4.038130   -2.456587   -6.008059

site               494         495         496         497         498         499         500         501         502         503         504         505         506         507         508         509         510
L             0.062476    0.077132    0.003895   6.405e-04    0.001851   2.247e-07   5.322e-05    0.085727    0.001437    0.085727    0.017630    0.001157   1.898e-05   9.787e-06    0.006532   3.617e-07   3.107e-08
ln L         -2.772967   -2.562234   -5.548079   -7.353331   -6.291780  -15.308533   -9.840999   -2.456587   -6.545284   -2.456587   -4.038130   -6.761780  -10.871901  -11.534453   -5.030970  -14.832454  -17.287134

site               511         512         513         514         515         516         517         518         519         520         521         522         523         524         525         526         527
L             0.001390    0.246216   2.698e-05   6.494e-08    0.097585    0.005603   2.059e-05   9.147e-04    0.077132    0.062476    0.062476    0.001390   2.513e-04    0.062476    0.062476    0.085727    0.077132
ln L         -6.578329   -1.401546  -10.520337  -16.549762   -2.327029   -5.184402  -10.790822   -6.996942   -2.562234   -2.772967   -2.772967   -6.578329   -8.288792   -2.772967   -2.772967   -2.456587   -2.562234

site               528         529         530         531         532         533         534         535         536         537         538         539         540         541         542         543         544
L             0.077132    0.001613    0.085727    0.017630    0.085727    0.085727    0.085727    0.001087    0.001713   7.315e-06    0.324121   1.393e-06   4.436e-06   3.152e-06   2.730e-04    0.004673    0.017630
ln L         -2.562234   -6.429592   -2.456587   -4.038130   -2.456587   -2.456587   -2.456587   -6.824746   -6.369387  -11.825588   -1.126640  -13.483926  -12.325725  -12.667540   -8.205930   -5.366011   -4.038130

site               545         546         547         548         549         550         551         552         553         554         555         556         557         558         559         560         561
L             0.001468   6.856e-04    0.077132    0.001606    0.017630    0.077132    0.062476    0.085727    0.085727   1.235e-07    0.003355    0.077132   1.592e-04   9.212e-08   4.762e-10   5.921e-08   1.881e-07
ln L         -6.524131   -7.285214   -2.562234   -6.434233   -4.038130   -2.562234   -2.772967   -2.456587   -2.456587  -15.906678   -5.697444   -2.562234   -8.745237  -16.200194  -21.465158  -16.642171  -15.486118

site               562         563         564         565         566         567         568         569         570         571         572         573         574         575         576         577         578
L            1.826e-06    0.077132    0.077132   2.885e-07    0.005334   7.417e-05   2.690e-07   1.806e-10    0.062476   1.145e-05    0.085727   3.023e-04    0.085727   5.398e-05   2.514e-04   1.772e-04   2.164e-04
ln L        -13.213463   -2.562234   -2.562234  -15.058450   -5.233656   -9.509198  -15.128738  -22.434931   -2.772967  -11.377623   -2.456587   -8.104129   -2.456587   -9.826963   -8.288316   -8.638336   -8.438503

site               579         580         581         582         583         584         585         586         587         588         589         590         591         592         593         594         595
L             0.017630    0.017630    0.003531    0.062476    0.004152   1.003e-04    0.077132    0.062476    0.005603    0.101475    0.001157    0.077132    0.062476    0.062476    0.062476    0.062476    0.085727
ln L         -4.038130   -4.038130   -5.646211   -2.772967   -5.484057   -9.206891   -2.562234   -2.772967   -5.184402   -2.287939   -6.761780   -2.562234   -2.772967   -2.772967   -2.772967   -2.772967   -2.456587

site               596         597         598         599         600         601         602         603         604         605         606         607         608         609         610         611         612
L             0.085727    0.085727    0.017630    0.017630    0.085727    0.062476    0.085727   6.008e-04   4.556e-04    0.085727    0.017630    0.001713   7.246e-05    0.085727    0.062476    0.077132    0.077132
ln L         -2.456587   -2.456587   -4.038130   -4.038130   -2.456587   -2.772967   -2.456587   -7.417317   -7.693970   -2.456587   -4.038130   -6.369387   -9.532490   -2.456587   -2.772967   -2.562234   -2.562234

site               613         614         615         616         617         618         619         620         621         622         623         624         625         626         627         628         629
L            2.680e-05    0.062476    0.005215    0.017630   2.754e-04   2.164e-04    0.077132    0.062476    0.062476    0.085727    0.017630    0.017630   8.073e-04   1.592e-06    0.003531    0.077132    0.002459
ln L        -10.527155   -2.772967   -5.256182   -4.038130   -8.197467   -8.438503   -2.562234   -2.772967   -2.772967   -2.456587   -4.038130   -4.038130   -7.121812  -13.350650   -5.646211   -2.562234   -6.008059

site               630         631         632         633         634         635         636         637         638         639         640         641         642         643         644         645         646
L             0.085727    0.085727    0.085727    0.085727   2.797e-06    0.001739    0.062476    0.062476    0.017630    0.017630    0.062476    0.017630    0.077132    0.085727    0.085727    0.077132    0.062476
ln L         -2.456587   -2.456587   -2.456587   -2.456587  -12.787065   -6.354313   -2.772967   -2.772967   -4.038130   -4.038130   -2.772967   -4.038130   -2.562234   -2.456587   -2.456587   -2.562234   -2.772967

site               647         648         649         650         651         652         653         654         655         656         657         658         659         660         661         662         663
L             0.077132    0.077132    0.085727    0.085727    0.085727    0.062476    0.085727    0.085727    0.085727    0.085727    0.017630    0.062476    0.085727    0.085727    0.002444    0.085727   4.201e-05
ln L         -2.562234   -2.562234   -2.456587   -2.456587   -2.456587   -2.772967   -2.456587   -2.456587   -2.456587   -2.456587   -4.038130   -2.772967   -2.456587   -2.456587   -6.014257   -2.456587  -10.077644

site               664         665         666         667         668         669         670         671         672         673         674         675         676         677         678         679         680
L            5.269e-04   5.553e-06   7.728e-04    0.062476   5.994e-04   1.315e-06   1.121e-04   1.205e-08   1.500e-05    0.005368   1.349e-04   2.167e-04    0.077132   5.170e-07    0.003279    0.005215    0.002005
ln L         -7.548449  -12.101149   -7.165429   -2.772967   -7.419557  -13.541310   -9.096282  -18.233865  -11.107718   -5.227343   -8.911330   -8.437120   -2.562234  -14.475244   -5.720102   -5.256182   -6.212002

site               681         682         683         684         685         686         687         688         689         690         691         692         693         694         695         696         697
L             0.001390   2.633e-04   8.318e-09   2.830e-06   9.147e-04   8.719e-06   1.211e-08    0.003355   2.075e-04   4.963e-05    0.077132   9.377e-07    0.002633    0.062476   1.096e-09    0.085727   1.402e-04
ln L         -6.578329   -8.242043  -18.604842  -12.775197   -6.996942  -11.649968  -18.228827   -5.697444   -8.480554   -9.910915   -2.562234  -13.879847   -5.939653   -2.772967  -20.631397   -2.456587   -8.872726

site               698         699         700         701         702         703         704         705         706         707         708         709         710         711         712         713         714
L            1.623e-05   4.635e-06   1.426e-04    0.077132   4.197e-06    0.062476   5.956e-04    0.006781   2.164e-04   4.184e-06   3.192e-05   4.100e-06   1.606e-07    0.077132    0.077132   2.326e-06    0.006206
ln L        -11.028658  -12.281928   -8.855244   -2.562234  -12.381117   -2.772967   -7.425945   -4.993602   -8.438503  -12.384162  -10.352135  -12.404541  -15.644389   -2.562234   -2.562234  -12.971280   -5.082289

site               715         716         717         718         719         720         721         722         723         724         725         726         727         728         729         730         731
L             0.062476   9.931e-06   7.636e-06   1.438e-04   6.940e-09   2.429e-05    0.002978   2.332e-07    0.085727    0.005120    0.006819   5.996e-06    0.005215   7.913e-07   5.191e-04   5.785e-05   5.182e-06
ln L         -2.772967  -11.519832  -11.782615   -8.847181  -18.785900  -10.625356   -5.816510  -15.271202   -2.456587   -5.274549   -4.988029  -12.024470   -5.256182  -14.049561   -7.563436   -9.757571  -12.170346

site               732         733         734         735         736         737         738         739         740         741         742         743         744         745         746         747         748
L             0.085727    0.085727   1.378e-04    0.003787   7.490e-04   1.100e-07   4.595e-05    0.085727   4.040e-06    0.002459    0.085727    0.085727    0.085727   2.023e-04   9.731e-06   4.985e-05   2.695e-07
ln L         -2.456587   -2.456587   -8.889976   -5.576269   -7.196760  -16.023032   -9.987967   -2.456587  -12.419327   -6.008059   -2.456587   -2.456587   -2.456587   -8.505985  -11.540235   -9.906471  -15.126851

site               749         750         751         752         753         754         755         756         757         758         759         760         761         762         763         764         765
L            6.582e-06   6.324e-08   5.576e-06    0.005334    0.062476    0.085727   1.926e-06    0.001667    0.077132   3.277e-07   5.189e-07    0.005334   1.154e-06    0.062476    0.085727   4.227e-05    0.017630
ln L        -11.931222  -16.576403  -12.097010   -5.233659   -2.772967   -2.456587  -13.160208   -6.396692   -2.562234  -14.931157  -14.471478   -5.233659  -13.672643   -2.772967   -2.456587  -10.071424   -4.038130

site               766         767         768         769         770         771         772         773         774         775         776         777         778         779         780         781         782
L             0.062476   6.887e-04    0.085727    0.085727    0.085727   7.806e-06   2.073e-05   6.408e-09   3.845e-08    0.001525   2.432e-05   3.751e-07    0.062476   1.037e-05   1.035e-04   3.103e-04   2.895e-07
ln L         -2.772967   -7.280690   -2.456587   -2.456587   -2.456587  -11.760566  -10.783824  -18.865739  -17.073876   -6.485579  -10.624021  -14.796016   -2.772967  -11.476806   -9.176403   -8.077950  -15.055142

site               783         784         785         786         787         788         789         790         791         792         793         794         795         796         797         798         799
L             0.062476   3.646e-05   1.498e-05   2.973e-05    0.077132   3.135e-04    0.005003    0.062476   2.420e-06    0.085727    0.002444   4.358e-10    0.085727   1.883e-05   1.520e-05    0.085727    0.017630
ln L         -2.772967  -10.219272  -11.108888  -10.423253   -2.562234   -8.067633   -5.297678   -2.772967  -12.931629   -2.456587   -6.014257  -21.553861   -2.456587  -10.880303  -11.094031   -2.456587   -4.038130

site               800         801         802         803         804         805         806         807         808         809         810         811         812         813         814         815         816
L            1.440e-06    0.006532    0.005003   2.481e-07   1.525e-07    0.003355   6.131e-06   3.103e-04    0.077132   1.283e-05    0.085727   4.795e-04   2.683e-04    0.007084   1.156e-04   6.625e-06   3.236e-06
ln L        -13.450804   -5.030970   -5.297678  -15.209557  -15.696168   -5.697444  -12.002082   -8.077950   -2.562234  -11.263903   -2.456587   -7.642761   -8.223550   -4.949938   -9.065045  -11.924602  -12.641241

site               817         818         819         820         821         822         823         824         825         826         827         828         829         830         831         832         833
L             0.062476    0.006781    0.062476    0.001712   4.529e-07   1.632e-04    0.062476   5.796e-10   1.003e-04   6.431e-06    0.005368   4.583e-06   2.262e-05    0.085727   9.974e-05   1.512e-06   3.114e-05
ln L         -2.772967   -4.993602   -2.772967   -6.370211  -14.607507   -8.720441   -2.772967  -21.268605   -9.206891  -11.954352   -5.227343  -12.293059  -10.696686   -2.456587   -9.212963  -13.402243  -10.376924

site               834         835         836         837         838         839         840         841         842         843         844         845         846         847         848         849         850
L             0.077132    0.085727    0.085727    0.017630    0.085727    0.085727   4.440e-05   8.566e-05   4.789e-05    0.085727   9.256e-04   1.111e-05    0.001157    0.062476   2.429e-05    0.002605    0.001331
ln L         -2.562234   -2.456587   -2.456587   -4.038130   -2.456587   -2.456587  -10.022291   -9.365150   -9.946543   -2.456587   -6.985036  -11.407691   -6.761780   -2.772967  -10.625420   -5.950235   -6.621467

site               851         852         853         854         855         856         857         858         859         860         861         862         863         864         865         866         867
L            1.495e-09    0.085727   1.175e-05    0.001353    0.062476    0.017630   6.146e-06    0.002633    0.001157   4.134e-05    0.062476    0.017630    0.085727   6.405e-04    0.001531   6.121e-05    0.001390
ln L        -20.320810   -2.456587  -11.351687   -6.605169   -2.772967   -4.038130  -11.999716   -5.939653   -6.761780  -10.093706   -2.772967   -4.038130   -2.456587   -7.353331   -6.481934   -9.701214   -6.578329

site               868         869         870         871         872         873         874         875         876         877         878         879         880         881         882         883         884
L            8.959e-05   1.557e-08    0.085727    0.001713    0.005603    0.077132    0.085727   8.377e-05    0.085727    0.077132   3.543e-06   3.050e-07   5.878e-04   5.603e-07   5.570e-07   7.650e-04   1.392e-05
ln L         -9.320283  -17.977779   -2.456587   -6.369387   -5.184402   -2.562234   -2.456587   -9.387463   -2.456587   -2.562234  -12.550513  -15.002923   -7.439183  -14.394770  -14.400722   -7.175615  -11.182160

site               885         886         887         888         889         890         891         892         893         894         895         896         897         898
L             0.005603    0.062476    0.002040    0.003598    0.002220   2.297e-08   1.153e-04    0.062476    0.004673    0.085727    0.017630    0.077132    0.062476    0.062476
ln L         -5.184402   -2.772967   -6.194944   -5.627305   -6.110171  -17.589089   -9.067690   -2.772967   -5.366011   -2.456587   -4.038130   -2.562234   -2.772967   -2.772967

Likelihoods for each site on tree 2:

site                 1           2           3           4           5           6           7           8           9          10          11          12          13          14          15          16          17
L             0.085033    0.085033    0.017430    0.005566    0.061919    0.061919   4.031e-05    0.003800    0.002898   3.339e-07    0.017430    0.017430   3.737e-06    0.017430    0.076486    0.007038   2.038e-05
ln L         -2.464715   -2.464715   -4.049551   -5.191068   -2.781927   -2.781927  -10.119009   -5.572683   -5.843678  -14.912440   -4.049551   -4.049551  -12.497179   -4.049551   -2.570648   -4.956373  -10.801184

site                18          19          20          21          22          23          24          25          26          27          28          29          30          31          32          33          34
L            1.109e-04   3.519e-08   1.403e-05   4.116e-06   2.253e-06    0.076486    0.061919   5.342e-09    0.085033    0.061919   5.229e-06   7.363e-04    0.061919   7.769e-10    0.017430    0.076486   4.308e-06
ln L         -9.106487  -17.162468  -11.174457  -12.400639  -13.003368   -2.570648   -2.781927  -19.047745   -2.464715   -2.781927  -12.161323   -7.213892   -2.781927  -20.975707   -4.049551   -2.570648  -12.354990

site                35          36          37          38          39          40          41          42          43          44          45          46          47          48          49          50          51
L             0.076486    0.085033   2.806e-06    0.017430    0.017430   7.706e-09    0.005371    0.061919   1.284e-06    0.085033    0.076486   2.385e-06    0.061919    0.076486   1.031e-08    0.061919    0.076486
ln L         -2.570648   -2.464715  -12.783645   -4.049551   -4.049551  -18.681249   -5.226731   -2.781927  -13.565650   -2.464715   -2.570648  -12.946197   -2.781927   -2.570648  -18.389788   -2.781927   -2.570648

site                52          53          54          55          56          57          58          59          60          61          62          63          64          65          66          67          68
L            1.368e-04   5.175e-06    0.061919   2.979e-07   3.853e-07    0.003509   2.381e-06    0.061919    0.061919    0.005566    0.061919    0.017430    0.004146   7.303e-05    0.061919   1.148e-06    0.017430
ln L         -8.896998  -12.171651   -2.781927  -15.026602  -14.769223   -5.652511  -12.948160   -2.781927   -2.781927   -5.191068   -2.781927   -4.049551   -5.485721   -9.524692   -2.781927  -13.677732   -4.049551

site                69          70          71          72          73          74          75          76          77          78          79          80          81          82          83          84          85
L             0.076486   2.873e-04    0.085033    0.085033   7.567e-05    0.005521    0.076486    0.004605    0.085033    0.085033   1.084e-04    0.061919    0.085033   2.094e-05    0.017430    0.085033   5.878e-04
ln L         -2.570648   -8.154960   -2.464715   -2.464715   -9.489075   -5.199264   -2.570648   -5.380525   -2.464715   -2.464715   -9.129245   -2.781927   -2.464715  -10.773749   -4.049551   -2.464715   -7.439050

site                86          87          88          89          90          91          92          93          94          95          96          97          98          99         100         101         102
L             0.076486    0.017430   4.506e-05    0.002443    0.001714   5.576e-08    0.076486    0.085033   7.238e-05    0.085033   2.876e-04   4.946e-05    0.076486    0.017430   2.922e-06    0.085033   6.355e-05
ln L         -2.570648   -4.049551  -10.007497   -6.014494   -6.368835  -16.702168   -2.570648   -2.464715   -9.533625   -2.464715   -8.154078   -9.914406   -2.570648   -4.049551  -12.743348   -2.464715   -9.663698

site               103         104         105         106         107         108         109         110         111         112         113         114         115         116         117         118         119
L             0.002243    0.085033    0.061919    0.085033   2.107e-05   4.948e-04   1.927e-06    0.005371    0.061919   7.145e-08   1.276e-04    0.076486   1.043e-06    0.076486   3.085e-05   1.980e-05    0.017430
ln L         -6.099984   -2.464715   -2.781927   -2.464715  -10.767494   -7.611303  -13.159301   -5.226731   -2.781927  -16.454302   -8.966384   -2.570648  -13.773469   -2.570648  -10.386363  -10.829957   -4.049551

site               120         121         122         123         124         125         126         127         128         129         130         131         132         133         134         135         136
L             0.017430   1.463e-07    0.005045    0.061919   3.805e-08    0.076486    0.085033    0.085033    0.001550    0.003446   3.900e-08   2.328e-04    0.061919    0.004605   4.802e-04    0.061919   9.190e-05
ln L         -4.049551  -15.737623   -5.289348   -2.781927  -17.084329   -2.570648   -2.464715   -2.464715   -6.469535   -5.670510  -17.059794   -8.365141   -2.781927   -5.380525   -7.641337   -2.781927   -9.294829

site               137         138         139         140         141         142         143         144         145         146         147         148         149         150         151         152         153
L             0.076486    0.076486   6.234e-06    0.001335    0.061919   2.381e-07    0.002443   2.798e-04    0.085033    0.017430    0.002128   8.466e-07   4.810e-07    0.002804   7.859e-07    0.061919    0.017430
ln L         -2.570648   -2.570648  -11.985422   -6.618600   -2.781927  -15.250467   -6.014494   -8.181525   -2.464715   -4.049551   -6.152500  -13.982093  -14.547316   -5.876548  -14.056455   -2.781927   -4.049551

site               154         155         156         157         158         159         160         161         162         163         164         165         166         167         168         169         170
L             0.085033    0.061919    0.017430    0.085033   8.681e-05    0.061919   3.999e-09   7.814e-05   1.745e-04   2.931e-05    0.017430    0.076486    0.003752    0.085033    0.001557    0.005371    0.005566
ln L         -2.464715   -2.781927   -4.049551   -2.464715   -9.351768   -2.781927  -19.337184   -9.456950   -8.653453  -10.437631   -4.049551   -2.570648   -5.585490   -2.464715   -6.465192   -5.226731   -5.191068

site               171         172         173         174         175         176         177         178         179         180         181         182         183         184         185         186         187
L             0.061919   1.829e-04   7.632e-06    0.076486   1.168e-04    0.085033    0.085033    0.001671    0.076486    0.061919   6.995e-07    0.017430    0.076486    0.001671   5.912e-05    0.061919    0.006166
ln L         -2.781927   -8.606508  -11.783203   -2.570648   -9.055064   -2.464715   -2.464715   -6.394354   -2.570648   -2.781927  -14.172947   -4.049551   -2.570648   -6.394354   -9.735913   -2.781927   -5.088725

site               188         189         190         191         192         193         194         195         196         197         198         199         200         201         202         203         204
L             0.076486    0.076486    0.003233   1.304e-05    0.076486   1.396e-05   1.360e-04    0.076486   3.065e-07    0.085033    0.061919   1.999e-06    0.085033    0.085033   3.317e-07    0.002898    0.061919
ln L         -2.570648   -2.570648   -5.734231  -11.247179   -2.570648  -11.179168   -8.903095   -2.570648  -14.998167   -2.464715   -2.781927  -13.122883   -2.464715   -2.464715  -14.919112   -5.843678   -2.781927

site               205         206         207         208         209         210         211         212         213         214         215         216         217         218         219         220         221
L            3.724e-06   1.788e-04    0.061919   4.015e-08    0.017430    0.017430   2.407e-10    0.017430    0.085033   6.642e-04    0.005371    0.061919   8.297e-05    0.005004   1.226e-05   1.600e-05    0.001557
ln L        -12.500763   -8.629422   -2.781927  -17.030627   -4.049551   -4.049551  -22.147523   -4.049551   -2.464715   -7.316869   -5.226731   -2.781927   -9.397045   -5.297503  -11.309472  -11.043182   -6.465192

site               222         223         224         225         226         227         228         229         230         231         232         233         234         235         236         237         238
L             0.005004   1.774e-05    0.002358    0.003836   4.168e-05   6.148e-08    0.003271   4.977e-06   2.141e-06    0.076486   7.906e-06   1.248e-07    0.002657   1.911e-07    0.061919    0.061919   5.419e-06
ln L         -5.297503  -10.939514   -6.050135   -5.563413  -10.085399  -16.604499   -5.722662  -12.210767  -13.054163   -2.570648  -11.747904  -15.896182   -5.930604  -15.470694   -2.781927   -2.781927  -12.125605

site               239         240         241         242         243         244         245         246         247         248         249         250         251         252         253         254         255
L             0.061919    0.076486   1.688e-05    0.061919    0.017430   1.430e-07    0.001139    0.076486   1.734e-05   3.748e-04    0.085033   9.218e-06   5.117e-04   9.241e-06   9.135e-06    0.085033    0.076486
ln L         -2.781927   -2.570648  -10.989418   -2.781927   -4.049551  -15.760384   -6.777398   -2.570648  -10.962780   -7.889017   -2.464715  -11.594386   -7.577850  -11.591900  -11.603379   -2.464715   -2.570648

site               256         257         258         259         260         261         262         263         264         265         266         267         268         269         270         271         272
L            2.771e-07    0.002009    0.061919   6.880e-07   3.784e-08    0.003282   2.505e-07   6.513e-07    0.061919   2.610e-07    0.002443    0.002898   3.087e-05    0.017430    0.017430   1.364e-06   2.534e-08
ln L        -15.099000   -6.209911   -2.781927  -14.189549  -17.089871   -5.719276  -15.199722  -14.244359   -2.781927  -15.158780   -6.014494   -5.843678  -10.385747   -4.049551   -4.049551  -13.505321  -17.490813

site               273         274         275         276         277         278         279         280         281         282         283         284         285         286         287         288         289
L             0.001397   2.250e-08    0.085033    0.085033   7.281e-06    0.001550    0.005178   2.999e-04   4.307e-04    0.061919   7.568e-04   5.195e-04    0.061919   1.505e-07    0.085033    0.076486   3.063e-07
ln L         -6.573707  -17.609924   -2.464715   -2.464715  -11.830262   -6.469535   -5.263286   -8.112176   -7.750035   -2.781927   -7.186407   -7.562717   -2.781927  -15.709393   -2.464715   -2.570648  -14.998629

site               290         291         292         293         294         295         296         297         298         299         300         301         302         303         304         305         306
L            7.537e-04    0.076486   3.765e-04    0.076486    0.061919   5.229e-08    0.061919    0.085033    0.002898    0.061919    0.076486   1.259e-07    0.076486    0.061919   1.505e-08   3.275e-04    0.085033
ln L         -7.190475   -2.570648   -7.884604   -2.570648   -2.781927  -16.766400   -2.781927   -2.464715   -5.843678   -2.781927   -2.570648  -15.887738   -2.570648   -2.781927  -18.011777   -8.023962   -2.464715

site               307         308         309         310         311         312         313         314         315         316         317         318         319         320         321         322         323
L            3.306e-06    0.085033    0.061919   1.302e-07    0.005178    0.005335   9.591e-06    0.002356   4.485e-06   9.185e-07    0.005946   2.569e-04   4.660e-04   5.878e-04    0.001335    0.006166    0.076486
ln L        -12.619722   -2.464715   -2.781927  -15.853825   -5.263286   -5.233481  -11.554667   -6.050881  -12.314723  -13.900503   -5.125111   -8.266824   -7.671405   -7.439050   -6.618600   -5.088725   -2.570648

site               324         325         326         327         328         329         330         331         332         333         334         335         336         337         338         339         340
L             0.085033    0.002356    0.001576    0.017430   5.195e-04    0.017430    0.017430   9.837e-06   1.737e-10    0.003686   7.363e-04    0.005566   2.198e-04   2.480e-04    0.085033    0.076486   8.708e-04
ln L         -2.464715   -6.050881   -6.453070   -4.049551   -7.562717   -4.049551   -4.049551  -11.529370  -22.473614   -5.603189   -7.213892   -5.191068   -8.422597   -8.302008   -2.464715   -2.570648   -7.046046

site               341         342         343         344         345         346         347         348         349         350         351         352         353         354         355         356         357
L             0.001714    0.085033   3.316e-05    0.006536    0.002356    0.002898    0.004605   4.151e-04   5.412e-08    0.005257   2.468e-06   1.895e-06    0.085033    0.085033   8.416e-06    0.005257    0.061919
ln L         -6.368835   -2.464715  -10.314275   -5.030358   -6.050881   -5.843678   -5.380525   -7.786931  -16.732152   -5.248174  -12.911981  -13.176033   -2.464715   -2.464715  -11.685400   -5.248174   -2.781927

site               358         359         360         361         362         363         364         365         366         367         368         369         370         371         372         373         374
L             0.007038    0.085033    0.006166   5.352e-09    0.076486    0.076486   6.774e-07   3.346e-05    0.005371   1.142e-07    0.003282    0.061919   8.184e-06    0.085033    0.076486    0.007038    0.076486
ln L         -4.956373   -2.464715   -5.088725  -19.045779   -2.570648   -2.570648  -14.205050  -10.305064   -5.226731  -15.985430   -5.719276   -2.781927  -11.713313   -2.464715   -2.570648   -4.956373   -2.570648

site               375         376         377         378         379         380         381         382         383         384         385         386         387         388         389         390         391
L             0.017430    0.003364    0.017430    0.085033    0.085033    0.085033    0.085033   3.691e-07    0.085033   2.584e-08   2.027e-08   1.233e-05    0.061919   1.159e-05    0.085033    0.061919   7.159e-06
ln L         -4.049551   -5.694543   -4.049551   -2.464715   -2.464715   -2.464715   -2.464715  -14.812155   -2.464715  -17.471438  -17.714153  -11.303611   -2.781927  -11.365529   -2.464715   -2.781927  -11.847207

site               392         393         394         395         396         397         398         399         400         401         402         403         404         405         406         407         408
L            4.178e-07    0.003836   5.022e-06    0.001715    0.061919   1.403e-05    0.076486    0.085033    0.005371   5.862e-04    0.061919   2.327e-04   7.044e-06   1.340e-04   3.232e-05    0.076486    0.076486
ln L        -14.688352   -5.563413  -12.201698   -6.368236   -2.781927  -11.174457   -2.570648   -2.464715   -5.226731   -7.441925   -2.781927   -8.365826  -11.863312   -8.917673  -10.339770   -2.570648   -2.570648

site               409         410         411         412         413         414         415         416         417         418         419         420         421         422         423         424         425
L            4.587e-04   3.977e-05    0.061919   6.538e-09   3.883e-04    0.061919    0.001671    0.076486    0.061919   3.432e-08   1.441e-04    0.061919   4.660e-04   2.650e-05    0.076486   1.677e-06   1.921e-04
ln L         -7.687079  -10.132372   -2.781927  -18.845698   -7.853729   -2.781927   -6.394354   -2.570648   -2.781927  -17.187590   -8.844659   -2.781927   -7.671405  -10.538227   -2.570648  -13.298221   -8.557751

site               426         427         428         429         430         431         432         433         434         435         436         437         438         439         440         441         442
L             0.005178   3.281e-06    0.085033    0.002356    0.001544    0.076486    0.076486   7.145e-05   6.613e-04    0.001168   1.354e-07   1.049e-04    0.061919   3.488e-06    0.085033    0.061919   7.781e-08
ln L         -5.263286  -12.627490   -2.464715   -6.050881   -6.473163   -2.570648   -2.570648   -9.546581   -7.321360   -6.752664  -15.815015   -9.162878   -2.781927  -12.566092   -2.464715   -2.781927  -16.369025

site               443         444         445         446         447         448         449         450         451         452         453         454         455         456         457         458         459
L            4.082e-06    0.001773   1.122e-08    0.017430    0.017430   2.579e-08   1.936e-04    0.001709   2.520e-06   1.260e-06    0.005566   1.406e-09   2.653e-04   1.581e-04   8.283e-05    0.061919    0.017430
ln L        -12.408882   -6.335141  -18.305982   -4.049551   -4.049551  -17.473322   -8.549743   -6.371679  -12.891385  -13.584260   -5.191068  -20.382719   -8.234525   -8.752153   -9.398679   -2.781927   -4.049551

site               460         461         462         463         464         465         466         467         468         469         470         471         472         473         474         475         476
L             0.061919    0.085033   3.806e-04    0.005946    0.003282    0.085033    0.061919    0.085033    0.017430    0.061919    0.061919    0.061919    0.085033    0.002356   3.737e-06   5.242e-04    0.085033
ln L         -2.781927   -2.464715   -7.873885   -5.125111   -5.719276   -2.464715   -2.781927   -2.464715   -4.049551   -2.781927   -2.781927   -2.781927   -2.464715   -6.050881  -12.497179   -7.553620   -2.464715

site               477         478         479         480         481         482         483         484         485         486         487         488         489         490         491         492         493
L             0.085033    0.085033    0.085033    0.076486    0.085033   2.462e-05    0.001485    0.085033    0.017430    0.085033    0.001543    0.061919    0.017430    0.061919    0.017430    0.085033    0.002443
ln L         -2.464715   -2.464715   -2.464715   -2.570648   -2.464715  -10.611978   -6.512150   -2.464715   -4.049551   -2.464715   -6.473885   -2.781927   -4.049551   -2.781927   -4.049551   -2.464715   -6.014494

site               494         495         496         497         498         499         500         501         502         503         504         505         506         507         508         509         510
L             0.061919    0.076486    0.003836   6.613e-04    0.001825   2.509e-07   5.203e-05    0.085033    0.001485    0.085033    0.017430    0.001168   1.900e-05   9.889e-06    0.006536   3.693e-07   3.153e-08
ln L         -2.781927   -2.570648   -5.563413   -7.321360   -6.306295  -15.198023   -9.863603   -2.464715   -6.512150   -2.464715   -4.049551   -6.752664  -10.871103  -11.524136   -5.030358  -14.811766  -17.272344

site               511         512         513         514         515         516         517         518         519         520         521         522         523         524         525         526         527
L             0.001550    0.246271   2.563e-05   7.170e-08    0.096720    0.005566   2.377e-05   1.399e-04    0.076486    0.061919    0.061919    0.001550   2.828e-04    0.061919    0.061919    0.085033    0.076486
ln L         -6.469535   -1.401321  -10.571757  -16.450838   -2.335931   -5.191068  -10.647062   -8.874724   -2.570648   -2.781927   -2.781927   -6.469535   -8.170772   -2.781927   -2.781927   -2.464715   -2.570648

site               528         529         530         531         532         533         534         535         536         537         538         539         540         541         542         543         544
L             0.076486    0.001599    0.085033    0.017430    0.085033    0.085033    0.085033    0.001055    0.001714   7.931e-06    0.324121   1.318e-06   5.084e-06   3.127e-06   2.730e-04    0.004605    0.017430
ln L         -2.570648   -6.438604   -2.464715   -4.049551   -2.464715   -2.464715   -2.464715   -6.854180   -6.368835  -11.744695   -1.126640  -13.539297  -12.189447  -12.675368   -8.205948   -5.380525   -4.049551

site               545         546         547         548         549         550         551         552         553         554         555         556         557         558         559         560         561
L             0.001433   6.642e-04    0.076486    0.001543    0.017430    0.076486    0.061919    0.085033    0.085033   1.230e-07    0.003271    0.076486   1.598e-04   1.024e-07   3.830e-10   6.535e-08   2.118e-07
ln L         -6.548034   -7.316869   -2.570648   -6.473885   -4.049551   -2.570648   -2.781927   -2.464715   -2.464715  -15.910736   -5.722662   -2.570648   -8.741488  -16.094759  -21.682909  -16.543524  -15.367546

site               562         563         564         565         566         567         568         569         570         571         572         573         574         575         576         577         578
L            2.117e-06    0.076486    0.076486   2.810e-07    0.005335   7.431e-05   2.680e-07   1.662e-10    0.061919   1.347e-05    0.085033   2.957e-04    0.085033   5.277e-05   2.662e-04   1.776e-04   2.112e-04
ln L        -13.065608   -2.570648   -2.570648  -15.084855   -5.233481   -9.507266  -15.132367  -22.517771   -2.781927  -11.214734   -2.464715   -8.126193   -2.464715   -9.849572   -8.231153   -8.635971   -8.462714

site               579         580         581         582         583         584         585         586         587         588         589         590         591         592         593         594         595
L             0.017430    0.017430    0.003446    0.061919    0.004089   9.985e-05    0.076486    0.061919    0.005566    0.100680    0.001168    0.076486    0.061919    0.061919    0.061919    0.061919    0.085033
ln L         -4.049551   -4.049551   -5.670510   -2.781927   -5.499391   -9.211792   -2.570648   -2.781927   -5.191068   -2.295804   -6.752664   -2.570648   -2.781927   -2.781927   -2.781927   -2.781927   -2.464715

site               596         597         598         599         600         601         602         603         604         605         606         607         608         609         610         611         612
L             0.085033    0.085033    0.017430    0.017430    0.085033    0.061919    0.085033   6.024e-04   4.512e-04    0.085033    0.017430    0.001714   7.010e-05    0.085033    0.061919    0.076486    0.076486
ln L         -2.464715   -2.464715   -4.049551   -4.049551   -2.464715   -2.781927   -2.464715   -7.414533   -7.703653   -2.464715   -4.049551   -6.368835   -9.565643   -2.464715   -2.781927   -2.570648   -2.570648

site               613         614         615         616         617         618         619         620         621         622         623         624         625         626         627         628         629
L            2.689e-05    0.061919    0.005178    0.017430   2.876e-04   2.112e-04    0.076486    0.061919    0.061919    0.085033    0.017430    0.017430   8.708e-04   2.454e-06    0.003446    0.076486    0.002443
ln L        -10.523761   -2.781927   -5.263286   -4.049551   -8.154078   -8.462714   -2.570648   -2.781927   -2.781927   -2.464715   -4.049551   -4.049551   -7.046046  -12.917822   -5.670510   -2.570648   -6.014494

site               630         631         632         633         634         635         636         637         638         639         640         641         642         643         644         645         646
L             0.085033    0.085033    0.085033    0.085033   2.896e-06    0.002014    0.061919    0.061919    0.017430    0.017430    0.061919    0.017430    0.076486    0.085033    0.085033    0.076486    0.061919
ln L         -2.464715   -2.464715   -2.464715   -2.464715  -12.752254   -6.207743   -2.781927   -2.781927   -4.049551   -4.049551   -2.781927   -4.049551   -2.570648   -2.464715   -2.464715   -2.570648   -2.781927

site               647         648         649         650         651         652         653         654         655         656         657         658         659         660         661         662         663
L             0.076486    0.076486    0.085033    0.085033    0.085033    0.061919    0.085033    0.085033    0.085033    0.085033    0.017430    0.061919    0.085033    0.085033    0.002466    0.085033   4.931e-05
ln L         -2.570648   -2.570648   -2.464715   -2.464715   -2.464715   -2.781927   -2.464715   -2.464715   -2.464715   -2.464715   -4.049551   -2.781927   -2.464715   -2.464715   -6.005328   -2.464715   -9.917422

site               664         665         666         667         668         669         670         671         672         673         674         675         676         677         678         679         680
L            5.510e-04   5.880e-06   7.568e-04    0.061919   5.951e-04   1.396e-06   1.129e-04   1.222e-08   1.467e-05    0.005371   1.396e-04   2.334e-04    0.076486   5.181e-07    0.003193    0.005178    0.002317
ln L         -7.503721  -12.043937   -7.186407   -2.781927   -7.426714  -13.481589   -9.089019  -18.220465  -11.130012   -5.226731   -8.877070   -8.362641   -2.570648  -14.473117   -5.746801   -5.263286   -6.067430

site               681         682         683         684         685         686         687         688         689         690         691         692         693         694         695         696         697
L             0.001550   2.588e-04   1.596e-08   2.945e-06   1.399e-04   6.392e-06   1.292e-08    0.003271   2.082e-04   4.816e-05    0.076486   9.520e-07    0.002657    0.061919   1.082e-09    0.085033   1.604e-04
ln L         -6.469535   -8.259456  -17.952881  -12.735557   -8.874724  -11.960486  -18.164724   -5.722662   -8.476912   -9.940878   -2.570648  -13.864693   -5.930604   -2.781927  -20.644548   -2.464715   -8.738065

site               698         699         700         701         702         703         704         705         706         707         708         709         710         711         712         713         714
L            1.565e-05   4.603e-06   1.412e-04    0.076486   4.198e-06    0.061919   5.878e-04    0.006787   2.112e-04   4.242e-06   3.168e-05   3.995e-06   1.587e-07    0.076486    0.076486   2.599e-06    0.006166
ln L        -11.064836  -12.288703   -8.865003   -2.570648  -12.380831   -2.781927   -7.439050   -4.992760   -8.462714  -12.370582  -10.359918  -12.430370  -15.656072   -2.570648   -2.570648  -12.860305   -5.088725

site               715         716         717         718         719         720         721         722         723         724         725         726         727         728         729         730         731
L             0.061919   1.035e-05   7.905e-06   1.663e-04   7.581e-09   2.468e-05    0.002898   6.185e-07    0.085033    0.005045    0.006774   5.732e-06    0.005178   7.545e-07   5.195e-04   5.598e-05   4.908e-06
ln L         -2.781927  -11.478408  -11.748053   -8.701811  -18.697620  -10.609713   -5.843678  -14.295967   -2.464715   -5.289348   -4.994695  -12.069511   -5.263286  -14.097183   -7.562717   -9.790475  -12.224543

site               732         733         734         735         736         737         738         739         740         741         742         743         744         745         746         747         748
L             0.085033    0.085033   1.336e-04    0.003686   7.332e-04   1.142e-07   4.738e-05    0.085033   4.485e-06    0.002443    0.085033    0.085033    0.085033   2.027e-04   1.072e-05   4.998e-05   2.767e-07
ln L         -2.464715   -2.464715   -8.920297   -5.603189   -7.218148  -15.985182   -9.957307   -2.464715  -12.314723   -6.014494   -2.464715   -2.464715   -2.464715   -8.503619  -11.443314   -9.903987  -15.100243

site               749         750         751         752         753         754         755         756         757         758         759         760         761         762         763         764         765
L            6.945e-06   2.584e-07   5.506e-06    0.005257    0.061919    0.085033   1.832e-06    0.001643    0.076486   1.419e-07   5.332e-07    0.005257   1.187e-06    0.061919    0.085033   2.575e-05    0.017430
ln L        -11.877495  -15.168899  -12.109733   -5.248174   -2.781927   -2.464715  -13.210166   -6.411490   -2.570648  -15.768031  -14.444437   -5.248174  -13.644106   -2.781927   -2.464715  -10.566947   -4.049551

site               766         767         768         769         770         771         772         773         774         775         776         777         778         779         780         781         782
L             0.061919   6.796e-04    0.085033    0.085033    0.085033   8.093e-06   2.282e-05   7.582e-09   1.217e-07    0.001576   2.576e-05   3.796e-07    0.061919   1.081e-05   1.027e-04   3.159e-04   2.893e-07
ln L         -2.781927   -7.294005   -2.464715   -2.464715   -2.464715  -11.724544  -10.687934  -18.697531  -15.921459   -6.453070  -10.566559  -14.784075   -2.781927  -11.435409   -9.183659   -8.060194  -15.055658

site               783         784         785         786         787         788         789         790         791         792         793         794         795         796         797         798         799
L             0.061919   4.027e-05   9.592e-06   1.508e-04    0.076486   3.068e-04    0.005004    0.061919   2.720e-06    0.085033    0.002466   5.407e-10    0.085033   2.170e-05   1.480e-05    0.085033    0.017430
ln L         -2.781927  -10.119981  -11.554597   -8.799573   -2.570648   -8.089360   -5.297503   -2.781927  -12.814867   -2.464715   -6.005328  -21.338144   -2.464715  -10.738369  -11.120662   -2.464715   -4.049551

site               800         801         802         803         804         805         806         807         808         809         810         811         812         813         814         815         816
L            1.446e-06    0.006536    0.005004   2.788e-07   1.617e-07    0.003271   6.606e-06   3.159e-04    0.076486   4.785e-05    0.085033   4.802e-04   2.627e-04    0.007038   8.215e-05   6.452e-06   3.681e-06
ln L        -13.446384   -5.030358   -5.297503  -15.092658  -15.637608   -5.722662  -11.927541   -8.060194   -2.570648   -9.947509   -2.464715   -7.641337   -8.244528   -4.956373   -9.406995  -11.951096  -12.512258

site               817         818         819         820         821         822         823         824         825         826         827         828         829         830         831         832         833
L             0.061919    0.006787    0.061919    0.001645   6.722e-07   1.584e-04    0.061919   1.014e-09   9.985e-05   7.245e-06    0.005371   1.810e-06   4.539e-06    0.085033   9.715e-05   2.197e-06   3.117e-05
ln L         -2.781927   -4.992760   -2.781927   -6.409863  -14.212727   -8.750403   -2.781927  -20.709808   -9.211792  -11.835145   -5.226731  -13.222106  -12.302785   -2.464715   -9.239290  -13.028408  -10.376063

site               834         835         836         837         838         839         840         841         842         843         844         845         846         847         848         849         850
L             0.076486    0.085033    0.085033    0.017430    0.085033    0.085033   4.626e-05   8.584e-05   5.696e-05    0.085033   9.644e-04   4.440e-05    0.001168    0.061919   4.419e-06    0.002629    0.001299
ln L         -2.570648   -2.464715   -2.464715   -4.049551   -2.464715   -2.464715   -9.981330   -9.363017   -9.773233   -2.464715   -6.944040  -10.022272   -6.752664   -2.781927  -12.329571   -5.941306   -6.645864

site               851         852         853         854         855         856         857         858         859         860         861         862         863         864         865         866         867
L            1.530e-09    0.085033   1.121e-05    0.001335    0.061919    0.017430   5.885e-06    0.002657    0.001168   4.260e-05    0.061919    0.017430    0.085033   6.613e-04    0.001773   6.887e-05    0.001550
ln L        -20.297688   -2.464715  -11.398784   -6.618600   -2.781927   -4.049551  -12.043181   -5.930604   -6.752664  -10.063753   -2.781927   -4.049551   -2.464715   -7.321360   -6.335141   -9.583232   -6.469535

site               868         869         870         871         872         873         874         875         876         877         878         879         880         881         882         883         884
L            8.681e-05   1.574e-08    0.085033    0.001714    0.005566    0.076486    0.085033   8.469e-05    0.085033    0.076486   3.818e-06   3.173e-07   6.341e-04   5.913e-07   2.808e-07   7.363e-04   1.482e-05
ln L         -9.351768  -17.967242   -2.464715   -6.368835   -5.191068   -2.570648   -2.464715   -9.376558   -2.464715   -2.570648  -12.475754  -14.963379   -7.363339  -14.340893  -15.085641   -7.213892  -11.119853

site               885         886         887         888         889         890         891         892         893         894         895         896         897         898
L             0.005566    0.061919    0.002358    0.003509    0.002205   2.460e-08   1.103e-04    0.061919    0.004605    0.085033    0.017430    0.076486    0.061919    0.061919
ln L         -5.191068   -2.781927   -6.050135   -5.652511   -6.116838  -17.520493   -9.112758   -2.781927   -5.380525   -2.464715   -4.049551   -2.570648   -2.781927   -2.781927

Time used to compute likelihoods = 0.03 sec (CPU time = 0.30 sec)

Tree scores (and parameter estimates) written to file: ~/Library/CloudStorage/Dropbox/Lab/James McInerney/programming/MLDecay/debug_runs/mldecay_20250521_150942/site_lnl_Clade_6.txt
