--- STDOUT ---

P A U P *
Version 4.0a (build 168) for macOS (built on Aug  2 2020 at 06:41:30)
Wed May 21 15:10:54 2025

        -----------------------------NOTICE-----------------------------
          This is a test version that is still changing rapidly.
          Please report bugs to dave@phylosolutions.com
        ----------------------------------------------------------------

Running on Apple M3 Max
    16 CPU cores on 1 socket
    Executable built for Intel(R) 64 architecture
    Compiled using Intel compiler (icc) 11.1.0 (build 20091012)
    SSE vectorization enabled
    SSSE3 instructions supported
    Multithreading enabled using Pthreads

Processing of file "~/Library/CloudStorage/Dropbox/Lab/James McInerney/programming/MLDecay/debug_runs/mldecay_20250521_150942/site_analysis_Clade_8.nex" begins...

Processing of file "~/Library/CloudStorage/Dropbox/Lab/James McInerney/programming/MLDecay/debug_runs/mldecay_20250521_150942/alignment.nex" begins...

Data read in DNA format

Data matrix has 12 taxa, 898 characters
Valid character-state symbols: ACGT
Missing data identified by '?'
Gaps identified by '-'
"Equate" macros in effect:
   R,r ==> {AG}
   Y,y ==> {CT}
   M,m ==> {AC}
   K,k ==> {GT}
   S,s ==> {CG}
   W,w ==> {AT}
   H,h ==> {ACT}
   B,b ==> {CGT}
   V,v ==> {ACG}
   D,d ==> {AGT}
   N,n ==> {ACGT}

Processing of input file "alignment.nex" completed.

Optimality criterion set to likelihood.

Processing TREES block from file: ~/Library/CloudStorage/Dropbox/Lab/James McInerney/programming/MLDecay/debug_runs/mldecay_20250521_150942/ml_tree.tre
  Keeping: trees from file (replacing any trees already in memory)
  1 tree read from file

  Time used = 0.00 sec (CPU time = 0.00 sec)

Note: Input trees are rooted but current criterion and/or option settings would specify unrooted trees.  (You can deroot the trees using the 'derootTrees' command.)

Processing TREES block from file: ~/Library/CloudStorage/Dropbox/Lab/James McInerney/programming/MLDecay/debug_runs/mldecay_20250521_150942/constraint_tree_8.tre
  Keeping: trees in memory plus trees from file
  1 tree originally in memory
  1 tree read from file
  1 tree from file kept
  2 trees now in memory

  Time used = 0.00 sec (CPU time = 0.00 sec)

Note: Input trees are rooted but current criterion and/or option settings would specify unrooted trees.  (You can deroot the trees using the 'derootTrees' command.)

Likelihood scores of tree(s) in memory:
---------------------------------------
  898 characters are included
  All characters have equal weight
  Likelihood settings:
    Current model:
                             Data type = nucleotide
                DNA substitution types = 1
                     State frequencies = empirical: A=0.324121 C=0.30402 G=0.105528 T=0.266332
        Proportion of invariable sites = none
               Rates at variable sites = equal
                  Model correspondence = F81

    Number of distinct data patterns under this model = 413
    Molecular clock not enforced
    Starting branch lengths obtained using Rogers-Swofford approximation method
    Branch-length optimization = one-dimensional Newton-Raphson with pass limit=20, tolerance=1e-07
    Likelihood calculations performed in single precision
    Vector processing enabled
    Using standard Felsenstein pruning for computing likelihoods
    Conditional-likelihood rescaling threshold = 1e-20
    Using 14 parallel threads on 16 processors

Tree             1           2
------------------------------
-ln L     6303.661    6304.456

Likelihoods for each site on tree 1:

site                 1           2           3           4           5           6           7           8           9          10          11          12          13          14          15          16          17
L             0.085727    0.085727    0.017630    0.005603    0.062476    0.062476   3.606e-05    0.003892    0.002978   3.035e-07    0.017630    0.017630   3.604e-06    0.017630    0.077132    0.007084   2.005e-05
ln L         -2.456587   -2.456587   -4.038130   -5.184402   -2.772967   -2.772967  -10.230275   -5.548879   -5.816510  -15.007928   -4.038130   -4.038130  -12.533408   -4.038130   -2.562234   -4.949938  -10.817138

site                18          19          20          21          22          23          24          25          26          27          28          29          30          31          32          33          34
L            1.064e-04   3.598e-08   1.137e-05   4.091e-06   2.279e-06    0.077132    0.062476   4.931e-09    0.085727    0.062476   5.166e-06   7.650e-04    0.062476   8.772e-10    0.017630    0.077132   4.320e-06
ln L         -9.148160  -17.140367  -11.384453  -12.406741  -12.991821   -2.562234   -2.772967  -19.127626   -2.456587   -2.772967  -12.173326   -7.175615   -2.772967  -20.854252   -4.038130   -2.562234  -12.352344

site                35          36          37          38          39          40          41          42          43          44          45          46          47          48          49          50          51
L             0.077132    0.085727   2.421e-06    0.017630    0.017630   7.740e-09    0.005368    0.062476   9.997e-07    0.085727    0.077132   7.195e-06    0.062476    0.077132   1.925e-08    0.062476    0.077132
ln L         -2.562234   -2.456587  -12.931381   -4.038130   -4.038130  -18.676868   -5.227343   -2.772967  -13.815825   -2.456587   -2.562234  -11.842167   -2.772967   -2.562234  -17.765993   -2.772967   -2.562234

site                52          53          54          55          56          57          58          59          60          61          62          63          64          65          66          67          68
L            1.312e-04   4.409e-06    0.062476   2.774e-07   3.469e-07    0.003598   2.364e-06    0.062476    0.062476    0.005603    0.062476    0.017630    0.004207   7.536e-05    0.062476   1.062e-06    0.017630
ln L         -8.938629  -12.331764   -2.772967  -15.097890  -14.874240   -5.627305  -12.955324   -2.772967   -2.772967   -5.184402   -2.772967   -4.038130   -5.470923   -9.493274   -2.772967  -13.755200   -4.038130

site                69          70          71          72          73          74          75          76          77          78          79          80          81          82          83          84          85
L             0.077132   2.932e-04    0.085727    0.085727   7.252e-05    0.005560    0.077132    0.004673    0.085727    0.085727   1.090e-04    0.062476    0.085727   2.021e-05    0.017630    0.085727   5.956e-04
ln L         -2.562234   -8.134738   -2.456587   -2.456587   -9.531665   -5.192160   -2.562234   -5.366011   -2.456587   -2.456587   -9.124614   -2.772967   -2.456587  -10.809142   -4.038130   -2.456587   -7.425945

site                86          87          88          89          90          91          92          93          94          95          96          97          98          99         100         101         102
L             0.077132    0.017630   4.243e-05    0.002459    0.001713   6.145e-08    0.077132    0.085727   7.382e-05    0.085727   2.754e-04   4.575e-05    0.077132    0.017630   2.757e-06    0.085727   5.797e-05
ln L         -2.562234   -4.038130  -10.067736   -6.008059   -6.369387  -16.605048   -2.562234   -2.456587   -9.513817   -2.456587   -8.197467   -9.992351   -2.562234   -4.038130  -12.801269   -2.456587   -9.755642

site               103         104         105         106         107         108         109         110         111         112         113         114         115         116         117         118         119
L             0.002243    0.085727    0.062476    0.085727   2.080e-05   4.943e-04   1.661e-06    0.005368    0.062476   3.888e-07   1.290e-04    0.077132   1.052e-06    0.077132   2.889e-04   1.976e-05    0.017630
ln L         -6.100058   -2.456587   -2.772967   -2.456587  -10.780339   -7.612405  -13.308010   -5.227343   -2.772967  -14.760268   -8.955430   -2.562234  -13.764779   -2.562234   -8.149398  -10.831633   -4.038130

site               120         121         122         123         124         125         126         127         128         129         130         131         132         133         134         135         136
L             0.017630   2.189e-07    0.005120    0.062476   5.109e-08    0.077132    0.085727    0.085727    0.001390    0.003531   6.336e-08   2.102e-04    0.062476    0.004673   4.795e-04    0.062476   8.808e-05
ln L         -4.038130  -15.334852   -5.274549   -2.772967  -16.789760   -2.562234   -2.456587   -2.456587   -6.578329   -5.646211  -16.574472   -8.467663   -2.772967   -5.366011   -7.642761   -2.772967   -9.337247

site               137         138         139         140         141         142         143         144         145         146         147         148         149         150         151         152         153
L             0.077132    0.077132   6.083e-06    0.001353    0.062476   2.261e-07    0.002459   2.853e-04    0.085727    0.017630    0.002127   8.379e-07   4.996e-07    0.002884   7.682e-07    0.062476    0.017630
ln L         -2.562234   -2.562234  -12.010009   -6.605169   -2.772967  -15.302495   -6.008059   -8.161897   -2.456587   -4.038130   -6.153113  -13.992351  -14.509552   -5.848657  -14.079256   -2.772967   -4.038130

site               154         155         156         157         158         159         160         161         162         163         164         165         166         167         168         169         170
L             0.085727    0.062476    0.017630    0.085727   8.959e-05    0.062476   2.134e-08   7.224e-05   1.766e-04   3.081e-05    0.017630    0.077132    0.003853    0.085727    0.001559    0.005368    0.005603
ln L         -2.456587   -2.772967   -4.038130   -2.456587   -9.320283   -2.772967  -17.662488   -9.535537   -8.641399  -10.387569   -4.038130   -2.562234   -5.558954   -2.456587   -6.463427   -5.227343   -5.184402

site               171         172         173         174         175         176         177         178         179         180         181         182         183         184         185         186         187
L             0.062476   1.878e-04   3.420e-06    0.077132   1.205e-04    0.085727    0.085727    0.001737    0.077132    0.062476   5.253e-07    0.017630    0.077132    0.001737   5.874e-05    0.062476    0.006206
ln L         -2.772967   -8.579958  -12.585803   -2.562234   -9.024065   -2.456587   -2.456587   -6.355603   -2.562234   -2.772967  -14.459237   -4.038130   -2.562234   -6.355603   -9.742434   -2.772967   -5.082289

site               188         189         190         191         192         193         194         195         196         197         198         199         200         201         202         203         204
L             0.077132    0.077132    0.003204   1.343e-05    0.077132   1.401e-05   1.366e-04    0.077132   1.360e-06    0.085727    0.062476   1.987e-06    0.085727    0.085727   2.856e-07    0.002978    0.062476
ln L         -2.562234   -2.562234   -5.743280  -11.217868   -2.562234  -11.175466   -8.898110   -2.562234  -13.507993   -2.456587   -2.772967  -13.128708   -2.456587   -2.456587  -15.068733   -5.816510   -2.772967

site               205         206         207         208         209         210         211         212         213         214         215         216         217         218         219         220         221
L            3.282e-06   1.805e-04    0.062476   4.186e-08    0.017630    0.017630   2.899e-10    0.017630    0.085727   6.856e-04    0.005368    0.062476   8.299e-05    0.005003   7.686e-05   1.522e-05    0.001559
ln L        -12.626923   -8.619739   -2.772967  -16.989014   -4.038130   -4.038130  -21.961502   -4.038130   -2.456587   -7.285214   -5.227343   -2.772967   -9.396739   -5.297678   -9.473560  -11.092617   -6.463427

site               222         223         224         225         226         227         228         229         230         231         232         233         234         235         236         237         238
L             0.005003   1.652e-05    0.002040    0.003895   3.929e-05   5.547e-08    0.003355   4.428e-06   2.075e-06    0.077132   8.020e-06   6.145e-07    0.002633   2.002e-07    0.062476    0.062476   5.563e-06
ln L         -5.297678  -11.011080   -6.194944   -5.548079  -10.144501  -16.707361   -5.697444  -12.327663  -13.085327   -2.562234  -11.733629  -14.302495   -5.939653  -15.424090   -2.772967   -2.772967  -12.099288

site               239         240         241         242         243         244         245         246         247         248         249         250         251         252         253         254         255
L             0.062476    0.077132   1.574e-05    0.062476    0.017630   1.273e-07    0.001021    0.077132   1.544e-05   3.813e-04    0.085727   8.133e-06   5.105e-04   3.360e-06   1.192e-05    0.085727    0.077132
ln L         -2.772967   -2.562234  -11.058993   -2.772967   -4.038130  -15.876590   -6.887250   -2.562234  -11.078582   -7.872020   -2.456587  -11.719624   -7.580215  -12.603631  -11.336960   -2.456587   -2.562234

site               256         257         258         259         260         261         262         263         264         265         266         267         268         269         270         271         272
L            2.780e-07    0.001946    0.062476   1.049e-06   1.841e-07    0.002941   2.470e-07   6.172e-07    0.062476   1.726e-07    0.002459    0.002978   2.783e-05    0.017630    0.017630   1.257e-06   2.533e-08
ln L        -15.095725   -6.242175   -2.772967  -13.767984  -15.507773   -5.829130  -15.213996  -14.298037   -2.772967  -15.572145   -6.008059   -5.816510  -10.489545   -4.038130   -4.038130  -13.586761  -17.491111

site               273         274         275         276         277         278         279         280         281         282         283         284         285         286         287         288         289
L             0.001443   2.068e-08    0.085727    0.085727   7.329e-06    0.001390    0.005215   3.062e-04   4.394e-04    0.062476   7.728e-04   5.191e-04    0.062476   1.530e-07    0.085727    0.077132   2.813e-07
ln L         -6.540850  -17.694257   -2.456587   -2.456587  -11.823640   -6.578329   -5.256182   -8.091199   -7.730161   -2.772967   -7.165429   -7.563436   -2.772967  -15.692530   -2.456587   -2.562234  -15.083680

site               290         291         292         293         294         295         296         297         298         299         300         301         302         303         304         305         306
L            7.473e-04    0.077132   3.785e-04    0.077132    0.062476   4.500e-08    0.062476    0.085727    0.002978    0.062476    0.077132   1.015e-07    0.077132    0.062476   1.598e-08   3.238e-04    0.085727
ln L         -7.198989   -2.562234   -7.879341   -2.562234   -2.772967  -16.916608   -2.772967   -2.456587   -5.816510   -2.772967   -2.562234  -16.103555   -2.562234   -2.772967  -17.952118   -8.035463   -2.456587

site               307         308         309         310         311         312         313         314         315         316         317         318         319         320         321         322         323
L            2.822e-06    0.085727    0.062476   1.315e-07    0.005215    0.005334   7.416e-06    0.002354   4.040e-06   9.096e-07    0.005941   2.301e-04   4.668e-04   5.956e-04    0.001353    0.006206    0.077132
ln L        -12.778080   -2.456587   -2.772967  -15.844571   -5.256182   -5.233656  -11.811908   -6.051723  -12.419327  -13.910291   -5.125954   -8.376860   -7.669542   -7.425945   -6.605169   -5.082289   -2.562234

site               324         325         326         327         328         329         330         331         332         333         334         335         336         337         338         339         340
L             0.085727    0.002354    0.001525    0.017630   5.191e-04    0.017630    0.017630   6.095e-06   1.685e-10    0.003787   7.650e-04    0.005603   2.175e-04   2.223e-04    0.085727    0.077132   8.073e-04
ln L         -2.456587   -6.051723   -6.485579   -4.038130   -7.563436   -4.038130   -4.038130  -12.008110  -22.504099   -5.576269   -7.175615   -5.184402   -8.433441   -8.411606   -2.456587   -2.562234   -7.121812

site               341         342         343         344         345         346         347         348         349         350         351         352         353         354         355         356         357
L             0.001713    0.085727   3.398e-05    0.006532    0.002354    0.002978    0.004673   4.166e-04   3.825e-08    0.005334   2.551e-06   1.762e-06    0.085727    0.085727   8.442e-06    0.005334    0.062476
ln L         -6.369387   -2.456587  -10.289777   -5.030970   -6.051723   -5.816510   -5.366011   -7.783391  -17.079183   -5.233659  -12.879132  -13.249306   -2.456587   -2.456587  -11.682250   -5.233659   -2.772967

site               358         359         360         361         362         363         364         365         366         367         368         369         370         371         372         373         374
L             0.007084    0.085727    0.006206   5.557e-09    0.077132    0.077132   6.298e-07   3.251e-05    0.005368   7.420e-08    0.002941    0.062476   8.399e-06    0.085727    0.077132    0.007084    0.077132
ln L         -4.949938   -2.456587   -5.082289  -19.008191   -2.562234   -2.562234  -14.277853  -10.334079   -5.227343  -16.416465   -5.829130   -2.772967  -11.687438   -2.456587   -2.562234   -4.949938   -2.562234

site               375         376         377         378         379         380         381         382         383         384         385         386         387         388         389         390         391
L             0.017630    0.003334    0.017630    0.085727    0.085727    0.085727    0.085727   3.427e-07    0.085727   2.600e-08   5.722e-08   1.642e-05    0.062476   6.770e-05    0.085727    0.062476   7.235e-06
ln L         -4.038130   -5.703659   -4.038130   -2.456587   -2.456587   -2.456587   -2.456587  -14.886366   -2.456587  -17.465291  -16.676387  -11.016967   -2.772967   -9.600356   -2.456587   -2.772967  -11.836562

site               392         393         394         395         396         397         398         399         400         401         402         403         404         405         406         407         408
L            3.729e-07    0.003895   4.515e-06    0.001738    0.062476   1.137e-05    0.077132    0.085727    0.005368   5.878e-04    0.062476   2.409e-04   7.041e-06   1.258e-04   3.119e-05    0.077132    0.077132
ln L        -14.801967   -5.548079  -12.308009   -6.354920   -2.772967  -11.384453   -2.562234   -2.456587   -5.227343   -7.439160   -2.772967   -8.331065  -11.863772   -8.980891  -10.375538   -2.562234   -2.562234

site               409         410         411         412         413         414         415         416         417         418         419         420         421         422         423         424         425
L            4.525e-04   3.651e-05    0.062476   6.336e-09   3.954e-04    0.062476    0.001737    0.077132    0.062476   3.515e-08   1.436e-04    0.062476   4.668e-04   2.661e-05    0.077132   1.727e-06   1.920e-04
ln L         -7.700684  -10.217971   -2.772967  -18.877042   -7.835590   -2.772967   -6.355603   -2.562234   -2.772967  -17.163701   -8.848184   -2.772967   -7.669542  -10.534195   -2.562234  -13.269215   -8.558124

site               426         427         428         429         430         431         432         433         434         435         436         437         438         439         440         441         442
L             0.005215   3.395e-06    0.085727    0.002354    0.001566    0.077132    0.077132   6.426e-05   6.405e-04    0.001157   1.357e-07   1.048e-04    0.062476   3.591e-06    0.085727    0.062476   2.485e-07
ln L         -5.256182  -12.593257   -2.456587   -6.051723   -6.459506   -2.562234   -2.562234   -9.652524   -7.353331   -6.761780  -15.812709   -9.163806   -2.772967  -12.536998   -2.456587   -2.772967  -15.207950

site               443         444         445         446         447         448         449         450         451         452         453         454         455         456         457         458         459
L            3.981e-06    0.001531   9.364e-09    0.017630    0.017630   2.591e-08   1.938e-04    0.001711   2.593e-06   1.227e-06    0.005603   1.722e-09   2.370e-04   1.577e-04   8.206e-05    0.062476    0.017630
ln L        -12.433867   -6.481934  -18.486393   -4.038130   -4.038130  -17.468514   -8.548530   -6.370672  -12.862857  -13.611002   -5.184402  -20.179602   -8.347554   -8.755054   -9.408090   -2.772967   -4.038130

site               460         461         462         463         464         465         466         467         468         469         470         471         472         473         474         475         476
L             0.062476    0.085727   3.827e-04    0.005941    0.002941    0.085727    0.062476    0.085727    0.017630    0.062476    0.062476    0.062476    0.085727    0.002354   3.604e-06   4.956e-04    0.085727
ln L         -2.772967   -2.456587   -7.868218   -5.125954   -5.829130   -2.456587   -2.772967   -2.456587   -4.038130   -2.772967   -2.772967   -2.772967   -2.456587   -6.051723  -12.533408   -7.609813   -2.456587

site               477         478         479         480         481         482         483         484         485         486         487         488         489         490         491         492         493
L             0.085727    0.085727    0.085727    0.077132    0.085727   2.529e-05    0.001437    0.085727    0.017630    0.085727    0.001606    0.062476    0.017630    0.062476    0.017630    0.085727    0.002459
ln L         -2.456587   -2.456587   -2.456587   -2.562234   -2.456587  -10.585124   -6.545284   -2.456587   -4.038130   -2.456587   -6.434233   -2.772967   -4.038130   -2.772967   -4.038130   -2.456587   -6.008059

site               494         495         496         497         498         499         500         501         502         503         504         505         506         507         508         509         510
L             0.062476    0.077132    0.003895   6.405e-04    0.001851   2.247e-07   5.322e-05    0.085727    0.001437    0.085727    0.017630    0.001157   1.898e-05   9.787e-06    0.006532   3.617e-07   3.107e-08
ln L         -2.772967   -2.562234   -5.548079   -7.353331   -6.291780  -15.308533   -9.840999   -2.456587   -6.545284   -2.456587   -4.038130   -6.761780  -10.871901  -11.534453   -5.030970  -14.832454  -17.287134

site               511         512         513         514         515         516         517         518         519         520         521         522         523         524         525         526         527
L             0.001390    0.246216   2.698e-05   6.494e-08    0.097585    0.005603   2.059e-05   9.147e-04    0.077132    0.062476    0.062476    0.001390   2.513e-04    0.062476    0.062476    0.085727    0.077132
ln L         -6.578329   -1.401546  -10.520337  -16.549762   -2.327029   -5.184402  -10.790822   -6.996942   -2.562234   -2.772967   -2.772967   -6.578329   -8.288792   -2.772967   -2.772967   -2.456587   -2.562234

site               528         529         530         531         532         533         534         535         536         537         538         539         540         541         542         543         544
L             0.077132    0.001613    0.085727    0.017630    0.085727    0.085727    0.085727    0.001087    0.001713   7.315e-06    0.324121   1.393e-06   4.436e-06   3.152e-06   2.730e-04    0.004673    0.017630
ln L         -2.562234   -6.429592   -2.456587   -4.038130   -2.456587   -2.456587   -2.456587   -6.824746   -6.369387  -11.825588   -1.126640  -13.483926  -12.325725  -12.667540   -8.205930   -5.366011   -4.038130

site               545         546         547         548         549         550         551         552         553         554         555         556         557         558         559         560         561
L             0.001468   6.856e-04    0.077132    0.001606    0.017630    0.077132    0.062476    0.085727    0.085727   1.235e-07    0.003355    0.077132   1.592e-04   9.212e-08   4.762e-10   5.921e-08   1.881e-07
ln L         -6.524131   -7.285214   -2.562234   -6.434233   -4.038130   -2.562234   -2.772967   -2.456587   -2.456587  -15.906678   -5.697444   -2.562234   -8.745237  -16.200194  -21.465158  -16.642171  -15.486118

site               562         563         564         565         566         567         568         569         570         571         572         573         574         575         576         577         578
L            1.826e-06    0.077132    0.077132   2.885e-07    0.005334   7.417e-05   2.690e-07   1.806e-10    0.062476   1.145e-05    0.085727   3.023e-04    0.085727   5.398e-05   2.514e-04   1.772e-04   2.164e-04
ln L        -13.213463   -2.562234   -2.562234  -15.058450   -5.233656   -9.509198  -15.128738  -22.434931   -2.772967  -11.377623   -2.456587   -8.104129   -2.456587   -9.826963   -8.288316   -8.638336   -8.438503

site               579         580         581         582         583         584         585         586         587         588         589         590         591         592         593         594         595
L             0.017630    0.017630    0.003531    0.062476    0.004152   1.003e-04    0.077132    0.062476    0.005603    0.101475    0.001157    0.077132    0.062476    0.062476    0.062476    0.062476    0.085727
ln L         -4.038130   -4.038130   -5.646211   -2.772967   -5.484057   -9.206891   -2.562234   -2.772967   -5.184402   -2.287939   -6.761780   -2.562234   -2.772967   -2.772967   -2.772967   -2.772967   -2.456587

site               596         597         598         599         600         601         602         603         604         605         606         607         608         609         610         611         612
L             0.085727    0.085727    0.017630    0.017630    0.085727    0.062476    0.085727   6.008e-04   4.556e-04    0.085727    0.017630    0.001713   7.246e-05    0.085727    0.062476    0.077132    0.077132
ln L         -2.456587   -2.456587   -4.038130   -4.038130   -2.456587   -2.772967   -2.456587   -7.417317   -7.693970   -2.456587   -4.038130   -6.369387   -9.532490   -2.456587   -2.772967   -2.562234   -2.562234

site               613         614         615         616         617         618         619         620         621         622         623         624         625         626         627         628         629
L            2.680e-05    0.062476    0.005215    0.017630   2.754e-04   2.164e-04    0.077132    0.062476    0.062476    0.085727    0.017630    0.017630   8.073e-04   1.592e-06    0.003531    0.077132    0.002459
ln L        -10.527155   -2.772967   -5.256182   -4.038130   -8.197467   -8.438503   -2.562234   -2.772967   -2.772967   -2.456587   -4.038130   -4.038130   -7.121812  -13.350650   -5.646211   -2.562234   -6.008059

site               630         631         632         633         634         635         636         637         638         639         640         641         642         643         644         645         646
L             0.085727    0.085727    0.085727    0.085727   2.797e-06    0.001739    0.062476    0.062476    0.017630    0.017630    0.062476    0.017630    0.077132    0.085727    0.085727    0.077132    0.062476
ln L         -2.456587   -2.456587   -2.456587   -2.456587  -12.787065   -6.354313   -2.772967   -2.772967   -4.038130   -4.038130   -2.772967   -4.038130   -2.562234   -2.456587   -2.456587   -2.562234   -2.772967

site               647         648         649         650         651         652         653         654         655         656         657         658         659         660         661         662         663
L             0.077132    0.077132    0.085727    0.085727    0.085727    0.062476    0.085727    0.085727    0.085727    0.085727    0.017630    0.062476    0.085727    0.085727    0.002444    0.085727   4.201e-05
ln L         -2.562234   -2.562234   -2.456587   -2.456587   -2.456587   -2.772967   -2.456587   -2.456587   -2.456587   -2.456587   -4.038130   -2.772967   -2.456587   -2.456587   -6.014257   -2.456587  -10.077644

site               664         665         666         667         668         669         670         671         672         673         674         675         676         677         678         679         680
L            5.269e-04   5.553e-06   7.728e-04    0.062476   5.994e-04   1.315e-06   1.121e-04   1.205e-08   1.500e-05    0.005368   1.349e-04   2.167e-04    0.077132   5.170e-07    0.003279    0.005215    0.002005
ln L         -7.548449  -12.101149   -7.165429   -2.772967   -7.419557  -13.541310   -9.096282  -18.233865  -11.107718   -5.227343   -8.911330   -8.437120   -2.562234  -14.475244   -5.720102   -5.256182   -6.212002

site               681         682         683         684         685         686         687         688         689         690         691         692         693         694         695         696         697
L             0.001390   2.633e-04   8.318e-09   2.830e-06   9.147e-04   8.719e-06   1.211e-08    0.003355   2.075e-04   4.963e-05    0.077132   9.377e-07    0.002633    0.062476   1.096e-09    0.085727   1.402e-04
ln L         -6.578329   -8.242043  -18.604842  -12.775197   -6.996942  -11.649968  -18.228827   -5.697444   -8.480554   -9.910915   -2.562234  -13.879847   -5.939653   -2.772967  -20.631397   -2.456587   -8.872726

site               698         699         700         701         702         703         704         705         706         707         708         709         710         711         712         713         714
L            1.623e-05   4.635e-06   1.426e-04    0.077132   4.197e-06    0.062476   5.956e-04    0.006781   2.164e-04   4.184e-06   3.192e-05   4.100e-06   1.606e-07    0.077132    0.077132   2.326e-06    0.006206
ln L        -11.028658  -12.281928   -8.855244   -2.562234  -12.381117   -2.772967   -7.425945   -4.993602   -8.438503  -12.384162  -10.352135  -12.404541  -15.644389   -2.562234   -2.562234  -12.971280   -5.082289

site               715         716         717         718         719         720         721         722         723         724         725         726         727         728         729         730         731
L             0.062476   9.931e-06   7.636e-06   1.438e-04   6.940e-09   2.429e-05    0.002978   2.332e-07    0.085727    0.005120    0.006819   5.996e-06    0.005215   7.913e-07   5.191e-04   5.785e-05   5.182e-06
ln L         -2.772967  -11.519832  -11.782615   -8.847181  -18.785900  -10.625356   -5.816510  -15.271202   -2.456587   -5.274549   -4.988029  -12.024470   -5.256182  -14.049561   -7.563436   -9.757571  -12.170346

site               732         733         734         735         736         737         738         739         740         741         742         743         744         745         746         747         748
L             0.085727    0.085727   1.378e-04    0.003787   7.490e-04   1.100e-07   4.595e-05    0.085727   4.040e-06    0.002459    0.085727    0.085727    0.085727   2.023e-04   9.731e-06   4.985e-05   2.695e-07
ln L         -2.456587   -2.456587   -8.889976   -5.576269   -7.196760  -16.023032   -9.987967   -2.456587  -12.419327   -6.008059   -2.456587   -2.456587   -2.456587   -8.505985  -11.540235   -9.906471  -15.126851

site               749         750         751         752         753         754         755         756         757         758         759         760         761         762         763         764         765
L            6.582e-06   6.324e-08   5.576e-06    0.005334    0.062476    0.085727   1.926e-06    0.001667    0.077132   3.277e-07   5.189e-07    0.005334   1.154e-06    0.062476    0.085727   4.227e-05    0.017630
ln L        -11.931222  -16.576403  -12.097010   -5.233659   -2.772967   -2.456587  -13.160208   -6.396692   -2.562234  -14.931157  -14.471478   -5.233659  -13.672643   -2.772967   -2.456587  -10.071424   -4.038130

site               766         767         768         769         770         771         772         773         774         775         776         777         778         779         780         781         782
L             0.062476   6.887e-04    0.085727    0.085727    0.085727   7.806e-06   2.073e-05   6.408e-09   3.845e-08    0.001525   2.432e-05   3.751e-07    0.062476   1.037e-05   1.035e-04   3.103e-04   2.895e-07
ln L         -2.772967   -7.280690   -2.456587   -2.456587   -2.456587  -11.760566  -10.783824  -18.865739  -17.073876   -6.485579  -10.624021  -14.796016   -2.772967  -11.476806   -9.176403   -8.077950  -15.055142

site               783         784         785         786         787         788         789         790         791         792         793         794         795         796         797         798         799
L             0.062476   3.646e-05   1.498e-05   2.973e-05    0.077132   3.135e-04    0.005003    0.062476   2.420e-06    0.085727    0.002444   4.358e-10    0.085727   1.883e-05   1.520e-05    0.085727    0.017630
ln L         -2.772967  -10.219272  -11.108888  -10.423253   -2.562234   -8.067633   -5.297678   -2.772967  -12.931629   -2.456587   -6.014257  -21.553861   -2.456587  -10.880303  -11.094031   -2.456587   -4.038130

site               800         801         802         803         804         805         806         807         808         809         810         811         812         813         814         815         816
L            1.440e-06    0.006532    0.005003   2.481e-07   1.525e-07    0.003355   6.131e-06   3.103e-04    0.077132   1.283e-05    0.085727   4.795e-04   2.683e-04    0.007084   1.156e-04   6.625e-06   3.236e-06
ln L        -13.450804   -5.030970   -5.297678  -15.209557  -15.696168   -5.697444  -12.002082   -8.077950   -2.562234  -11.263903   -2.456587   -7.642761   -8.223550   -4.949938   -9.065045  -11.924602  -12.641241

site               817         818         819         820         821         822         823         824         825         826         827         828         829         830         831         832         833
L             0.062476    0.006781    0.062476    0.001712   4.529e-07   1.632e-04    0.062476   5.796e-10   1.003e-04   6.431e-06    0.005368   4.583e-06   2.262e-05    0.085727   9.974e-05   1.512e-06   3.114e-05
ln L         -2.772967   -4.993602   -2.772967   -6.370211  -14.607507   -8.720441   -2.772967  -21.268605   -9.206891  -11.954352   -5.227343  -12.293059  -10.696686   -2.456587   -9.212963  -13.402243  -10.376924

site               834         835         836         837         838         839         840         841         842         843         844         845         846         847         848         849         850
L             0.077132    0.085727    0.085727    0.017630    0.085727    0.085727   4.440e-05   8.566e-05   4.789e-05    0.085727   9.256e-04   1.111e-05    0.001157    0.062476   2.429e-05    0.002605    0.001331
ln L         -2.562234   -2.456587   -2.456587   -4.038130   -2.456587   -2.456587  -10.022291   -9.365150   -9.946543   -2.456587   -6.985036  -11.407691   -6.761780   -2.772967  -10.625420   -5.950235   -6.621467

site               851         852         853         854         855         856         857         858         859         860         861         862         863         864         865         866         867
L            1.495e-09    0.085727   1.175e-05    0.001353    0.062476    0.017630   6.146e-06    0.002633    0.001157   4.134e-05    0.062476    0.017630    0.085727   6.405e-04    0.001531   6.121e-05    0.001390
ln L        -20.320810   -2.456587  -11.351687   -6.605169   -2.772967   -4.038130  -11.999716   -5.939653   -6.761780  -10.093706   -2.772967   -4.038130   -2.456587   -7.353331   -6.481934   -9.701214   -6.578329

site               868         869         870         871         872         873         874         875         876         877         878         879         880         881         882         883         884
L            8.959e-05   1.557e-08    0.085727    0.001713    0.005603    0.077132    0.085727   8.377e-05    0.085727    0.077132   3.543e-06   3.050e-07   5.878e-04   5.603e-07   5.570e-07   7.650e-04   1.392e-05
ln L         -9.320283  -17.977779   -2.456587   -6.369387   -5.184402   -2.562234   -2.456587   -9.387463   -2.456587   -2.562234  -12.550513  -15.002923   -7.439183  -14.394770  -14.400722   -7.175615  -11.182160

site               885         886         887         888         889         890         891         892         893         894         895         896         897         898
L             0.005603    0.062476    0.002040    0.003598    0.002220   2.297e-08   1.153e-04    0.062476    0.004673    0.085727    0.017630    0.077132    0.062476    0.062476
ln L         -5.184402   -2.772967   -6.194944   -5.627305   -6.110171  -17.589089   -9.067690   -2.772967   -5.366011   -2.456587   -4.038130   -2.562234   -2.772967   -2.772967

Likelihoods for each site on tree 2:

site                 1           2           3           4           5           6           7           8           9          10          11          12          13          14          15          16          17
L             0.085708    0.085708    0.017625    0.005612    0.062461    0.062461   3.440e-05    0.003848    0.002995   2.915e-07    0.017625    0.017625   3.567e-06    0.017625    0.077114    0.007095   1.997e-05
ln L         -2.456812   -2.456812   -4.038454   -5.182816   -2.773218   -2.773218  -10.277372   -5.560100   -5.810808  -15.048153   -4.038454   -4.038454  -12.543695   -4.038454   -2.562468   -4.948345  -10.821121

site                18          19          20          21          22          23          24          25          26          27          28          29          30          31          32          33          34
L            1.141e-04   3.432e-07   1.259e-05   4.197e-06   2.268e-06    0.077114    0.062461   5.888e-09    0.085708    0.062461   5.256e-06   7.854e-04    0.062461   9.041e-10    0.017625    0.077114   4.293e-06
ln L         -9.078688  -14.884812  -11.282898  -12.381044  -12.996821   -2.562468   -2.773218  -18.950422   -2.456812   -2.773218  -12.156074   -7.149358   -2.773218  -20.824090   -4.038454   -2.562468  -12.358470

site                35          36          37          38          39          40          41          42          43          44          45          46          47          48          49          50          51
L             0.077114    0.085708   2.546e-06    0.017625    0.017625   6.542e-09    0.005353    0.062461   1.004e-06    0.085708    0.077114   7.247e-06    0.062461    0.077114   2.188e-08    0.062461    0.077114
ln L         -2.562468   -2.456812  -12.880880   -4.038454   -4.038454  -18.845072   -5.230102   -2.773218  -13.811455   -2.456812   -2.562468  -11.834891   -2.773218   -2.562468  -17.637529   -2.773218   -2.562468

site                52          53          54          55          56          57          58          59          60          61          62          63          64          65          66          67          68
L            1.405e-04   4.791e-06    0.062461   2.667e-07   1.894e-06    0.003557   2.389e-06    0.062461    0.062461    0.005612    0.062461    0.017625    0.004195   7.559e-05    0.062461   1.014e-06    0.017625
ln L         -8.870116  -12.248698   -2.773218  -15.137235  -13.176884   -5.638830  -12.944686   -2.773218   -2.773218   -5.182816   -2.773218   -4.038454   -5.473832   -9.490177   -2.773218  -13.801791   -4.038454

site                69          70          71          72          73          74          75          76          77          78          79          80          81          82          83          84          85
L             0.077114   2.896e-04    0.085708    0.085708   6.948e-05    0.005569    0.077114    0.004659    0.085708    0.085708   1.013e-04    0.062461    0.085708   1.801e-05    0.017625    0.085708   5.968e-04
ln L         -2.562468   -8.146912   -2.456812   -2.456812   -9.574529   -5.190585   -2.562468   -5.368857   -2.456812   -2.456812   -9.197914   -2.773218   -2.456812  -10.924587   -4.038454   -2.456812   -7.423968

site                86          87          88          89          90          91          92          93          94          95          96          97          98          99         100         101         102
L             0.077114    0.017625   4.618e-06    0.002463    0.001793   7.096e-08    0.077114    0.085708   7.378e-05    0.085708   2.621e-04   4.563e-06    0.077114    0.017625   2.751e-06    0.085708   5.972e-05
ln L         -2.562468   -4.038454  -12.285651   -6.006466   -6.323951  -16.461144   -2.562468   -2.456812   -9.514490   -2.456812   -8.246643  -12.297566   -2.562468   -4.038454  -12.803666   -2.456812   -9.725848

site               103         104         105         106         107         108         109         110         111         112         113         114         115         116         117         118         119
L             0.002344    0.085708    0.062461    0.085708   2.077e-05   4.976e-04   1.472e-05    0.005353    0.062461   3.941e-07   1.322e-04    0.077114   9.756e-07    0.077114   2.960e-04   1.978e-05    0.017625
ln L         -6.055698   -2.456812   -2.773218   -2.456812  -10.781801   -7.605693  -11.126077   -5.230102   -2.773218  -14.746672   -8.931052   -2.562468  -13.840217   -2.562468   -8.125205  -10.830592   -4.038454

site               120         121         122         123         124         125         126         127         128         129         130         131         132         133         134         135         136
L             0.017625   2.325e-07    0.005105    0.062461   3.794e-08    0.077114    0.085708    0.085708    0.001332    0.003491   4.122e-08   2.008e-04    0.062461    0.004659   4.835e-04    0.062461   8.437e-05
ln L         -4.038454  -15.274433   -5.277459   -2.773218  -17.087154   -2.562468   -2.456812   -2.456812   -6.621049   -5.657539  -17.004233   -8.513231   -2.773218   -5.368857   -7.634422   -2.773218   -9.380292

site               137         138         139         140         141         142         143         144         145         146         147         148         149         150         151         152         153
L             0.077114    0.077114   6.364e-06    0.001356    0.062461   2.276e-07    0.002463   2.827e-04    0.085708    0.017625    0.002121   6.894e-07   4.934e-07    0.002899   8.277e-07    0.062461    0.017625
ln L         -2.562468   -2.562468  -11.964830   -6.603169   -2.773218  -15.295877   -6.006466   -8.171096   -2.456812   -4.038454   -6.155871  -14.187474  -14.521915   -5.843239  -14.004576   -2.773218   -4.038454

site               154         155         156         157         158         159         160         161         162         163         164         165         166         167         168         169         170
L             0.085708    0.062461    0.017625    0.085708   8.944e-05    0.062461   2.018e-08   6.856e-05   1.696e-04   3.659e-05    0.017625    0.077114    0.003875    0.085708    0.001554    0.005353    0.005612
ln L         -2.456812   -2.773218   -4.038454   -2.456812   -9.321973   -2.773218  -17.718371   -9.587730   -8.681821  -10.215847   -4.038454   -2.562468   -5.553244   -2.456812   -6.466983   -5.230102   -5.182816

site               171         172         173         174         175         176         177         178         179         180         181         182         183         184         185         186         187
L             0.062461   1.873e-04   3.494e-06    0.077114   1.427e-04    0.085708    0.085708    0.001784    0.077114    0.062461   5.344e-07    0.017625    0.077114    0.001784   5.813e-05    0.062461    0.006216
ln L         -2.773218   -8.582983  -12.564430   -2.562468   -8.855086   -2.456812   -2.456812   -6.329164   -2.562468   -2.773218  -14.442069   -4.038454   -2.562468   -6.329164   -9.752886   -2.773218   -5.080697

site               188         189         190         191         192         193         194         195         196         197         198         199         200         201         202         203         204
L             0.077114    0.077114    0.003274   1.393e-05    0.077114   1.315e-05   1.364e-04    0.077114   2.772e-06    0.085708    0.062461   2.017e-06    0.085708    0.085708   2.724e-07    0.002995    0.062461
ln L         -2.562468   -2.562468   -5.721729  -11.181735   -2.562468  -11.238816   -8.899866   -2.562468  -12.796069   -2.456812   -2.773218  -13.114050   -2.456812   -2.456812  -15.116058   -5.810808   -2.773218

site               205         206         207         208         209         210         211         212         213         214         215         216         217         218         219         220         221
L            3.009e-06   1.848e-04    0.062461   3.543e-08    0.017625    0.017625   2.627e-10    0.017625    0.085708   8.092e-04    0.005353    0.062461   8.611e-05    0.004989   7.865e-05   1.196e-05    0.001554
ln L        -12.713857   -8.596428   -2.773218  -17.155718   -4.038454   -4.038454  -22.059843   -4.038454   -2.456812   -7.119415   -5.230102   -2.773218   -9.359921   -5.300583   -9.450504  -11.333633   -6.466983

site               222         223         224         225         226         227         228         229         230         231         232         233         234         235         236         237         238
L             0.004989   1.456e-06    0.002089    0.003883   3.950e-05   5.575e-08    0.003316   4.240e-06   2.195e-06    0.077114   8.228e-06   5.879e-07    0.002690   1.632e-07    0.062461    0.062461   5.592e-06
ln L         -5.300583  -13.439828   -6.171037   -5.551107  -10.139205  -16.702412   -5.708971  -12.370935  -13.029328   -2.562468  -11.707997  -14.346626   -5.918103  -15.628442   -2.773218   -2.773218  -12.094251

site               239         240         241         242         243         244         245         246         247         248         249         250         251         252         253         254         255
L             0.062461    0.077114   1.647e-05    0.062461    0.017625   1.222e-07   9.775e-04    0.077114   1.571e-05   3.780e-04    0.085708   7.762e-07   5.110e-04   2.349e-05   1.195e-05    0.085708    0.077114
ln L         -2.773218   -2.562468  -11.014162   -2.773218   -4.038454  -15.917920   -6.930514   -2.562468  -11.061451   -7.880740   -2.456812  -14.068907   -7.579167  -10.658975  -11.334814   -2.456812   -2.562468

site               256         257         258         259         260         261         262         263         264         265         266         267         268         269         270         271         272
L            2.472e-07    0.002090    0.062461   6.267e-07   2.106e-07    0.002816   2.404e-07   6.419e-07    0.062461   1.656e-07    0.002463    0.002995   2.672e-05    0.017625    0.017625   1.215e-06   2.355e-07
ln L        -15.213254   -6.170751   -2.773218  -14.282749  -15.373162   -5.872393  -15.241075  -14.258885   -2.773218  -15.613709   -6.006466   -5.810808  -10.530061   -4.038454   -4.038454  -13.621092  -15.261391

site               273         274         275         276         277         278         279         280         281         282         283         284         285         286         287         288         289
L             0.001706   2.479e-08    0.085708    0.085708   7.437e-06    0.001332    0.005223   3.070e-04   4.395e-04    0.062461   7.748e-04   4.267e-04    0.062461   1.800e-07    0.085708    0.077114   2.702e-07
ln L         -6.373697  -17.512711   -2.456812   -2.456812  -11.809062   -6.621049   -5.254607   -8.088623   -7.729769   -2.773218   -7.162853   -7.759493   -2.773218  -15.530347   -2.456812   -2.562468  -15.123969

site               290         291         292         293         294         295         296         297         298         299         300         301         302         303         304         305         306
L            7.637e-04    0.077114   3.777e-04    0.077114    0.062461   5.280e-07    0.062461    0.085708    0.002995    0.062461    0.077114   1.026e-07    0.077114    0.062461   1.438e-08   3.215e-04    0.085708
ln L         -7.177333   -2.562468   -7.881356   -2.562468   -2.773218  -14.454263   -2.773218   -2.456812   -5.810808   -2.773218   -2.562468  -16.092706   -2.562468   -2.773218  -18.057597   -8.042405   -2.456812

site               307         308         309         310         311         312         313         314         315         316         317         318         319         320         321         322         323
L            1.629e-06    0.085708    0.062461   1.225e-07    0.005223    0.005319   7.565e-06    0.002347   3.886e-06   8.865e-07    0.005925   2.209e-04   4.729e-04   5.968e-04    0.001356    0.006216    0.077114
ln L        -13.327725   -2.456812   -2.773218  -15.915278   -5.254607   -5.236561  -11.791928   -6.054405  -12.458090  -13.936009   -5.128636   -8.417904   -7.656713   -7.423968   -6.603169   -5.080697   -2.562468

site               324         325         326         327         328         329         330         331         332         333         334         335         336         337         338         339         340
L             0.085708    0.002347    0.001640    0.017625   4.267e-04    0.017625    0.017625   6.349e-06   1.273e-10    0.003808   7.854e-04    0.005612   2.226e-04   2.125e-04    0.085708    0.077114   8.655e-05
ln L         -2.456812   -6.054405   -6.413342   -4.038454   -7.759493   -4.038454   -4.038454  -11.967228  -22.784099   -5.570704   -7.149358   -5.182816   -8.410041   -8.456459   -2.456812   -2.562468   -9.354787

site               341         342         343         344         345         346         347         348         349         350         351         352         353         354         355         356         357
L             0.001793    0.085708   3.403e-05    0.006514    0.002347    0.002995    0.004659   4.206e-04   9.995e-09    0.005319   2.974e-06   1.615e-06    0.085708    0.085708   8.533e-06    0.005319    0.062461
ln L         -6.323951   -2.456812  -10.288227   -5.033728   -6.054405   -5.810808   -5.368857   -7.773943  -18.421178   -5.236506  -12.725435  -13.336062   -2.456812   -2.456812  -11.671552   -5.236506   -2.773218

site               358         359         360         361         362         363         364         365         366         367         368         369         370         371         372         373         374
L             0.007095    0.085708    0.006216   5.197e-09    0.077114    0.077114   6.628e-07   3.240e-05    0.005353   7.550e-08    0.002816    0.062461   1.004e-05    0.085708    0.077114    0.007095    0.077114
ln L         -4.948345   -2.456812   -5.080697  -19.075257   -2.562468   -2.562468  -14.226784  -10.337460   -5.230102  -16.399144   -5.872393   -2.773218  -11.509311   -2.456812   -2.562468   -4.948345   -2.562468

site               375         376         377         378         379         380         381         382         383         384         385         386         387         388         389         390         391
L             0.017625    0.003406    0.017625    0.085708    0.085708    0.085708    0.085708   3.290e-07    0.085708   2.538e-08   5.361e-08   1.607e-05    0.062461   6.895e-05    0.085708    0.062461   9.135e-06
ln L         -4.038454   -5.682121   -4.038454   -2.456812   -2.456812   -2.456812   -2.456812  -14.927252   -2.456812  -17.489350  -16.741493  -11.038282   -2.773218   -9.582089   -2.456812   -2.773218  -11.603357

site               392         393         394         395         396         397         398         399         400         401         402         403         404         405         406         407         408
L            3.866e-07    0.003883   4.024e-06    0.001620    0.062461   1.259e-05    0.077114    0.085708    0.005353   5.938e-04    0.062461   2.322e-04   6.981e-06   1.214e-04   3.112e-05    0.077114    0.077114
ln L        -14.765928   -5.551107  -12.423299   -6.425405   -2.773218  -11.282898   -2.562468   -2.456812   -5.230102   -7.428980   -2.773218   -8.367858  -11.872267   -9.016515  -10.377608   -2.562468   -2.562468

site               409         410         411         412         413         414         415         416         417         418         419         420         421         422         423         424         425
L            4.497e-04   3.510e-05    0.062461   5.254e-09   3.919e-04    0.062461    0.001784    0.077114    0.062461   3.264e-08   1.464e-04    0.062461   4.729e-04   2.587e-05    0.077114   1.713e-06   1.995e-04
ln L         -7.706938  -10.257318   -2.773218  -19.064320   -7.844506   -2.773218   -6.329164   -2.562468   -2.773218  -17.237612   -8.829310   -2.773218   -7.656713  -10.562556   -2.562468  -13.276985   -8.519603

site               426         427         428         429         430         431         432         433         434         435         436         437         438         439         440         441         442
L             0.005223   3.479e-06    0.085708    0.002347    0.001459    0.077114    0.077114   5.737e-05   6.907e-04    0.001182   1.292e-06   1.065e-04    0.062461   4.376e-06    0.085708    0.062461   4.589e-07
ln L         -5.254607  -12.568820   -2.456812   -6.054405   -6.530281   -2.562468   -2.562468   -9.765922   -7.277786   -6.740242  -13.559533   -9.147195   -2.773218  -12.339307   -2.456812   -2.773218  -14.594411

site               443         444         445         446         447         448         449         450         451         452         453         454         455         456         457         458         459
L            4.021e-06    0.001568   9.130e-09    0.017625    0.017625   2.433e-08   2.013e-04    0.001790   2.580e-06   1.044e-06    0.005612   1.740e-09   2.264e-04   1.620e-04   6.726e-05    0.062461    0.017625
ln L        -12.423993   -6.458180  -18.511703   -4.038454   -4.038454  -17.531413   -8.510924   -6.325647  -12.867534  -13.772776   -5.182816  -20.169273   -8.393070   -8.727734   -9.606980   -2.773218   -4.038454

site               460         461         462         463         464         465         466         467         468         469         470         471         472         473         474         475         476
L             0.062461    0.085708   3.810e-04    0.005925    0.002816    0.085708    0.062461    0.085708    0.017625    0.062461    0.062461    0.062461    0.085708    0.002347   3.567e-06   4.973e-04    0.085708
ln L         -2.773218   -2.456812   -7.872738   -5.128636   -5.872393   -2.456812   -2.773218   -2.456812   -4.038454   -2.773218   -2.773218   -2.773218   -2.456812   -6.054405  -12.543695   -7.606302   -2.456812

site               477         478         479         480         481         482         483         484         485         486         487         488         489         490         491         492         493
L             0.085708    0.085708    0.085708    0.077114    0.085708   2.523e-05    0.001543    0.085708    0.017625    0.085708    0.001649    0.062461    0.017625    0.062461    0.017625    0.085708    0.002463
ln L         -2.456812   -2.456812   -2.456812   -2.562468   -2.456812  -10.587511   -6.473732   -2.456812   -4.038454   -2.456812   -6.407445   -2.773218   -4.038454   -2.773218   -4.038454   -2.456812   -6.006466

site               494         495         496         497         498         499         500         501         502         503         504         505         506         507         508         509         510
L             0.062461    0.077114    0.003883   6.907e-04    0.001846   1.471e-07   5.249e-05    0.085708    0.001543    0.085708    0.017625    0.001182   2.019e-05   9.964e-06    0.006514   3.708e-07   2.567e-08
ln L         -2.773218   -2.562468   -5.551107   -7.277786   -6.294627  -15.732193   -9.854924   -2.456812   -6.473732   -2.456812   -4.038454   -6.740242  -10.810482  -11.516520   -5.033728  -14.807714  -17.477912

site               511         512         513         514         515         516         517         518         519         520         521         522         523         524         525         526         527
L             0.001332    0.246240   2.659e-05   6.259e-09    0.097532    0.005612   2.103e-05   9.348e-04    0.077114    0.062461    0.062461    0.001332   2.401e-04    0.062461    0.062461    0.085708    0.077114
ln L         -6.621049   -1.401447  -10.535123  -18.889315   -2.327572   -5.182816  -10.769373   -6.975174   -2.562468   -2.773218   -2.773218   -6.621049   -8.334646   -2.773218   -2.773218   -2.456812   -2.562468

site               528         529         530         531         532         533         534         535         536         537         538         539         540         541         542         543         544
L             0.077114    0.001616    0.085708    0.017625    0.085708    0.085708    0.085708    0.001073    0.001793   7.180e-06    0.324121   1.339e-06   4.919e-06   2.932e-05   2.728e-04    0.004659    0.017625
ln L         -2.562468   -6.428044   -2.456812   -4.038454   -2.456812   -2.456812   -2.456812   -6.837152   -6.323951  -11.844267   -1.126639  -13.523503  -12.222396  -10.437268   -8.206707   -5.368857   -4.038454

site               545         546         547         548         549         550         551         552         553         554         555         556         557         558         559         560         561
L             0.001451   8.092e-04    0.077114    0.001649    0.017625    0.077114    0.062461    0.085708    0.085708   1.156e-07    0.003316    0.077114   1.623e-04   9.509e-08   8.358e-10   5.250e-08   1.916e-07
ln L         -6.535359   -7.119415   -2.562468   -6.407445   -4.038454   -2.562468   -2.773218   -2.456812   -2.456812  -15.973508   -5.708971   -2.562468   -8.726321  -16.168420  -20.902679  -16.762431  -15.467795

site               562         563         564         565         566         567         568         569         570         571         572         573         574         575         576         577         578
L            1.843e-06    0.077114    0.077114   3.336e-07    0.005319   7.406e-05   2.369e-06   1.361e-10    0.062461   9.665e-06    0.085708   2.985e-04    0.085708   5.323e-05   2.530e-04   1.774e-04   2.136e-04
ln L        -13.204205   -2.562468   -2.562468  -14.913340   -5.236561   -9.510644  -12.953152  -22.717286   -2.773218  -11.547032   -2.456812   -8.116688   -2.456812   -9.840802   -8.282084   -8.637287   -8.451571

site               579         580         581         582         583         584         585         586         587         588         589         590         591         592         593         594         595
L             0.017625    0.017625    0.003491    0.062461    0.004140   1.003e-04    0.077114    0.062461    0.005612    0.101481    0.001182    0.077114    0.062461    0.062461    0.062461    0.062461    0.085708
ln L         -4.038454   -4.038454   -5.657539   -2.773218   -5.487086   -9.207493   -2.562468   -2.773218   -5.182816   -2.287881   -6.740242   -2.562468   -2.773218   -2.773218   -2.773218   -2.773218   -2.456812

site               596         597         598         599         600         601         602         603         604         605         606         607         608         609         610         611         612
L             0.085708    0.085708    0.017625    0.017625    0.085708    0.062461    0.085708   6.307e-04   4.663e-04    0.085708    0.017625    0.001793   6.785e-05    0.085708    0.062461    0.077114    0.077114
ln L         -2.456812   -2.456812   -4.038454   -4.038454   -2.456812   -2.773218   -2.456812   -7.368729   -7.670659   -2.456812   -4.038454   -6.323951   -9.598188   -2.456812   -2.773218   -2.562468   -2.562468

site               613         614         615         616         617         618         619         620         621         622         623         624         625         626         627         628         629
L            2.552e-05    0.062461    0.005223    0.017625   2.621e-04   2.136e-04    0.077114    0.062461    0.062461    0.085708    0.017625    0.017625   8.655e-05   1.669e-06    0.003491    0.077114    0.002463
ln L        -10.575857   -2.773218   -5.254607   -4.038454   -8.246643   -8.451571   -2.562468   -2.773218   -2.773218   -2.456812   -4.038454   -4.038454   -9.354787  -13.303516   -5.657539   -2.562468   -6.006466

site               630         631         632         633         634         635         636         637         638         639         640         641         642         643         644         645         646
L             0.085708    0.085708    0.085708    0.085708   2.794e-06    0.001782    0.062461    0.062461    0.017625    0.017625    0.062461    0.017625    0.077114    0.085708    0.085708    0.077114    0.062461
ln L         -2.456812   -2.456812   -2.456812   -2.456812  -12.788013   -6.330169   -2.773218   -2.773218   -4.038454   -4.038454   -2.773218   -4.038454   -2.562468   -2.456812   -2.456812   -2.562468   -2.773218

site               647         648         649         650         651         652         653         654         655         656         657         658         659         660         661         662         663
L             0.077114    0.077114    0.085708    0.085708    0.085708    0.062461    0.085708    0.085708    0.085708    0.085708    0.017625    0.062461    0.085708    0.085708    0.002497    0.085708   4.352e-05
ln L         -2.562468   -2.562468   -2.456812   -2.456812   -2.456812   -2.773218   -2.456812   -2.456812   -2.456812   -2.456812   -4.038454   -2.773218   -2.456812   -2.456812   -5.992684   -2.456812  -10.042306

site               664         665         666         667         668         669         670         671         672         673         674         675         676         677         678         679         680
L            5.364e-04   6.334e-06   7.748e-04    0.062461   6.276e-04   1.032e-06   1.152e-04   1.180e-08   1.852e-05    0.005353   1.452e-04   2.238e-04    0.077114   4.234e-07    0.003298    0.005223    0.002053
ln L         -7.530624  -11.969523   -7.162853   -2.773218   -7.373614  -13.783971   -9.068765  -18.254971  -10.896585   -5.230102   -8.837277   -8.404639   -2.562468  -14.674858   -5.714300   -5.254607   -6.188270

site               681         682         683         684         685         686         687         688         689         690         691         692         693         694         695         696         697
L             0.001332   2.610e-04   8.532e-09   3.002e-06   9.348e-04   8.633e-06   1.090e-07    0.003316   2.114e-04   5.869e-05    0.077114   9.601e-07    0.002690    0.062461   8.951e-10    0.085708   1.432e-04
ln L         -6.621049   -8.250865  -18.579469  -12.716253   -6.975174  -11.659886  -16.031692   -5.708971   -8.461639   -9.743300   -2.562468  -13.856191   -5.918103   -2.773218  -20.834131   -2.456812   -8.850980

site               698         699         700         701         702         703         704         705         706         707         708         709         710         711         712         713         714
L            1.565e-05   4.480e-06   1.460e-04    0.077114   3.922e-05    0.062461   5.968e-04    0.006763   2.136e-04   4.274e-06   3.250e-05   3.774e-06   1.611e-07    0.077114    0.077114   2.798e-06    0.006216
ln L        -11.065272  -12.315955   -8.831719   -2.562468  -10.146260   -2.773218   -7.423968   -4.996284   -8.451571  -12.362942  -10.334195  -12.487397  -15.641108   -2.562468   -2.562468  -12.786541   -5.080697

site               715         716         717         718         719         720         721         722         723         724         725         726         727         728         729         730         731
L             0.062461   1.073e-05   8.072e-06   1.443e-04   6.518e-09   2.622e-05    0.002995   2.420e-07    0.085708    0.005105    0.006830   7.100e-06    0.005223   7.798e-07   4.267e-04   5.830e-05   6.039e-06
ln L         -2.773218  -11.442377  -11.727087   -8.843513  -18.848684  -10.549166   -5.810808  -15.234233   -2.456812   -5.277459   -4.986442  -11.855459   -5.254607  -14.064268   -7.759493   -9.749841  -12.017325

site               732         733         734         735         736         737         738         739         740         741         742         743         744         745         746         747         748
L             0.085708    0.085708   1.630e-04    0.003808   7.509e-04   1.199e-07   4.453e-05    0.085708   3.886e-06    0.002463    0.085708    0.085708    0.085708   2.025e-04   9.441e-06   4.968e-05   3.034e-07
ln L         -2.456812   -2.456812   -8.721886   -5.570704   -7.194247  -15.937005  -10.019413   -2.456812  -12.458090   -6.006466   -2.456812   -2.456812   -2.456812   -8.504936  -11.570417   -9.909885  -15.008089

site               749         750         751         752         753         754         755         756         757         758         759         760         761         762         763         764         765
L            6.320e-06   6.597e-08   5.473e-06    0.005319    0.062461    0.085708   1.838e-06    0.001662    0.077114   3.282e-07   5.209e-07    0.005319   1.231e-06    0.062461    0.085708   2.733e-05    0.017625
ln L        -11.971799  -16.534120  -12.115723   -5.236506   -2.773218   -2.456812  -13.207054   -6.399602   -2.562468  -14.929755  -14.467729   -5.236506  -13.607327   -2.773218   -2.456812  -10.507544   -4.038454

site               766         767         768         769         770         771         772         773         774         775         776         777         778         779         780         781         782
L             0.062461   6.418e-04    0.085708    0.085708    0.085708   8.372e-06   1.991e-05   4.867e-09   3.958e-08    0.001640   2.447e-06   3.685e-07    0.062461   9.840e-06   1.022e-04   3.087e-04   2.621e-07
ln L         -2.773218   -7.351175   -2.456812   -2.456812   -2.456812  -11.690618  -10.824168  -19.140701  -17.044833   -6.413342  -12.920564  -14.813906   -2.773218  -11.529092   -9.188799   -8.083115  -15.154675

site               783         784         785         786         787         788         789         790         791         792         793         794         795         796         797         798         799
L             0.062461   3.736e-05   1.475e-05   3.067e-05    0.077114   3.106e-04    0.004989    0.062461   2.478e-06    0.085708    0.002497   3.632e-09    0.085708   1.925e-05   1.420e-05    0.085708    0.017625
ln L         -2.773218  -10.195037  -11.124259  -10.392085   -2.562468   -8.077004   -5.300583   -2.773218  -12.908056   -2.456812   -5.992684  -19.433580   -2.456812  -10.857834  -11.162058   -2.456812   -4.038454

site               800         801         802         803         804         805         806         807         808         809         810         811         812         813         814         815         816
L            1.183e-06    0.006514    0.004989   2.277e-07   1.494e-07    0.003316   6.019e-06   3.087e-04    0.077114   1.327e-05    0.085708   4.835e-04   2.690e-04    0.007095   1.164e-04   6.583e-06   3.315e-06
ln L        -13.647437   -5.033728   -5.300583  -15.295081  -15.716712   -5.708971  -12.020602   -8.083115   -2.562468  -11.229720   -2.456812   -7.634422   -8.220974   -4.948345   -9.058429  -11.931096  -12.617096

site               817         818         819         820         821         822         823         824         825         826         827         828         829         830         831         832         833
L             0.062461    0.006763    0.062461    0.001758   8.568e-08   1.930e-04    0.062461   1.318e-09   1.003e-04   6.578e-06    0.005353   4.593e-06   2.362e-05    0.085708   9.870e-05   1.579e-06   3.191e-05
ln L         -2.773218   -4.996284   -2.773218   -6.343423  -16.272654   -8.552828   -2.773218  -20.447382   -9.207493  -11.931815   -5.230102  -12.291069  -10.653509   -2.456812   -9.223404  -13.358551  -10.352633

site               834         835         836         837         838         839         840         841         842         843         844         845         846         847         848         849         850
L             0.077114    0.085708    0.085708    0.017625    0.085708    0.085708   4.776e-05   7.051e-05   5.212e-05    0.085708   8.844e-04   1.150e-05    0.001182    0.062461   2.543e-05    0.002662    0.001316
ln L         -2.562468   -2.456812   -2.456812   -4.038454   -2.456812   -2.456812   -9.949235   -9.559721   -9.861898   -2.456812   -7.030630  -11.372912   -6.740242   -2.773218  -10.579569   -5.928662   -6.632801

site               851         852         853         854         855         856         857         858         859         860         861         862         863         864         865         866         867
L            1.197e-09    0.085708   1.370e-05    0.001356    0.062461    0.017625   5.881e-06    0.002690    0.001182   4.001e-05    0.062461    0.017625    0.085708   6.907e-04    0.001568   4.827e-05    0.001332
ln L        -20.543142   -2.456812  -11.197929   -6.603169   -2.773218   -4.038454  -12.043720   -5.918103   -6.740242  -10.126272   -2.773218   -4.038454   -2.456812   -7.277786   -6.458180   -9.938640   -6.621049

site               868         869         870         871         872         873         874         875         876         877         878         879         880         881         882         883         884
L            8.944e-05   1.594e-08    0.085708    0.001793    0.005612    0.077114    0.085708   8.575e-05    0.085708    0.077114   3.527e-06   3.296e-07   5.581e-05   4.240e-07   5.677e-07   7.854e-04   1.221e-06
ln L         -9.321973  -17.954342   -2.456812   -6.323951   -5.182816   -2.562468   -2.456812   -9.364107   -2.456812   -2.562468  -12.554945  -14.925351   -9.793514  -14.673539  -14.381660   -7.149358  -13.615790

site               885         886         887         888         889         890         891         892         893         894         895         896         897         898
L             0.005612    0.062461    0.002089    0.003557    0.002224   2.319e-08   1.181e-04    0.062461    0.004659    0.085708    0.017625    0.077114    0.062461    0.062461
ln L         -5.182816   -2.773218   -6.171037   -5.638830   -6.108585  -17.579419   -9.043936   -2.773218   -5.368857   -2.456812   -4.038454   -2.562468   -2.773218   -2.773218

Time used to compute likelihoods = 0.02 sec (CPU time = 0.21 sec)

Tree scores (and parameter estimates) written to file: ~/Library/CloudStorage/Dropbox/Lab/James McInerney/programming/MLDecay/debug_runs/mldecay_20250521_150942/site_lnl_Clade_8.txt
