--- STDOUT ---

P A U P *
Version 4.0a (build 168) for macOS (built on Aug  2 2020 at 06:41:30)
Fri Jun 27 12:27:32 2025

        -----------------------------NOTICE-----------------------------
          This is a test version that is still changing rapidly.
          Please report bugs to dave@phylosolutions.com
        ----------------------------------------------------------------

Running on Apple M3 Max
    16 CPU cores on 1 socket
    Executable built for Intel(R) 64 architecture
    Compiled using Intel compiler (icc) 11.1.0 (build 20091012)
    SSE vectorization enabled
    SSSE3 instructions supported
    Multithreading enabled using Pthreads

Processing of file "~/Library/CloudStorage/Dropbox/Lab/James McInerney/programming/MLDecay/debug_runs/mldecay_20250627_122722/constraint_search_7.nex" begins...

Processing of file "~/Library/CloudStorage/Dropbox/Lab/James McInerney/programming/MLDecay/debug_runs/mldecay_20250627_122722/alignment.nex" begins...

Data read in DNA format

Data matrix has 12 taxa, 898 characters
Valid character-state symbols: ACGT
Missing data identified by '?'
Gaps identified by '-'
"Equate" macros in effect:
   R,r ==> {AG}
   Y,y ==> {CT}
   M,m ==> {AC}
   K,k ==> {GT}
   S,s ==> {CG}
   W,w ==> {AT}
   H,h ==> {ACT}
   B,b ==> {CGT}
   V,v ==> {ACG}
   D,d ==> {AGT}
   N,n ==> {ACGT}

Processing of input file "alignment.nex" completed.

Optimality criterion set to likelihood.

Heuristic search settings:
  Optimality criterion = likelihood
    898 characters are included
    All characters have equal weight
    Likelihood settings:
      Current model:
                               Data type = nucleotide
                  DNA substitution types = 1
                       State frequencies = empirical: A=0.324121 C=0.30402 G=0.105528 T=0.266332
          Proportion of invariable sites = none
                 Rates at variable sites = equal
                    Model correspondence = F81

      Number of distinct data patterns under this model = 413
      Molecular clock not enforced
      Starting branch lengths obtained using Rogers-Swofford approximation method
      Trees with approximate log likelihoods 5% or further from the target score are rejected without additional iteration
      Branch-length optimization = one-dimensional Newton-Raphson with pass limit=20, tolerance=1e-07
      Likelihood calculations performed in single precision
      Vector processing enabled
      Using standard Felsenstein pruning for computing likelihoods
      Conditional-likelihood rescaling threshold = 1e-20
      Using 14 parallel threads on 16 processors

  Starting tree(s) obtained via stepwise addition
    Addition sequence: random
    Number of replicates = 1
    Starting seed = generated automatically
    Number of trees held at each step = 1
  Branch-swapping algorithm: tree-bisection-reconnection (TBR) with reconnection limit = 8
    Steepest descent option not in effect
  Initial 'Maxtrees' setting = 100 (will be auto-increased by 100)
  Branches collapsed (creating polytomies) if branch length is less than or equal to 1e-08
  'MulTrees' option in effect
  No topological constraints in effect
  Trees are unrooted

Heuristic search completed
  Total number of rearrangements tried = 546
  Score of best tree(s) found = 6303.661
  Number of trees retained = 1
  Time used = 0.53 sec (CPU time = 7.16 sec)

Tree-island profile:
                     First      Last                        First    Times
Island      Size      tree      tree           Score    replicate      hit
--------------------------------------------------------------------------
     1         1         1         1        6303.661            1       1

Heuristic search settings:
  Optimality criterion = likelihood
    898 characters are included
    All characters have equal weight
    Likelihood settings:
      Current model:
                               Data type = nucleotide
                  DNA substitution types = 1
                       State frequencies = empirical: A=0.324121 C=0.30402 G=0.105528 T=0.266332
          Proportion of invariable sites = none
                 Rates at variable sites = equal
                    Model correspondence = F81

      Number of distinct data patterns under this model = 413
      Molecular clock not enforced
      Starting branch lengths obtained using Rogers-Swofford approximation method
      Trees with approximate log likelihoods 5% or further from the target score are rejected without additional iteration
      Branch-length optimization = one-dimensional Newton-Raphson with pass limit=20, tolerance=1e-07
      Likelihood calculations performed in single precision
      Vector processing enabled
      Using standard Felsenstein pruning for computing likelihoods
      Conditional-likelihood rescaling threshold = 1e-20
      Using 14 parallel threads on 16 processors

  Branch-swapping algorithm: tree-bisection-reconnection (TBR) with reconnection limit = 8
    Initial swapping on tree 1 already in memory
    Steepest descent option not in effect
  Initial 'Maxtrees' setting = 100 (will be auto-increased by 100)
  Branches collapsed (creating polytomies) if branch length is less than or equal to 1e-08
  'MulTrees' option in effect
  Keeping only trees NOT compatible with constraint-tree "clade constraint"
  Trees are unrooted

Heuristic search completed
  Total number of rearrangements tried = 518
  Score of best tree(s) found = 6349.158
  Number of trees retained = 1
  Time used = 1.59 sec (CPU time = 18.63 sec)

1 tree saved to file "~/Library/CloudStorage/Dropbox/Lab/James McInerney/programming/MLDecay/debug_runs/mldecay_20250627_122722/constraint_tree_7.tre" in raw Newick format

Likelihood scores of tree(s) in memory:
---------------------------------------
  898 characters are included
  All characters have equal weight
  Likelihood settings:
    Current model:
                             Data type = nucleotide
                DNA substitution types = 1
                     State frequencies = empirical: A=0.324121 C=0.30402 G=0.105528 T=0.266332
        Proportion of invariable sites = none
               Rates at variable sites = equal
                  Model correspondence = F81

    Number of distinct data patterns under this model = 413
    Molecular clock not enforced
    Starting branch lengths obtained using Rogers-Swofford approximation method
    Branch-length optimization = one-dimensional Newton-Raphson with pass limit=20, tolerance=1e-07
    Likelihood calculations performed in single precision
    Vector processing enabled
    Using standard Felsenstein pruning for computing likelihoods
    Conditional-likelihood rescaling threshold = 1e-20
    Using 14 parallel threads on 16 processors

Tree             1
------------------
-ln L     6349.158

Time used to compute likelihoods = 0.00 sec (CPU time = 0.12 sec)

Tree scores (and parameter estimates) written to file: ~/Library/CloudStorage/Dropbox/Lab/James
McInerney/programming/MLDecay/debug_runs/mldecay_20250627_122722/constraint_score_7.txt
