--- STDOUT ---

P A U P *
Version 4.0a (build 168) for macOS (built on Aug  2 2020 at 06:41:30)
Wed May 21 15:19:56 2025

        -----------------------------NOTICE-----------------------------
          This is a test version that is still changing rapidly.
          Please report bugs to dave@phylosolutions.com
        ----------------------------------------------------------------

Running on Apple M3 Max
    16 CPU cores on 1 socket
    Executable built for Intel(R) 64 architecture
    Compiled using Intel compiler (icc) 11.1.0 (build 20091012)
    SSE vectorization enabled
    SSSE3 instructions supported
    Multithreading enabled using Pthreads

Processing of file "~/Library/CloudStorage/Dropbox/Lab/James McInerney/programming/MLDecay/debug_runs/mldecay_20250521_151847/site_analysis_Clade_7.nex" begins...

Processing of file "~/Library/CloudStorage/Dropbox/Lab/James McInerney/programming/MLDecay/debug_runs/mldecay_20250521_151847/alignment.nex" begins...

Data read in DNA format

Data matrix has 12 taxa, 898 characters
Valid character-state symbols: ACGT
Missing data identified by '?'
Gaps identified by '-'
"Equate" macros in effect:
   R,r ==> {AG}
   Y,y ==> {CT}
   M,m ==> {AC}
   K,k ==> {GT}
   S,s ==> {CG}
   W,w ==> {AT}
   H,h ==> {ACT}
   B,b ==> {CGT}
   V,v ==> {ACG}
   D,d ==> {AGT}
   N,n ==> {ACGT}

Processing of input file "alignment.nex" completed.

Optimality criterion set to likelihood.

Processing TREES block from file: ~/Library/CloudStorage/Dropbox/Lab/James McInerney/programming/MLDecay/debug_runs/mldecay_20250521_151847/ml_tree.tre
  Keeping: trees from file (replacing any trees already in memory)
  1 tree read from file

  Time used = 0.00 sec (CPU time = 0.00 sec)

Note: Input trees are rooted but current criterion and/or option settings would specify unrooted trees.  (You can deroot the trees using the 'derootTrees' command.)

Processing TREES block from file: ~/Library/CloudStorage/Dropbox/Lab/James McInerney/programming/MLDecay/debug_runs/mldecay_20250521_151847/constraint_tree_7.tre
  Keeping: trees in memory plus trees from file
  1 tree originally in memory
  1 tree read from file
  1 tree from file kept
  2 trees now in memory

  Time used = 0.00 sec (CPU time = 0.00 sec)

Note: Input trees are rooted but current criterion and/or option settings would specify unrooted trees.  (You can deroot the trees using the 'derootTrees' command.)

Likelihood scores of tree(s) in memory:
---------------------------------------
  898 characters are included
  All characters have equal weight
  Likelihood settings:
    Current model:
                             Data type = nucleotide
                DNA substitution types = 1
                     State frequencies = empirical: A=0.324121 C=0.30402 G=0.105528 T=0.266332
        Proportion of invariable sites = none
               Rates at variable sites = equal
                  Model correspondence = F81

    Number of distinct data patterns under this model = 413
    Molecular clock not enforced
    Starting branch lengths obtained using Rogers-Swofford approximation method
    Branch-length optimization = one-dimensional Newton-Raphson with pass limit=20, tolerance=1e-07
    Likelihood calculations performed in single precision
    Vector processing enabled
    Using standard Felsenstein pruning for computing likelihoods
    Conditional-likelihood rescaling threshold = 1e-20
    Using 14 parallel threads on 16 processors

Tree             1           2
------------------------------
-ln L     6303.661    6349.158

Likelihoods for each site on tree 1:

site                 1           2           3           4           5           6           7           8           9          10          11          12          13          14          15          16          17
L             0.085727    0.085727    0.017630    0.005603    0.062476    0.062476   3.606e-05    0.003892    0.002978   3.035e-07    0.017630    0.017630   3.604e-06    0.017630    0.077132    0.007084   2.005e-05
ln L         -2.456587   -2.456587   -4.038130   -5.184402   -2.772967   -2.772967  -10.230275   -5.548879   -5.816510  -15.007928   -4.038130   -4.038130  -12.533408   -4.038130   -2.562234   -4.949938  -10.817138

site                18          19          20          21          22          23          24          25          26          27          28          29          30          31          32          33          34
L            1.064e-04   3.598e-08   1.137e-05   4.091e-06   2.279e-06    0.077132    0.062476   4.931e-09    0.085727    0.062476   5.166e-06   7.650e-04    0.062476   8.772e-10    0.017630    0.077132   4.320e-06
ln L         -9.148160  -17.140367  -11.384453  -12.406741  -12.991821   -2.562234   -2.772967  -19.127626   -2.456587   -2.772967  -12.173326   -7.175615   -2.772967  -20.854252   -4.038130   -2.562234  -12.352344

site                35          36          37          38          39          40          41          42          43          44          45          46          47          48          49          50          51
L             0.077132    0.085727   2.421e-06    0.017630    0.017630   7.740e-09    0.005368    0.062476   9.997e-07    0.085727    0.077132   7.195e-06    0.062476    0.077132   1.925e-08    0.062476    0.077132
ln L         -2.562234   -2.456587  -12.931381   -4.038130   -4.038130  -18.676868   -5.227343   -2.772967  -13.815825   -2.456587   -2.562234  -11.842167   -2.772967   -2.562234  -17.765993   -2.772967   -2.562234

site                52          53          54          55          56          57          58          59          60          61          62          63          64          65          66          67          68
L            1.312e-04   4.409e-06    0.062476   2.774e-07   3.469e-07    0.003598   2.364e-06    0.062476    0.062476    0.005603    0.062476    0.017630    0.004207   7.536e-05    0.062476   1.062e-06    0.017630
ln L         -8.938629  -12.331764   -2.772967  -15.097890  -14.874240   -5.627305  -12.955324   -2.772967   -2.772967   -5.184402   -2.772967   -4.038130   -5.470923   -9.493274   -2.772967  -13.755200   -4.038130

site                69          70          71          72          73          74          75          76          77          78          79          80          81          82          83          84          85
L             0.077132   2.932e-04    0.085727    0.085727   7.252e-05    0.005560    0.077132    0.004673    0.085727    0.085727   1.090e-04    0.062476    0.085727   2.021e-05    0.017630    0.085727   5.956e-04
ln L         -2.562234   -8.134738   -2.456587   -2.456587   -9.531665   -5.192160   -2.562234   -5.366011   -2.456587   -2.456587   -9.124614   -2.772967   -2.456587  -10.809142   -4.038130   -2.456587   -7.425945

site                86          87          88          89          90          91          92          93          94          95          96          97          98          99         100         101         102
L             0.077132    0.017630   4.243e-05    0.002459    0.001713   6.145e-08    0.077132    0.085727   7.382e-05    0.085727   2.754e-04   4.575e-05    0.077132    0.017630   2.757e-06    0.085727   5.797e-05
ln L         -2.562234   -4.038130  -10.067736   -6.008059   -6.369387  -16.605048   -2.562234   -2.456587   -9.513817   -2.456587   -8.197467   -9.992351   -2.562234   -4.038130  -12.801269   -2.456587   -9.755642

site               103         104         105         106         107         108         109         110         111         112         113         114         115         116         117         118         119
L             0.002243    0.085727    0.062476    0.085727   2.080e-05   4.943e-04   1.661e-06    0.005368    0.062476   3.888e-07   1.290e-04    0.077132   1.052e-06    0.077132   2.889e-04   1.976e-05    0.017630
ln L         -6.100058   -2.456587   -2.772967   -2.456587  -10.780339   -7.612405  -13.308010   -5.227343   -2.772967  -14.760268   -8.955430   -2.562234  -13.764779   -2.562234   -8.149398  -10.831633   -4.038130

site               120         121         122         123         124         125         126         127         128         129         130         131         132         133         134         135         136
L             0.017630   2.189e-07    0.005120    0.062476   5.109e-08    0.077132    0.085727    0.085727    0.001390    0.003531   6.336e-08   2.102e-04    0.062476    0.004673   4.795e-04    0.062476   8.808e-05
ln L         -4.038130  -15.334852   -5.274549   -2.772967  -16.789760   -2.562234   -2.456587   -2.456587   -6.578329   -5.646211  -16.574472   -8.467663   -2.772967   -5.366011   -7.642761   -2.772967   -9.337247

site               137         138         139         140         141         142         143         144         145         146         147         148         149         150         151         152         153
L             0.077132    0.077132   6.083e-06    0.001353    0.062476   2.261e-07    0.002459   2.853e-04    0.085727    0.017630    0.002127   8.379e-07   4.996e-07    0.002884   7.682e-07    0.062476    0.017630
ln L         -2.562234   -2.562234  -12.010009   -6.605169   -2.772967  -15.302495   -6.008059   -8.161897   -2.456587   -4.038130   -6.153113  -13.992351  -14.509552   -5.848657  -14.079256   -2.772967   -4.038130

site               154         155         156         157         158         159         160         161         162         163         164         165         166         167         168         169         170
L             0.085727    0.062476    0.017630    0.085727   8.959e-05    0.062476   2.134e-08   7.224e-05   1.766e-04   3.081e-05    0.017630    0.077132    0.003853    0.085727    0.001559    0.005368    0.005603
ln L         -2.456587   -2.772967   -4.038130   -2.456587   -9.320283   -2.772967  -17.662488   -9.535537   -8.641399  -10.387569   -4.038130   -2.562234   -5.558954   -2.456587   -6.463427   -5.227343   -5.184402

site               171         172         173         174         175         176         177         178         179         180         181         182         183         184         185         186         187
L             0.062476   1.878e-04   3.420e-06    0.077132   1.205e-04    0.085727    0.085727    0.001737    0.077132    0.062476   5.253e-07    0.017630    0.077132    0.001737   5.874e-05    0.062476    0.006206
ln L         -2.772967   -8.579958  -12.585803   -2.562234   -9.024065   -2.456587   -2.456587   -6.355603   -2.562234   -2.772967  -14.459237   -4.038130   -2.562234   -6.355603   -9.742434   -2.772967   -5.082289

site               188         189         190         191         192         193         194         195         196         197         198         199         200         201         202         203         204
L             0.077132    0.077132    0.003204   1.343e-05    0.077132   1.401e-05   1.366e-04    0.077132   1.360e-06    0.085727    0.062476   1.987e-06    0.085727    0.085727   2.856e-07    0.002978    0.062476
ln L         -2.562234   -2.562234   -5.743280  -11.217868   -2.562234  -11.175466   -8.898110   -2.562234  -13.507993   -2.456587   -2.772967  -13.128708   -2.456587   -2.456587  -15.068733   -5.816510   -2.772967

site               205         206         207         208         209         210         211         212         213         214         215         216         217         218         219         220         221
L            3.282e-06   1.805e-04    0.062476   4.186e-08    0.017630    0.017630   2.899e-10    0.017630    0.085727   6.856e-04    0.005368    0.062476   8.299e-05    0.005003   7.686e-05   1.522e-05    0.001559
ln L        -12.626923   -8.619739   -2.772967  -16.989014   -4.038130   -4.038130  -21.961502   -4.038130   -2.456587   -7.285214   -5.227343   -2.772967   -9.396739   -5.297678   -9.473560  -11.092617   -6.463427

site               222         223         224         225         226         227         228         229         230         231         232         233         234         235         236         237         238
L             0.005003   1.652e-05    0.002040    0.003895   3.929e-05   5.547e-08    0.003355   4.428e-06   2.075e-06    0.077132   8.020e-06   6.145e-07    0.002633   2.002e-07    0.062476    0.062476   5.563e-06
ln L         -5.297678  -11.011080   -6.194944   -5.548079  -10.144501  -16.707361   -5.697444  -12.327663  -13.085327   -2.562234  -11.733629  -14.302495   -5.939653  -15.424090   -2.772967   -2.772967  -12.099288

site               239         240         241         242         243         244         245         246         247         248         249         250         251         252         253         254         255
L             0.062476    0.077132   1.574e-05    0.062476    0.017630   1.273e-07    0.001021    0.077132   1.544e-05   3.813e-04    0.085727   8.133e-06   5.105e-04   3.360e-06   1.192e-05    0.085727    0.077132
ln L         -2.772967   -2.562234  -11.058993   -2.772967   -4.038130  -15.876590   -6.887250   -2.562234  -11.078582   -7.872020   -2.456587  -11.719624   -7.580215  -12.603631  -11.336960   -2.456587   -2.562234

site               256         257         258         259         260         261         262         263         264         265         266         267         268         269         270         271         272
L            2.780e-07    0.001946    0.062476   1.049e-06   1.841e-07    0.002941   2.470e-07   6.172e-07    0.062476   1.726e-07    0.002459    0.002978   2.783e-05    0.017630    0.017630   1.257e-06   2.533e-08
ln L        -15.095725   -6.242175   -2.772967  -13.767984  -15.507773   -5.829130  -15.213996  -14.298037   -2.772967  -15.572145   -6.008059   -5.816510  -10.489545   -4.038130   -4.038130  -13.586761  -17.491111

site               273         274         275         276         277         278         279         280         281         282         283         284         285         286         287         288         289
L             0.001443   2.068e-08    0.085727    0.085727   7.329e-06    0.001390    0.005215   3.062e-04   4.394e-04    0.062476   7.728e-04   5.191e-04    0.062476   1.530e-07    0.085727    0.077132   2.813e-07
ln L         -6.540850  -17.694257   -2.456587   -2.456587  -11.823640   -6.578329   -5.256182   -8.091199   -7.730161   -2.772967   -7.165429   -7.563436   -2.772967  -15.692530   -2.456587   -2.562234  -15.083680

site               290         291         292         293         294         295         296         297         298         299         300         301         302         303         304         305         306
L            7.473e-04    0.077132   3.785e-04    0.077132    0.062476   4.500e-08    0.062476    0.085727    0.002978    0.062476    0.077132   1.015e-07    0.077132    0.062476   1.598e-08   3.238e-04    0.085727
ln L         -7.198989   -2.562234   -7.879341   -2.562234   -2.772967  -16.916608   -2.772967   -2.456587   -5.816510   -2.772967   -2.562234  -16.103555   -2.562234   -2.772967  -17.952118   -8.035463   -2.456587

site               307         308         309         310         311         312         313         314         315         316         317         318         319         320         321         322         323
L            2.822e-06    0.085727    0.062476   1.315e-07    0.005215    0.005334   7.416e-06    0.002354   4.040e-06   9.096e-07    0.005941   2.301e-04   4.668e-04   5.956e-04    0.001353    0.006206    0.077132
ln L        -12.778080   -2.456587   -2.772967  -15.844571   -5.256182   -5.233656  -11.811908   -6.051723  -12.419327  -13.910291   -5.125954   -8.376860   -7.669542   -7.425945   -6.605169   -5.082289   -2.562234

site               324         325         326         327         328         329         330         331         332         333         334         335         336         337         338         339         340
L             0.085727    0.002354    0.001525    0.017630   5.191e-04    0.017630    0.017630   6.095e-06   1.685e-10    0.003787   7.650e-04    0.005603   2.175e-04   2.223e-04    0.085727    0.077132   8.073e-04
ln L         -2.456587   -6.051723   -6.485579   -4.038130   -7.563436   -4.038130   -4.038130  -12.008110  -22.504099   -5.576269   -7.175615   -5.184402   -8.433441   -8.411606   -2.456587   -2.562234   -7.121812

site               341         342         343         344         345         346         347         348         349         350         351         352         353         354         355         356         357
L             0.001713    0.085727   3.398e-05    0.006532    0.002354    0.002978    0.004673   4.166e-04   3.825e-08    0.005334   2.551e-06   1.762e-06    0.085727    0.085727   8.442e-06    0.005334    0.062476
ln L         -6.369387   -2.456587  -10.289777   -5.030970   -6.051723   -5.816510   -5.366011   -7.783391  -17.079183   -5.233659  -12.879132  -13.249306   -2.456587   -2.456587  -11.682250   -5.233659   -2.772967

site               358         359         360         361         362         363         364         365         366         367         368         369         370         371         372         373         374
L             0.007084    0.085727    0.006206   5.557e-09    0.077132    0.077132   6.298e-07   3.251e-05    0.005368   7.420e-08    0.002941    0.062476   8.399e-06    0.085727    0.077132    0.007084    0.077132
ln L         -4.949938   -2.456587   -5.082289  -19.008191   -2.562234   -2.562234  -14.277853  -10.334079   -5.227343  -16.416465   -5.829130   -2.772967  -11.687438   -2.456587   -2.562234   -4.949938   -2.562234

site               375         376         377         378         379         380         381         382         383         384         385         386         387         388         389         390         391
L             0.017630    0.003334    0.017630    0.085727    0.085727    0.085727    0.085727   3.427e-07    0.085727   2.600e-08   5.722e-08   1.642e-05    0.062476   6.770e-05    0.085727    0.062476   7.235e-06
ln L         -4.038130   -5.703659   -4.038130   -2.456587   -2.456587   -2.456587   -2.456587  -14.886366   -2.456587  -17.465291  -16.676387  -11.016967   -2.772967   -9.600356   -2.456587   -2.772967  -11.836562

site               392         393         394         395         396         397         398         399         400         401         402         403         404         405         406         407         408
L            3.729e-07    0.003895   4.515e-06    0.001738    0.062476   1.137e-05    0.077132    0.085727    0.005368   5.878e-04    0.062476   2.409e-04   7.041e-06   1.258e-04   3.119e-05    0.077132    0.077132
ln L        -14.801967   -5.548079  -12.308009   -6.354920   -2.772967  -11.384453   -2.562234   -2.456587   -5.227343   -7.439160   -2.772967   -8.331065  -11.863772   -8.980891  -10.375538   -2.562234   -2.562234

site               409         410         411         412         413         414         415         416         417         418         419         420         421         422         423         424         425
L            4.525e-04   3.651e-05    0.062476   6.336e-09   3.954e-04    0.062476    0.001737    0.077132    0.062476   3.515e-08   1.436e-04    0.062476   4.668e-04   2.661e-05    0.077132   1.727e-06   1.920e-04
ln L         -7.700684  -10.217971   -2.772967  -18.877042   -7.835590   -2.772967   -6.355603   -2.562234   -2.772967  -17.163701   -8.848184   -2.772967   -7.669542  -10.534195   -2.562234  -13.269215   -8.558124

site               426         427         428         429         430         431         432         433         434         435         436         437         438         439         440         441         442
L             0.005215   3.395e-06    0.085727    0.002354    0.001566    0.077132    0.077132   6.426e-05   6.405e-04    0.001157   1.357e-07   1.048e-04    0.062476   3.591e-06    0.085727    0.062476   2.485e-07
ln L         -5.256182  -12.593257   -2.456587   -6.051723   -6.459506   -2.562234   -2.562234   -9.652524   -7.353331   -6.761780  -15.812709   -9.163806   -2.772967  -12.536998   -2.456587   -2.772967  -15.207950

site               443         444         445         446         447         448         449         450         451         452         453         454         455         456         457         458         459
L            3.981e-06    0.001531   9.364e-09    0.017630    0.017630   2.591e-08   1.938e-04    0.001711   2.593e-06   1.227e-06    0.005603   1.722e-09   2.370e-04   1.577e-04   8.206e-05    0.062476    0.017630
ln L        -12.433867   -6.481934  -18.486393   -4.038130   -4.038130  -17.468514   -8.548530   -6.370672  -12.862857  -13.611002   -5.184402  -20.179602   -8.347554   -8.755054   -9.408090   -2.772967   -4.038130

site               460         461         462         463         464         465         466         467         468         469         470         471         472         473         474         475         476
L             0.062476    0.085727   3.827e-04    0.005941    0.002941    0.085727    0.062476    0.085727    0.017630    0.062476    0.062476    0.062476    0.085727    0.002354   3.604e-06   4.956e-04    0.085727
ln L         -2.772967   -2.456587   -7.868218   -5.125954   -5.829130   -2.456587   -2.772967   -2.456587   -4.038130   -2.772967   -2.772967   -2.772967   -2.456587   -6.051723  -12.533408   -7.609813   -2.456587

site               477         478         479         480         481         482         483         484         485         486         487         488         489         490         491         492         493
L             0.085727    0.085727    0.085727    0.077132    0.085727   2.529e-05    0.001437    0.085727    0.017630    0.085727    0.001606    0.062476    0.017630    0.062476    0.017630    0.085727    0.002459
ln L         -2.456587   -2.456587   -2.456587   -2.562234   -2.456587  -10.585124   -6.545284   -2.456587   -4.038130   -2.456587   -6.434233   -2.772967   -4.038130   -2.772967   -4.038130   -2.456587   -6.008059

site               494         495         496         497         498         499         500         501         502         503         504         505         506         507         508         509         510
L             0.062476    0.077132    0.003895   6.405e-04    0.001851   2.247e-07   5.322e-05    0.085727    0.001437    0.085727    0.017630    0.001157   1.898e-05   9.787e-06    0.006532   3.617e-07   3.107e-08
ln L         -2.772967   -2.562234   -5.548079   -7.353331   -6.291780  -15.308533   -9.840999   -2.456587   -6.545284   -2.456587   -4.038130   -6.761780  -10.871901  -11.534453   -5.030970  -14.832454  -17.287134

site               511         512         513         514         515         516         517         518         519         520         521         522         523         524         525         526         527
L             0.001390    0.246216   2.698e-05   6.494e-08    0.097585    0.005603   2.059e-05   9.147e-04    0.077132    0.062476    0.062476    0.001390   2.513e-04    0.062476    0.062476    0.085727    0.077132
ln L         -6.578329   -1.401546  -10.520337  -16.549762   -2.327029   -5.184402  -10.790822   -6.996942   -2.562234   -2.772967   -2.772967   -6.578329   -8.288792   -2.772967   -2.772967   -2.456587   -2.562234

site               528         529         530         531         532         533         534         535         536         537         538         539         540         541         542         543         544
L             0.077132    0.001613    0.085727    0.017630    0.085727    0.085727    0.085727    0.001087    0.001713   7.315e-06    0.324121   1.393e-06   4.436e-06   3.152e-06   2.730e-04    0.004673    0.017630
ln L         -2.562234   -6.429592   -2.456587   -4.038130   -2.456587   -2.456587   -2.456587   -6.824746   -6.369387  -11.825588   -1.126640  -13.483926  -12.325725  -12.667540   -8.205930   -5.366011   -4.038130

site               545         546         547         548         549         550         551         552         553         554         555         556         557         558         559         560         561
L             0.001468   6.856e-04    0.077132    0.001606    0.017630    0.077132    0.062476    0.085727    0.085727   1.235e-07    0.003355    0.077132   1.592e-04   9.212e-08   4.762e-10   5.921e-08   1.881e-07
ln L         -6.524131   -7.285214   -2.562234   -6.434233   -4.038130   -2.562234   -2.772967   -2.456587   -2.456587  -15.906678   -5.697444   -2.562234   -8.745237  -16.200194  -21.465158  -16.642171  -15.486118

site               562         563         564         565         566         567         568         569         570         571         572         573         574         575         576         577         578
L            1.826e-06    0.077132    0.077132   2.885e-07    0.005334   7.417e-05   2.690e-07   1.806e-10    0.062476   1.145e-05    0.085727   3.023e-04    0.085727   5.398e-05   2.514e-04   1.772e-04   2.164e-04
ln L        -13.213463   -2.562234   -2.562234  -15.058450   -5.233656   -9.509198  -15.128738  -22.434931   -2.772967  -11.377623   -2.456587   -8.104129   -2.456587   -9.826963   -8.288316   -8.638336   -8.438503

site               579         580         581         582         583         584         585         586         587         588         589         590         591         592         593         594         595
L             0.017630    0.017630    0.003531    0.062476    0.004152   1.003e-04    0.077132    0.062476    0.005603    0.101475    0.001157    0.077132    0.062476    0.062476    0.062476    0.062476    0.085727
ln L         -4.038130   -4.038130   -5.646211   -2.772967   -5.484057   -9.206891   -2.562234   -2.772967   -5.184402   -2.287939   -6.761780   -2.562234   -2.772967   -2.772967   -2.772967   -2.772967   -2.456587

site               596         597         598         599         600         601         602         603         604         605         606         607         608         609         610         611         612
L             0.085727    0.085727    0.017630    0.017630    0.085727    0.062476    0.085727   6.008e-04   4.556e-04    0.085727    0.017630    0.001713   7.246e-05    0.085727    0.062476    0.077132    0.077132
ln L         -2.456587   -2.456587   -4.038130   -4.038130   -2.456587   -2.772967   -2.456587   -7.417317   -7.693970   -2.456587   -4.038130   -6.369387   -9.532490   -2.456587   -2.772967   -2.562234   -2.562234

site               613         614         615         616         617         618         619         620         621         622         623         624         625         626         627         628         629
L            2.680e-05    0.062476    0.005215    0.017630   2.754e-04   2.164e-04    0.077132    0.062476    0.062476    0.085727    0.017630    0.017630   8.073e-04   1.592e-06    0.003531    0.077132    0.002459
ln L        -10.527155   -2.772967   -5.256182   -4.038130   -8.197467   -8.438503   -2.562234   -2.772967   -2.772967   -2.456587   -4.038130   -4.038130   -7.121812  -13.350650   -5.646211   -2.562234   -6.008059

site               630         631         632         633         634         635         636         637         638         639         640         641         642         643         644         645         646
L             0.085727    0.085727    0.085727    0.085727   2.797e-06    0.001739    0.062476    0.062476    0.017630    0.017630    0.062476    0.017630    0.077132    0.085727    0.085727    0.077132    0.062476
ln L         -2.456587   -2.456587   -2.456587   -2.456587  -12.787065   -6.354313   -2.772967   -2.772967   -4.038130   -4.038130   -2.772967   -4.038130   -2.562234   -2.456587   -2.456587   -2.562234   -2.772967

site               647         648         649         650         651         652         653         654         655         656         657         658         659         660         661         662         663
L             0.077132    0.077132    0.085727    0.085727    0.085727    0.062476    0.085727    0.085727    0.085727    0.085727    0.017630    0.062476    0.085727    0.085727    0.002444    0.085727   4.201e-05
ln L         -2.562234   -2.562234   -2.456587   -2.456587   -2.456587   -2.772967   -2.456587   -2.456587   -2.456587   -2.456587   -4.038130   -2.772967   -2.456587   -2.456587   -6.014257   -2.456587  -10.077644

site               664         665         666         667         668         669         670         671         672         673         674         675         676         677         678         679         680
L            5.269e-04   5.553e-06   7.728e-04    0.062476   5.994e-04   1.315e-06   1.121e-04   1.205e-08   1.500e-05    0.005368   1.349e-04   2.167e-04    0.077132   5.170e-07    0.003279    0.005215    0.002005
ln L         -7.548449  -12.101149   -7.165429   -2.772967   -7.419557  -13.541310   -9.096282  -18.233865  -11.107718   -5.227343   -8.911330   -8.437120   -2.562234  -14.475244   -5.720102   -5.256182   -6.212002

site               681         682         683         684         685         686         687         688         689         690         691         692         693         694         695         696         697
L             0.001390   2.633e-04   8.318e-09   2.830e-06   9.147e-04   8.719e-06   1.211e-08    0.003355   2.075e-04   4.963e-05    0.077132   9.377e-07    0.002633    0.062476   1.096e-09    0.085727   1.402e-04
ln L         -6.578329   -8.242043  -18.604842  -12.775197   -6.996942  -11.649968  -18.228827   -5.697444   -8.480554   -9.910915   -2.562234  -13.879847   -5.939653   -2.772967  -20.631397   -2.456587   -8.872726

site               698         699         700         701         702         703         704         705         706         707         708         709         710         711         712         713         714
L            1.623e-05   4.635e-06   1.426e-04    0.077132   4.197e-06    0.062476   5.956e-04    0.006781   2.164e-04   4.184e-06   3.192e-05   4.100e-06   1.606e-07    0.077132    0.077132   2.326e-06    0.006206
ln L        -11.028658  -12.281928   -8.855244   -2.562234  -12.381117   -2.772967   -7.425945   -4.993602   -8.438503  -12.384162  -10.352135  -12.404541  -15.644389   -2.562234   -2.562234  -12.971280   -5.082289

site               715         716         717         718         719         720         721         722         723         724         725         726         727         728         729         730         731
L             0.062476   9.931e-06   7.636e-06   1.438e-04   6.940e-09   2.429e-05    0.002978   2.332e-07    0.085727    0.005120    0.006819   5.996e-06    0.005215   7.913e-07   5.191e-04   5.785e-05   5.182e-06
ln L         -2.772967  -11.519832  -11.782615   -8.847181  -18.785900  -10.625356   -5.816510  -15.271202   -2.456587   -5.274549   -4.988029  -12.024470   -5.256182  -14.049561   -7.563436   -9.757571  -12.170346

site               732         733         734         735         736         737         738         739         740         741         742         743         744         745         746         747         748
L             0.085727    0.085727   1.378e-04    0.003787   7.490e-04   1.100e-07   4.595e-05    0.085727   4.040e-06    0.002459    0.085727    0.085727    0.085727   2.023e-04   9.731e-06   4.985e-05   2.695e-07
ln L         -2.456587   -2.456587   -8.889976   -5.576269   -7.196760  -16.023032   -9.987967   -2.456587  -12.419327   -6.008059   -2.456587   -2.456587   -2.456587   -8.505985  -11.540235   -9.906471  -15.126851

site               749         750         751         752         753         754         755         756         757         758         759         760         761         762         763         764         765
L            6.582e-06   6.324e-08   5.576e-06    0.005334    0.062476    0.085727   1.926e-06    0.001667    0.077132   3.277e-07   5.189e-07    0.005334   1.154e-06    0.062476    0.085727   4.227e-05    0.017630
ln L        -11.931222  -16.576403  -12.097010   -5.233659   -2.772967   -2.456587  -13.160208   -6.396692   -2.562234  -14.931157  -14.471478   -5.233659  -13.672643   -2.772967   -2.456587  -10.071424   -4.038130

site               766         767         768         769         770         771         772         773         774         775         776         777         778         779         780         781         782
L             0.062476   6.887e-04    0.085727    0.085727    0.085727   7.806e-06   2.073e-05   6.408e-09   3.845e-08    0.001525   2.432e-05   3.751e-07    0.062476   1.037e-05   1.035e-04   3.103e-04   2.895e-07
ln L         -2.772967   -7.280690   -2.456587   -2.456587   -2.456587  -11.760566  -10.783824  -18.865739  -17.073876   -6.485579  -10.624021  -14.796016   -2.772967  -11.476806   -9.176403   -8.077950  -15.055142

site               783         784         785         786         787         788         789         790         791         792         793         794         795         796         797         798         799
L             0.062476   3.646e-05   1.498e-05   2.973e-05    0.077132   3.135e-04    0.005003    0.062476   2.420e-06    0.085727    0.002444   4.358e-10    0.085727   1.883e-05   1.520e-05    0.085727    0.017630
ln L         -2.772967  -10.219272  -11.108888  -10.423253   -2.562234   -8.067633   -5.297678   -2.772967  -12.931629   -2.456587   -6.014257  -21.553861   -2.456587  -10.880303  -11.094031   -2.456587   -4.038130

site               800         801         802         803         804         805         806         807         808         809         810         811         812         813         814         815         816
L            1.440e-06    0.006532    0.005003   2.481e-07   1.525e-07    0.003355   6.131e-06   3.103e-04    0.077132   1.283e-05    0.085727   4.795e-04   2.683e-04    0.007084   1.156e-04   6.625e-06   3.236e-06
ln L        -13.450804   -5.030970   -5.297678  -15.209557  -15.696168   -5.697444  -12.002082   -8.077950   -2.562234  -11.263903   -2.456587   -7.642761   -8.223550   -4.949938   -9.065045  -11.924602  -12.641241

site               817         818         819         820         821         822         823         824         825         826         827         828         829         830         831         832         833
L             0.062476    0.006781    0.062476    0.001712   4.529e-07   1.632e-04    0.062476   5.796e-10   1.003e-04   6.431e-06    0.005368   4.583e-06   2.262e-05    0.085727   9.974e-05   1.512e-06   3.114e-05
ln L         -2.772967   -4.993602   -2.772967   -6.370211  -14.607507   -8.720441   -2.772967  -21.268605   -9.206891  -11.954352   -5.227343  -12.293059  -10.696686   -2.456587   -9.212963  -13.402243  -10.376924

site               834         835         836         837         838         839         840         841         842         843         844         845         846         847         848         849         850
L             0.077132    0.085727    0.085727    0.017630    0.085727    0.085727   4.440e-05   8.566e-05   4.789e-05    0.085727   9.256e-04   1.111e-05    0.001157    0.062476   2.429e-05    0.002605    0.001331
ln L         -2.562234   -2.456587   -2.456587   -4.038130   -2.456587   -2.456587  -10.022291   -9.365150   -9.946543   -2.456587   -6.985036  -11.407691   -6.761780   -2.772967  -10.625420   -5.950235   -6.621467

site               851         852         853         854         855         856         857         858         859         860         861         862         863         864         865         866         867
L            1.495e-09    0.085727   1.175e-05    0.001353    0.062476    0.017630   6.146e-06    0.002633    0.001157   4.134e-05    0.062476    0.017630    0.085727   6.405e-04    0.001531   6.121e-05    0.001390
ln L        -20.320810   -2.456587  -11.351687   -6.605169   -2.772967   -4.038130  -11.999716   -5.939653   -6.761780  -10.093706   -2.772967   -4.038130   -2.456587   -7.353331   -6.481934   -9.701214   -6.578329

site               868         869         870         871         872         873         874         875         876         877         878         879         880         881         882         883         884
L            8.959e-05   1.557e-08    0.085727    0.001713    0.005603    0.077132    0.085727   8.377e-05    0.085727    0.077132   3.543e-06   3.050e-07   5.878e-04   5.603e-07   5.570e-07   7.650e-04   1.392e-05
ln L         -9.320283  -17.977779   -2.456587   -6.369387   -5.184402   -2.562234   -2.456587   -9.387463   -2.456587   -2.562234  -12.550513  -15.002923   -7.439183  -14.394770  -14.400722   -7.175615  -11.182160

site               885         886         887         888         889         890         891         892         893         894         895         896         897         898
L             0.005603    0.062476    0.002040    0.003598    0.002220   2.297e-08   1.153e-04    0.062476    0.004673    0.085727    0.017630    0.077132    0.062476    0.062476
ln L         -5.184402   -2.772967   -6.194944   -5.627305   -6.110171  -17.589089   -9.067690   -2.772967   -5.366011   -2.456587   -4.038130   -2.562234   -2.772967   -2.772967

Likelihoods for each site on tree 2:

site                 1           2           3           4           5           6           7           8           9          10          11          12          13          14          15          16          17
L             0.083669    0.083669    0.017049    0.005506    0.060832    0.060832   3.440e-05    0.003794    0.002985   2.979e-07    0.017049    0.017049   3.673e-06    0.017049    0.075219    0.006967   5.356e-06
ln L         -2.480891   -2.480891   -4.071671   -5.201882   -2.799643   -2.799643  -10.277385   -5.574318   -5.814072  -15.026636   -4.071671   -4.071671  -12.514445   -4.071671   -2.587357   -4.966618  -12.137308

site                18          19          20          21          22          23          24          25          26          27          28          29          30          31          32          33          34
L            7.501e-06   2.335e-08   1.491e-05   5.615e-06   1.082e-06    0.075219    0.060832   6.250e-09    0.083669    0.060832   6.885e-06   7.524e-04    0.060832   1.389e-09    0.017049    0.075219   4.056e-06
ln L        -11.800508  -17.572593  -11.113315  -12.090059  -13.736270   -2.587357   -2.799643  -18.890632   -2.480891   -2.799643  -11.886192   -7.192281   -2.799643  -20.395041   -4.071671   -2.587357  -12.415271

site                35          36          37          38          39          40          41          42          43          44          45          46          47          48          49          50          51
L             0.075219    0.083669   3.271e-06    0.017049    0.017049   7.280e-09    0.005113    0.060832   7.985e-07    0.083669    0.075219   1.112e-05    0.060832    0.075219   3.777e-08    0.060832    0.075219
ln L         -2.587357   -2.480891  -12.630467   -4.071671   -4.071671  -18.738091   -5.275926   -2.799643  -14.040540   -2.480891   -2.587357  -11.406986   -2.799643   -2.587357  -17.091769   -2.799643   -2.587357

site                52          53          54          55          56          57          58          59          60          61          62          63          64          65          66          67          68
L            9.147e-06   9.704e-07    0.060832   2.746e-07   3.372e-07    0.003499   3.187e-06    0.060832    0.060832    0.005506    0.060832    0.017049    0.004073   7.344e-05    0.060832   1.031e-06    0.017049
ln L        -11.602050  -13.845591   -2.799643  -15.108099  -14.902469   -5.655250  -12.656565   -2.799643   -2.799643   -5.201882   -2.799643   -4.071671   -5.503462   -9.519070   -2.799643  -13.785183   -4.071671

site                69          70          71          72          73          74          75          76          77          78          79          80          81          82          83          84          85
L             0.075219   2.841e-04    0.083669    0.083669   7.094e-05    0.005455    0.075219    0.004528    0.083669    0.083669   1.089e-04    0.060832    0.083669   2.059e-05    0.017049    0.083669   5.865e-04
ln L         -2.587357   -8.166159   -2.480891   -2.480891   -9.553742   -5.211160   -2.587357   -5.397557   -2.480891   -2.480891   -9.125079   -2.799643   -2.480891  -10.790754   -4.071671   -2.480891   -7.441367

site                86          87          88          89          90          91          92          93          94          95          96          97          98          99         100         101         102
L             0.075219    0.017049   4.523e-05    0.002418    0.001719   6.875e-08    0.075219    0.083669   7.210e-05    0.083669   2.649e-04   4.923e-05    0.075219    0.017049   2.721e-06    0.083669   5.832e-05
ln L         -2.587357   -4.071671  -10.003667   -6.024739   -6.366056  -16.492752   -2.587357   -2.480891   -9.537447   -2.480891   -8.236335   -9.918968   -2.587357   -4.071671  -12.814641   -2.480891   -9.749506

site               103         104         105         106         107         108         109         110         111         112         113         114         115         116         117         118         119
L             0.002249    0.083669    0.060832    0.083669   2.061e-05   4.764e-04   1.197e-06    0.005113    0.060832   6.419e-07   1.275e-04    0.075219   1.088e-06    0.075219   5.068e-04   1.934e-05    0.017049
ln L         -6.097486   -2.480891   -2.799643   -2.480891  -10.789531   -7.649325  -13.635440   -5.275926   -2.799643  -14.258813   -8.967043   -2.587357  -13.730735   -2.587357   -7.587425  -10.853413   -4.071671

site               120         121         122         123         124         125         126         127         128         129         130         131         132         133         134         135         136
L             0.017049   1.950e-07    0.004956    0.060832   2.964e-07    0.075219    0.083669    0.083669    0.001342    0.003439   4.421e-07   2.012e-04    0.060832    0.004528   4.635e-04    0.060832   8.616e-05
ln L         -4.071671  -15.450018   -5.307089   -2.799643  -15.031479   -2.587357   -2.480891   -2.480891   -6.613522   -5.672531  -14.631675   -8.511278   -2.799643   -5.397557   -7.676621   -2.799643   -9.359328

site               137         138         139         140         141         142         143         144         145         146         147         148         149         150         151         152         153
L             0.075219    0.075219   8.283e-06    0.001332    0.060832   2.381e-07    0.002418   2.795e-04    0.083669    0.017049    0.002026   7.714e-07   7.708e-07    0.002886   5.365e-08    0.060832    0.017049
ln L         -2.587357   -2.587357  -11.701358   -6.621383   -2.799643  -15.250721   -6.024739   -8.182339   -2.480891   -4.071671   -6.201695  -14.075120  -14.075859   -5.847870  -16.740779   -2.799643   -4.071671

site               154         155         156         157         158         159         160         161         162         163         164         165         166         167         168         169         170
L             0.083669    0.060832    0.017049    0.083669   8.784e-05    0.060832   3.778e-08   7.055e-05   1.863e-04   3.489e-05    0.017049    0.075219    0.003864    0.083669    0.001470    0.005113    0.005506
ln L         -2.480891   -2.799643   -4.071671   -2.480891   -9.339938   -2.799643  -17.091370   -9.559187   -8.588154  -10.263355   -4.071671   -2.587357   -5.556164   -2.480891   -6.522501   -5.275926   -5.201882

site               171         172         173         174         175         176         177         178         179         180         181         182         183         184         185         186         187
L             0.060832   1.880e-04   4.357e-06    0.075219   1.337e-04    0.083669    0.083669    0.001707    0.075219    0.060832   6.747e-07    0.017049    0.075219    0.001707   2.688e-05    0.060832    0.006103
ln L         -2.799643   -8.579319  -12.343773   -2.587357   -8.920266   -2.480891   -2.480891   -6.373053   -2.587357   -2.799643  -14.208935   -4.071671   -2.587357   -6.373053  -10.524194   -2.799643   -5.098969

site               188         189         190         191         192         193         194         195         196         197         198         199         200         201         202         203         204
L             0.075219    0.075219    0.004320   1.305e-05    0.075219   1.420e-05   1.299e-04    0.075219   2.228e-06    0.083669    0.060832   2.633e-06    0.083669    0.083669   3.009e-07    0.002985    0.060832
ln L         -2.587357   -2.587357   -5.444420  -11.246755   -2.587357  -11.162087   -8.948929   -2.587357  -13.014198   -2.480891   -2.799643  -12.847544   -2.480891   -2.480891  -15.016412   -5.814072   -2.799643

site               205         206         207         208         209         210         211         212         213         214         215         216         217         218         219         220         221
L            4.484e-06   1.784e-04    0.060832   3.937e-08    0.017049    0.017049   3.611e-10    0.017049    0.083669   7.555e-04    0.005113    0.060832   8.288e-05    0.004757   1.335e-04   1.392e-05    0.001470
ln L        -12.314994   -8.631228   -2.799643  -17.050244   -4.071671   -4.071671  -21.741960   -4.071671   -2.480891   -7.188180   -5.275926   -2.799643   -9.398167   -5.348194   -8.921777  -11.182530   -6.522501

site               222         223         224         225         226         227         228         229         230         231         232         233         234         235         236         237         238
L             0.004757   1.753e-05    0.002058    0.003763   3.873e-05   6.196e-08    0.003262   4.253e-06   1.056e-07    0.075219   8.000e-06   1.106e-06    0.003550   2.064e-07    0.060832    0.060832   5.462e-06
ln L         -5.348194  -10.951636   -6.186239   -5.582511  -10.158784  -16.596850   -5.725401  -12.367950  -16.063549   -2.587357  -11.736109  -13.714414   -5.640793  -15.393396   -2.799643   -2.799643  -12.117738

site               239         240         241         242         243         244         245         246         247         248         249         250         251         252         253         254         255
L             0.060832    0.075219   2.126e-05    0.060832    0.017049   1.235e-07   9.819e-04    0.075219   2.027e-05   3.745e-04    0.083669   8.646e-06   4.912e-04   2.956e-06   1.504e-05    0.083669    0.075219
ln L         -2.799643   -2.587357  -10.758786   -2.799643   -4.071671  -15.907328   -6.926028   -2.587357  -10.806337   -7.889962   -2.480891  -11.658395   -7.618699  -12.731706  -11.104546   -2.480891   -2.587357

site               256         257         258         259         260         261         262         263         264         265         266         267         268         269         270         271         272
L            4.102e-07   1.439e-04    0.060832   7.391e-06   4.436e-07    0.002829   2.468e-07   6.255e-07    0.060832   4.060e-08    0.002418    0.002985   2.710e-05    0.017049    0.017049   1.262e-06   1.647e-08
ln L        -14.706511   -8.846351   -2.799643  -11.815223  -14.628383   -5.867907  -15.214622  -14.284669   -2.799643  -17.019607   -6.024739   -5.814072  -10.515839   -4.071671   -4.071671  -13.582669  -17.921961

site               273         274         275         276         277         278         279         280         281         282         283         284         285         286         287         288         289
L             0.001589   2.962e-08    0.083669    0.083669   7.143e-06    0.001342    0.005117   3.035e-04   4.314e-04    0.060832   7.660e-04   4.771e-04    0.060832   1.782e-07    0.083669    0.075219   2.779e-07
ln L         -6.444740  -17.334760   -2.480891   -2.480891  -11.849367   -6.613522   -5.275181   -8.100090   -7.748558   -2.799643   -7.174320   -7.647707   -2.799643  -15.540469   -2.480891   -2.587357  -15.095922

site               290         291         292         293         294         295         296         297         298         299         300         301         302         303         304         305         306
L             0.001014    0.075219   3.592e-04    0.075219    0.060832   2.229e-08    0.060832    0.083669    0.002985    0.060832    0.075219   1.278e-07    0.075219    0.060832   5.894e-08   3.121e-04    0.083669
ln L         -6.893520   -2.587357   -7.931505   -2.587357   -2.799643  -17.619013   -2.799643   -2.480891   -5.814072   -2.799643   -2.587357  -15.873109   -2.587357   -2.799643  -16.646701   -8.072105   -2.480891

site               307         308         309         310         311         312         313         314         315         316         317         318         319         320         321         322         323
L            3.764e-06    0.083669    0.060832   1.327e-07    0.005117    0.005071   9.768e-06    0.002244   3.964e-06   8.823e-07    0.005665   2.238e-04   4.517e-04   5.865e-04    0.001332    0.006103    0.075219
ln L        -12.490039   -2.480891   -2.799643  -15.835181   -5.275181   -5.284172  -11.536421   -6.099285  -12.438139  -13.940684   -5.173516   -8.404931   -7.702509   -7.441367   -6.621383   -5.098969   -2.587357

site               324         325         326         327         328         329         330         331         332         333         334         335         336         337         338         339         340
L             0.083669    0.002244   1.049e-04    0.017049   4.771e-04    0.017049    0.017049   7.554e-06   5.773e-11    0.003794   7.524e-04    0.005506   2.958e-04   2.111e-04    0.083669    0.075219   8.607e-04
ln L         -2.480891   -6.099285   -9.162243   -4.071671   -7.647707   -4.071671   -4.071671  -11.793396  -23.575162   -5.574346   -7.192281   -5.201882   -8.125663   -8.462965   -2.480891   -2.587357   -7.057790

site               341         342         343         344         345         346         347         348         349         350         351         352         353         354         355         356         357
L             0.001719    0.083669   3.369e-05    0.006223    0.002244    0.002985    0.004528   4.002e-04   4.360e-08    0.005168   2.755e-06   1.797e-06    0.083669    0.083669   8.235e-06    0.005168    0.060832
ln L         -6.366056   -2.480891  -10.298301   -5.079552   -6.099285   -5.814072   -5.397557   -7.823521  -16.948168   -5.265205  -12.802064  -13.229457   -2.480891   -2.480891  -11.707121   -5.265205   -2.799643

site               358         359         360         361         362         363         364         365         366         367         368         369         370         371         372         373         374
L             0.006967    0.083669    0.006103   5.818e-09    0.075219    0.075219   8.399e-07   3.132e-05    0.005113   9.216e-08    0.002829    0.060832   9.208e-06    0.083669    0.075219    0.006967    0.075219
ln L         -4.966618   -2.480891   -5.098969  -18.962365   -2.587357   -2.587357  -13.990015  -10.371194   -5.275926  -16.199724   -5.867907   -2.799643  -11.595427   -2.480891   -2.587357   -4.966618   -2.587357

site               375         376         377         378         379         380         381         382         383         384         385         386         387         388         389         390         391
L             0.017049    0.004492    0.017049    0.083669    0.083669    0.083669    0.083669   4.968e-07    0.083669   7.287e-08   9.188e-08   2.035e-05    0.060832   1.153e-04    0.083669    0.060832   1.185e-05
ln L         -4.071671   -5.405467   -4.071671   -2.480891   -2.480891   -2.480891   -2.480891  -14.514979   -2.480891  -16.434649  -16.202821  -10.802332   -2.799643   -9.067853   -2.480891   -2.799643  -11.343444

site               392         393         394         395         396         397         398         399         400         401         402         403         404         405         406         407         408
L            3.600e-07    0.003763   4.503e-06    0.001780    0.060832   1.491e-05    0.075219    0.083669    0.005113   5.663e-04    0.060832   2.590e-04   6.712e-06   1.274e-04   3.014e-05    0.075219    0.075219
ln L        -14.837053   -5.582511  -12.310844   -6.331204   -2.799643  -11.113315   -2.587357   -2.480891   -5.275926   -7.476412   -2.799643   -8.258760  -11.911547   -8.968523  -10.409549   -2.587357   -2.587357

site               409         410         411         412         413         414         415         416         417         418         419         420         421         422         423         424         425
L            4.377e-04   3.610e-05    0.060832   5.878e-09   3.880e-04    0.060832    0.001707    0.075219    0.060832   3.672e-08   1.922e-04    0.060832   4.517e-04   2.794e-05    0.075219   1.706e-06   1.920e-04
ln L         -7.734043  -10.229244   -2.799643  -18.952042   -7.854377   -2.799643   -6.373053   -2.587357   -2.799643  -17.119881   -8.556897   -2.799643   -7.702509  -10.485344   -2.587357  -13.281225   -8.557842

site               426         427         428         429         430         431         432         433         434         435         436         437         438         439         440         441         442
L             0.005117   3.248e-06    0.083669    0.002244    0.001602    0.075219    0.075219   6.503e-05   4.261e-05    0.001559   9.084e-08   1.020e-04    0.060832   4.012e-06    0.083669    0.060832   3.871e-07
ln L         -5.275181  -12.637465   -2.480891   -6.099285   -6.436512   -2.587357   -2.587357   -9.640669  -10.063450   -6.463587  -16.214186   -9.190356   -2.799643  -12.426216   -2.480891   -2.799643  -14.764663

site               443         444         445         446         447         448         449         450         451         452         453         454         455         456         457         458         459
L            5.295e-06    0.001544   5.494e-09    0.017049    0.017049   2.956e-08   1.933e-04    0.001713   2.658e-06   1.534e-06    0.005506   2.086e-09   2.239e-04   2.179e-04   7.360e-05    0.060832    0.017049
ln L        -12.148782   -6.473121  -19.019579   -4.071671   -4.071671  -17.336989   -8.551079   -6.369500  -12.837927  -13.387920   -5.201882  -19.987799   -8.404159   -8.431391   -9.516855   -2.799643   -4.071671

site               460         461         462         463         464         465         466         467         468         469         470         471         472         473         474         475         476
L             0.060832    0.083669   3.694e-04    0.005665    0.002829    0.083669    0.060832    0.083669    0.017049    0.060832    0.060832    0.060832    0.083669    0.002244   3.673e-06   4.868e-04    0.083669
ln L         -2.799643   -2.480891   -7.903496   -5.173516   -5.867907   -2.480891   -2.799643   -2.480891   -4.071671   -2.799643   -2.799643   -2.799643   -2.480891   -6.099285  -12.514445   -7.627584   -2.480891

site               477         478         479         480         481         482         483         484         485         486         487         488         489         490         491         492         493
L             0.083669    0.083669    0.083669    0.075219    0.083669   2.460e-05   9.065e-05    0.083669    0.017049    0.083669    0.001576    0.060832    0.017049    0.060832    0.017049    0.083669    0.002418
ln L         -2.480891   -2.480891   -2.480891   -2.587357   -2.480891  -10.612773   -9.308515   -2.480891   -4.071671   -2.480891   -6.453166   -2.799643   -4.071671   -2.799643   -4.071671   -2.480891   -6.024739

site               494         495         496         497         498         499         500         501         502         503         504         505         506         507         508         509         510
L             0.060832    0.075219    0.003763   4.261e-05    0.001794   3.070e-07   5.138e-05    0.083669   9.065e-05    0.083669    0.017049    0.001559   1.897e-05   1.313e-05    0.006223   4.849e-07   2.856e-08
ln L         -2.799643   -2.587357   -5.582511  -10.063450   -6.323326  -14.996278   -9.876265   -2.480891   -9.308515   -2.480891   -4.071671   -6.463587  -10.872694  -11.240287   -5.079552  -14.539294  -17.371141

site               511         512         513         514         515         516         517         518         519         520         521         522         523         524         525         526         527
L             0.001342    0.246226   2.960e-05   7.065e-08    0.095159    0.005506   2.056e-05    0.001581    0.075219    0.060832    0.060832    0.001342   2.363e-04    0.060832    0.060832    0.083669    0.075219
ln L         -6.613522   -1.401507  -10.427609  -16.465457   -2.352211   -5.201882  -10.792356   -6.449751   -2.587357   -2.799643   -2.799643   -6.613522   -8.350440   -2.799643   -2.799643   -2.480891   -2.587357

site               528         529         530         531         532         533         534         535         536         537         538         539         540         541         542         543         544
L             0.075219    0.001572    0.083669    0.017049    0.083669    0.083669    0.083669    0.001049    0.001719   7.303e-06    0.324121   1.476e-06   8.652e-06   2.059e-06   2.651e-04    0.004528    0.017049
ln L         -2.587357   -6.455337   -2.480891   -4.071671   -2.480891   -2.480891   -2.480891   -6.859954   -6.366056  -11.827198   -1.126640  -13.426395  -11.657745  -13.093288   -8.235335   -5.397557   -4.071671

site               545         546         547         548         549         550         551         552         553         554         555         556         557         558         559         560         561
L             0.001431   7.555e-04    0.075219    0.001576    0.017049    0.075219    0.060832    0.083669    0.083669   1.248e-07    0.003262    0.075219   2.129e-04   8.632e-08   5.966e-10   5.889e-08   1.383e-07
ln L         -6.549672   -7.188180   -2.587357   -6.453166   -4.071671   -2.587357   -2.799643   -2.480891   -2.480891  -15.896907   -5.725401   -2.587357   -8.454482  -16.265244  -21.239838  -16.647555  -15.794123

site               562         563         564         565         566         567         568         569         570         571         572         573         574         575         576         577         578
L            1.845e-06    0.075219    0.075219   3.470e-07    0.005071   7.321e-05   1.965e-07   2.593e-10    0.060832   1.063e-05    0.083669   2.926e-04    0.083669   5.212e-05   2.498e-04   1.705e-04   2.090e-04
ln L        -13.202934   -2.587357   -2.587357  -14.874074   -5.284172   -9.522167  -15.442578  -22.073183   -2.799643  -11.451792   -2.480891   -8.136800   -2.480891   -9.862013   -8.294783   -8.676820   -8.473405

site               579         580         581         582         583         584         585         586         587         588         589         590         591         592         593         594         595
L             0.017049    0.017049    0.003439    0.060832    0.004012   9.626e-05    0.075219    0.060832    0.005506    0.099157    0.001559    0.075219    0.060832    0.060832    0.060832    0.060832    0.083669
ln L         -4.071671   -4.071671   -5.672531   -2.799643   -5.518489   -9.248436   -2.587357   -2.799643   -5.201882   -2.311055   -6.463587   -2.587357   -2.799643   -2.799643   -2.799643   -2.799643   -2.480891

site               596         597         598         599         600         601         602         603         604         605         606         607         608         609         610         611         612
L             0.083669    0.083669    0.017049    0.017049    0.083669    0.060832    0.083669   6.047e-04   4.504e-04    0.083669    0.017049    0.001719   7.609e-05    0.083669    0.060832    0.075219    0.075219
ln L         -2.480891   -2.480891   -4.071671   -4.071671   -2.480891   -2.799643   -2.480891   -7.410856   -7.705458   -2.480891   -4.071671   -6.366056   -9.483582   -2.480891   -2.799643   -2.587357   -2.587357

site               613         614         615         616         617         618         619         620         621         622         623         624         625         626         627         628         629
L            3.804e-05    0.060832    0.005117    0.017049   2.649e-04   2.090e-04    0.075219    0.060832    0.060832    0.083669    0.017049    0.017049   8.607e-04   2.069e-06    0.003439    0.075219    0.002418
ln L        -10.176917   -2.799643   -5.275181   -4.071671   -8.236335   -8.473405   -2.587357   -2.799643   -2.799643   -2.480891   -4.071671   -4.071671   -7.057790  -13.088219   -5.672531   -2.587357   -6.024739

site               630         631         632         633         634         635         636         637         638         639         640         641         642         643         644         645         646
L             0.083669    0.083669    0.083669    0.083669   2.726e-06    0.001748    0.060832    0.060832    0.017049    0.017049    0.060832    0.017049    0.075219    0.083669    0.083669    0.075219    0.060832
ln L         -2.480891   -2.480891   -2.480891   -2.480891  -12.812731   -6.349159   -2.799643   -2.799643   -4.071671   -4.071671   -2.799643   -4.071671   -2.587357   -2.480891   -2.480891   -2.587357   -2.799643

site               647         648         649         650         651         652         653         654         655         656         657         658         659         660         661         662         663
L             0.075219    0.075219    0.083669    0.083669    0.083669    0.060832    0.083669    0.083669    0.083669    0.083669    0.017049    0.060832    0.083669    0.083669    0.003299    0.083669   2.959e-05
ln L         -2.587357   -2.587357   -2.480891   -2.480891   -2.480891   -2.799643   -2.480891   -2.480891   -2.480891   -2.480891   -4.071671   -2.799643   -2.480891   -2.480891   -5.714147   -2.480891  -10.428059

site               664         665         666         667         668         669         670         671         672         673         674         675         676         677         678         679         680
L            5.316e-04   7.140e-06   7.660e-04    0.060832   5.957e-04   1.174e-06   1.547e-04   1.812e-08   1.702e-05    0.005113   9.355e-06   2.193e-04    0.075219   4.688e-07    0.003290    0.005117    0.002027
ln L         -7.539636  -11.849763   -7.174320   -2.799643   -7.425777  -13.655493   -8.773872  -17.826342  -10.980845   -5.275926  -11.579618   -8.425273   -2.587357  -14.573072   -5.716973   -5.275181   -6.201417

site               681         682         683         684         685         686         687         688         689         690         691         692         693         694         695         696         697
L             0.001342   2.584e-04   9.391e-09   3.888e-06    0.001581   1.170e-05   8.321e-09    0.003262   2.775e-04   5.511e-05    0.075219   1.000e-06    0.003550    0.060832   1.013e-09    0.083669   1.415e-04
ln L         -6.613522   -8.260902  -18.483558  -12.457498   -6.449751  -11.355889  -18.604523   -5.725401   -8.189780   -9.806254   -2.587357  -13.815156   -5.640793   -2.799643  -20.710406   -2.480891   -8.862887

site               698         699         700         701         702         703         704         705         706         707         708         709         710         711         712         713         714
L            1.757e-05   4.849e-06   1.411e-04    0.075219   2.783e-06    0.060832   5.865e-04    0.006466   2.090e-04   5.565e-06   3.128e-05   4.164e-06   1.531e-07    0.075219    0.075219   2.680e-06    0.006103
ln L        -10.949473  -12.236740   -8.866379   -2.587357  -12.791915   -2.799643   -7.441367   -5.041164   -8.473405  -12.099036  -10.372524  -12.388929  -15.692321   -2.587357   -2.587357  -12.829836   -5.098969

site               715         716         717         718         719         720         721         722         723         724         725         726         727         728         729         730         731
L             0.060832   1.066e-06   1.057e-06   1.537e-04   9.422e-09   8.305e-07    0.002985   2.326e-07    0.083669    0.004956    0.006701   6.708e-06    0.005117   8.516e-07   4.771e-04   5.842e-05   5.674e-06
ln L         -2.799643  -13.751607  -13.759860   -8.780501  -18.480170  -14.001230   -5.814072  -15.274020   -2.480891   -5.307089   -5.005509  -11.912198   -5.275181  -13.976135   -7.647707   -9.747837  -12.079664

site               732         733         734         735         736         737         738         739         740         741         742         743         744         745         746         747         748
L             0.083669    0.083669   1.529e-04    0.003794   7.418e-04   1.604e-08   4.587e-05    0.083669   3.964e-06    0.002418    0.083669    0.083669    0.083669   1.946e-04   9.452e-06   4.927e-05   2.897e-07
ln L         -2.480891   -2.480891   -8.785615   -5.574346   -7.206379  -17.948016   -9.989701   -2.480891  -12.438139   -6.024739   -2.480891   -2.480891   -2.480891   -8.544469  -11.569305   -9.918215  -15.054479

site               749         750         751         752         753         754         755         756         757         758         759         760         761         762         763         764         765
L            6.305e-06   4.640e-08   5.802e-06    0.005168    0.060832    0.083669   1.971e-06    0.001614    0.075219   5.060e-07   5.075e-07    0.005168   7.820e-08    0.060832    0.083669   3.014e-04    0.017049
ln L        -11.974128  -16.885906  -12.057312   -5.265205   -2.799643   -2.480891  -13.136941   -6.429232   -2.587357  -14.496790  -14.493676   -5.265205  -16.364044   -2.799643   -2.480891   -8.106963   -4.071671

site               766         767         768         769         770         771         772         773         774         775         776         777         778         779         780         781         782
L             0.060832   7.052e-04    0.083669    0.083669    0.083669   6.220e-07   2.015e-05   2.517e-09   3.247e-08   1.049e-04   2.671e-05   1.381e-07    0.060832   1.033e-05   9.792e-05   3.008e-04   3.187e-07
ln L         -2.799643   -7.256973   -2.480891   -2.480891   -2.480891  -14.290342  -10.812405  -19.800075  -17.243045   -9.162243  -10.530570  -15.795001   -2.799643  -11.480733   -9.231332   -8.108915  -14.959006

site               783         784         785         786         787         788         789         790         791         792         793         794         795         796         797         798         799
L             0.060832   3.731e-05   1.973e-05   9.835e-06    0.075219   3.077e-04    0.004757    0.060832   2.444e-06    0.083669    0.003299   3.291e-10    0.083669   1.874e-05   1.580e-05    0.083669    0.017049
ln L         -2.799643  -10.196291  -10.833239  -11.529553   -2.587357   -8.086286   -5.348194   -2.799643  -12.921724   -2.480891   -5.714147  -21.834532   -2.480891  -10.885035  -11.055532   -2.480891   -4.071671

site               800         801         802         803         804         805         806         807         808         809         810         811         812         813         814         815         816
L            1.303e-06    0.006223    0.004757   3.572e-07   2.077e-07    0.003262   5.895e-06   3.008e-04    0.075219   9.251e-06    0.083669   4.635e-04   2.659e-04    0.006967   1.504e-04   6.566e-06   3.304e-06
ln L        -13.550642   -5.079552   -5.348194  -14.845049  -15.387199   -5.725401  -12.041372   -8.108915   -2.587357  -11.590785   -2.480891   -7.676621   -8.232441   -4.966618   -8.802250  -11.933659  -12.620487

site               817         818         819         820         821         822         823         824         825         826         827         828         829         830         831         832         833
L             0.060832    0.006466    0.060832    0.001680   5.011e-07   1.812e-04    0.060832   1.859e-10   9.626e-05   6.403e-06    0.005113   7.093e-06   3.868e-05    0.083669   9.704e-05   1.875e-06   4.261e-05
ln L         -2.799643   -5.041164   -2.799643   -6.389144  -14.506408   -8.615761   -2.799643  -22.405898   -9.248436  -11.958810   -5.275926  -11.856356  -10.160089   -2.480891   -9.240435  -13.186674  -10.063435

site               834         835         836         837         838         839         840         841         842         843         844         845         846         847         848         849         850
L             0.075219    0.083669    0.083669    0.017049    0.083669    0.083669   2.908e-06   7.926e-05   1.123e-05    0.083669   8.970e-04   8.184e-06    0.001559    0.060832   4.171e-05    0.003517    0.001297
ln L         -2.587357   -2.480891   -2.480891   -4.071671   -2.480891   -2.480891  -12.748208   -9.442815  -11.397347   -2.480891   -7.016444  -11.713348   -6.463587   -2.799643  -10.084674   -5.650124   -6.647888

site               851         852         853         854         855         856         857         858         859         860         861         862         863         864         865         866         867
L            1.408e-09    0.083669   1.306e-05    0.001332    0.060832    0.017049   6.342e-06    0.003550    0.001559   4.123e-05    0.060832    0.017049    0.083669   4.261e-05    0.001544   5.566e-05    0.001342
ln L        -20.381380   -2.480891  -11.246322   -6.621383   -2.799643   -4.071671  -11.968362   -5.640793   -6.463587  -10.096250   -2.799643   -4.071671   -2.480891  -10.063450   -6.473121   -9.796326   -6.613522

site               868         869         870         871         872         873         874         875         876         877         878         879         880         881         882         883         884
L            8.784e-05   2.082e-08    0.083669    0.001719    0.005506    0.075219    0.083669   1.137e-04    0.083669    0.075219   3.632e-06   3.282e-08   6.289e-04   2.056e-07   8.554e-07   7.524e-04   1.487e-05
ln L         -9.339938  -17.687572   -2.480891   -6.366056   -5.201882   -2.587357   -2.480891   -9.081665   -2.480891   -2.587357  -12.525840  -17.232142   -7.371567  -15.397252  -13.971714   -7.192281  -11.116475

site               885         886         887         888         889         890         891         892         893         894         895         896         897         898
L             0.005506    0.060832    0.002058    0.003499    0.002182   3.039e-08   1.125e-04    0.060832    0.004528    0.083669    0.017049    0.075219    0.060832    0.060832
ln L         -5.201882   -2.799643   -6.186239   -5.655250   -6.127652  -17.309166   -9.092552   -2.799643   -5.397557   -2.480891   -4.071671   -2.587357   -2.799643   -2.799643

Time used to compute likelihoods = 0.02 sec (CPU time = 0.13 sec)

Tree scores (and parameter estimates) written to file: ~/Library/CloudStorage/Dropbox/Lab/James McInerney/programming/MLDecay/debug_runs/mldecay_20250521_151847/site_lnl_Clade_7.txt
