--- STDOUT ---

P A U P *
Version 4.0a (build 168) for macOS (built on Aug  2 2020 at 06:41:30)
Wed May 21 15:19:59 2025

        -----------------------------NOTICE-----------------------------
          This is a test version that is still changing rapidly.
          Please report bugs to dave@phylosolutions.com
        ----------------------------------------------------------------

Running on Apple M3 Max
    16 CPU cores on 1 socket
    Executable built for Intel(R) 64 architecture
    Compiled using Intel compiler (icc) 11.1.0 (build 20091012)
    SSE vectorization enabled
    SSSE3 instructions supported
    Multithreading enabled using Pthreads

Processing of file "~/Library/CloudStorage/Dropbox/Lab/James McInerney/programming/MLDecay/debug_runs/mldecay_20250521_151847/site_analysis_Clade_11.nex" begins...

Processing of file "~/Library/CloudStorage/Dropbox/Lab/James McInerney/programming/MLDecay/debug_runs/mldecay_20250521_151847/alignment.nex" begins...

Data read in DNA format

Data matrix has 12 taxa, 898 characters
Valid character-state symbols: ACGT
Missing data identified by '?'
Gaps identified by '-'
"Equate" macros in effect:
   R,r ==> {AG}
   Y,y ==> {CT}
   M,m ==> {AC}
   K,k ==> {GT}
   S,s ==> {CG}
   W,w ==> {AT}
   H,h ==> {ACT}
   B,b ==> {CGT}
   V,v ==> {ACG}
   D,d ==> {AGT}
   N,n ==> {ACGT}

Processing of input file "alignment.nex" completed.

Optimality criterion set to likelihood.

Processing TREES block from file: ~/Library/CloudStorage/Dropbox/Lab/James McInerney/programming/MLDecay/debug_runs/mldecay_20250521_151847/ml_tree.tre
  Keeping: trees from file (replacing any trees already in memory)
  1 tree read from file

  Time used = 0.00 sec (CPU time = 0.00 sec)

Note: Input trees are rooted but current criterion and/or option settings would specify unrooted trees.  (You can deroot the trees using the 'derootTrees' command.)

Processing TREES block from file: ~/Library/CloudStorage/Dropbox/Lab/James McInerney/programming/MLDecay/debug_runs/mldecay_20250521_151847/constraint_tree_11.tre
  Keeping: trees in memory plus trees from file
  1 tree originally in memory
  1 tree read from file
  1 tree from file kept
  2 trees now in memory

  Time used = 0.00 sec (CPU time = 0.00 sec)

Note: Input trees are rooted but current criterion and/or option settings would specify unrooted trees.  (You can deroot the trees using the 'derootTrees' command.)

Likelihood scores of tree(s) in memory:
---------------------------------------
  898 characters are included
  All characters have equal weight
  Likelihood settings:
    Current model:
                             Data type = nucleotide
                DNA substitution types = 1
                     State frequencies = empirical: A=0.324121 C=0.30402 G=0.105528 T=0.266332
        Proportion of invariable sites = none
               Rates at variable sites = equal
                  Model correspondence = F81

    Number of distinct data patterns under this model = 413
    Molecular clock not enforced
    Starting branch lengths obtained using Rogers-Swofford approximation method
    Branch-length optimization = one-dimensional Newton-Raphson with pass limit=20, tolerance=1e-07
    Likelihood calculations performed in single precision
    Vector processing enabled
    Using standard Felsenstein pruning for computing likelihoods
    Conditional-likelihood rescaling threshold = 1e-20
    Using 14 parallel threads on 16 processors

Tree             1           2
------------------------------
-ln L     6303.661    6338.112

Likelihoods for each site on tree 1:

site                 1           2           3           4           5           6           7           8           9          10          11          12          13          14          15          16          17
L             0.085727    0.085727    0.017630    0.005603    0.062476    0.062476   3.606e-05    0.003892    0.002978   3.035e-07    0.017630    0.017630   3.604e-06    0.017630    0.077132    0.007084   2.005e-05
ln L         -2.456587   -2.456587   -4.038130   -5.184402   -2.772967   -2.772967  -10.230275   -5.548879   -5.816510  -15.007928   -4.038130   -4.038130  -12.533408   -4.038130   -2.562234   -4.949938  -10.817138

site                18          19          20          21          22          23          24          25          26          27          28          29          30          31          32          33          34
L            1.064e-04   3.598e-08   1.137e-05   4.091e-06   2.279e-06    0.077132    0.062476   4.931e-09    0.085727    0.062476   5.166e-06   7.650e-04    0.062476   8.772e-10    0.017630    0.077132   4.320e-06
ln L         -9.148160  -17.140367  -11.384453  -12.406741  -12.991821   -2.562234   -2.772967  -19.127626   -2.456587   -2.772967  -12.173326   -7.175615   -2.772967  -20.854252   -4.038130   -2.562234  -12.352344

site                35          36          37          38          39          40          41          42          43          44          45          46          47          48          49          50          51
L             0.077132    0.085727   2.421e-06    0.017630    0.017630   7.740e-09    0.005368    0.062476   9.997e-07    0.085727    0.077132   7.195e-06    0.062476    0.077132   1.925e-08    0.062476    0.077132
ln L         -2.562234   -2.456587  -12.931381   -4.038130   -4.038130  -18.676868   -5.227343   -2.772967  -13.815825   -2.456587   -2.562234  -11.842167   -2.772967   -2.562234  -17.765993   -2.772967   -2.562234

site                52          53          54          55          56          57          58          59          60          61          62          63          64          65          66          67          68
L            1.312e-04   4.409e-06    0.062476   2.774e-07   3.469e-07    0.003598   2.364e-06    0.062476    0.062476    0.005603    0.062476    0.017630    0.004207   7.536e-05    0.062476   1.062e-06    0.017630
ln L         -8.938629  -12.331764   -2.772967  -15.097890  -14.874240   -5.627305  -12.955324   -2.772967   -2.772967   -5.184402   -2.772967   -4.038130   -5.470923   -9.493274   -2.772967  -13.755200   -4.038130

site                69          70          71          72          73          74          75          76          77          78          79          80          81          82          83          84          85
L             0.077132   2.932e-04    0.085727    0.085727   7.252e-05    0.005560    0.077132    0.004673    0.085727    0.085727   1.090e-04    0.062476    0.085727   2.021e-05    0.017630    0.085727   5.956e-04
ln L         -2.562234   -8.134738   -2.456587   -2.456587   -9.531665   -5.192160   -2.562234   -5.366011   -2.456587   -2.456587   -9.124614   -2.772967   -2.456587  -10.809142   -4.038130   -2.456587   -7.425945

site                86          87          88          89          90          91          92          93          94          95          96          97          98          99         100         101         102
L             0.077132    0.017630   4.243e-05    0.002459    0.001713   6.145e-08    0.077132    0.085727   7.382e-05    0.085727   2.754e-04   4.575e-05    0.077132    0.017630   2.757e-06    0.085727   5.797e-05
ln L         -2.562234   -4.038130  -10.067736   -6.008059   -6.369387  -16.605048   -2.562234   -2.456587   -9.513817   -2.456587   -8.197467   -9.992351   -2.562234   -4.038130  -12.801269   -2.456587   -9.755642

site               103         104         105         106         107         108         109         110         111         112         113         114         115         116         117         118         119
L             0.002243    0.085727    0.062476    0.085727   2.080e-05   4.943e-04   1.661e-06    0.005368    0.062476   3.888e-07   1.290e-04    0.077132   1.052e-06    0.077132   2.889e-04   1.976e-05    0.017630
ln L         -6.100058   -2.456587   -2.772967   -2.456587  -10.780339   -7.612405  -13.308010   -5.227343   -2.772967  -14.760268   -8.955430   -2.562234  -13.764779   -2.562234   -8.149398  -10.831633   -4.038130

site               120         121         122         123         124         125         126         127         128         129         130         131         132         133         134         135         136
L             0.017630   2.189e-07    0.005120    0.062476   5.109e-08    0.077132    0.085727    0.085727    0.001390    0.003531   6.336e-08   2.102e-04    0.062476    0.004673   4.795e-04    0.062476   8.808e-05
ln L         -4.038130  -15.334852   -5.274549   -2.772967  -16.789760   -2.562234   -2.456587   -2.456587   -6.578329   -5.646211  -16.574472   -8.467663   -2.772967   -5.366011   -7.642761   -2.772967   -9.337247

site               137         138         139         140         141         142         143         144         145         146         147         148         149         150         151         152         153
L             0.077132    0.077132   6.083e-06    0.001353    0.062476   2.261e-07    0.002459   2.853e-04    0.085727    0.017630    0.002127   8.379e-07   4.996e-07    0.002884   7.682e-07    0.062476    0.017630
ln L         -2.562234   -2.562234  -12.010009   -6.605169   -2.772967  -15.302495   -6.008059   -8.161897   -2.456587   -4.038130   -6.153113  -13.992351  -14.509552   -5.848657  -14.079256   -2.772967   -4.038130

site               154         155         156         157         158         159         160         161         162         163         164         165         166         167         168         169         170
L             0.085727    0.062476    0.017630    0.085727   8.959e-05    0.062476   2.134e-08   7.224e-05   1.766e-04   3.081e-05    0.017630    0.077132    0.003853    0.085727    0.001559    0.005368    0.005603
ln L         -2.456587   -2.772967   -4.038130   -2.456587   -9.320283   -2.772967  -17.662488   -9.535537   -8.641399  -10.387569   -4.038130   -2.562234   -5.558954   -2.456587   -6.463427   -5.227343   -5.184402

site               171         172         173         174         175         176         177         178         179         180         181         182         183         184         185         186         187
L             0.062476   1.878e-04   3.420e-06    0.077132   1.205e-04    0.085727    0.085727    0.001737    0.077132    0.062476   5.253e-07    0.017630    0.077132    0.001737   5.874e-05    0.062476    0.006206
ln L         -2.772967   -8.579958  -12.585803   -2.562234   -9.024065   -2.456587   -2.456587   -6.355603   -2.562234   -2.772967  -14.459237   -4.038130   -2.562234   -6.355603   -9.742434   -2.772967   -5.082289

site               188         189         190         191         192         193         194         195         196         197         198         199         200         201         202         203         204
L             0.077132    0.077132    0.003204   1.343e-05    0.077132   1.401e-05   1.366e-04    0.077132   1.360e-06    0.085727    0.062476   1.987e-06    0.085727    0.085727   2.856e-07    0.002978    0.062476
ln L         -2.562234   -2.562234   -5.743280  -11.217868   -2.562234  -11.175466   -8.898110   -2.562234  -13.507993   -2.456587   -2.772967  -13.128708   -2.456587   -2.456587  -15.068733   -5.816510   -2.772967

site               205         206         207         208         209         210         211         212         213         214         215         216         217         218         219         220         221
L            3.282e-06   1.805e-04    0.062476   4.186e-08    0.017630    0.017630   2.899e-10    0.017630    0.085727   6.856e-04    0.005368    0.062476   8.299e-05    0.005003   7.686e-05   1.522e-05    0.001559
ln L        -12.626923   -8.619739   -2.772967  -16.989014   -4.038130   -4.038130  -21.961502   -4.038130   -2.456587   -7.285214   -5.227343   -2.772967   -9.396739   -5.297678   -9.473560  -11.092617   -6.463427

site               222         223         224         225         226         227         228         229         230         231         232         233         234         235         236         237         238
L             0.005003   1.652e-05    0.002040    0.003895   3.929e-05   5.547e-08    0.003355   4.428e-06   2.075e-06    0.077132   8.020e-06   6.145e-07    0.002633   2.002e-07    0.062476    0.062476   5.563e-06
ln L         -5.297678  -11.011080   -6.194944   -5.548079  -10.144501  -16.707361   -5.697444  -12.327663  -13.085327   -2.562234  -11.733629  -14.302495   -5.939653  -15.424090   -2.772967   -2.772967  -12.099288

site               239         240         241         242         243         244         245         246         247         248         249         250         251         252         253         254         255
L             0.062476    0.077132   1.574e-05    0.062476    0.017630   1.273e-07    0.001021    0.077132   1.544e-05   3.813e-04    0.085727   8.133e-06   5.105e-04   3.360e-06   1.192e-05    0.085727    0.077132
ln L         -2.772967   -2.562234  -11.058993   -2.772967   -4.038130  -15.876590   -6.887250   -2.562234  -11.078582   -7.872020   -2.456587  -11.719624   -7.580215  -12.603631  -11.336960   -2.456587   -2.562234

site               256         257         258         259         260         261         262         263         264         265         266         267         268         269         270         271         272
L            2.780e-07    0.001946    0.062476   1.049e-06   1.841e-07    0.002941   2.470e-07   6.172e-07    0.062476   1.726e-07    0.002459    0.002978   2.783e-05    0.017630    0.017630   1.257e-06   2.533e-08
ln L        -15.095725   -6.242175   -2.772967  -13.767984  -15.507773   -5.829130  -15.213996  -14.298037   -2.772967  -15.572145   -6.008059   -5.816510  -10.489545   -4.038130   -4.038130  -13.586761  -17.491111

site               273         274         275         276         277         278         279         280         281         282         283         284         285         286         287         288         289
L             0.001443   2.068e-08    0.085727    0.085727   7.329e-06    0.001390    0.005215   3.062e-04   4.394e-04    0.062476   7.728e-04   5.191e-04    0.062476   1.530e-07    0.085727    0.077132   2.813e-07
ln L         -6.540850  -17.694257   -2.456587   -2.456587  -11.823640   -6.578329   -5.256182   -8.091199   -7.730161   -2.772967   -7.165429   -7.563436   -2.772967  -15.692530   -2.456587   -2.562234  -15.083680

site               290         291         292         293         294         295         296         297         298         299         300         301         302         303         304         305         306
L            7.473e-04    0.077132   3.785e-04    0.077132    0.062476   4.500e-08    0.062476    0.085727    0.002978    0.062476    0.077132   1.015e-07    0.077132    0.062476   1.598e-08   3.238e-04    0.085727
ln L         -7.198989   -2.562234   -7.879341   -2.562234   -2.772967  -16.916608   -2.772967   -2.456587   -5.816510   -2.772967   -2.562234  -16.103555   -2.562234   -2.772967  -17.952118   -8.035463   -2.456587

site               307         308         309         310         311         312         313         314         315         316         317         318         319         320         321         322         323
L            2.822e-06    0.085727    0.062476   1.315e-07    0.005215    0.005334   7.416e-06    0.002354   4.040e-06   9.096e-07    0.005941   2.301e-04   4.668e-04   5.956e-04    0.001353    0.006206    0.077132
ln L        -12.778080   -2.456587   -2.772967  -15.844571   -5.256182   -5.233656  -11.811908   -6.051723  -12.419327  -13.910291   -5.125954   -8.376860   -7.669542   -7.425945   -6.605169   -5.082289   -2.562234

site               324         325         326         327         328         329         330         331         332         333         334         335         336         337         338         339         340
L             0.085727    0.002354    0.001525    0.017630   5.191e-04    0.017630    0.017630   6.095e-06   1.685e-10    0.003787   7.650e-04    0.005603   2.175e-04   2.223e-04    0.085727    0.077132   8.073e-04
ln L         -2.456587   -6.051723   -6.485579   -4.038130   -7.563436   -4.038130   -4.038130  -12.008110  -22.504099   -5.576269   -7.175615   -5.184402   -8.433441   -8.411606   -2.456587   -2.562234   -7.121812

site               341         342         343         344         345         346         347         348         349         350         351         352         353         354         355         356         357
L             0.001713    0.085727   3.398e-05    0.006532    0.002354    0.002978    0.004673   4.166e-04   3.825e-08    0.005334   2.551e-06   1.762e-06    0.085727    0.085727   8.442e-06    0.005334    0.062476
ln L         -6.369387   -2.456587  -10.289777   -5.030970   -6.051723   -5.816510   -5.366011   -7.783391  -17.079183   -5.233659  -12.879132  -13.249306   -2.456587   -2.456587  -11.682250   -5.233659   -2.772967

site               358         359         360         361         362         363         364         365         366         367         368         369         370         371         372         373         374
L             0.007084    0.085727    0.006206   5.557e-09    0.077132    0.077132   6.298e-07   3.251e-05    0.005368   7.420e-08    0.002941    0.062476   8.399e-06    0.085727    0.077132    0.007084    0.077132
ln L         -4.949938   -2.456587   -5.082289  -19.008191   -2.562234   -2.562234  -14.277853  -10.334079   -5.227343  -16.416465   -5.829130   -2.772967  -11.687438   -2.456587   -2.562234   -4.949938   -2.562234

site               375         376         377         378         379         380         381         382         383         384         385         386         387         388         389         390         391
L             0.017630    0.003334    0.017630    0.085727    0.085727    0.085727    0.085727   3.427e-07    0.085727   2.600e-08   5.722e-08   1.642e-05    0.062476   6.770e-05    0.085727    0.062476   7.235e-06
ln L         -4.038130   -5.703659   -4.038130   -2.456587   -2.456587   -2.456587   -2.456587  -14.886366   -2.456587  -17.465291  -16.676387  -11.016967   -2.772967   -9.600356   -2.456587   -2.772967  -11.836562

site               392         393         394         395         396         397         398         399         400         401         402         403         404         405         406         407         408
L            3.729e-07    0.003895   4.515e-06    0.001738    0.062476   1.137e-05    0.077132    0.085727    0.005368   5.878e-04    0.062476   2.409e-04   7.041e-06   1.258e-04   3.119e-05    0.077132    0.077132
ln L        -14.801967   -5.548079  -12.308009   -6.354920   -2.772967  -11.384453   -2.562234   -2.456587   -5.227343   -7.439160   -2.772967   -8.331065  -11.863772   -8.980891  -10.375538   -2.562234   -2.562234

site               409         410         411         412         413         414         415         416         417         418         419         420         421         422         423         424         425
L            4.525e-04   3.651e-05    0.062476   6.336e-09   3.954e-04    0.062476    0.001737    0.077132    0.062476   3.515e-08   1.436e-04    0.062476   4.668e-04   2.661e-05    0.077132   1.727e-06   1.920e-04
ln L         -7.700684  -10.217971   -2.772967  -18.877042   -7.835590   -2.772967   -6.355603   -2.562234   -2.772967  -17.163701   -8.848184   -2.772967   -7.669542  -10.534195   -2.562234  -13.269215   -8.558124

site               426         427         428         429         430         431         432         433         434         435         436         437         438         439         440         441         442
L             0.005215   3.395e-06    0.085727    0.002354    0.001566    0.077132    0.077132   6.426e-05   6.405e-04    0.001157   1.357e-07   1.048e-04    0.062476   3.591e-06    0.085727    0.062476   2.485e-07
ln L         -5.256182  -12.593257   -2.456587   -6.051723   -6.459506   -2.562234   -2.562234   -9.652524   -7.353331   -6.761780  -15.812709   -9.163806   -2.772967  -12.536998   -2.456587   -2.772967  -15.207950

site               443         444         445         446         447         448         449         450         451         452         453         454         455         456         457         458         459
L            3.981e-06    0.001531   9.364e-09    0.017630    0.017630   2.591e-08   1.938e-04    0.001711   2.593e-06   1.227e-06    0.005603   1.722e-09   2.370e-04   1.577e-04   8.206e-05    0.062476    0.017630
ln L        -12.433867   -6.481934  -18.486393   -4.038130   -4.038130  -17.468514   -8.548530   -6.370672  -12.862857  -13.611002   -5.184402  -20.179602   -8.347554   -8.755054   -9.408090   -2.772967   -4.038130

site               460         461         462         463         464         465         466         467         468         469         470         471         472         473         474         475         476
L             0.062476    0.085727   3.827e-04    0.005941    0.002941    0.085727    0.062476    0.085727    0.017630    0.062476    0.062476    0.062476    0.085727    0.002354   3.604e-06   4.956e-04    0.085727
ln L         -2.772967   -2.456587   -7.868218   -5.125954   -5.829130   -2.456587   -2.772967   -2.456587   -4.038130   -2.772967   -2.772967   -2.772967   -2.456587   -6.051723  -12.533408   -7.609813   -2.456587

site               477         478         479         480         481         482         483         484         485         486         487         488         489         490         491         492         493
L             0.085727    0.085727    0.085727    0.077132    0.085727   2.529e-05    0.001437    0.085727    0.017630    0.085727    0.001606    0.062476    0.017630    0.062476    0.017630    0.085727    0.002459
ln L         -2.456587   -2.456587   -2.456587   -2.562234   -2.456587  -10.585124   -6.545284   -2.456587   -4.038130   -2.456587   -6.434233   -2.772967   -4.038130   -2.772967   -4.038130   -2.456587   -6.008059

site               494         495         496         497         498         499         500         501         502         503         504         505         506         507         508         509         510
L             0.062476    0.077132    0.003895   6.405e-04    0.001851   2.247e-07   5.322e-05    0.085727    0.001437    0.085727    0.017630    0.001157   1.898e-05   9.787e-06    0.006532   3.617e-07   3.107e-08
ln L         -2.772967   -2.562234   -5.548079   -7.353331   -6.291780  -15.308533   -9.840999   -2.456587   -6.545284   -2.456587   -4.038130   -6.761780  -10.871901  -11.534453   -5.030970  -14.832454  -17.287134

site               511         512         513         514         515         516         517         518         519         520         521         522         523         524         525         526         527
L             0.001390    0.246216   2.698e-05   6.494e-08    0.097585    0.005603   2.059e-05   9.147e-04    0.077132    0.062476    0.062476    0.001390   2.513e-04    0.062476    0.062476    0.085727    0.077132
ln L         -6.578329   -1.401546  -10.520337  -16.549762   -2.327029   -5.184402  -10.790822   -6.996942   -2.562234   -2.772967   -2.772967   -6.578329   -8.288792   -2.772967   -2.772967   -2.456587   -2.562234

site               528         529         530         531         532         533         534         535         536         537         538         539         540         541         542         543         544
L             0.077132    0.001613    0.085727    0.017630    0.085727    0.085727    0.085727    0.001087    0.001713   7.315e-06    0.324121   1.393e-06   4.436e-06   3.152e-06   2.730e-04    0.004673    0.017630
ln L         -2.562234   -6.429592   -2.456587   -4.038130   -2.456587   -2.456587   -2.456587   -6.824746   -6.369387  -11.825588   -1.126640  -13.483926  -12.325725  -12.667540   -8.205930   -5.366011   -4.038130

site               545         546         547         548         549         550         551         552         553         554         555         556         557         558         559         560         561
L             0.001468   6.856e-04    0.077132    0.001606    0.017630    0.077132    0.062476    0.085727    0.085727   1.235e-07    0.003355    0.077132   1.592e-04   9.212e-08   4.762e-10   5.921e-08   1.881e-07
ln L         -6.524131   -7.285214   -2.562234   -6.434233   -4.038130   -2.562234   -2.772967   -2.456587   -2.456587  -15.906678   -5.697444   -2.562234   -8.745237  -16.200194  -21.465158  -16.642171  -15.486118

site               562         563         564         565         566         567         568         569         570         571         572         573         574         575         576         577         578
L            1.826e-06    0.077132    0.077132   2.885e-07    0.005334   7.417e-05   2.690e-07   1.806e-10    0.062476   1.145e-05    0.085727   3.023e-04    0.085727   5.398e-05   2.514e-04   1.772e-04   2.164e-04
ln L        -13.213463   -2.562234   -2.562234  -15.058450   -5.233656   -9.509198  -15.128738  -22.434931   -2.772967  -11.377623   -2.456587   -8.104129   -2.456587   -9.826963   -8.288316   -8.638336   -8.438503

site               579         580         581         582         583         584         585         586         587         588         589         590         591         592         593         594         595
L             0.017630    0.017630    0.003531    0.062476    0.004152   1.003e-04    0.077132    0.062476    0.005603    0.101475    0.001157    0.077132    0.062476    0.062476    0.062476    0.062476    0.085727
ln L         -4.038130   -4.038130   -5.646211   -2.772967   -5.484057   -9.206891   -2.562234   -2.772967   -5.184402   -2.287939   -6.761780   -2.562234   -2.772967   -2.772967   -2.772967   -2.772967   -2.456587

site               596         597         598         599         600         601         602         603         604         605         606         607         608         609         610         611         612
L             0.085727    0.085727    0.017630    0.017630    0.085727    0.062476    0.085727   6.008e-04   4.556e-04    0.085727    0.017630    0.001713   7.246e-05    0.085727    0.062476    0.077132    0.077132
ln L         -2.456587   -2.456587   -4.038130   -4.038130   -2.456587   -2.772967   -2.456587   -7.417317   -7.693970   -2.456587   -4.038130   -6.369387   -9.532490   -2.456587   -2.772967   -2.562234   -2.562234

site               613         614         615         616         617         618         619         620         621         622         623         624         625         626         627         628         629
L            2.680e-05    0.062476    0.005215    0.017630   2.754e-04   2.164e-04    0.077132    0.062476    0.062476    0.085727    0.017630    0.017630   8.073e-04   1.592e-06    0.003531    0.077132    0.002459
ln L        -10.527155   -2.772967   -5.256182   -4.038130   -8.197467   -8.438503   -2.562234   -2.772967   -2.772967   -2.456587   -4.038130   -4.038130   -7.121812  -13.350650   -5.646211   -2.562234   -6.008059

site               630         631         632         633         634         635         636         637         638         639         640         641         642         643         644         645         646
L             0.085727    0.085727    0.085727    0.085727   2.797e-06    0.001739    0.062476    0.062476    0.017630    0.017630    0.062476    0.017630    0.077132    0.085727    0.085727    0.077132    0.062476
ln L         -2.456587   -2.456587   -2.456587   -2.456587  -12.787065   -6.354313   -2.772967   -2.772967   -4.038130   -4.038130   -2.772967   -4.038130   -2.562234   -2.456587   -2.456587   -2.562234   -2.772967

site               647         648         649         650         651         652         653         654         655         656         657         658         659         660         661         662         663
L             0.077132    0.077132    0.085727    0.085727    0.085727    0.062476    0.085727    0.085727    0.085727    0.085727    0.017630    0.062476    0.085727    0.085727    0.002444    0.085727   4.201e-05
ln L         -2.562234   -2.562234   -2.456587   -2.456587   -2.456587   -2.772967   -2.456587   -2.456587   -2.456587   -2.456587   -4.038130   -2.772967   -2.456587   -2.456587   -6.014257   -2.456587  -10.077644

site               664         665         666         667         668         669         670         671         672         673         674         675         676         677         678         679         680
L            5.269e-04   5.553e-06   7.728e-04    0.062476   5.994e-04   1.315e-06   1.121e-04   1.205e-08   1.500e-05    0.005368   1.349e-04   2.167e-04    0.077132   5.170e-07    0.003279    0.005215    0.002005
ln L         -7.548449  -12.101149   -7.165429   -2.772967   -7.419557  -13.541310   -9.096282  -18.233865  -11.107718   -5.227343   -8.911330   -8.437120   -2.562234  -14.475244   -5.720102   -5.256182   -6.212002

site               681         682         683         684         685         686         687         688         689         690         691         692         693         694         695         696         697
L             0.001390   2.633e-04   8.318e-09   2.830e-06   9.147e-04   8.719e-06   1.211e-08    0.003355   2.075e-04   4.963e-05    0.077132   9.377e-07    0.002633    0.062476   1.096e-09    0.085727   1.402e-04
ln L         -6.578329   -8.242043  -18.604842  -12.775197   -6.996942  -11.649968  -18.228827   -5.697444   -8.480554   -9.910915   -2.562234  -13.879847   -5.939653   -2.772967  -20.631397   -2.456587   -8.872726

site               698         699         700         701         702         703         704         705         706         707         708         709         710         711         712         713         714
L            1.623e-05   4.635e-06   1.426e-04    0.077132   4.197e-06    0.062476   5.956e-04    0.006781   2.164e-04   4.184e-06   3.192e-05   4.100e-06   1.606e-07    0.077132    0.077132   2.326e-06    0.006206
ln L        -11.028658  -12.281928   -8.855244   -2.562234  -12.381117   -2.772967   -7.425945   -4.993602   -8.438503  -12.384162  -10.352135  -12.404541  -15.644389   -2.562234   -2.562234  -12.971280   -5.082289

site               715         716         717         718         719         720         721         722         723         724         725         726         727         728         729         730         731
L             0.062476   9.931e-06   7.636e-06   1.438e-04   6.940e-09   2.429e-05    0.002978   2.332e-07    0.085727    0.005120    0.006819   5.996e-06    0.005215   7.913e-07   5.191e-04   5.785e-05   5.182e-06
ln L         -2.772967  -11.519832  -11.782615   -8.847181  -18.785900  -10.625356   -5.816510  -15.271202   -2.456587   -5.274549   -4.988029  -12.024470   -5.256182  -14.049561   -7.563436   -9.757571  -12.170346

site               732         733         734         735         736         737         738         739         740         741         742         743         744         745         746         747         748
L             0.085727    0.085727   1.378e-04    0.003787   7.490e-04   1.100e-07   4.595e-05    0.085727   4.040e-06    0.002459    0.085727    0.085727    0.085727   2.023e-04   9.731e-06   4.985e-05   2.695e-07
ln L         -2.456587   -2.456587   -8.889976   -5.576269   -7.196760  -16.023032   -9.987967   -2.456587  -12.419327   -6.008059   -2.456587   -2.456587   -2.456587   -8.505985  -11.540235   -9.906471  -15.126851

site               749         750         751         752         753         754         755         756         757         758         759         760         761         762         763         764         765
L            6.582e-06   6.324e-08   5.576e-06    0.005334    0.062476    0.085727   1.926e-06    0.001667    0.077132   3.277e-07   5.189e-07    0.005334   1.154e-06    0.062476    0.085727   4.227e-05    0.017630
ln L        -11.931222  -16.576403  -12.097010   -5.233659   -2.772967   -2.456587  -13.160208   -6.396692   -2.562234  -14.931157  -14.471478   -5.233659  -13.672643   -2.772967   -2.456587  -10.071424   -4.038130

site               766         767         768         769         770         771         772         773         774         775         776         777         778         779         780         781         782
L             0.062476   6.887e-04    0.085727    0.085727    0.085727   7.806e-06   2.073e-05   6.408e-09   3.845e-08    0.001525   2.432e-05   3.751e-07    0.062476   1.037e-05   1.035e-04   3.103e-04   2.895e-07
ln L         -2.772967   -7.280690   -2.456587   -2.456587   -2.456587  -11.760566  -10.783824  -18.865739  -17.073876   -6.485579  -10.624021  -14.796016   -2.772967  -11.476806   -9.176403   -8.077950  -15.055142

site               783         784         785         786         787         788         789         790         791         792         793         794         795         796         797         798         799
L             0.062476   3.646e-05   1.498e-05   2.973e-05    0.077132   3.135e-04    0.005003    0.062476   2.420e-06    0.085727    0.002444   4.358e-10    0.085727   1.883e-05   1.520e-05    0.085727    0.017630
ln L         -2.772967  -10.219272  -11.108888  -10.423253   -2.562234   -8.067633   -5.297678   -2.772967  -12.931629   -2.456587   -6.014257  -21.553861   -2.456587  -10.880303  -11.094031   -2.456587   -4.038130

site               800         801         802         803         804         805         806         807         808         809         810         811         812         813         814         815         816
L            1.440e-06    0.006532    0.005003   2.481e-07   1.525e-07    0.003355   6.131e-06   3.103e-04    0.077132   1.283e-05    0.085727   4.795e-04   2.683e-04    0.007084   1.156e-04   6.625e-06   3.236e-06
ln L        -13.450804   -5.030970   -5.297678  -15.209557  -15.696168   -5.697444  -12.002082   -8.077950   -2.562234  -11.263903   -2.456587   -7.642761   -8.223550   -4.949938   -9.065045  -11.924602  -12.641241

site               817         818         819         820         821         822         823         824         825         826         827         828         829         830         831         832         833
L             0.062476    0.006781    0.062476    0.001712   4.529e-07   1.632e-04    0.062476   5.796e-10   1.003e-04   6.431e-06    0.005368   4.583e-06   2.262e-05    0.085727   9.974e-05   1.512e-06   3.114e-05
ln L         -2.772967   -4.993602   -2.772967   -6.370211  -14.607507   -8.720441   -2.772967  -21.268605   -9.206891  -11.954352   -5.227343  -12.293059  -10.696686   -2.456587   -9.212963  -13.402243  -10.376924

site               834         835         836         837         838         839         840         841         842         843         844         845         846         847         848         849         850
L             0.077132    0.085727    0.085727    0.017630    0.085727    0.085727   4.440e-05   8.566e-05   4.789e-05    0.085727   9.256e-04   1.111e-05    0.001157    0.062476   2.429e-05    0.002605    0.001331
ln L         -2.562234   -2.456587   -2.456587   -4.038130   -2.456587   -2.456587  -10.022291   -9.365150   -9.946543   -2.456587   -6.985036  -11.407691   -6.761780   -2.772967  -10.625420   -5.950235   -6.621467

site               851         852         853         854         855         856         857         858         859         860         861         862         863         864         865         866         867
L            1.495e-09    0.085727   1.175e-05    0.001353    0.062476    0.017630   6.146e-06    0.002633    0.001157   4.134e-05    0.062476    0.017630    0.085727   6.405e-04    0.001531   6.121e-05    0.001390
ln L        -20.320810   -2.456587  -11.351687   -6.605169   -2.772967   -4.038130  -11.999716   -5.939653   -6.761780  -10.093706   -2.772967   -4.038130   -2.456587   -7.353331   -6.481934   -9.701214   -6.578329

site               868         869         870         871         872         873         874         875         876         877         878         879         880         881         882         883         884
L            8.959e-05   1.557e-08    0.085727    0.001713    0.005603    0.077132    0.085727   8.377e-05    0.085727    0.077132   3.543e-06   3.050e-07   5.878e-04   5.603e-07   5.570e-07   7.650e-04   1.392e-05
ln L         -9.320283  -17.977779   -2.456587   -6.369387   -5.184402   -2.562234   -2.456587   -9.387463   -2.456587   -2.562234  -12.550513  -15.002923   -7.439183  -14.394770  -14.400722   -7.175615  -11.182160

site               885         886         887         888         889         890         891         892         893         894         895         896         897         898
L             0.005603    0.062476    0.002040    0.003598    0.002220   2.297e-08   1.153e-04    0.062476    0.004673    0.085727    0.017630    0.077132    0.062476    0.062476
ln L         -5.184402   -2.772967   -6.194944   -5.627305   -6.110171  -17.589089   -9.067690   -2.772967   -5.366011   -2.456587   -4.038130   -2.562234   -2.772967   -2.772967

Likelihoods for each site on tree 2:

site                 1           2           3           4           5           6           7           8           9          10          11          12          13          14          15          16          17
L             0.083547    0.083547    0.017003    0.005454    0.060726    0.060726   2.938e-06    0.004714    0.002895   2.095e-07    0.017003    0.017003   5.021e-06    0.017003    0.075102    0.006902   1.875e-05
ln L         -2.482346   -2.482346   -4.074371   -5.211324   -2.801383   -2.801383  -12.737638   -5.357276   -5.844749  -15.378566   -4.074371   -4.074371  -12.201790   -4.074371   -2.588907   -4.975938  -10.884463

site                18          19          20          21          22          23          24          25          26          27          28          29          30          31          32          33          34
L            9.846e-05   5.146e-08   1.123e-05   4.032e-06   2.171e-06    0.075102    0.060726   1.766e-08    0.083547    0.060726   4.129e-07    0.001104    0.060726   9.287e-10    0.017003    0.075102   5.190e-07
ln L         -9.225851  -16.782455  -11.397216  -12.421304  -13.040231   -2.588907   -2.801383  -17.852201   -2.482346   -2.801383  -14.700019   -6.808645   -2.801383  -20.797218   -4.074371   -2.588907  -14.471434

site                35          36          37          38          39          40          41          42          43          44          45          46          47          48          49          50          51
L             0.075102    0.083547   3.423e-06    0.017003    0.017003   7.980e-09    0.005238    0.060726   1.117e-06    0.083547    0.075102   7.480e-06    0.060726    0.075102   2.190e-08    0.060726    0.075102
ln L         -2.588907   -2.482346  -12.585029   -4.074371   -4.074371  -18.646323   -5.251833   -2.801383  -13.704702   -2.482346   -2.588907  -11.803275   -2.801383   -2.588907  -17.636866   -2.801383   -2.588907

site                52          53          54          55          56          57          58          59          60          61          62          63          64          65          66          67          68
L            1.213e-04   3.958e-06    0.060726   2.604e-07   3.561e-07    0.004354   2.521e-06    0.060726    0.060726    0.005454    0.060726    0.017003    0.004080   9.178e-04    0.060726   1.540e-05    0.017003
ln L         -9.017069  -12.439811   -2.801383  -15.161229  -14.848119   -5.436575  -12.890674   -2.801383   -2.801383   -5.211324   -2.801383   -4.074371   -5.501742   -6.993546   -2.801383  -11.081245   -4.074371

site                69          70          71          72          73          74          75          76          77          78          79          80          81          82          83          84          85
L             0.075102   3.488e-04    0.083547    0.083547   1.213e-05    0.005403    0.075102    0.004535    0.083547    0.083547   1.053e-04    0.060726    0.083547   3.294e-06    0.017003    0.083547   5.714e-04
ln L         -2.588907   -7.960966   -2.482346   -2.482346  -11.320059   -5.220835   -2.588907   -5.395861   -2.482346   -2.482346   -9.158630   -2.801383   -2.482346  -12.623281   -4.074371   -2.482346   -7.467373

site                86          87          88          89          90          91          92          93          94          95          96          97          98          99         100         101         102
L             0.075102    0.017003   4.721e-05    0.002396    0.001924   3.409e-08    0.075102    0.083547   7.040e-05    0.083547   1.740e-05   4.091e-05    0.075102    0.017003   1.035e-06    0.083547   4.746e-05
ln L         -2.588907   -4.074371   -9.960862   -6.034059   -6.253603  -17.194295   -2.588907   -2.482346   -9.561349   -2.482346  -10.958793  -10.104128   -2.588907   -4.074371  -13.781123   -2.482346   -9.955715

site               103         104         105         106         107         108         109         110         111         112         113         114         115         116         117         118         119
L             0.002509    0.083547    0.060726    0.083547   2.353e-05   4.938e-04   1.492e-06    0.005238    0.060726   4.327e-08   1.348e-04    0.075102   1.201e-06    0.075102   2.868e-04   1.358e-05    0.017003
ln L         -5.987711   -2.482346   -2.801383   -2.482346  -10.657331   -7.613457  -13.415438   -5.251833   -2.801383  -16.955796   -8.911856   -2.588907  -13.632403   -2.588907   -8.156882  -11.206869   -4.074371

site               120         121         122         123         124         125         126         127         128         129         130         131         132         133         134         135         136
L             0.017003   2.635e-07    0.004965    0.060726   2.417e-08    0.075102    0.083547    0.083547    0.001342    0.004277   6.084e-08   2.018e-04    0.060726    0.004535   4.824e-04    0.060726   1.453e-05
ln L         -4.074371  -15.149259   -5.305369   -2.801383  -17.538086   -2.588907   -2.482346   -2.482346   -6.613773   -5.454509  -16.615087   -8.508107   -2.801383   -5.395861   -7.636834   -2.801383  -11.139164

site               137         138         139         140         141         142         143         144         145         146         147         148         149         150         151         152         153
L             0.075102    0.075102   6.568e-06    0.001296    0.060726   2.458e-07    0.002396   3.435e-04    0.083547    0.017003    0.002075   5.802e-07   5.461e-07    0.002796   6.874e-07    0.060726    0.017003
ln L         -2.588907   -2.588907  -11.933315   -6.648513   -2.801383  -15.218891   -6.034059   -7.976334   -2.482346   -4.074371   -6.177602  -14.359978  -14.420465   -5.879583  -14.190410   -2.801383   -4.074371

site               154         155         156         157         158         159         160         161         162         163         164         165         166         167         168         169         170
L             0.083547    0.060726    0.017003    0.083547   8.426e-05    0.060726   2.063e-09   8.661e-05   2.111e-04   3.078e-05    0.017003    0.075102    0.003750    0.083547    0.001505    0.005238    0.005454
ln L         -2.482346   -2.801383   -4.074371   -2.482346   -9.381576   -2.801383  -19.999295   -9.354084   -8.463323  -10.388681   -4.074371   -2.588907   -5.585884   -2.482346   -6.498929   -5.251833   -5.211324

site               171         172         173         174         175         176         177         178         179         180         181         182         183         184         185         186         187
L             0.060726   2.239e-04   3.934e-06    0.075102   1.202e-04    0.083547    0.083547    0.002510    0.075102    0.060726   6.383e-07    0.017003    0.075102    0.002510   5.597e-05    0.060726    0.006046
ln L         -2.801383   -8.404519  -12.445867   -2.588907   -9.026549   -2.482346   -2.482346   -5.987366   -2.588907   -2.801383  -14.264469   -4.074371   -2.588907   -5.987366   -9.790705   -2.801383   -5.108289

site               188         189         190         191         192         193         194         195         196         197         198         199         200         201         202         203         204
L             0.075102    0.075102    0.003223   1.997e-05    0.075102   1.391e-05   1.343e-04    0.075102   1.371e-06    0.083547    0.060726   1.379e-07    0.083547    0.083547   2.847e-07    0.002895    0.060726
ln L         -2.588907   -2.588907   -5.737440  -10.821101   -2.588907  -11.182844   -8.915230   -2.588907  -13.500294   -2.482346   -2.801383  -15.797081   -2.482346   -2.482346  -15.071761   -5.844749   -2.801383

site               205         206         207         208         209         210         211         212         213         214         215         216         217         218         219         220         221
L            3.228e-06   1.884e-04    0.060726   6.069e-08    0.017003    0.017003   8.272e-10    0.017003    0.083547   6.856e-04    0.005238    0.060726   9.053e-05    0.004872   7.663e-05   2.531e-06    0.001505
ln L        -12.643549   -8.576924   -2.801383  -16.617522   -4.074371   -4.074371  -20.913011   -4.074371   -2.482346   -7.285156   -5.251833   -2.801383   -9.309853   -5.324175   -9.476495  -12.886888   -6.498929

site               222         223         224         225         226         227         228         229         230         231         232         233         234         235         236         237         238
L             0.004872   1.470e-05    0.001838    0.003770   4.140e-05   5.268e-08    0.004061   3.054e-06   2.368e-06    0.075102   8.205e-06   6.080e-07    0.002648   2.127e-07    0.060726    0.060726   6.666e-05
ln L         -5.324175  -11.127568   -6.299130   -5.580737  -10.092120  -16.758949   -5.506316  -12.698919  -12.953474   -2.588907  -11.710747  -14.313012   -5.933814  -15.363459   -2.801383   -2.801383   -9.615960

site               239         240         241         242         243         244         245         246         247         248         249         250         251         252         253         254         255
L             0.060726    0.075102   1.699e-05    0.060726    0.017003   9.411e-08   9.825e-04    0.075102   1.815e-05   4.579e-04    0.083547   1.232e-06   5.016e-04   3.193e-06   1.362e-05    0.083547    0.075102
ln L         -2.801383   -2.588907  -10.983072   -2.801383   -4.074371  -16.178854   -6.925414   -2.588907  -10.917035   -7.688838   -2.482346  -13.606811   -7.597638  -12.654395  -11.204008   -2.482346   -2.588907

site               256         257         258         259         260         261         262         263         264         265         266         267         268         269         270         271         272
L            3.366e-07    0.001797    0.060726   1.489e-06   1.844e-07    0.002831   2.475e-07   5.876e-07    0.060726   1.605e-07    0.002396    0.002895   2.644e-05    0.017003    0.017003   1.193e-06   1.720e-08
ln L        -14.904442   -6.321726   -2.801383  -13.417616  -15.505953   -5.867293  -15.211970  -14.347200   -2.801383  -15.644989   -6.034059   -5.844749  -10.540679   -4.074371   -4.074371  -13.639323  -17.878409

site               273         274         275         276         277         278         279         280         281         282         283         284         285         286         287         288         289
L             0.001440   2.660e-08    0.083547    0.083547   7.330e-06    0.001342    0.005068   2.974e-04   4.151e-04    0.060726   7.506e-04   5.111e-04    0.060726   1.453e-07    0.083547    0.075102   6.017e-08
ln L         -6.543075  -17.442287   -2.482346   -2.482346  -11.823504   -6.613773   -5.284857   -8.120384   -7.787096   -2.801383   -7.194615   -7.578954   -2.801383  -15.744259   -2.482346   -2.588907  -16.626050

site               290         291         292         293         294         295         296         297         298         299         300         301         302         303         304         305         306
L            7.455e-04    0.075102   3.715e-04    0.075102    0.060726   4.118e-08    0.060726    0.083547    0.002895    0.060726    0.075102   7.407e-07    0.075102    0.060726   1.465e-08   3.733e-04    0.083547
ln L         -7.201511   -2.588907   -7.897961   -2.588907   -2.801383  -17.005368   -2.801383   -2.482346   -5.844749   -2.801383   -2.588907  -14.115715   -2.588907   -2.801383  -18.038512   -7.893136   -2.482346

site               307         308         309         310         311         312         313         314         315         316         317         318         319         320         321         322         323
L            3.207e-06    0.083547    0.060726   1.251e-07    0.005068    0.005195   9.041e-06    0.002299   3.829e-06   8.888e-07    0.005803   2.219e-04   4.786e-04   5.714e-04    0.001296    0.006046    0.075102
ln L        -12.650031   -2.482346   -2.801383  -15.893822   -5.284857   -5.260153  -11.613758   -6.075159  -12.472821  -13.933412   -5.149389   -8.413217   -7.644683   -7.467373   -6.648513   -5.108289   -2.588907

site               324         325         326         327         328         329         330         331         332         333         334         335         336         337         338         339         340
L             0.083547    0.002299    0.001407    0.017003   5.111e-04    0.017003    0.017003   5.939e-06   1.639e-10    0.003681    0.001104    0.005454   2.184e-04   2.154e-04    0.083547    0.075102   7.233e-04
ln L         -2.482346   -6.075159   -6.566288   -4.074371   -7.578954   -4.074371   -4.074371  -12.033963  -22.531882   -5.604600   -6.808645   -5.211324   -8.429373   -8.443225   -2.482346   -2.588907   -7.231698

site               341         342         343         344         345         346         347         348         349         350         351         352         353         354         355         356         357
L             0.001924    0.083547   3.859e-06    0.006374    0.002299    0.002895    0.004535   4.220e-04   4.275e-08    0.005177   3.154e-06   2.496e-06    0.083547    0.083547   8.324e-06    0.005177    0.060726
ln L         -6.253603   -2.482346  -12.465127   -5.055460   -6.075159   -5.844749   -5.395861   -7.770485  -16.967919   -5.263510  -12.666938  -12.900854   -2.482346   -2.482346  -11.696427   -5.263510   -2.801383

site               358         359         360         361         362         363         364         365         366         367         368         369         370         371         372         373         374
L             0.006902    0.083547    0.006046   5.186e-09    0.075102    0.075102   8.588e-07   3.706e-05    0.005238   7.180e-08    0.002831    0.060726   8.813e-06    0.083547    0.075102    0.006902    0.075102
ln L         -4.975938   -2.482346   -5.108289  -19.077365   -2.588907   -2.588907  -13.967766  -10.203080   -5.251833  -16.449397   -5.867293   -2.801383  -11.639338   -2.482346   -2.588907   -4.975938   -2.588907

site               375         376         377         378         379         380         381         382         383         384         385         386         387         388         389         390         391
L             0.017003    0.003356    0.017003    0.083547    0.083547    0.083547    0.083547   3.541e-07    0.083547   3.431e-08   5.923e-08   1.873e-05    0.060726   6.730e-05    0.083547    0.060726   7.359e-06
ln L         -4.074371   -5.697027   -4.074371   -2.482346   -2.482346   -2.482346   -2.482346  -14.853737   -2.482346  -17.187766  -16.641827  -10.885199   -2.801383   -9.606390   -2.482346   -2.801383  -11.819629

site               392         393         394         395         396         397         398         399         400         401         402         403         404         405         406         407         408
L            4.742e-07    0.003770   4.334e-06    0.001678    0.060726   1.123e-05    0.075102    0.083547    0.005238   5.976e-04    0.060726   2.875e-04   8.397e-06   1.221e-04   3.517e-05    0.075102    0.075102
ln L        -14.561701   -5.580737  -12.348979   -6.390219   -2.801383  -11.397216   -2.588907   -2.482346   -5.251833   -7.422642   -2.801383   -8.154452  -11.687595   -9.010264  -10.255372   -2.588907   -2.588907

site               409         410         411         412         413         414         415         416         417         418         419         420         421         422         423         424         425
L            5.199e-04   3.523e-05    0.060726   3.763e-08   4.753e-04    0.060726    0.002510    0.075102    0.060726   2.440e-07   1.439e-04    0.060726   4.786e-04   2.745e-05    0.075102   2.359e-06   2.105e-04
ln L         -7.561900  -10.253525   -2.801383  -17.095372   -7.651594   -2.801383   -5.987366   -2.588907   -2.801383  -15.226008   -8.846470   -2.801383   -7.644683  -10.503265   -2.588907  -12.957468   -8.466221

site               426         427         428         429         430         431         432         433         434         435         436         437         438         439         440         441         442
L             0.005068   4.920e-06    0.083547    0.002299    0.001510    0.075102    0.075102   6.138e-05   5.915e-04    0.001165   1.404e-07   1.084e-04    0.060726   3.977e-06    0.083547    0.060726   7.263e-08
ln L         -5.284857  -12.222189   -2.482346   -6.075159   -6.495706   -2.588907   -2.588907   -9.698430   -7.432767   -6.755148  -15.778829   -9.130030   -2.801383  -12.434999   -2.482346   -2.801383  -16.437926

site               443         444         445         446         447         448         449         450         451         452         453         454         455         456         457         458         459
L            4.887e-06    0.001367   3.305e-09    0.017003    0.017003   3.331e-08   2.115e-04    0.001915   3.126e-06   1.251e-06    0.005454   1.857e-09   2.290e-04   1.584e-04   8.090e-05    0.060726    0.017003
ln L        -12.228925   -6.594830  -19.527765   -4.074371   -4.074371  -17.217310   -8.461234   -6.258245  -12.675647  -13.591778   -5.211324  -20.104045   -8.381991   -8.750577   -9.422247   -2.801383   -4.074371

site               460         461         462         463         464         465         466         467         468         469         470         471         472         473         474         475         476
L             0.060726    0.083547   2.871e-05    0.005803    0.002831    0.083547    0.060726    0.083547    0.017003    0.060726    0.060726    0.060726    0.083547    0.002299   5.021e-06   5.301e-04    0.083547
ln L         -2.801383   -2.482346  -10.458301   -5.149389   -5.867293   -2.482346   -2.801383   -2.482346   -4.074371   -2.801383   -2.801383   -2.801383   -2.482346   -6.075159  -12.201790   -7.542496   -2.482346

site               477         478         479         480         481         482         483         484         485         486         487         488         489         490         491         492         493
L             0.083547    0.083547    0.083547    0.075102    0.083547   2.377e-05    0.001322    0.083547    0.017003    0.083547    0.002326    0.060726    0.017003    0.060726    0.017003    0.083547    0.002396
ln L         -2.482346   -2.482346   -2.482346   -2.588907   -2.482346  -10.646933   -6.628253   -2.482346   -4.074371   -2.482346   -6.063603   -2.801383   -4.074371   -2.801383   -4.074371   -2.482346   -6.034059

site               494         495         496         497         498         499         500         501         502         503         504         505         506         507         508         509         510
L             0.060726    0.075102    0.003770   5.915e-04    0.001797   2.511e-07   6.669e-05    0.083547    0.001322    0.083547    0.017003    0.001165   2.767e-05   2.773e-07    0.006374   3.590e-07   3.985e-08
ln L         -2.801383   -2.588907   -5.580737   -7.432767   -6.321631  -15.197358   -9.615494   -2.482346   -6.628253   -2.482346   -4.074371   -6.755148  -10.495098  -15.098164   -5.055460  -14.839901  -17.038166

site               511         512         513         514         515         516         517         518         519         520         521         522         523         524         525         526         527
L             0.001342    0.246328   2.882e-05   6.741e-08    0.095056    0.005454   2.356e-05   9.110e-04    0.075102    0.060726    0.060726    0.001342   2.424e-04    0.060726    0.060726    0.083547    0.075102
ln L         -6.613773   -1.401090  -10.454503  -16.512508   -2.353284   -5.211324  -10.656150   -7.000949   -2.588907   -2.801383   -2.801383   -6.613773   -8.324733   -2.801383   -2.801383   -2.482346   -2.588907

site               528         529         530         531         532         533         534         535         536         537         538         539         540         541         542         543         544
L             0.075102    0.001555    0.083547    0.017003    0.083547    0.083547    0.083547    0.001316    0.001924   7.598e-06    0.324121   1.945e-06   3.966e-06   3.027e-06   1.876e-04    0.004535    0.017003
ln L         -2.588907   -6.466049   -2.482346   -4.074371   -2.482346   -2.482346   -2.482346   -6.633399   -6.253603  -11.787648   -1.126640  -13.150002  -12.437871  -12.708057   -8.581067   -5.395861   -4.074371

site               545         546         547         548         549         550         551         552         553         554         555         556         557         558         559         560         561
L             0.001783   6.856e-04    0.075102    0.002326    0.017003    0.075102    0.060726    0.083547    0.083547   1.287e-06    0.004061    0.075102   1.596e-04   1.151e-07   5.944e-10   4.375e-09   7.359e-08
ln L         -6.329272   -7.285156   -2.588907   -6.063603   -4.074371   -2.588907   -2.801383   -2.482346   -2.482346  -13.563235   -5.506316   -2.588907   -8.742670  -15.977306  -21.243551  -19.247385  -16.424695

site               562         563         564         565         566         567         568         569         570         571         572         573         574         575         576         577         578
L            2.066e-06    0.075102    0.075102   3.458e-07    0.005195   8.397e-05   3.211e-07   7.852e-10    0.060726   1.041e-05    0.083547   3.602e-04    0.083547   6.740e-05   2.646e-04   1.741e-04   2.584e-04
ln L        -13.090018   -2.588907   -2.588907  -14.877365   -5.260153   -9.385110  -14.951510  -20.965130   -2.801383  -11.472348   -2.482346   -7.928793   -2.482346   -9.604919   -8.237165   -8.655759   -8.261006

site               579         580         581         582         583         584         585         586         587         588         589         590         591         592         593         594         595
L             0.017003    0.017003    0.004277    0.060726    0.004019   9.591e-05    0.075102    0.060726    0.005454    0.098891    0.001165    0.075102    0.060726    0.060726    0.060726    0.060726    0.083547
ln L         -4.074371   -4.074371   -5.454509   -2.801383   -5.516716   -9.252127   -2.588907   -2.801383   -5.211324   -2.313735   -6.755148   -2.588907   -2.801383   -2.801383   -2.801383   -2.801383   -2.482346

site               596         597         598         599         600         601         602         603         604         605         606         607         608         609         610         611         612
L             0.083547    0.083547    0.017003    0.017003    0.083547    0.060726    0.083547   6.821e-04   4.755e-04    0.083547    0.017003    0.001924   6.959e-05    0.083547    0.060726    0.075102    0.075102
ln L         -2.482346   -2.482346   -4.074371   -4.074371   -2.482346   -2.801383   -2.482346   -7.290324   -7.651154   -2.482346   -4.074371   -6.253603   -9.572942   -2.482346   -2.801383   -2.588907   -2.588907

site               613         614         615         616         617         618         619         620         621         622         623         624         625         626         627         628         629
L            2.672e-05    0.060726    0.005068    0.017003   1.740e-05   2.584e-04    0.075102    0.060726    0.060726    0.083547    0.017003    0.017003   7.233e-04   1.431e-06    0.004277    0.075102    0.002396
ln L        -10.530043   -2.801383   -5.284857   -4.074371  -10.958793   -8.261006   -2.588907   -2.801383   -2.801383   -2.482346   -4.074371   -4.074371   -7.231698  -13.456840   -5.454509   -2.588907   -6.034059

site               630         631         632         633         634         635         636         637         638         639         640         641         642         643         644         645         646
L             0.083547    0.083547    0.083547    0.083547   2.790e-06    0.001567    0.060726    0.060726    0.017003    0.017003    0.060726    0.017003    0.075102    0.083547    0.083547    0.075102    0.060726
ln L         -2.482346   -2.482346   -2.482346   -2.482346  -12.789584   -6.458832   -2.801383   -2.801383   -4.074371   -4.074371   -2.801383   -4.074371   -2.588907   -2.482346   -2.482346   -2.588907   -2.801383

site               647         648         649         650         651         652         653         654         655         656         657         658         659         660         661         662         663
L             0.075102    0.075102    0.083547    0.083547    0.083547    0.060726    0.083547    0.083547    0.083547    0.083547    0.017003    0.060726    0.083547    0.083547    0.002454    0.083547   3.945e-05
ln L         -2.588907   -2.588907   -2.482346   -2.482346   -2.482346   -2.801383   -2.482346   -2.482346   -2.482346   -2.482346   -4.074371   -2.801383   -2.482346   -2.482346   -6.009932   -2.482346  -10.140575

site               664         665         666         667         668         669         670         671         672         673         674         675         676         677         678         679         680
L            6.077e-04   5.852e-06   7.506e-04    0.060726   6.664e-04   2.203e-07   1.127e-04   1.737e-08   1.729e-05    0.005238   1.244e-04   2.608e-04    0.075102   3.569e-07    0.003192    0.005068    0.001802
ln L         -7.405761  -12.048656   -7.194615   -2.801383   -7.313565  -15.328315   -9.090341  -17.868597  -10.965564   -5.251833   -8.992274   -8.251915   -2.588907  -14.845685   -5.746966   -5.284857   -6.318993

site               681         682         683         684         685         686         687         688         689         690         691         692         693         694         695         696         697
L             0.001342   3.165e-04   1.053e-08   3.196e-06   9.110e-04   8.225e-06   1.271e-08    0.004061   2.080e-04   4.962e-05    0.075102   1.429e-06    0.002648    0.060726   1.523e-09    0.083547   1.291e-04
ln L         -6.613773   -8.058065  -18.369081  -12.653471   -7.000949  -11.708289  -18.180497   -5.506316   -8.477990   -9.911099   -2.588907  -13.458483   -5.933814   -2.801383  -20.302699   -2.482346   -8.955173

site               698         699         700         701         702         703         704         705         706         707         708         709         710         711         712         713         714
L            1.930e-05   5.001e-06   1.489e-04    0.075102   4.046e-06    0.060726   5.714e-04    0.006624   2.584e-04   4.133e-06   3.290e-05   4.835e-06   1.799e-06    0.075102    0.075102   2.167e-06    0.006046
ln L        -10.855393  -12.205787   -8.811923   -2.588907  -12.417768   -2.801383   -7.467373   -5.017038   -8.261006  -12.396554  -10.322059  -12.239650  -13.228343   -2.588907   -2.588907  -13.042236   -5.108289

site               715         716         717         718         719         720         721         722         723         724         725         726         727         728         729         730         731
L             0.060726   9.625e-06   8.746e-06   1.386e-04   9.774e-09   2.199e-05    0.002895   2.136e-07    0.083547    0.004965    0.006638   5.969e-06    0.005068   1.001e-06   5.111e-04   5.504e-05   6.404e-06
ln L         -2.801383  -11.551145  -11.646893   -8.883931  -18.443552  -10.724996   -5.844749  -15.358943   -2.482346   -5.305369   -5.014951  -12.028910   -5.284857  -13.814493   -7.578954   -9.807534  -11.958557

site               732         733         734         735         736         737         738         739         740         741         742         743         744         745         746         747         748
L             0.083547    0.083547   1.376e-04    0.003681   7.266e-04   1.063e-07   1.205e-05    0.083547   3.829e-06    0.002396    0.083547    0.083547    0.083547   1.988e-04   9.888e-06   5.709e-05   4.966e-08
ln L         -2.482346   -2.482346   -8.890952   -5.604600   -7.227146  -16.057382  -11.326238   -2.482346  -12.472821   -6.034059   -2.482346   -2.482346   -2.482346   -8.523407  -11.524234   -9.770956  -16.818133

site               749         750         751         752         753         754         755         756         757         758         759         760         761         762         763         764         765
L            1.347e-06   5.668e-08   7.198e-06    0.005177    0.060726    0.083547   2.742e-06    0.001616    0.075102   3.682e-07   5.376e-07    0.005177   8.329e-08    0.060726    0.083547   4.121e-05    0.017003
ln L        -13.517412  -16.685785  -11.841680   -5.263510   -2.801383   -2.482346  -12.807000   -6.427512   -2.588907  -14.814753  -14.436201   -5.263510  -16.300916   -2.801383   -2.482346  -10.096852   -4.074371

site               766         767         768         769         770         771         772         773         774         775         776         777         778         779         780         781         782
L             0.060726   6.648e-04    0.083547    0.083547    0.083547   7.290e-06   2.029e-05   5.879e-09   3.094e-08    0.001407   2.173e-05   4.361e-07    0.060726   1.237e-05   1.228e-04   3.538e-04   2.939e-07
ln L         -2.801383   -7.315988   -2.482346   -2.482346   -2.482346  -11.829024  -10.805306  -18.951958  -17.291083   -6.566288  -10.736927  -14.645438   -2.801383  -11.300148   -9.005057   -7.946837  -15.040193

site               783         784         785         786         787         788         789         790         791         792         793         794         795         796         797         798         799
L             0.060726   3.589e-05   1.667e-05   2.678e-05    0.075102   3.793e-04    0.004872    0.060726   2.105e-06    0.083547    0.002454   2.020e-10    0.083547   2.733e-05   1.461e-05    0.083547    0.017003
ln L         -2.801383  -10.234920  -11.001761  -10.527741   -2.588907   -7.877173   -5.324175   -2.801383  -13.071394   -2.482346   -6.009932  -22.322687   -2.482346  -10.507396  -11.133943   -2.482346   -4.074371

site               800         801         802         803         804         805         806         807         808         809         810         811         812         813         814         815         816
L            1.396e-06    0.006374    0.004872   2.439e-07   2.422e-08    0.004061   8.673e-06   3.538e-04    0.075102   1.213e-05    0.083547   4.824e-04   2.605e-04    0.006902   1.350e-04   7.695e-06   2.912e-06
ln L        -13.481853   -5.055460   -5.324175  -15.226525  -17.535950   -5.506316  -11.655314   -7.946837   -2.588907  -11.319730   -2.482346   -7.636834   -8.252736   -4.975938   -8.910489  -11.774984  -12.746776

site               817         818         819         820         821         822         823         824         825         826         827         828         829         830         831         832         833
L             0.060726    0.006624    0.060726    0.002480   1.072e-07   1.632e-04    0.060726   7.503e-10   9.591e-05   6.119e-06    0.005238   5.336e-06   3.193e-05    0.083547   1.206e-04   1.659e-06   3.121e-05
ln L         -2.801383   -5.017038   -2.801383   -5.999581  -16.048314   -8.720624   -2.801383  -21.010510   -9.252127  -12.004119   -5.251833  -12.141065  -10.351956   -2.482346   -9.022752  -13.309462  -10.374679

site               834         835         836         837         838         839         840         841         842         843         844         845         846         847         848         849         850
L             0.075102    0.083547    0.083547    0.017003    0.083547    0.083547   4.111e-05   8.425e-05   4.165e-05    0.083547   1.358e-04   1.048e-05    0.001165    0.060726   3.489e-05    0.002617    0.001618
ln L         -2.588907   -2.482346   -2.482346   -4.074371   -2.482346   -2.482346  -10.099269   -9.381741  -10.086296   -2.482346   -8.904439  -11.465706   -6.755148   -2.801383  -10.263169   -5.945910   -6.426506

site               851         852         853         854         855         856         857         858         859         860         861         862         863         864         865         866         867
L            1.514e-09    0.083547   1.465e-05    0.001296    0.060726    0.017003   8.787e-06    0.002648    0.001165   1.014e-05    0.060726    0.017003    0.083547   5.915e-04    0.001367   5.969e-05    0.001342
ln L        -20.308541   -2.482346  -11.131187   -6.648513   -2.801383   -4.074371  -11.642288   -5.933814   -6.755148  -11.499242   -2.801383   -4.074371   -2.482346   -7.432767   -6.594830   -9.726422   -6.613773

site               868         869         870         871         872         873         874         875         876         877         878         879         880         881         882         883         884
L            8.426e-05   1.534e-08    0.083547    0.001924    0.005454    0.075102    0.083547   8.431e-05    0.083547    0.075102   3.865e-06   2.869e-07   5.248e-04   5.355e-07   5.057e-07    0.001104   1.545e-05
ln L         -9.381576  -17.992936   -2.482346   -6.253603   -5.211324   -2.588907   -2.482346   -9.381069   -2.482346   -2.588907  -12.463579  -15.064014   -7.552514  -14.440112  -14.497420   -6.808645  -11.077907

site               885         886         887         888         889         890         891         892         893         894         895         896         897         898
L             0.005454    0.060726    0.001838    0.004354    0.002161   2.799e-08   1.659e-04    0.060726    0.004535    0.083547    0.017003    0.075102    0.060726    0.060726
ln L         -5.211324   -2.801383   -6.299130   -5.436575   -6.137094  -17.391254   -8.703829   -2.801383   -5.395861   -2.482346   -4.074371   -2.588907   -2.801383   -2.801383

Time used to compute likelihoods = 0.03 sec (CPU time = 0.22 sec)

Tree scores (and parameter estimates) written to file: ~/Library/CloudStorage/Dropbox/Lab/James McInerney/programming/MLDecay/debug_runs/mldecay_20250521_151847/site_lnl_Clade_11.txt
