--- STDOUT ---

P A U P *
Version 4.0a (build 168) for macOS (built on Aug  2 2020 at 06:41:30)
Wed May 21 15:27:39 2025

        -----------------------------NOTICE-----------------------------
          This is a test version that is still changing rapidly.
          Please report bugs to dave@phylosolutions.com
        ----------------------------------------------------------------

Running on Apple M3 Max
    16 CPU cores on 1 socket
    Executable built for Intel(R) 64 architecture
    Compiled using Intel compiler (icc) 11.1.0 (build 20091012)
    SSE vectorization enabled
    SSSE3 instructions supported
    Multithreading enabled using Pthreads

Processing of file "~/Library/CloudStorage/Dropbox/Lab/James McInerney/programming/MLDecay/debug_runs/mldecay_20250521_152627/site_analysis_Clade_5.nex" begins...

Processing of file "~/Library/CloudStorage/Dropbox/Lab/James McInerney/programming/MLDecay/debug_runs/mldecay_20250521_152627/alignment.nex" begins...

Data read in DNA format

Data matrix has 12 taxa, 898 characters
Valid character-state symbols: ACGT
Missing data identified by '?'
Gaps identified by '-'
"Equate" macros in effect:
   R,r ==> {AG}
   Y,y ==> {CT}
   M,m ==> {AC}
   K,k ==> {GT}
   S,s ==> {CG}
   W,w ==> {AT}
   H,h ==> {ACT}
   B,b ==> {CGT}
   V,v ==> {ACG}
   D,d ==> {AGT}
   N,n ==> {ACGT}

Processing of input file "alignment.nex" completed.

Optimality criterion set to likelihood.

Processing TREES block from file: ~/Library/CloudStorage/Dropbox/Lab/James McInerney/programming/MLDecay/debug_runs/mldecay_20250521_152627/ml_tree.tre
  Keeping: trees from file (replacing any trees already in memory)
  1 tree read from file

  Time used = 0.00 sec (CPU time = 0.00 sec)

Note: Input trees are rooted but current criterion and/or option settings would specify unrooted trees.  (You can deroot the trees using the 'derootTrees' command.)

Processing TREES block from file: ~/Library/CloudStorage/Dropbox/Lab/James McInerney/programming/MLDecay/debug_runs/mldecay_20250521_152627/constraint_tree_5.tre
  Keeping: trees in memory plus trees from file
  1 tree originally in memory
  1 tree read from file
  1 tree from file kept
  2 trees now in memory

  Time used = 0.00 sec (CPU time = 0.00 sec)

Note: Input trees are rooted but current criterion and/or option settings would specify unrooted trees.  (You can deroot the trees using the 'derootTrees' command.)

Likelihood scores of tree(s) in memory:
---------------------------------------
  898 characters are included
  All characters have equal weight
  Likelihood settings:
    Current model:
                             Data type = nucleotide
                DNA substitution types = 1
                     State frequencies = empirical: A=0.324121 C=0.30402 G=0.105528 T=0.266332
        Proportion of invariable sites = none
               Rates at variable sites = equal
                  Model correspondence = F81

    Number of distinct data patterns under this model = 413
    Molecular clock not enforced
    Starting branch lengths obtained using Rogers-Swofford approximation method
    Branch-length optimization = one-dimensional Newton-Raphson with pass limit=20, tolerance=1e-07
    Likelihood calculations performed in single precision
    Vector processing enabled
    Using standard Felsenstein pruning for computing likelihoods
    Conditional-likelihood rescaling threshold = 1e-20
    Using 14 parallel threads on 16 processors

Tree             1           2
------------------------------
-ln L     6303.661    6327.780

Likelihoods for each site on tree 1:

site                 1           2           3           4           5           6           7           8           9          10          11          12          13          14          15          16          17
L             0.085727    0.085727    0.017630    0.005603    0.062476    0.062476   3.606e-05    0.003892    0.002978   3.035e-07    0.017630    0.017630   3.604e-06    0.017630    0.077132    0.007084   2.005e-05
ln L         -2.456587   -2.456587   -4.038130   -5.184402   -2.772967   -2.772967  -10.230275   -5.548879   -5.816510  -15.007928   -4.038130   -4.038130  -12.533408   -4.038130   -2.562234   -4.949938  -10.817138

site                18          19          20          21          22          23          24          25          26          27          28          29          30          31          32          33          34
L            1.064e-04   3.598e-08   1.137e-05   4.091e-06   2.279e-06    0.077132    0.062476   4.931e-09    0.085727    0.062476   5.166e-06   7.650e-04    0.062476   8.772e-10    0.017630    0.077132   4.320e-06
ln L         -9.148160  -17.140367  -11.384453  -12.406741  -12.991821   -2.562234   -2.772967  -19.127626   -2.456587   -2.772967  -12.173326   -7.175615   -2.772967  -20.854252   -4.038130   -2.562234  -12.352344

site                35          36          37          38          39          40          41          42          43          44          45          46          47          48          49          50          51
L             0.077132    0.085727   2.421e-06    0.017630    0.017630   7.740e-09    0.005368    0.062476   9.997e-07    0.085727    0.077132   7.195e-06    0.062476    0.077132   1.925e-08    0.062476    0.077132
ln L         -2.562234   -2.456587  -12.931381   -4.038130   -4.038130  -18.676868   -5.227343   -2.772967  -13.815825   -2.456587   -2.562234  -11.842167   -2.772967   -2.562234  -17.765993   -2.772967   -2.562234

site                52          53          54          55          56          57          58          59          60          61          62          63          64          65          66          67          68
L            1.312e-04   4.409e-06    0.062476   2.774e-07   3.469e-07    0.003598   2.364e-06    0.062476    0.062476    0.005603    0.062476    0.017630    0.004207   7.536e-05    0.062476   1.062e-06    0.017630
ln L         -8.938629  -12.331764   -2.772967  -15.097890  -14.874240   -5.627305  -12.955324   -2.772967   -2.772967   -5.184402   -2.772967   -4.038130   -5.470923   -9.493274   -2.772967  -13.755200   -4.038130

site                69          70          71          72          73          74          75          76          77          78          79          80          81          82          83          84          85
L             0.077132   2.932e-04    0.085727    0.085727   7.252e-05    0.005560    0.077132    0.004673    0.085727    0.085727   1.090e-04    0.062476    0.085727   2.021e-05    0.017630    0.085727   5.956e-04
ln L         -2.562234   -8.134738   -2.456587   -2.456587   -9.531665   -5.192160   -2.562234   -5.366011   -2.456587   -2.456587   -9.124614   -2.772967   -2.456587  -10.809142   -4.038130   -2.456587   -7.425945

site                86          87          88          89          90          91          92          93          94          95          96          97          98          99         100         101         102
L             0.077132    0.017630   4.243e-05    0.002459    0.001713   6.145e-08    0.077132    0.085727   7.382e-05    0.085727   2.754e-04   4.575e-05    0.077132    0.017630   2.757e-06    0.085727   5.797e-05
ln L         -2.562234   -4.038130  -10.067736   -6.008059   -6.369387  -16.605048   -2.562234   -2.456587   -9.513817   -2.456587   -8.197467   -9.992351   -2.562234   -4.038130  -12.801269   -2.456587   -9.755642

site               103         104         105         106         107         108         109         110         111         112         113         114         115         116         117         118         119
L             0.002243    0.085727    0.062476    0.085727   2.080e-05   4.943e-04   1.661e-06    0.005368    0.062476   3.888e-07   1.290e-04    0.077132   1.052e-06    0.077132   2.889e-04   1.976e-05    0.017630
ln L         -6.100058   -2.456587   -2.772967   -2.456587  -10.780339   -7.612405  -13.308010   -5.227343   -2.772967  -14.760268   -8.955430   -2.562234  -13.764779   -2.562234   -8.149398  -10.831633   -4.038130

site               120         121         122         123         124         125         126         127         128         129         130         131         132         133         134         135         136
L             0.017630   2.189e-07    0.005120    0.062476   5.109e-08    0.077132    0.085727    0.085727    0.001390    0.003531   6.336e-08   2.102e-04    0.062476    0.004673   4.795e-04    0.062476   8.808e-05
ln L         -4.038130  -15.334852   -5.274549   -2.772967  -16.789760   -2.562234   -2.456587   -2.456587   -6.578329   -5.646211  -16.574472   -8.467663   -2.772967   -5.366011   -7.642761   -2.772967   -9.337247

site               137         138         139         140         141         142         143         144         145         146         147         148         149         150         151         152         153
L             0.077132    0.077132   6.083e-06    0.001353    0.062476   2.261e-07    0.002459   2.853e-04    0.085727    0.017630    0.002127   8.379e-07   4.996e-07    0.002884   7.682e-07    0.062476    0.017630
ln L         -2.562234   -2.562234  -12.010009   -6.605169   -2.772967  -15.302495   -6.008059   -8.161897   -2.456587   -4.038130   -6.153113  -13.992351  -14.509552   -5.848657  -14.079256   -2.772967   -4.038130

site               154         155         156         157         158         159         160         161         162         163         164         165         166         167         168         169         170
L             0.085727    0.062476    0.017630    0.085727   8.959e-05    0.062476   2.134e-08   7.224e-05   1.766e-04   3.081e-05    0.017630    0.077132    0.003853    0.085727    0.001559    0.005368    0.005603
ln L         -2.456587   -2.772967   -4.038130   -2.456587   -9.320283   -2.772967  -17.662488   -9.535537   -8.641399  -10.387569   -4.038130   -2.562234   -5.558954   -2.456587   -6.463427   -5.227343   -5.184402

site               171         172         173         174         175         176         177         178         179         180         181         182         183         184         185         186         187
L             0.062476   1.878e-04   3.420e-06    0.077132   1.205e-04    0.085727    0.085727    0.001737    0.077132    0.062476   5.253e-07    0.017630    0.077132    0.001737   5.874e-05    0.062476    0.006206
ln L         -2.772967   -8.579958  -12.585803   -2.562234   -9.024065   -2.456587   -2.456587   -6.355603   -2.562234   -2.772967  -14.459237   -4.038130   -2.562234   -6.355603   -9.742434   -2.772967   -5.082289

site               188         189         190         191         192         193         194         195         196         197         198         199         200         201         202         203         204
L             0.077132    0.077132    0.003204   1.343e-05    0.077132   1.401e-05   1.366e-04    0.077132   1.360e-06    0.085727    0.062476   1.987e-06    0.085727    0.085727   2.856e-07    0.002978    0.062476
ln L         -2.562234   -2.562234   -5.743280  -11.217868   -2.562234  -11.175466   -8.898110   -2.562234  -13.507993   -2.456587   -2.772967  -13.128708   -2.456587   -2.456587  -15.068733   -5.816510   -2.772967

site               205         206         207         208         209         210         211         212         213         214         215         216         217         218         219         220         221
L            3.282e-06   1.805e-04    0.062476   4.186e-08    0.017630    0.017630   2.899e-10    0.017630    0.085727   6.856e-04    0.005368    0.062476   8.299e-05    0.005003   7.686e-05   1.522e-05    0.001559
ln L        -12.626923   -8.619739   -2.772967  -16.989014   -4.038130   -4.038130  -21.961502   -4.038130   -2.456587   -7.285214   -5.227343   -2.772967   -9.396739   -5.297678   -9.473560  -11.092617   -6.463427

site               222         223         224         225         226         227         228         229         230         231         232         233         234         235         236         237         238
L             0.005003   1.652e-05    0.002040    0.003895   3.929e-05   5.547e-08    0.003355   4.428e-06   2.075e-06    0.077132   8.020e-06   6.145e-07    0.002633   2.002e-07    0.062476    0.062476   5.563e-06
ln L         -5.297678  -11.011080   -6.194944   -5.548079  -10.144501  -16.707361   -5.697444  -12.327663  -13.085327   -2.562234  -11.733629  -14.302495   -5.939653  -15.424090   -2.772967   -2.772967  -12.099288

site               239         240         241         242         243         244         245         246         247         248         249         250         251         252         253         254         255
L             0.062476    0.077132   1.574e-05    0.062476    0.017630   1.273e-07    0.001021    0.077132   1.544e-05   3.813e-04    0.085727   8.133e-06   5.105e-04   3.360e-06   1.192e-05    0.085727    0.077132
ln L         -2.772967   -2.562234  -11.058993   -2.772967   -4.038130  -15.876590   -6.887250   -2.562234  -11.078582   -7.872020   -2.456587  -11.719624   -7.580215  -12.603631  -11.336960   -2.456587   -2.562234

site               256         257         258         259         260         261         262         263         264         265         266         267         268         269         270         271         272
L            2.780e-07    0.001946    0.062476   1.049e-06   1.841e-07    0.002941   2.470e-07   6.172e-07    0.062476   1.726e-07    0.002459    0.002978   2.783e-05    0.017630    0.017630   1.257e-06   2.533e-08
ln L        -15.095725   -6.242175   -2.772967  -13.767984  -15.507773   -5.829130  -15.213996  -14.298037   -2.772967  -15.572145   -6.008059   -5.816510  -10.489545   -4.038130   -4.038130  -13.586761  -17.491111

site               273         274         275         276         277         278         279         280         281         282         283         284         285         286         287         288         289
L             0.001443   2.068e-08    0.085727    0.085727   7.329e-06    0.001390    0.005215   3.062e-04   4.394e-04    0.062476   7.728e-04   5.191e-04    0.062476   1.530e-07    0.085727    0.077132   2.813e-07
ln L         -6.540850  -17.694257   -2.456587   -2.456587  -11.823640   -6.578329   -5.256182   -8.091199   -7.730161   -2.772967   -7.165429   -7.563436   -2.772967  -15.692530   -2.456587   -2.562234  -15.083680

site               290         291         292         293         294         295         296         297         298         299         300         301         302         303         304         305         306
L            7.473e-04    0.077132   3.785e-04    0.077132    0.062476   4.500e-08    0.062476    0.085727    0.002978    0.062476    0.077132   1.015e-07    0.077132    0.062476   1.598e-08   3.238e-04    0.085727
ln L         -7.198989   -2.562234   -7.879341   -2.562234   -2.772967  -16.916608   -2.772967   -2.456587   -5.816510   -2.772967   -2.562234  -16.103555   -2.562234   -2.772967  -17.952118   -8.035463   -2.456587

site               307         308         309         310         311         312         313         314         315         316         317         318         319         320         321         322         323
L            2.822e-06    0.085727    0.062476   1.315e-07    0.005215    0.005334   7.416e-06    0.002354   4.040e-06   9.096e-07    0.005941   2.301e-04   4.668e-04   5.956e-04    0.001353    0.006206    0.077132
ln L        -12.778080   -2.456587   -2.772967  -15.844571   -5.256182   -5.233656  -11.811908   -6.051723  -12.419327  -13.910291   -5.125954   -8.376860   -7.669542   -7.425945   -6.605169   -5.082289   -2.562234

site               324         325         326         327         328         329         330         331         332         333         334         335         336         337         338         339         340
L             0.085727    0.002354    0.001525    0.017630   5.191e-04    0.017630    0.017630   6.095e-06   1.685e-10    0.003787   7.650e-04    0.005603   2.175e-04   2.223e-04    0.085727    0.077132   8.073e-04
ln L         -2.456587   -6.051723   -6.485579   -4.038130   -7.563436   -4.038130   -4.038130  -12.008110  -22.504099   -5.576269   -7.175615   -5.184402   -8.433441   -8.411606   -2.456587   -2.562234   -7.121812

site               341         342         343         344         345         346         347         348         349         350         351         352         353         354         355         356         357
L             0.001713    0.085727   3.398e-05    0.006532    0.002354    0.002978    0.004673   4.166e-04   3.825e-08    0.005334   2.551e-06   1.762e-06    0.085727    0.085727   8.442e-06    0.005334    0.062476
ln L         -6.369387   -2.456587  -10.289777   -5.030970   -6.051723   -5.816510   -5.366011   -7.783391  -17.079183   -5.233659  -12.879132  -13.249306   -2.456587   -2.456587  -11.682250   -5.233659   -2.772967

site               358         359         360         361         362         363         364         365         366         367         368         369         370         371         372         373         374
L             0.007084    0.085727    0.006206   5.557e-09    0.077132    0.077132   6.298e-07   3.251e-05    0.005368   7.420e-08    0.002941    0.062476   8.399e-06    0.085727    0.077132    0.007084    0.077132
ln L         -4.949938   -2.456587   -5.082289  -19.008191   -2.562234   -2.562234  -14.277853  -10.334079   -5.227343  -16.416465   -5.829130   -2.772967  -11.687438   -2.456587   -2.562234   -4.949938   -2.562234

site               375         376         377         378         379         380         381         382         383         384         385         386         387         388         389         390         391
L             0.017630    0.003334    0.017630    0.085727    0.085727    0.085727    0.085727   3.427e-07    0.085727   2.600e-08   5.722e-08   1.642e-05    0.062476   6.770e-05    0.085727    0.062476   7.235e-06
ln L         -4.038130   -5.703659   -4.038130   -2.456587   -2.456587   -2.456587   -2.456587  -14.886366   -2.456587  -17.465291  -16.676387  -11.016967   -2.772967   -9.600356   -2.456587   -2.772967  -11.836562

site               392         393         394         395         396         397         398         399         400         401         402         403         404         405         406         407         408
L            3.729e-07    0.003895   4.515e-06    0.001738    0.062476   1.137e-05    0.077132    0.085727    0.005368   5.878e-04    0.062476   2.409e-04   7.041e-06   1.258e-04   3.119e-05    0.077132    0.077132
ln L        -14.801967   -5.548079  -12.308009   -6.354920   -2.772967  -11.384453   -2.562234   -2.456587   -5.227343   -7.439160   -2.772967   -8.331065  -11.863772   -8.980891  -10.375538   -2.562234   -2.562234

site               409         410         411         412         413         414         415         416         417         418         419         420         421         422         423         424         425
L            4.525e-04   3.651e-05    0.062476   6.336e-09   3.954e-04    0.062476    0.001737    0.077132    0.062476   3.515e-08   1.436e-04    0.062476   4.668e-04   2.661e-05    0.077132   1.727e-06   1.920e-04
ln L         -7.700684  -10.217971   -2.772967  -18.877042   -7.835590   -2.772967   -6.355603   -2.562234   -2.772967  -17.163701   -8.848184   -2.772967   -7.669542  -10.534195   -2.562234  -13.269215   -8.558124

site               426         427         428         429         430         431         432         433         434         435         436         437         438         439         440         441         442
L             0.005215   3.395e-06    0.085727    0.002354    0.001566    0.077132    0.077132   6.426e-05   6.405e-04    0.001157   1.357e-07   1.048e-04    0.062476   3.591e-06    0.085727    0.062476   2.485e-07
ln L         -5.256182  -12.593257   -2.456587   -6.051723   -6.459506   -2.562234   -2.562234   -9.652524   -7.353331   -6.761780  -15.812709   -9.163806   -2.772967  -12.536998   -2.456587   -2.772967  -15.207950

site               443         444         445         446         447         448         449         450         451         452         453         454         455         456         457         458         459
L            3.981e-06    0.001531   9.364e-09    0.017630    0.017630   2.591e-08   1.938e-04    0.001711   2.593e-06   1.227e-06    0.005603   1.722e-09   2.370e-04   1.577e-04   8.206e-05    0.062476    0.017630
ln L        -12.433867   -6.481934  -18.486393   -4.038130   -4.038130  -17.468514   -8.548530   -6.370672  -12.862857  -13.611002   -5.184402  -20.179602   -8.347554   -8.755054   -9.408090   -2.772967   -4.038130

site               460         461         462         463         464         465         466         467         468         469         470         471         472         473         474         475         476
L             0.062476    0.085727   3.827e-04    0.005941    0.002941    0.085727    0.062476    0.085727    0.017630    0.062476    0.062476    0.062476    0.085727    0.002354   3.604e-06   4.956e-04    0.085727
ln L         -2.772967   -2.456587   -7.868218   -5.125954   -5.829130   -2.456587   -2.772967   -2.456587   -4.038130   -2.772967   -2.772967   -2.772967   -2.456587   -6.051723  -12.533408   -7.609813   -2.456587

site               477         478         479         480         481         482         483         484         485         486         487         488         489         490         491         492         493
L             0.085727    0.085727    0.085727    0.077132    0.085727   2.529e-05    0.001437    0.085727    0.017630    0.085727    0.001606    0.062476    0.017630    0.062476    0.017630    0.085727    0.002459
ln L         -2.456587   -2.456587   -2.456587   -2.562234   -2.456587  -10.585124   -6.545284   -2.456587   -4.038130   -2.456587   -6.434233   -2.772967   -4.038130   -2.772967   -4.038130   -2.456587   -6.008059

site               494         495         496         497         498         499         500         501         502         503         504         505         506         507         508         509         510
L             0.062476    0.077132    0.003895   6.405e-04    0.001851   2.247e-07   5.322e-05    0.085727    0.001437    0.085727    0.017630    0.001157   1.898e-05   9.787e-06    0.006532   3.617e-07   3.107e-08
ln L         -2.772967   -2.562234   -5.548079   -7.353331   -6.291780  -15.308533   -9.840999   -2.456587   -6.545284   -2.456587   -4.038130   -6.761780  -10.871901  -11.534453   -5.030970  -14.832454  -17.287134

site               511         512         513         514         515         516         517         518         519         520         521         522         523         524         525         526         527
L             0.001390    0.246216   2.698e-05   6.494e-08    0.097585    0.005603   2.059e-05   9.147e-04    0.077132    0.062476    0.062476    0.001390   2.513e-04    0.062476    0.062476    0.085727    0.077132
ln L         -6.578329   -1.401546  -10.520337  -16.549762   -2.327029   -5.184402  -10.790822   -6.996942   -2.562234   -2.772967   -2.772967   -6.578329   -8.288792   -2.772967   -2.772967   -2.456587   -2.562234

site               528         529         530         531         532         533         534         535         536         537         538         539         540         541         542         543         544
L             0.077132    0.001613    0.085727    0.017630    0.085727    0.085727    0.085727    0.001087    0.001713   7.315e-06    0.324121   1.393e-06   4.436e-06   3.152e-06   2.730e-04    0.004673    0.017630
ln L         -2.562234   -6.429592   -2.456587   -4.038130   -2.456587   -2.456587   -2.456587   -6.824746   -6.369387  -11.825588   -1.126640  -13.483926  -12.325725  -12.667540   -8.205930   -5.366011   -4.038130

site               545         546         547         548         549         550         551         552         553         554         555         556         557         558         559         560         561
L             0.001468   6.856e-04    0.077132    0.001606    0.017630    0.077132    0.062476    0.085727    0.085727   1.235e-07    0.003355    0.077132   1.592e-04   9.212e-08   4.762e-10   5.921e-08   1.881e-07
ln L         -6.524131   -7.285214   -2.562234   -6.434233   -4.038130   -2.562234   -2.772967   -2.456587   -2.456587  -15.906678   -5.697444   -2.562234   -8.745237  -16.200194  -21.465158  -16.642171  -15.486118

site               562         563         564         565         566         567         568         569         570         571         572         573         574         575         576         577         578
L            1.826e-06    0.077132    0.077132   2.885e-07    0.005334   7.417e-05   2.690e-07   1.806e-10    0.062476   1.145e-05    0.085727   3.023e-04    0.085727   5.398e-05   2.514e-04   1.772e-04   2.164e-04
ln L        -13.213463   -2.562234   -2.562234  -15.058450   -5.233656   -9.509198  -15.128738  -22.434931   -2.772967  -11.377623   -2.456587   -8.104129   -2.456587   -9.826963   -8.288316   -8.638336   -8.438503

site               579         580         581         582         583         584         585         586         587         588         589         590         591         592         593         594         595
L             0.017630    0.017630    0.003531    0.062476    0.004152   1.003e-04    0.077132    0.062476    0.005603    0.101475    0.001157    0.077132    0.062476    0.062476    0.062476    0.062476    0.085727
ln L         -4.038130   -4.038130   -5.646211   -2.772967   -5.484057   -9.206891   -2.562234   -2.772967   -5.184402   -2.287939   -6.761780   -2.562234   -2.772967   -2.772967   -2.772967   -2.772967   -2.456587

site               596         597         598         599         600         601         602         603         604         605         606         607         608         609         610         611         612
L             0.085727    0.085727    0.017630    0.017630    0.085727    0.062476    0.085727   6.008e-04   4.556e-04    0.085727    0.017630    0.001713   7.246e-05    0.085727    0.062476    0.077132    0.077132
ln L         -2.456587   -2.456587   -4.038130   -4.038130   -2.456587   -2.772967   -2.456587   -7.417317   -7.693970   -2.456587   -4.038130   -6.369387   -9.532490   -2.456587   -2.772967   -2.562234   -2.562234

site               613         614         615         616         617         618         619         620         621         622         623         624         625         626         627         628         629
L            2.680e-05    0.062476    0.005215    0.017630   2.754e-04   2.164e-04    0.077132    0.062476    0.062476    0.085727    0.017630    0.017630   8.073e-04   1.592e-06    0.003531    0.077132    0.002459
ln L        -10.527155   -2.772967   -5.256182   -4.038130   -8.197467   -8.438503   -2.562234   -2.772967   -2.772967   -2.456587   -4.038130   -4.038130   -7.121812  -13.350650   -5.646211   -2.562234   -6.008059

site               630         631         632         633         634         635         636         637         638         639         640         641         642         643         644         645         646
L             0.085727    0.085727    0.085727    0.085727   2.797e-06    0.001739    0.062476    0.062476    0.017630    0.017630    0.062476    0.017630    0.077132    0.085727    0.085727    0.077132    0.062476
ln L         -2.456587   -2.456587   -2.456587   -2.456587  -12.787065   -6.354313   -2.772967   -2.772967   -4.038130   -4.038130   -2.772967   -4.038130   -2.562234   -2.456587   -2.456587   -2.562234   -2.772967

site               647         648         649         650         651         652         653         654         655         656         657         658         659         660         661         662         663
L             0.077132    0.077132    0.085727    0.085727    0.085727    0.062476    0.085727    0.085727    0.085727    0.085727    0.017630    0.062476    0.085727    0.085727    0.002444    0.085727   4.201e-05
ln L         -2.562234   -2.562234   -2.456587   -2.456587   -2.456587   -2.772967   -2.456587   -2.456587   -2.456587   -2.456587   -4.038130   -2.772967   -2.456587   -2.456587   -6.014257   -2.456587  -10.077644

site               664         665         666         667         668         669         670         671         672         673         674         675         676         677         678         679         680
L            5.269e-04   5.553e-06   7.728e-04    0.062476   5.994e-04   1.315e-06   1.121e-04   1.205e-08   1.500e-05    0.005368   1.349e-04   2.167e-04    0.077132   5.170e-07    0.003279    0.005215    0.002005
ln L         -7.548449  -12.101149   -7.165429   -2.772967   -7.419557  -13.541310   -9.096282  -18.233865  -11.107718   -5.227343   -8.911330   -8.437120   -2.562234  -14.475244   -5.720102   -5.256182   -6.212002

site               681         682         683         684         685         686         687         688         689         690         691         692         693         694         695         696         697
L             0.001390   2.633e-04   8.318e-09   2.830e-06   9.147e-04   8.719e-06   1.211e-08    0.003355   2.075e-04   4.963e-05    0.077132   9.377e-07    0.002633    0.062476   1.096e-09    0.085727   1.402e-04
ln L         -6.578329   -8.242043  -18.604842  -12.775197   -6.996942  -11.649968  -18.228827   -5.697444   -8.480554   -9.910915   -2.562234  -13.879847   -5.939653   -2.772967  -20.631397   -2.456587   -8.872726

site               698         699         700         701         702         703         704         705         706         707         708         709         710         711         712         713         714
L            1.623e-05   4.635e-06   1.426e-04    0.077132   4.197e-06    0.062476   5.956e-04    0.006781   2.164e-04   4.184e-06   3.192e-05   4.100e-06   1.606e-07    0.077132    0.077132   2.326e-06    0.006206
ln L        -11.028658  -12.281928   -8.855244   -2.562234  -12.381117   -2.772967   -7.425945   -4.993602   -8.438503  -12.384162  -10.352135  -12.404541  -15.644389   -2.562234   -2.562234  -12.971280   -5.082289

site               715         716         717         718         719         720         721         722         723         724         725         726         727         728         729         730         731
L             0.062476   9.931e-06   7.636e-06   1.438e-04   6.940e-09   2.429e-05    0.002978   2.332e-07    0.085727    0.005120    0.006819   5.996e-06    0.005215   7.913e-07   5.191e-04   5.785e-05   5.182e-06
ln L         -2.772967  -11.519832  -11.782615   -8.847181  -18.785900  -10.625356   -5.816510  -15.271202   -2.456587   -5.274549   -4.988029  -12.024470   -5.256182  -14.049561   -7.563436   -9.757571  -12.170346

site               732         733         734         735         736         737         738         739         740         741         742         743         744         745         746         747         748
L             0.085727    0.085727   1.378e-04    0.003787   7.490e-04   1.100e-07   4.595e-05    0.085727   4.040e-06    0.002459    0.085727    0.085727    0.085727   2.023e-04   9.731e-06   4.985e-05   2.695e-07
ln L         -2.456587   -2.456587   -8.889976   -5.576269   -7.196760  -16.023032   -9.987967   -2.456587  -12.419327   -6.008059   -2.456587   -2.456587   -2.456587   -8.505985  -11.540235   -9.906471  -15.126851

site               749         750         751         752         753         754         755         756         757         758         759         760         761         762         763         764         765
L            6.582e-06   6.324e-08   5.576e-06    0.005334    0.062476    0.085727   1.926e-06    0.001667    0.077132   3.277e-07   5.189e-07    0.005334   1.154e-06    0.062476    0.085727   4.227e-05    0.017630
ln L        -11.931222  -16.576403  -12.097010   -5.233659   -2.772967   -2.456587  -13.160208   -6.396692   -2.562234  -14.931157  -14.471478   -5.233659  -13.672643   -2.772967   -2.456587  -10.071424   -4.038130

site               766         767         768         769         770         771         772         773         774         775         776         777         778         779         780         781         782
L             0.062476   6.887e-04    0.085727    0.085727    0.085727   7.806e-06   2.073e-05   6.408e-09   3.845e-08    0.001525   2.432e-05   3.751e-07    0.062476   1.037e-05   1.035e-04   3.103e-04   2.895e-07
ln L         -2.772967   -7.280690   -2.456587   -2.456587   -2.456587  -11.760566  -10.783824  -18.865739  -17.073876   -6.485579  -10.624021  -14.796016   -2.772967  -11.476806   -9.176403   -8.077950  -15.055142

site               783         784         785         786         787         788         789         790         791         792         793         794         795         796         797         798         799
L             0.062476   3.646e-05   1.498e-05   2.973e-05    0.077132   3.135e-04    0.005003    0.062476   2.420e-06    0.085727    0.002444   4.358e-10    0.085727   1.883e-05   1.520e-05    0.085727    0.017630
ln L         -2.772967  -10.219272  -11.108888  -10.423253   -2.562234   -8.067633   -5.297678   -2.772967  -12.931629   -2.456587   -6.014257  -21.553861   -2.456587  -10.880303  -11.094031   -2.456587   -4.038130

site               800         801         802         803         804         805         806         807         808         809         810         811         812         813         814         815         816
L            1.440e-06    0.006532    0.005003   2.481e-07   1.525e-07    0.003355   6.131e-06   3.103e-04    0.077132   1.283e-05    0.085727   4.795e-04   2.683e-04    0.007084   1.156e-04   6.625e-06   3.236e-06
ln L        -13.450804   -5.030970   -5.297678  -15.209557  -15.696168   -5.697444  -12.002082   -8.077950   -2.562234  -11.263903   -2.456587   -7.642761   -8.223550   -4.949938   -9.065045  -11.924602  -12.641241

site               817         818         819         820         821         822         823         824         825         826         827         828         829         830         831         832         833
L             0.062476    0.006781    0.062476    0.001712   4.529e-07   1.632e-04    0.062476   5.796e-10   1.003e-04   6.431e-06    0.005368   4.583e-06   2.262e-05    0.085727   9.974e-05   1.512e-06   3.114e-05
ln L         -2.772967   -4.993602   -2.772967   -6.370211  -14.607507   -8.720441   -2.772967  -21.268605   -9.206891  -11.954352   -5.227343  -12.293059  -10.696686   -2.456587   -9.212963  -13.402243  -10.376924

site               834         835         836         837         838         839         840         841         842         843         844         845         846         847         848         849         850
L             0.077132    0.085727    0.085727    0.017630    0.085727    0.085727   4.440e-05   8.566e-05   4.789e-05    0.085727   9.256e-04   1.111e-05    0.001157    0.062476   2.429e-05    0.002605    0.001331
ln L         -2.562234   -2.456587   -2.456587   -4.038130   -2.456587   -2.456587  -10.022291   -9.365150   -9.946543   -2.456587   -6.985036  -11.407691   -6.761780   -2.772967  -10.625420   -5.950235   -6.621467

site               851         852         853         854         855         856         857         858         859         860         861         862         863         864         865         866         867
L            1.495e-09    0.085727   1.175e-05    0.001353    0.062476    0.017630   6.146e-06    0.002633    0.001157   4.134e-05    0.062476    0.017630    0.085727   6.405e-04    0.001531   6.121e-05    0.001390
ln L        -20.320810   -2.456587  -11.351687   -6.605169   -2.772967   -4.038130  -11.999716   -5.939653   -6.761780  -10.093706   -2.772967   -4.038130   -2.456587   -7.353331   -6.481934   -9.701214   -6.578329

site               868         869         870         871         872         873         874         875         876         877         878         879         880         881         882         883         884
L            8.959e-05   1.557e-08    0.085727    0.001713    0.005603    0.077132    0.085727   8.377e-05    0.085727    0.077132   3.543e-06   3.050e-07   5.878e-04   5.603e-07   5.570e-07   7.650e-04   1.392e-05
ln L         -9.320283  -17.977779   -2.456587   -6.369387   -5.184402   -2.562234   -2.456587   -9.387463   -2.456587   -2.562234  -12.550513  -15.002923   -7.439183  -14.394770  -14.400722   -7.175615  -11.182160

site               885         886         887         888         889         890         891         892         893         894         895         896         897         898
L             0.005603    0.062476    0.002040    0.003598    0.002220   2.297e-08   1.153e-04    0.062476    0.004673    0.085727    0.017630    0.077132    0.062476    0.062476
ln L         -5.184402   -2.772967   -6.194944   -5.627305   -6.110171  -17.589089   -9.067690   -2.772967   -5.366011   -2.456587   -4.038130   -2.562234   -2.772967   -2.772967

Likelihoods for each site on tree 2:

site                 1           2           3           4           5           6           7           8           9          10          11          12          13          14          15          16          17
L             0.083960    0.083960    0.017120    0.005407    0.061056    0.061056   3.577e-05    0.004767    0.002924   3.279e-07    0.017120    0.017120   3.767e-06    0.017120    0.075486    0.006842   1.976e-05
ln L         -2.477414   -2.477414   -4.067509   -5.220111   -2.795959   -2.795959  -10.238339   -5.345984   -5.834701  -14.930601   -4.067509   -4.067509  -12.489151   -4.067509   -2.583806   -4.984720  -10.832055

site                18          19          20          21          22          23          24          25          26          27          28          29          30          31          32          33          34
L            1.061e-04   3.513e-08   1.076e-05   4.046e-06   2.232e-06    0.075486    0.061056   3.016e-09    0.083960    0.061056   5.038e-06   7.575e-04    0.061056   9.264e-10    0.017120    0.075486   4.335e-06
ln L         -9.150951  -17.164077  -11.440136  -12.417853  -13.012596   -2.583806   -2.795959  -19.619256   -2.477414   -2.795959  -12.198492   -7.185533   -2.795959  -20.799724   -4.067509   -2.583806  -12.348821

site                35          36          37          38          39          40          41          42          43          44          45          46          47          48          49          50          51
L             0.075486    0.083960   2.378e-06    0.017120    0.017120   9.248e-09    0.005240    0.061056   1.244e-06    0.083960    0.075486   8.126e-06    0.061056    0.075486   2.326e-08    0.061056    0.075486
ln L         -2.583806   -2.477414  -12.949391   -4.067509   -4.067509  -18.498811   -5.251490   -2.795959  -13.596782   -2.477414   -2.583806  -11.720387   -2.795959   -2.583806  -17.576432   -2.795959   -2.583806

site                52          53          54          55          56          57          58          59          60          61          62          63          64          65          66          67          68
L            1.308e-04   1.483e-06    0.061056   3.269e-07   2.965e-07    0.004418   2.863e-06    0.061056    0.061056    0.005407    0.061056    0.017120    0.004188   8.498e-05    0.061056   1.278e-06    0.017120
ln L         -8.942052  -13.421547   -2.795959  -14.933662  -15.031299   -5.422112  -12.763664   -2.795959   -2.795959   -5.220111   -2.795959   -4.067509   -5.475418   -9.373079   -2.795959  -13.570454   -4.067509

site                69          70          71          72          73          74          75          76          77          78          79          80          81          82          83          84          85
L             0.075486   3.488e-04    0.083960    0.083960   7.161e-05    0.005356    0.075486    0.004655    0.083960    0.083960   1.059e-04    0.061056    0.083960   2.021e-05    0.017120    0.083960   5.939e-04
ln L         -2.583806   -7.961059   -2.477414   -2.477414   -9.544320   -5.229630   -2.583806   -5.369855   -2.477414   -2.477414   -9.152890   -2.795959   -2.477414  -10.809486   -4.067509   -2.477414   -7.428774

site                86          87          88          89          90          91          92          93          94          95          96          97          98          99         100         101         102
L             0.075486    0.017120   5.597e-05    0.002375    0.002400   6.680e-08    0.075486    0.083960   7.483e-05    0.083960   2.707e-04   4.724e-05    0.075486    0.017120   3.074e-06    0.083960   3.723e-05
ln L         -2.583806   -4.067509   -9.790711   -6.042840   -6.032177  -16.521585   -2.583806   -2.477414   -9.500336   -2.477414   -8.214465   -9.960334   -2.583806   -4.067509  -12.692387   -2.477414  -10.198361

site               103         104         105         106         107         108         109         110         111         112         113         114         115         116         117         118         119
L             0.003118    0.083960    0.061056    0.083960   1.989e-05   5.154e-04   3.042e-07    0.005240    0.061056   4.075e-07   1.525e-04    0.075486   1.083e-06    0.075486   3.146e-04   1.922e-05    0.017120
ln L         -5.770673   -2.477414   -2.795959   -2.477414  -10.825219   -7.570568  -15.005590   -5.251490   -2.795959  -14.713142   -8.788227   -2.583806  -13.735630   -2.583806   -8.064317  -10.859511   -4.067509

site               120         121         122         123         124         125         126         127         128         129         130         131         132         133         134         135         136
L             0.017120   6.751e-07    0.005097    0.061056   6.657e-08    0.075486    0.083960    0.083960    0.001398    0.004329   6.712e-08   2.152e-04    0.061056    0.004655   5.084e-04    0.061056   8.714e-05
ln L         -4.067509  -14.208372   -5.279044   -2.795959  -16.524941   -2.583806   -2.477414   -2.477414   -6.572922   -5.442453  -16.516837   -8.443952   -2.795959   -5.369855   -7.584159   -2.795959   -9.348008

site               137         138         139         140         141         142         143         144         145         146         147         148         149         150         151         152         153
L             0.075486    0.075486   7.204e-06    0.001349    0.061056   3.959e-07    0.002375   3.390e-04    0.083960    0.017120    0.002076   8.203e-07   5.917e-07    0.002822   7.490e-07    0.061056    0.017120
ln L         -2.583806   -2.583806  -11.840878   -6.608726   -2.795959  -14.742142   -6.042840   -7.989440   -2.477414   -4.067509   -6.177259  -14.013558  -14.340272   -5.870293  -14.104494   -2.795959   -4.067509

site               154         155         156         157         158         159         160         161         162         163         164         165         166         167         168         169         170
L             0.083960    0.061056    0.017120    0.083960   1.066e-04    0.061056   2.264e-08   9.131e-05   2.303e-04   2.908e-05    0.017120    0.075486    0.003790    0.083960    0.001504    0.005240    0.005407
ln L         -2.477414   -2.795959   -4.067509   -2.477414   -9.146873   -2.795959  -17.603424   -9.301201   -8.376075  -10.445404   -4.067509   -2.583806   -5.575400   -2.477414   -6.499894   -5.251490   -5.220111

site               171         172         173         174         175         176         177         178         179         180         181         182         183         184         185         186         187
L             0.061056   2.138e-04   3.396e-06    0.075486   1.113e-04    0.083960    0.083960    0.001718    0.075486    0.061056   6.442e-07    0.017120    0.075486    0.001718   5.725e-05    0.061056    0.005994
ln L         -2.795959   -8.450464  -12.592904   -2.583806   -9.103351   -2.477414   -2.477414   -6.366632   -2.583806   -2.795959  -14.255285   -4.067509   -2.583806   -6.366632   -9.768027   -2.795959   -5.117071

site               188         189         190         191         192         193         194         195         196         197         198         199         200         201         202         203         204
L             0.075486    0.075486    0.003162   1.485e-05    0.075486   1.463e-05   1.395e-04    0.075486   1.427e-06    0.083960    0.061056   1.966e-06    0.083960    0.083960   3.477e-08    0.002924    0.061056
ln L         -2.583806   -2.583806   -5.756563  -11.117764   -2.583806  -11.132658   -8.877706   -2.583806  -13.460254   -2.477414   -2.795959  -13.139471   -2.477414   -2.477414  -17.174571   -5.834701   -2.795959

site               205         206         207         208         209         210         211         212         213         214         215         216         217         218         219         220         221
L            3.205e-06   2.120e-04    0.061056   4.182e-08    0.017120    0.017120   3.037e-10    0.017120    0.083960   6.442e-04    0.005240    0.061056   1.079e-04    0.004873   8.097e-05   1.540e-05    0.001504
ln L        -12.650810   -8.459060   -2.795959  -16.989913   -4.067509   -4.067509  -21.915102   -4.067509   -2.477414   -7.347434   -5.251490   -2.795959   -9.134561   -5.324027   -9.421404  -11.081249   -6.499894

site               222         223         224         225         226         227         228         229         230         231         232         233         234         235         236         237         238
L             0.004873   1.763e-05   2.820e-04    0.003873   2.697e-05   5.681e-08    0.004119   4.482e-06   2.676e-06    0.075486   9.558e-06   6.400e-07    0.002598   4.512e-07    0.061056    0.061056   6.090e-06
ln L         -5.324027  -10.946123   -8.173601   -5.553796  -10.520705  -16.683549   -5.492190  -12.315348  -12.831199   -2.583806  -11.558122  -14.261737   -5.952937  -14.611257   -2.795959   -2.795959  -12.008923

site               239         240         241         242         243         244         245         246         247         248         249         250         251         252         253         254         255
L             0.061056    0.075486   1.866e-05    0.061056    0.017120   1.293e-07    0.001025    0.075486   1.535e-05   4.489e-04    0.083960   8.743e-06   5.017e-04   2.628e-06   4.333e-05    0.083960    0.075486
ln L         -2.795959   -2.583806  -10.889119   -2.795959   -4.067509  -15.861002   -6.883427   -2.583806  -11.084166   -7.708803   -2.477414  -11.647281   -7.597491  -12.849371  -10.046694   -2.477414   -2.583806

site               256         257         258         259         260         261         262         263         264         265         266         267         268         269         270         271         272
L            5.372e-07    0.001945    0.061056   1.181e-06   1.915e-07    0.002952   2.480e-07   5.525e-07    0.061056   1.774e-07    0.002375    0.002924   2.849e-05    0.017120    0.017120   1.321e-06   2.510e-08
ln L        -14.436809   -6.242314   -2.795959  -13.649352  -15.468636   -5.825306  -15.209734  -14.408872   -2.795959  -15.544741   -6.042840   -5.834701  -10.466128   -4.067509   -4.067509  -13.537376  -17.500520

site               273         274         275         276         277         278         279         280         281         282         283         284         285         286         287         288         289
L             0.001353   4.801e-09    0.083960    0.083960   8.344e-06    0.001398    0.005023   3.010e-04   4.256e-04    0.061056   7.596e-04   5.123e-04    0.061056   1.453e-07    0.083960    0.075486   2.872e-07
ln L         -6.605661  -19.154393   -2.477414   -2.477414  -11.693940   -6.572922   -5.293651   -8.108443   -7.761969   -2.795959   -7.182673   -7.576649   -2.795959  -15.744165   -2.477414   -2.583806  -15.063033

site               290         291         292         293         294         295         296         297         298         299         300         301         302         303         304         305         306
L            7.316e-04    0.075486   3.856e-04    0.075486    0.061056   1.346e-08    0.061056    0.083960    0.002924    0.061056    0.075486   1.278e-07    0.075486    0.061056   1.764e-08   3.302e-04    0.083960
ln L         -7.220326   -2.583806   -7.860780   -2.583806   -2.795959  -18.123885   -2.795959   -2.477414   -5.834701   -2.795959   -2.583806  -15.872742   -2.583806   -2.795959  -17.853298   -8.015669   -2.477414

site               307         308         309         310         311         312         313         314         315         316         317         318         319         320         321         322         323
L            3.888e-06    0.083960    0.061056   1.302e-07    0.005023    0.005195   8.924e-06    0.002300   4.103e-06   9.229e-07    0.005805   2.296e-04   5.268e-04   5.939e-04    0.001349    0.005994    0.075486
ln L        -12.457542   -2.477414   -2.795959  -15.854244   -5.293651   -5.260005  -11.626711   -6.074721  -12.403684  -13.895766   -5.148951   -8.379318   -7.548688   -7.428774   -6.608726   -5.117071   -2.583806

site               324         325         326         327         328         329         330         331         332         333         334         335         336         337         338         339         340
L             0.083960    0.002300    0.001524    0.017120   5.123e-04    0.017120    0.017120   1.992e-06   1.733e-10    0.003718   7.575e-04    0.005407   2.112e-04   2.370e-04    0.083960    0.075486   8.455e-04
ln L         -2.477414   -6.074721   -6.486465   -4.067509   -7.576649   -4.067509   -4.067509  -13.126294  -22.476244   -5.594478   -7.185533   -5.220111   -8.462640   -8.347335   -2.477414   -2.583806   -7.075577

site               341         342         343         344         345         346         347         348         349         350         351         352         353         354         355         356         357
L             0.002400    0.083960   3.288e-05    0.006377    0.002300    0.002924    0.004655   4.602e-04   4.920e-08    0.005314   2.892e-06   1.782e-06    0.083960    0.083960   9.084e-06    0.005314    0.061056
ln L         -6.032177   -2.477414  -10.322749   -5.055116   -6.074721   -5.834701   -5.369855   -7.683788  -16.827382   -5.237503  -12.753663  -13.237737   -2.477414   -2.477414  -11.608977   -5.237503   -2.795959

site               358         359         360         361         362         363         364         365         366         367         368         369         370         371         372         373         374
L             0.006842    0.083960    0.005994   5.384e-09    0.075486    0.075486   6.300e-07   3.059e-05    0.005240   7.452e-08    0.002952    0.061056   9.057e-06    0.083960    0.075486    0.006842    0.075486
ln L         -4.984720   -2.477414   -5.117071  -19.039767   -2.583806   -2.583806  -14.277524  -10.394959   -5.251490  -16.412140   -5.825306   -2.795959  -11.611975   -2.477414   -2.583806   -4.984720   -2.583806

site               375         376         377         378         379         380         381         382         383         384         385         386         387         388         389         390         391
L             0.017120    0.003292    0.017120    0.083960    0.083960    0.083960    0.083960   3.668e-07    0.083960   3.331e-08   6.448e-08   2.031e-05    0.061056   7.308e-05    0.083960    0.061056   7.204e-06
ln L         -4.067509   -5.716189   -4.067509   -2.477414   -2.477414   -2.477414   -2.477414  -14.818357   -2.477414  -17.217392  -16.556852  -10.804532   -2.795959   -9.523925   -2.477414   -2.795959  -11.840881

site               392         393         394         395         396         397         398         399         400         401         402         403         404         405         406         407         408
L            3.324e-07    0.003873   4.794e-06    0.001695    0.061056   1.076e-05    0.075486    0.083960    0.005240   6.520e-04    0.061056   3.150e-04   7.890e-06   1.524e-04   2.800e-05    0.075486    0.075486
ln L        -14.916815   -5.553796  -12.248143   -6.379833   -2.795959  -11.440136   -2.583806   -2.477414   -5.251490   -7.335463   -2.795959   -8.063048  -11.749930   -8.788755  -10.483421   -2.583806   -2.583806

site               409         410         411         412         413         414         415         416         417         418         419         420         421         422         423         424         425
L            4.554e-04   3.947e-05    0.061056   6.077e-09   4.676e-04    0.061056    0.001718    0.075486    0.061056   4.010e-08   1.442e-04    0.061056   5.268e-04   5.494e-05    0.075486   2.011e-06   2.523e-04
ln L         -7.694307  -10.139880   -2.795959  -18.918747   -7.667972   -2.795959   -6.366632   -2.583806   -2.795959  -17.031943   -8.844349   -2.795959   -7.548688   -9.809319   -2.583806  -13.116949   -8.285068

site               426         427         428         429         430         431         432         433         434         435         436         437         438         439         440         441         442
L             0.005023   3.478e-06    0.083960    0.002300    0.001526    0.075486    0.075486   6.429e-05   6.405e-04    0.001143   1.575e-07   1.204e-04    0.061056   4.476e-06    0.083960    0.061056   3.842e-07
ln L         -5.293651  -12.569184   -2.477414   -6.074721   -6.485208   -2.583806   -2.583806   -9.652128   -7.353330   -6.774310  -15.663677   -9.024850   -2.795959  -12.316794   -2.477414   -2.795959  -14.771992

site               443         444         445         446         447         448         449         450         451         452         453         454         455         456         457         458         459
L            4.795e-06   1.834e-04   3.160e-09    0.017120    0.017120   3.829e-08   2.537e-04    0.002395   3.427e-06   1.218e-06    0.005407   2.368e-09   2.489e-04   1.562e-04   8.071e-05    0.061056    0.017120
ln L        -12.247999   -8.603741  -19.572569   -4.067509   -4.067509  -17.078147   -8.279328   -6.034344  -12.583789  -13.617999   -5.220111  -19.861361   -8.298333   -8.764301   -9.424658   -2.795959   -4.067509

site               460         461         462         463         464         465         466         467         468         469         470         471         472         473         474         475         476
L             0.061056    0.083960   3.700e-04    0.005805    0.002952    0.083960    0.061056    0.083960    0.017120    0.061056    0.061056    0.061056    0.083960    0.002300   3.767e-06   3.630e-04    0.083960
ln L         -2.795959   -2.477414   -7.902081   -5.148951   -5.825306   -2.477414   -2.795959   -2.477414   -4.067509   -2.795959   -2.795959   -2.795959   -2.477414   -6.074721  -12.489151   -7.921005   -2.477414

site               477         478         479         480         481         482         483         484         485         486         487         488         489         490         491         492         493
L             0.083960    0.083960    0.083960    0.075486    0.083960   2.489e-05    0.001433    0.083960    0.017120    0.083960    0.001585    0.061056    0.017120    0.061056    0.017120    0.083960    0.002375
ln L         -2.477414   -2.477414   -2.477414   -2.583806   -2.477414  -10.601097   -6.547696   -2.477414   -4.067509   -2.477414   -6.447398   -2.795959   -4.067509   -2.795959   -4.067509   -2.477414   -6.042840

site               494         495         496         497         498         499         500         501         502         503         504         505         506         507         508         509         510
L             0.061056    0.075486    0.003873   6.405e-04    0.001844   3.015e-07   6.420e-05    0.083960    0.001433    0.083960    0.017120    0.001143   2.351e-05   9.445e-06    0.006377   3.629e-07   3.021e-08
ln L         -2.795959   -2.583806   -5.553796   -7.353330   -6.295624  -15.014401   -9.653542   -2.477414   -6.547696   -2.477414   -4.067509   -6.774310  -10.657968  -11.570035   -5.055116  -14.829227  -17.314940

site               511         512         513         514         515         516         517         518         519         520         521         522         523         524         525         526         527
L             0.001398    0.246254   6.160e-05   6.657e-08    0.095773    0.005407   3.290e-06   9.763e-04    0.075486    0.061056    0.061056    0.001398   2.534e-04    0.061056    0.061056    0.083960    0.075486
ln L         -6.572922   -1.401393   -9.694812  -16.525020   -2.345777   -5.220111  -12.624605   -6.931766   -2.583806   -2.795959   -2.795959   -6.572922   -8.280716   -2.795959   -2.795959   -2.477414   -2.583806

site               528         529         530         531         532         533         534         535         536         537         538         539         540         541         542         543         544
L             0.075486    0.001542    0.083960    0.017120    0.083960    0.083960    0.083960    0.001343    0.002400   1.033e-05    0.324121   1.346e-06   6.746e-07   3.101e-06   2.693e-04    0.004655    0.017120
ln L         -2.583806   -6.474828   -2.477414   -4.067509   -2.477414   -2.477414   -2.477414   -6.612785   -6.032177  -11.480373   -1.126640  -13.518146  -14.209214  -12.683874   -8.219854   -5.369855   -4.067509

site               545         546         547         548         549         550         551         552         553         554         555         556         557         558         559         560         561
L             0.001799   6.442e-04    0.075486    0.001585    0.017120    0.075486    0.061056    0.083960    0.083960   1.198e-07    0.004119    0.075486   1.599e-04   8.491e-08   2.822e-10   6.007e-08   1.751e-07
ln L         -6.320736   -7.347434   -2.583806   -6.447398   -4.067509   -2.583806   -2.795959   -2.477414   -2.477414  -15.937554   -5.492190   -2.583806   -8.740732  -16.281628  -21.988483  -16.627718  -15.557795

site               562         563         564         565         566         567         568         569         570         571         572         573         574         575         576         577         578
L            1.249e-06    0.075486    0.075486   3.089e-07    0.005195   7.182e-05   3.293e-07   2.812e-10    0.061056   1.381e-06    0.083960   3.624e-04    0.083960   6.509e-05   1.713e-04   1.741e-04   2.614e-04
ln L        -13.592935   -2.583806   -2.583806  -14.990282   -5.260005   -9.541378  -14.926380  -21.992094   -2.795959  -13.492464   -2.477414   -7.922855   -2.477414   -9.639710   -8.672110   -8.655612   -8.249270

site               579         580         581         582         583         584         585         586         587         588         589         590         591         592         593         594         595
L             0.017120    0.017120    0.004329    0.061056    0.004129   9.950e-05    0.075486    0.061056    0.005407    0.099170    0.001143    0.075486    0.061056    0.061056    0.061056    0.061056    0.083960
ln L         -4.067509   -4.067509   -5.442453   -2.795959   -5.489774   -9.215319   -2.583806   -2.795959   -5.220111   -2.310918   -6.774310   -2.583806   -2.795959   -2.795959   -2.795959   -2.795959   -2.477414

site               596         597         598         599         600         601         602         603         604         605         606         607         608         609         610         611         612
L             0.083960    0.083960    0.017120    0.017120    0.083960    0.061056    0.083960   8.602e-04   5.350e-04    0.083960    0.017120    0.002400   7.061e-05    0.083960    0.061056    0.075486    0.075486
ln L         -2.477414   -2.477414   -4.067509   -4.067509   -2.477414   -2.795959   -2.477414   -7.058362   -7.533290   -2.477414   -4.067509   -6.032177   -9.558331   -2.477414   -2.795959   -2.583806   -2.583806

site               613         614         615         616         617         618         619         620         621         622         623         624         625         626         627         628         629
L            2.636e-05    0.061056    0.005023    0.017120   2.707e-04   2.614e-04    0.075486    0.061056    0.061056    0.083960    0.017120    0.017120   8.455e-04   1.907e-07    0.004329    0.075486    0.002375
ln L        -10.543735   -2.795959   -5.293651   -4.067509   -8.214465   -8.249270   -2.583806   -2.795959   -2.795959   -2.477414   -4.067509   -4.067509   -7.075577  -15.472357   -5.442453   -2.583806   -6.042840

site               630         631         632         633         634         635         636         637         638         639         640         641         642         643         644         645         646
L             0.083960    0.083960    0.083960    0.083960   2.684e-06   2.344e-04    0.061056    0.061056    0.017120    0.017120    0.061056    0.017120    0.075486    0.083960    0.083960    0.075486    0.061056
ln L         -2.477414   -2.477414   -2.477414   -2.477414  -12.828255   -8.358304   -2.795959   -2.795959   -4.067509   -4.067509   -2.795959   -4.067509   -2.583806   -2.477414   -2.477414   -2.583806   -2.795959

site               647         648         649         650         651         652         653         654         655         656         657         658         659         660         661         662         663
L             0.075486    0.075486    0.083960    0.083960    0.083960    0.061056    0.083960    0.083960    0.083960    0.083960    0.017120    0.061056    0.083960    0.083960    0.002408    0.083960   2.671e-05
ln L         -2.583806   -2.583806   -2.477414   -2.477414   -2.477414   -2.795959   -2.477414   -2.477414   -2.477414   -2.477414   -4.067509   -2.795959   -2.477414   -2.477414   -6.028983   -2.477414  -10.530626

site               664         665         666         667         668         669         670         671         672         673         674         675         676         677         678         679         680
L            4.436e-04   7.203e-06   7.596e-04    0.061056   8.532e-04   1.301e-06   1.113e-04   1.198e-08   2.011e-05    0.005240   1.328e-04   1.773e-04    0.075486   5.222e-07    0.003226    0.005023   2.681e-04
ln L         -7.720616  -11.840980   -7.182673   -2.795959   -7.066571  -13.552600   -9.103449  -18.239867  -10.814175   -5.251490   -8.926341   -8.637493   -2.583806  -14.465237   -5.736525   -5.293651   -8.223986

site               681         682         683         684         685         686         687         688         689         690         691         692         693         694         695         696         697
L             0.001398   3.103e-04   8.958e-09   3.715e-06   9.763e-04   4.613e-06   8.655e-09    0.004119   2.084e-04   4.599e-05    0.075486   1.546e-06    0.002598    0.061056   1.250e-09    0.083960   3.054e-05
ln L         -6.572922   -8.078053  -18.530767  -12.503207   -6.931766  -12.286609  -18.565145   -5.492190   -8.476055   -9.987090   -2.583806  -13.379895   -5.952937   -2.795959  -20.499896   -2.477414  -10.396395

site               698         699         700         701         702         703         704         705         706         707         708         709         710         711         712         713         714
L            2.078e-05   6.019e-06   1.677e-04    0.075486   4.002e-06    0.061056   5.939e-04    0.006627   2.614e-04   4.184e-06   3.651e-05   4.862e-06   1.725e-07    0.075486    0.075486   3.883e-07    0.005994
ln L        -10.781689  -12.020574   -8.693523   -2.583806  -12.428683   -2.795959   -7.428774   -5.016600   -8.249270  -12.384157  -10.217909  -12.234133  -15.572710   -2.583806   -2.583806  -14.761410   -5.117071

site               715         716         717         718         719         720         721         722         723         724         725         726         727         728         729         730         731
L             0.061056   1.125e-05   9.331e-06   1.191e-04   7.401e-09   2.384e-05    0.002924   2.362e-07    0.083960    0.005097    0.006580   5.646e-06    0.005023   8.621e-07   5.123e-04   5.762e-05   6.180e-06
ln L         -2.795959  -11.395405  -11.582168   -9.035527  -18.721593  -10.643976   -5.834701  -15.258764   -2.477414   -5.279044   -5.023738  -12.084612   -5.293651  -13.963896   -7.576649   -9.761577  -11.994190

site               732         733         734         735         736         737         738         739         740         741         742         743         744         745         746         747         748
L             0.083960    0.083960   1.275e-04    0.003718   7.352e-04   1.291e-07   4.294e-05    0.083960   4.103e-06    0.002375    0.083960    0.083960    0.083960   1.988e-04   1.225e-05   5.013e-05   2.587e-07
ln L         -2.477414   -2.477414   -8.967226   -5.594478   -7.215363  -15.862970  -10.055629   -2.477414  -12.403684   -6.042840   -2.477414   -2.477414   -2.477414   -8.523260  -11.309986   -9.900976  -15.167753

site               749         750         751         752         753         754         755         756         757         758         759         760         761         762         763         764         765
L            6.406e-06   3.750e-08   5.995e-06    0.005314    0.061056    0.083960   1.927e-06    0.001660    0.075486   4.296e-07   5.288e-07    0.005314   1.158e-06    0.061056    0.083960   4.393e-05    0.017120
ln L        -11.958214  -17.098899  -12.024628   -5.237503   -2.795959   -2.477414  -13.159599   -6.401187   -2.583806  -14.660387  -14.452699   -5.237503  -13.669180   -2.795959   -2.477414  -10.032996   -4.067509

site               766         767         768         769         770         771         772         773         774         775         776         777         778         779         780         781         782
L             0.061056   6.718e-04    0.083960    0.083960    0.083960   8.146e-06   2.457e-05   2.413e-09   3.827e-08    0.001524   2.556e-05   5.916e-07    0.061056   1.342e-05   1.180e-04   3.025e-04   5.388e-07
ln L         -2.795959   -7.305603   -2.477414   -2.477414   -2.477414  -11.717984  -10.614069  -19.842445  -17.078578   -6.486465  -10.574416  -14.340501   -2.795959  -11.218397   -9.044481   -8.103486  -14.433855

site               783         784         785         786         787         788         789         790         791         792         793         794         795         796         797         798         799
L             0.061056   1.383e-05   1.826e-05   2.382e-05    0.075486   3.774e-04    0.004873    0.061056   7.531e-07    0.083960    0.002408   4.399e-10    0.083960   3.498e-06   1.486e-05    0.083960    0.017120
ln L         -2.795959  -11.188447  -10.910926  -10.645190   -2.583806   -7.882252   -5.324027   -2.795959  -14.099103   -2.477414   -6.028983  -21.544382   -2.477414  -12.563421  -11.116764   -2.477414   -4.067509

site               800         801         802         803         804         805         806         807         808         809         810         811         812         813         814         815         816
L            1.442e-06    0.006377    0.004873   2.399e-07   1.535e-07    0.004119   6.285e-06   3.025e-04    0.075486   8.105e-06    0.083960   5.084e-04   2.637e-04    0.006842   4.732e-04   8.090e-06   7.170e-07
ln L        -13.449570   -5.055116   -5.324027  -15.242962  -15.689698   -5.492190  -11.977392   -8.103486   -2.583806  -11.723085   -2.477414   -7.584159   -8.240794   -4.984720   -7.655939  -11.724909  -14.148171

site               817         818         819         820         821         822         823         824         825         826         827         828         829         830         831         832         833
L             0.061056    0.006627    0.061056    0.001689   4.934e-07   1.512e-04    0.061056   5.464e-10   9.950e-05   1.887e-06    0.005240   6.716e-06   2.898e-05    0.083960   1.210e-04   1.860e-06   3.083e-05
ln L         -2.795959   -5.016600   -2.795959   -6.383376  -14.521948   -8.796615   -2.795959  -21.327581   -9.215319  -13.180449   -5.251490  -11.911024  -10.448899   -2.477414   -9.020074  -13.195132  -10.386992

site               834         835         836         837         838         839         840         841         842         843         844         845         846         847         848         849         850
L             0.075486    0.083960    0.083960    0.017120    0.083960    0.083960   4.431e-05   8.328e-05   1.103e-05    0.083960   9.259e-04   6.817e-06    0.001143    0.061056   3.015e-05    0.002567    0.001633
ln L         -2.583806   -2.477414   -2.477414   -4.067509   -2.477414   -2.477414  -10.024366   -9.393281  -11.414529   -2.477414   -6.984753  -11.896039   -6.774310   -2.795959  -10.409406   -5.964962   -6.417207

site               851         852         853         854         855         856         857         858         859         860         861         862         863         864         865         866         867
L            1.513e-09    0.083960   1.387e-05    0.001349    0.061056    0.017120   6.061e-06    0.002598    0.001143   3.882e-05    0.061056    0.017120    0.083960   6.405e-04   1.834e-04   6.201e-05    0.001398
ln L        -20.308904   -2.477414  -11.185568   -6.608726   -2.795959   -4.067509  -12.013715   -5.952937   -6.774310  -10.156648   -2.795959   -4.067509   -2.477414   -7.353330   -8.603741   -9.688258   -6.572922

site               868         869         870         871         872         873         874         875         876         877         878         879         880         881         882         883         884
L            1.066e-04   1.528e-08    0.083960    0.002400    0.005407    0.075486    0.083960   8.158e-05    0.083960    0.075486   5.635e-06   3.342e-07   6.149e-04   6.033e-07   5.698e-07   7.575e-04   1.828e-05
ln L         -9.146873  -17.996880   -2.477414   -6.032177   -5.220111   -2.583806   -2.477414   -9.413941   -2.477414   -2.583806  -12.086516  -14.911403   -7.394117  -14.320820  -14.378014   -7.185533  -10.909801

site               885         886         887         888         889         890         891         892         893         894         895         896         897         898
L             0.005407    0.061056   2.820e-04    0.004418    0.002142   2.957e-08   1.160e-04    0.061056    0.004655    0.083960    0.017120    0.075486    0.061056    0.061056
ln L         -5.220111   -2.795959   -8.173601   -5.422112   -6.145881  -17.336606   -9.061862   -2.795959   -5.369855   -2.477414   -4.067509   -2.583806   -2.795959   -2.795959

Time used to compute likelihoods = 0.03 sec (CPU time = 0.20 sec)

Tree scores (and parameter estimates) written to file: ~/Library/CloudStorage/Dropbox/Lab/James McInerney/programming/MLDecay/debug_runs/mldecay_20250521_152627/site_lnl_Clade_5.txt
