--- STDOUT ---

P A U P *
Version 4.0a (build 168) for macOS (built on Aug  2 2020 at 06:41:30)
Wed May 21 15:27:38 2025

        -----------------------------NOTICE-----------------------------
          This is a test version that is still changing rapidly.
          Please report bugs to dave@phylosolutions.com
        ----------------------------------------------------------------

Running on Apple M3 Max
    16 CPU cores on 1 socket
    Executable built for Intel(R) 64 architecture
    Compiled using Intel compiler (icc) 11.1.0 (build 20091012)
    SSE vectorization enabled
    SSSE3 instructions supported
    Multithreading enabled using Pthreads

Processing of file "~/Library/CloudStorage/Dropbox/Lab/James McInerney/programming/MLDecay/debug_runs/mldecay_20250521_152627/site_analysis_Clade_4.nex" begins...

Processing of file "~/Library/CloudStorage/Dropbox/Lab/James McInerney/programming/MLDecay/debug_runs/mldecay_20250521_152627/alignment.nex" begins...

Data read in DNA format

Data matrix has 12 taxa, 898 characters
Valid character-state symbols: ACGT
Missing data identified by '?'
Gaps identified by '-'
"Equate" macros in effect:
   R,r ==> {AG}
   Y,y ==> {CT}
   M,m ==> {AC}
   K,k ==> {GT}
   S,s ==> {CG}
   W,w ==> {AT}
   H,h ==> {ACT}
   B,b ==> {CGT}
   V,v ==> {ACG}
   D,d ==> {AGT}
   N,n ==> {ACGT}

Processing of input file "alignment.nex" completed.

Optimality criterion set to likelihood.

Processing TREES block from file: ~/Library/CloudStorage/Dropbox/Lab/James McInerney/programming/MLDecay/debug_runs/mldecay_20250521_152627/ml_tree.tre
  Keeping: trees from file (replacing any trees already in memory)
  1 tree read from file

  Time used = 0.00 sec (CPU time = 0.00 sec)

Note: Input trees are rooted but current criterion and/or option settings would specify unrooted trees.  (You can deroot the trees using the 'derootTrees' command.)

Processing TREES block from file: ~/Library/CloudStorage/Dropbox/Lab/James McInerney/programming/MLDecay/debug_runs/mldecay_20250521_152627/constraint_tree_4.tre
  Keeping: trees in memory plus trees from file
  1 tree originally in memory
  1 tree read from file
  1 tree from file kept
  2 trees now in memory

  Time used = 0.00 sec (CPU time = 0.00 sec)

Note: Input trees are rooted but current criterion and/or option settings would specify unrooted trees.  (You can deroot the trees using the 'derootTrees' command.)

Likelihood scores of tree(s) in memory:
---------------------------------------
  898 characters are included
  All characters have equal weight
  Likelihood settings:
    Current model:
                             Data type = nucleotide
                DNA substitution types = 1
                     State frequencies = empirical: A=0.324121 C=0.30402 G=0.105528 T=0.266332
        Proportion of invariable sites = none
               Rates at variable sites = equal
                  Model correspondence = F81

    Number of distinct data patterns under this model = 413
    Molecular clock not enforced
    Starting branch lengths obtained using Rogers-Swofford approximation method
    Branch-length optimization = one-dimensional Newton-Raphson with pass limit=20, tolerance=1e-07
    Likelihood calculations performed in single precision
    Vector processing enabled
    Using standard Felsenstein pruning for computing likelihoods
    Conditional-likelihood rescaling threshold = 1e-20
    Using 14 parallel threads on 16 processors

Tree             1           2
------------------------------
-ln L     6303.661    6315.695

Likelihoods for each site on tree 1:

site                 1           2           3           4           5           6           7           8           9          10          11          12          13          14          15          16          17
L             0.085727    0.085727    0.017630    0.005603    0.062476    0.062476   3.606e-05    0.003892    0.002978   3.035e-07    0.017630    0.017630   3.604e-06    0.017630    0.077132    0.007084   2.005e-05
ln L         -2.456587   -2.456587   -4.038130   -5.184402   -2.772967   -2.772967  -10.230275   -5.548879   -5.816510  -15.007928   -4.038130   -4.038130  -12.533408   -4.038130   -2.562234   -4.949938  -10.817138

site                18          19          20          21          22          23          24          25          26          27          28          29          30          31          32          33          34
L            1.064e-04   3.598e-08   1.137e-05   4.091e-06   2.279e-06    0.077132    0.062476   4.931e-09    0.085727    0.062476   5.166e-06   7.650e-04    0.062476   8.772e-10    0.017630    0.077132   4.320e-06
ln L         -9.148160  -17.140367  -11.384453  -12.406741  -12.991821   -2.562234   -2.772967  -19.127626   -2.456587   -2.772967  -12.173326   -7.175615   -2.772967  -20.854252   -4.038130   -2.562234  -12.352344

site                35          36          37          38          39          40          41          42          43          44          45          46          47          48          49          50          51
L             0.077132    0.085727   2.421e-06    0.017630    0.017630   7.740e-09    0.005368    0.062476   9.997e-07    0.085727    0.077132   7.195e-06    0.062476    0.077132   1.925e-08    0.062476    0.077132
ln L         -2.562234   -2.456587  -12.931381   -4.038130   -4.038130  -18.676868   -5.227343   -2.772967  -13.815825   -2.456587   -2.562234  -11.842167   -2.772967   -2.562234  -17.765993   -2.772967   -2.562234

site                52          53          54          55          56          57          58          59          60          61          62          63          64          65          66          67          68
L            1.312e-04   4.409e-06    0.062476   2.774e-07   3.469e-07    0.003598   2.364e-06    0.062476    0.062476    0.005603    0.062476    0.017630    0.004207   7.536e-05    0.062476   1.062e-06    0.017630
ln L         -8.938629  -12.331764   -2.772967  -15.097890  -14.874240   -5.627305  -12.955324   -2.772967   -2.772967   -5.184402   -2.772967   -4.038130   -5.470923   -9.493274   -2.772967  -13.755200   -4.038130

site                69          70          71          72          73          74          75          76          77          78          79          80          81          82          83          84          85
L             0.077132   2.932e-04    0.085727    0.085727   7.252e-05    0.005560    0.077132    0.004673    0.085727    0.085727   1.090e-04    0.062476    0.085727   2.021e-05    0.017630    0.085727   5.956e-04
ln L         -2.562234   -8.134738   -2.456587   -2.456587   -9.531665   -5.192160   -2.562234   -5.366011   -2.456587   -2.456587   -9.124614   -2.772967   -2.456587  -10.809142   -4.038130   -2.456587   -7.425945

site                86          87          88          89          90          91          92          93          94          95          96          97          98          99         100         101         102
L             0.077132    0.017630   4.243e-05    0.002459    0.001713   6.145e-08    0.077132    0.085727   7.382e-05    0.085727   2.754e-04   4.575e-05    0.077132    0.017630   2.757e-06    0.085727   5.797e-05
ln L         -2.562234   -4.038130  -10.067736   -6.008059   -6.369387  -16.605048   -2.562234   -2.456587   -9.513817   -2.456587   -8.197467   -9.992351   -2.562234   -4.038130  -12.801269   -2.456587   -9.755642

site               103         104         105         106         107         108         109         110         111         112         113         114         115         116         117         118         119
L             0.002243    0.085727    0.062476    0.085727   2.080e-05   4.943e-04   1.661e-06    0.005368    0.062476   3.888e-07   1.290e-04    0.077132   1.052e-06    0.077132   2.889e-04   1.976e-05    0.017630
ln L         -6.100058   -2.456587   -2.772967   -2.456587  -10.780339   -7.612405  -13.308010   -5.227343   -2.772967  -14.760268   -8.955430   -2.562234  -13.764779   -2.562234   -8.149398  -10.831633   -4.038130

site               120         121         122         123         124         125         126         127         128         129         130         131         132         133         134         135         136
L             0.017630   2.189e-07    0.005120    0.062476   5.109e-08    0.077132    0.085727    0.085727    0.001390    0.003531   6.336e-08   2.102e-04    0.062476    0.004673   4.795e-04    0.062476   8.808e-05
ln L         -4.038130  -15.334852   -5.274549   -2.772967  -16.789760   -2.562234   -2.456587   -2.456587   -6.578329   -5.646211  -16.574472   -8.467663   -2.772967   -5.366011   -7.642761   -2.772967   -9.337247

site               137         138         139         140         141         142         143         144         145         146         147         148         149         150         151         152         153
L             0.077132    0.077132   6.083e-06    0.001353    0.062476   2.261e-07    0.002459   2.853e-04    0.085727    0.017630    0.002127   8.379e-07   4.996e-07    0.002884   7.682e-07    0.062476    0.017630
ln L         -2.562234   -2.562234  -12.010009   -6.605169   -2.772967  -15.302495   -6.008059   -8.161897   -2.456587   -4.038130   -6.153113  -13.992351  -14.509552   -5.848657  -14.079256   -2.772967   -4.038130

site               154         155         156         157         158         159         160         161         162         163         164         165         166         167         168         169         170
L             0.085727    0.062476    0.017630    0.085727   8.959e-05    0.062476   2.134e-08   7.224e-05   1.766e-04   3.081e-05    0.017630    0.077132    0.003853    0.085727    0.001559    0.005368    0.005603
ln L         -2.456587   -2.772967   -4.038130   -2.456587   -9.320283   -2.772967  -17.662488   -9.535537   -8.641399  -10.387569   -4.038130   -2.562234   -5.558954   -2.456587   -6.463427   -5.227343   -5.184402

site               171         172         173         174         175         176         177         178         179         180         181         182         183         184         185         186         187
L             0.062476   1.878e-04   3.420e-06    0.077132   1.205e-04    0.085727    0.085727    0.001737    0.077132    0.062476   5.253e-07    0.017630    0.077132    0.001737   5.874e-05    0.062476    0.006206
ln L         -2.772967   -8.579958  -12.585803   -2.562234   -9.024065   -2.456587   -2.456587   -6.355603   -2.562234   -2.772967  -14.459237   -4.038130   -2.562234   -6.355603   -9.742434   -2.772967   -5.082289

site               188         189         190         191         192         193         194         195         196         197         198         199         200         201         202         203         204
L             0.077132    0.077132    0.003204   1.343e-05    0.077132   1.401e-05   1.366e-04    0.077132   1.360e-06    0.085727    0.062476   1.987e-06    0.085727    0.085727   2.856e-07    0.002978    0.062476
ln L         -2.562234   -2.562234   -5.743280  -11.217868   -2.562234  -11.175466   -8.898110   -2.562234  -13.507993   -2.456587   -2.772967  -13.128708   -2.456587   -2.456587  -15.068733   -5.816510   -2.772967

site               205         206         207         208         209         210         211         212         213         214         215         216         217         218         219         220         221
L            3.282e-06   1.805e-04    0.062476   4.186e-08    0.017630    0.017630   2.899e-10    0.017630    0.085727   6.856e-04    0.005368    0.062476   8.299e-05    0.005003   7.686e-05   1.522e-05    0.001559
ln L        -12.626923   -8.619739   -2.772967  -16.989014   -4.038130   -4.038130  -21.961502   -4.038130   -2.456587   -7.285214   -5.227343   -2.772967   -9.396739   -5.297678   -9.473560  -11.092617   -6.463427

site               222         223         224         225         226         227         228         229         230         231         232         233         234         235         236         237         238
L             0.005003   1.652e-05    0.002040    0.003895   3.929e-05   5.547e-08    0.003355   4.428e-06   2.075e-06    0.077132   8.020e-06   6.145e-07    0.002633   2.002e-07    0.062476    0.062476   5.563e-06
ln L         -5.297678  -11.011080   -6.194944   -5.548079  -10.144501  -16.707361   -5.697444  -12.327663  -13.085327   -2.562234  -11.733629  -14.302495   -5.939653  -15.424090   -2.772967   -2.772967  -12.099288

site               239         240         241         242         243         244         245         246         247         248         249         250         251         252         253         254         255
L             0.062476    0.077132   1.574e-05    0.062476    0.017630   1.273e-07    0.001021    0.077132   1.544e-05   3.813e-04    0.085727   8.133e-06   5.105e-04   3.360e-06   1.192e-05    0.085727    0.077132
ln L         -2.772967   -2.562234  -11.058993   -2.772967   -4.038130  -15.876590   -6.887250   -2.562234  -11.078582   -7.872020   -2.456587  -11.719624   -7.580215  -12.603631  -11.336960   -2.456587   -2.562234

site               256         257         258         259         260         261         262         263         264         265         266         267         268         269         270         271         272
L            2.780e-07    0.001946    0.062476   1.049e-06   1.841e-07    0.002941   2.470e-07   6.172e-07    0.062476   1.726e-07    0.002459    0.002978   2.783e-05    0.017630    0.017630   1.257e-06   2.533e-08
ln L        -15.095725   -6.242175   -2.772967  -13.767984  -15.507773   -5.829130  -15.213996  -14.298037   -2.772967  -15.572145   -6.008059   -5.816510  -10.489545   -4.038130   -4.038130  -13.586761  -17.491111

site               273         274         275         276         277         278         279         280         281         282         283         284         285         286         287         288         289
L             0.001443   2.068e-08    0.085727    0.085727   7.329e-06    0.001390    0.005215   3.062e-04   4.394e-04    0.062476   7.728e-04   5.191e-04    0.062476   1.530e-07    0.085727    0.077132   2.813e-07
ln L         -6.540850  -17.694257   -2.456587   -2.456587  -11.823640   -6.578329   -5.256182   -8.091199   -7.730161   -2.772967   -7.165429   -7.563436   -2.772967  -15.692530   -2.456587   -2.562234  -15.083680

site               290         291         292         293         294         295         296         297         298         299         300         301         302         303         304         305         306
L            7.473e-04    0.077132   3.785e-04    0.077132    0.062476   4.500e-08    0.062476    0.085727    0.002978    0.062476    0.077132   1.015e-07    0.077132    0.062476   1.598e-08   3.238e-04    0.085727
ln L         -7.198989   -2.562234   -7.879341   -2.562234   -2.772967  -16.916608   -2.772967   -2.456587   -5.816510   -2.772967   -2.562234  -16.103555   -2.562234   -2.772967  -17.952118   -8.035463   -2.456587

site               307         308         309         310         311         312         313         314         315         316         317         318         319         320         321         322         323
L            2.822e-06    0.085727    0.062476   1.315e-07    0.005215    0.005334   7.416e-06    0.002354   4.040e-06   9.096e-07    0.005941   2.301e-04   4.668e-04   5.956e-04    0.001353    0.006206    0.077132
ln L        -12.778080   -2.456587   -2.772967  -15.844571   -5.256182   -5.233656  -11.811908   -6.051723  -12.419327  -13.910291   -5.125954   -8.376860   -7.669542   -7.425945   -6.605169   -5.082289   -2.562234

site               324         325         326         327         328         329         330         331         332         333         334         335         336         337         338         339         340
L             0.085727    0.002354    0.001525    0.017630   5.191e-04    0.017630    0.017630   6.095e-06   1.685e-10    0.003787   7.650e-04    0.005603   2.175e-04   2.223e-04    0.085727    0.077132   8.073e-04
ln L         -2.456587   -6.051723   -6.485579   -4.038130   -7.563436   -4.038130   -4.038130  -12.008110  -22.504099   -5.576269   -7.175615   -5.184402   -8.433441   -8.411606   -2.456587   -2.562234   -7.121812

site               341         342         343         344         345         346         347         348         349         350         351         352         353         354         355         356         357
L             0.001713    0.085727   3.398e-05    0.006532    0.002354    0.002978    0.004673   4.166e-04   3.825e-08    0.005334   2.551e-06   1.762e-06    0.085727    0.085727   8.442e-06    0.005334    0.062476
ln L         -6.369387   -2.456587  -10.289777   -5.030970   -6.051723   -5.816510   -5.366011   -7.783391  -17.079183   -5.233659  -12.879132  -13.249306   -2.456587   -2.456587  -11.682250   -5.233659   -2.772967

site               358         359         360         361         362         363         364         365         366         367         368         369         370         371         372         373         374
L             0.007084    0.085727    0.006206   5.557e-09    0.077132    0.077132   6.298e-07   3.251e-05    0.005368   7.420e-08    0.002941    0.062476   8.399e-06    0.085727    0.077132    0.007084    0.077132
ln L         -4.949938   -2.456587   -5.082289  -19.008191   -2.562234   -2.562234  -14.277853  -10.334079   -5.227343  -16.416465   -5.829130   -2.772967  -11.687438   -2.456587   -2.562234   -4.949938   -2.562234

site               375         376         377         378         379         380         381         382         383         384         385         386         387         388         389         390         391
L             0.017630    0.003334    0.017630    0.085727    0.085727    0.085727    0.085727   3.427e-07    0.085727   2.600e-08   5.722e-08   1.642e-05    0.062476   6.770e-05    0.085727    0.062476   7.235e-06
ln L         -4.038130   -5.703659   -4.038130   -2.456587   -2.456587   -2.456587   -2.456587  -14.886366   -2.456587  -17.465291  -16.676387  -11.016967   -2.772967   -9.600356   -2.456587   -2.772967  -11.836562

site               392         393         394         395         396         397         398         399         400         401         402         403         404         405         406         407         408
L            3.729e-07    0.003895   4.515e-06    0.001738    0.062476   1.137e-05    0.077132    0.085727    0.005368   5.878e-04    0.062476   2.409e-04   7.041e-06   1.258e-04   3.119e-05    0.077132    0.077132
ln L        -14.801967   -5.548079  -12.308009   -6.354920   -2.772967  -11.384453   -2.562234   -2.456587   -5.227343   -7.439160   -2.772967   -8.331065  -11.863772   -8.980891  -10.375538   -2.562234   -2.562234

site               409         410         411         412         413         414         415         416         417         418         419         420         421         422         423         424         425
L            4.525e-04   3.651e-05    0.062476   6.336e-09   3.954e-04    0.062476    0.001737    0.077132    0.062476   3.515e-08   1.436e-04    0.062476   4.668e-04   2.661e-05    0.077132   1.727e-06   1.920e-04
ln L         -7.700684  -10.217971   -2.772967  -18.877042   -7.835590   -2.772967   -6.355603   -2.562234   -2.772967  -17.163701   -8.848184   -2.772967   -7.669542  -10.534195   -2.562234  -13.269215   -8.558124

site               426         427         428         429         430         431         432         433         434         435         436         437         438         439         440         441         442
L             0.005215   3.395e-06    0.085727    0.002354    0.001566    0.077132    0.077132   6.426e-05   6.405e-04    0.001157   1.357e-07   1.048e-04    0.062476   3.591e-06    0.085727    0.062476   2.485e-07
ln L         -5.256182  -12.593257   -2.456587   -6.051723   -6.459506   -2.562234   -2.562234   -9.652524   -7.353331   -6.761780  -15.812709   -9.163806   -2.772967  -12.536998   -2.456587   -2.772967  -15.207950

site               443         444         445         446         447         448         449         450         451         452         453         454         455         456         457         458         459
L            3.981e-06    0.001531   9.364e-09    0.017630    0.017630   2.591e-08   1.938e-04    0.001711   2.593e-06   1.227e-06    0.005603   1.722e-09   2.370e-04   1.577e-04   8.206e-05    0.062476    0.017630
ln L        -12.433867   -6.481934  -18.486393   -4.038130   -4.038130  -17.468514   -8.548530   -6.370672  -12.862857  -13.611002   -5.184402  -20.179602   -8.347554   -8.755054   -9.408090   -2.772967   -4.038130

site               460         461         462         463         464         465         466         467         468         469         470         471         472         473         474         475         476
L             0.062476    0.085727   3.827e-04    0.005941    0.002941    0.085727    0.062476    0.085727    0.017630    0.062476    0.062476    0.062476    0.085727    0.002354   3.604e-06   4.956e-04    0.085727
ln L         -2.772967   -2.456587   -7.868218   -5.125954   -5.829130   -2.456587   -2.772967   -2.456587   -4.038130   -2.772967   -2.772967   -2.772967   -2.456587   -6.051723  -12.533408   -7.609813   -2.456587

site               477         478         479         480         481         482         483         484         485         486         487         488         489         490         491         492         493
L             0.085727    0.085727    0.085727    0.077132    0.085727   2.529e-05    0.001437    0.085727    0.017630    0.085727    0.001606    0.062476    0.017630    0.062476    0.017630    0.085727    0.002459
ln L         -2.456587   -2.456587   -2.456587   -2.562234   -2.456587  -10.585124   -6.545284   -2.456587   -4.038130   -2.456587   -6.434233   -2.772967   -4.038130   -2.772967   -4.038130   -2.456587   -6.008059

site               494         495         496         497         498         499         500         501         502         503         504         505         506         507         508         509         510
L             0.062476    0.077132    0.003895   6.405e-04    0.001851   2.247e-07   5.322e-05    0.085727    0.001437    0.085727    0.017630    0.001157   1.898e-05   9.787e-06    0.006532   3.617e-07   3.107e-08
ln L         -2.772967   -2.562234   -5.548079   -7.353331   -6.291780  -15.308533   -9.840999   -2.456587   -6.545284   -2.456587   -4.038130   -6.761780  -10.871901  -11.534453   -5.030970  -14.832454  -17.287134

site               511         512         513         514         515         516         517         518         519         520         521         522         523         524         525         526         527
L             0.001390    0.246216   2.698e-05   6.494e-08    0.097585    0.005603   2.059e-05   9.147e-04    0.077132    0.062476    0.062476    0.001390   2.513e-04    0.062476    0.062476    0.085727    0.077132
ln L         -6.578329   -1.401546  -10.520337  -16.549762   -2.327029   -5.184402  -10.790822   -6.996942   -2.562234   -2.772967   -2.772967   -6.578329   -8.288792   -2.772967   -2.772967   -2.456587   -2.562234

site               528         529         530         531         532         533         534         535         536         537         538         539         540         541         542         543         544
L             0.077132    0.001613    0.085727    0.017630    0.085727    0.085727    0.085727    0.001087    0.001713   7.315e-06    0.324121   1.393e-06   4.436e-06   3.152e-06   2.730e-04    0.004673    0.017630
ln L         -2.562234   -6.429592   -2.456587   -4.038130   -2.456587   -2.456587   -2.456587   -6.824746   -6.369387  -11.825588   -1.126640  -13.483926  -12.325725  -12.667540   -8.205930   -5.366011   -4.038130

site               545         546         547         548         549         550         551         552         553         554         555         556         557         558         559         560         561
L             0.001468   6.856e-04    0.077132    0.001606    0.017630    0.077132    0.062476    0.085727    0.085727   1.235e-07    0.003355    0.077132   1.592e-04   9.212e-08   4.762e-10   5.921e-08   1.881e-07
ln L         -6.524131   -7.285214   -2.562234   -6.434233   -4.038130   -2.562234   -2.772967   -2.456587   -2.456587  -15.906678   -5.697444   -2.562234   -8.745237  -16.200194  -21.465158  -16.642171  -15.486118

site               562         563         564         565         566         567         568         569         570         571         572         573         574         575         576         577         578
L            1.826e-06    0.077132    0.077132   2.885e-07    0.005334   7.417e-05   2.690e-07   1.806e-10    0.062476   1.145e-05    0.085727   3.023e-04    0.085727   5.398e-05   2.514e-04   1.772e-04   2.164e-04
ln L        -13.213463   -2.562234   -2.562234  -15.058450   -5.233656   -9.509198  -15.128738  -22.434931   -2.772967  -11.377623   -2.456587   -8.104129   -2.456587   -9.826963   -8.288316   -8.638336   -8.438503

site               579         580         581         582         583         584         585         586         587         588         589         590         591         592         593         594         595
L             0.017630    0.017630    0.003531    0.062476    0.004152   1.003e-04    0.077132    0.062476    0.005603    0.101475    0.001157    0.077132    0.062476    0.062476    0.062476    0.062476    0.085727
ln L         -4.038130   -4.038130   -5.646211   -2.772967   -5.484057   -9.206891   -2.562234   -2.772967   -5.184402   -2.287939   -6.761780   -2.562234   -2.772967   -2.772967   -2.772967   -2.772967   -2.456587

site               596         597         598         599         600         601         602         603         604         605         606         607         608         609         610         611         612
L             0.085727    0.085727    0.017630    0.017630    0.085727    0.062476    0.085727   6.008e-04   4.556e-04    0.085727    0.017630    0.001713   7.246e-05    0.085727    0.062476    0.077132    0.077132
ln L         -2.456587   -2.456587   -4.038130   -4.038130   -2.456587   -2.772967   -2.456587   -7.417317   -7.693970   -2.456587   -4.038130   -6.369387   -9.532490   -2.456587   -2.772967   -2.562234   -2.562234

site               613         614         615         616         617         618         619         620         621         622         623         624         625         626         627         628         629
L            2.680e-05    0.062476    0.005215    0.017630   2.754e-04   2.164e-04    0.077132    0.062476    0.062476    0.085727    0.017630    0.017630   8.073e-04   1.592e-06    0.003531    0.077132    0.002459
ln L        -10.527155   -2.772967   -5.256182   -4.038130   -8.197467   -8.438503   -2.562234   -2.772967   -2.772967   -2.456587   -4.038130   -4.038130   -7.121812  -13.350650   -5.646211   -2.562234   -6.008059

site               630         631         632         633         634         635         636         637         638         639         640         641         642         643         644         645         646
L             0.085727    0.085727    0.085727    0.085727   2.797e-06    0.001739    0.062476    0.062476    0.017630    0.017630    0.062476    0.017630    0.077132    0.085727    0.085727    0.077132    0.062476
ln L         -2.456587   -2.456587   -2.456587   -2.456587  -12.787065   -6.354313   -2.772967   -2.772967   -4.038130   -4.038130   -2.772967   -4.038130   -2.562234   -2.456587   -2.456587   -2.562234   -2.772967

site               647         648         649         650         651         652         653         654         655         656         657         658         659         660         661         662         663
L             0.077132    0.077132    0.085727    0.085727    0.085727    0.062476    0.085727    0.085727    0.085727    0.085727    0.017630    0.062476    0.085727    0.085727    0.002444    0.085727   4.201e-05
ln L         -2.562234   -2.562234   -2.456587   -2.456587   -2.456587   -2.772967   -2.456587   -2.456587   -2.456587   -2.456587   -4.038130   -2.772967   -2.456587   -2.456587   -6.014257   -2.456587  -10.077644

site               664         665         666         667         668         669         670         671         672         673         674         675         676         677         678         679         680
L            5.269e-04   5.553e-06   7.728e-04    0.062476   5.994e-04   1.315e-06   1.121e-04   1.205e-08   1.500e-05    0.005368   1.349e-04   2.167e-04    0.077132   5.170e-07    0.003279    0.005215    0.002005
ln L         -7.548449  -12.101149   -7.165429   -2.772967   -7.419557  -13.541310   -9.096282  -18.233865  -11.107718   -5.227343   -8.911330   -8.437120   -2.562234  -14.475244   -5.720102   -5.256182   -6.212002

site               681         682         683         684         685         686         687         688         689         690         691         692         693         694         695         696         697
L             0.001390   2.633e-04   8.318e-09   2.830e-06   9.147e-04   8.719e-06   1.211e-08    0.003355   2.075e-04   4.963e-05    0.077132   9.377e-07    0.002633    0.062476   1.096e-09    0.085727   1.402e-04
ln L         -6.578329   -8.242043  -18.604842  -12.775197   -6.996942  -11.649968  -18.228827   -5.697444   -8.480554   -9.910915   -2.562234  -13.879847   -5.939653   -2.772967  -20.631397   -2.456587   -8.872726

site               698         699         700         701         702         703         704         705         706         707         708         709         710         711         712         713         714
L            1.623e-05   4.635e-06   1.426e-04    0.077132   4.197e-06    0.062476   5.956e-04    0.006781   2.164e-04   4.184e-06   3.192e-05   4.100e-06   1.606e-07    0.077132    0.077132   2.326e-06    0.006206
ln L        -11.028658  -12.281928   -8.855244   -2.562234  -12.381117   -2.772967   -7.425945   -4.993602   -8.438503  -12.384162  -10.352135  -12.404541  -15.644389   -2.562234   -2.562234  -12.971280   -5.082289

site               715         716         717         718         719         720         721         722         723         724         725         726         727         728         729         730         731
L             0.062476   9.931e-06   7.636e-06   1.438e-04   6.940e-09   2.429e-05    0.002978   2.332e-07    0.085727    0.005120    0.006819   5.996e-06    0.005215   7.913e-07   5.191e-04   5.785e-05   5.182e-06
ln L         -2.772967  -11.519832  -11.782615   -8.847181  -18.785900  -10.625356   -5.816510  -15.271202   -2.456587   -5.274549   -4.988029  -12.024470   -5.256182  -14.049561   -7.563436   -9.757571  -12.170346

site               732         733         734         735         736         737         738         739         740         741         742         743         744         745         746         747         748
L             0.085727    0.085727   1.378e-04    0.003787   7.490e-04   1.100e-07   4.595e-05    0.085727   4.040e-06    0.002459    0.085727    0.085727    0.085727   2.023e-04   9.731e-06   4.985e-05   2.695e-07
ln L         -2.456587   -2.456587   -8.889976   -5.576269   -7.196760  -16.023032   -9.987967   -2.456587  -12.419327   -6.008059   -2.456587   -2.456587   -2.456587   -8.505985  -11.540235   -9.906471  -15.126851

site               749         750         751         752         753         754         755         756         757         758         759         760         761         762         763         764         765
L            6.582e-06   6.324e-08   5.576e-06    0.005334    0.062476    0.085727   1.926e-06    0.001667    0.077132   3.277e-07   5.189e-07    0.005334   1.154e-06    0.062476    0.085727   4.227e-05    0.017630
ln L        -11.931222  -16.576403  -12.097010   -5.233659   -2.772967   -2.456587  -13.160208   -6.396692   -2.562234  -14.931157  -14.471478   -5.233659  -13.672643   -2.772967   -2.456587  -10.071424   -4.038130

site               766         767         768         769         770         771         772         773         774         775         776         777         778         779         780         781         782
L             0.062476   6.887e-04    0.085727    0.085727    0.085727   7.806e-06   2.073e-05   6.408e-09   3.845e-08    0.001525   2.432e-05   3.751e-07    0.062476   1.037e-05   1.035e-04   3.103e-04   2.895e-07
ln L         -2.772967   -7.280690   -2.456587   -2.456587   -2.456587  -11.760566  -10.783824  -18.865739  -17.073876   -6.485579  -10.624021  -14.796016   -2.772967  -11.476806   -9.176403   -8.077950  -15.055142

site               783         784         785         786         787         788         789         790         791         792         793         794         795         796         797         798         799
L             0.062476   3.646e-05   1.498e-05   2.973e-05    0.077132   3.135e-04    0.005003    0.062476   2.420e-06    0.085727    0.002444   4.358e-10    0.085727   1.883e-05   1.520e-05    0.085727    0.017630
ln L         -2.772967  -10.219272  -11.108888  -10.423253   -2.562234   -8.067633   -5.297678   -2.772967  -12.931629   -2.456587   -6.014257  -21.553861   -2.456587  -10.880303  -11.094031   -2.456587   -4.038130

site               800         801         802         803         804         805         806         807         808         809         810         811         812         813         814         815         816
L            1.440e-06    0.006532    0.005003   2.481e-07   1.525e-07    0.003355   6.131e-06   3.103e-04    0.077132   1.283e-05    0.085727   4.795e-04   2.683e-04    0.007084   1.156e-04   6.625e-06   3.236e-06
ln L        -13.450804   -5.030970   -5.297678  -15.209557  -15.696168   -5.697444  -12.002082   -8.077950   -2.562234  -11.263903   -2.456587   -7.642761   -8.223550   -4.949938   -9.065045  -11.924602  -12.641241

site               817         818         819         820         821         822         823         824         825         826         827         828         829         830         831         832         833
L             0.062476    0.006781    0.062476    0.001712   4.529e-07   1.632e-04    0.062476   5.796e-10   1.003e-04   6.431e-06    0.005368   4.583e-06   2.262e-05    0.085727   9.974e-05   1.512e-06   3.114e-05
ln L         -2.772967   -4.993602   -2.772967   -6.370211  -14.607507   -8.720441   -2.772967  -21.268605   -9.206891  -11.954352   -5.227343  -12.293059  -10.696686   -2.456587   -9.212963  -13.402243  -10.376924

site               834         835         836         837         838         839         840         841         842         843         844         845         846         847         848         849         850
L             0.077132    0.085727    0.085727    0.017630    0.085727    0.085727   4.440e-05   8.566e-05   4.789e-05    0.085727   9.256e-04   1.111e-05    0.001157    0.062476   2.429e-05    0.002605    0.001331
ln L         -2.562234   -2.456587   -2.456587   -4.038130   -2.456587   -2.456587  -10.022291   -9.365150   -9.946543   -2.456587   -6.985036  -11.407691   -6.761780   -2.772967  -10.625420   -5.950235   -6.621467

site               851         852         853         854         855         856         857         858         859         860         861         862         863         864         865         866         867
L            1.495e-09    0.085727   1.175e-05    0.001353    0.062476    0.017630   6.146e-06    0.002633    0.001157   4.134e-05    0.062476    0.017630    0.085727   6.405e-04    0.001531   6.121e-05    0.001390
ln L        -20.320810   -2.456587  -11.351687   -6.605169   -2.772967   -4.038130  -11.999716   -5.939653   -6.761780  -10.093706   -2.772967   -4.038130   -2.456587   -7.353331   -6.481934   -9.701214   -6.578329

site               868         869         870         871         872         873         874         875         876         877         878         879         880         881         882         883         884
L            8.959e-05   1.557e-08    0.085727    0.001713    0.005603    0.077132    0.085727   8.377e-05    0.085727    0.077132   3.543e-06   3.050e-07   5.878e-04   5.603e-07   5.570e-07   7.650e-04   1.392e-05
ln L         -9.320283  -17.977779   -2.456587   -6.369387   -5.184402   -2.562234   -2.456587   -9.387463   -2.456587   -2.562234  -12.550513  -15.002923   -7.439183  -14.394770  -14.400722   -7.175615  -11.182160

site               885         886         887         888         889         890         891         892         893         894         895         896         897         898
L             0.005603    0.062476    0.002040    0.003598    0.002220   2.297e-08   1.153e-04    0.062476    0.004673    0.085727    0.017630    0.077132    0.062476    0.062476
ln L         -5.184402   -2.772967   -6.194944   -5.627305   -6.110171  -17.589089   -9.067690   -2.772967   -5.366011   -2.456587   -4.038130   -2.562234   -2.772967   -2.772967

Likelihoods for each site on tree 2:

site                 1           2           3           4           5           6           7           8           9          10          11          12          13          14          15          16          17
L             0.084786    0.084786    0.017341    0.005498    0.061708    0.061708   3.539e-05    0.003690    0.003444   3.227e-07    0.017341    0.017341   4.084e-06    0.017341    0.076250    0.006957   2.000e-05
ln L         -2.467628   -2.467628   -4.054687   -5.203333   -2.785349   -2.785349  -10.249121   -5.602041   -5.671155  -14.946628   -4.054687   -4.054687  -12.408477   -4.054687   -2.573732   -4.968063  -10.819756

site                18          19          20          21          22          23          24          25          26          27          28          29          30          31          32          33          34
L            1.226e-04   4.029e-08   1.108e-05   3.904e-06   2.646e-06    0.076250    0.061708   4.635e-09    0.084786    0.061708   5.047e-06   7.482e-04    0.061708   8.366e-10    0.017341    0.076250   4.739e-06
ln L         -9.006528  -17.027115  -11.410578  -12.453590  -12.842383   -2.573732   -2.785349  -19.189681   -2.467628   -2.785349  -12.196807   -7.197840   -2.785349  -20.901635   -4.054687   -2.573732  -12.259686

site                35          36          37          38          39          40          41          42          43          44          45          46          47          48          49          50          51
L             0.076250    0.084786   2.983e-06    0.017341    0.017341   6.100e-09    0.006068    0.061708   9.337e-07    0.084786    0.076250   8.340e-06    0.061708    0.076250   1.830e-08    0.061708    0.076250
ln L         -2.573732   -2.467628  -12.722471   -4.054687   -4.054687  -18.914987   -5.104787   -2.785349  -13.884057   -2.467628   -2.573732  -11.694450   -2.785349   -2.573732  -17.816406   -2.785349   -2.573732

site                52          53          54          55          56          57          58          59          60          61          62          63          64          65          66          67          68
L            1.502e-04   4.722e-06    0.061708   3.303e-07   7.930e-07    0.003405   2.227e-06    0.061708    0.061708    0.005498    0.061708    0.017341    0.004255   7.218e-05    0.061708   9.929e-07    0.017341
ln L         -8.803607  -12.263304   -2.785349  -14.923269  -14.047380   -5.682375  -13.014959   -2.785349   -2.785349   -5.203333   -2.785349   -4.054687   -5.459625   -9.536287   -2.785349  -13.822605   -4.054687

site                69          70          71          72          73          74          75          76          77          78          79          80          81          82          83          84          85
L             0.076250   3.459e-04    0.084786    0.084786   7.357e-05    0.005447    0.076250    0.004729    0.084786    0.084786   1.233e-04    0.061708    0.084786   2.045e-05    0.017341    0.084786   5.834e-04
ln L         -2.573732   -7.969279   -2.467628   -2.467628   -9.517278   -5.212677   -2.573732   -5.354025   -2.467628   -2.467628   -9.000873   -2.785349   -2.467628  -10.797572   -4.054687   -2.467628   -7.446611

site                86          87          88          89          90          91          92          93          94          95          96          97          98          99         100         101         102
L             0.076250    0.017341   4.108e-05    0.002415   3.548e-04   7.269e-08    0.076250    0.084786   7.396e-05    0.084786   2.780e-04   4.594e-05    0.076250    0.017341   1.766e-06    0.084786   4.205e-05
ln L         -2.573732   -4.054687  -10.100040   -6.026183   -7.944086  -16.437063   -2.573732   -2.467628   -9.511984   -2.467628   -8.187788   -9.988247   -2.573732   -4.054687  -13.247023   -2.467628  -10.076664

site               103         104         105         106         107         108         109         110         111         112         113         114         115         116         117         118         119
L            5.265e-04    0.084786    0.061708    0.084786   4.267e-05   4.729e-04   1.776e-06    0.006068    0.061708   4.774e-07   1.009e-04    0.076250   2.019e-06    0.076250   2.978e-04   1.917e-05    0.017341
ln L         -7.549189   -2.467628   -2.785349   -2.467628  -10.062010   -7.656686  -13.241350   -5.104787   -2.785349  -14.554985   -9.201847   -2.573732  -13.113097   -2.573732   -8.119057  -10.862318   -4.054687

site               120         121         122         123         124         125         126         127         128         129         130         131         132         133         134         135         136
L             0.017341   1.810e-07    0.005178    0.061708   5.104e-08    0.076250    0.084786    0.084786    0.001360    0.003346   7.393e-08   2.102e-04    0.061708    0.004729   4.424e-04    0.061708   8.850e-05
ln L         -4.054687  -15.524676   -5.263252   -2.785349  -16.790751   -2.573732   -2.467628   -2.467628   -6.600434   -5.700059  -16.420213   -8.467497   -2.785349   -5.354025   -7.723294   -2.785349   -9.332465

site               137         138         139         140         141         142         143         144         145         146         147         148         149         150         151         152         153
L             0.076250    0.076250   4.742e-06    0.001325    0.061708   5.361e-08    0.002415   2.974e-04    0.084786    0.017341    0.002404   8.113e-07   4.294e-07    0.003341   7.759e-07    0.061708    0.017341
ln L         -2.573732   -2.573732  -12.259041   -6.626325   -2.785349  -16.741471   -6.026183   -8.120353   -2.467628   -4.054687   -6.030557  -14.024661  -14.660914   -5.701418  -14.069243   -2.785349   -4.054687

site               154         155         156         157         158         159         160         161         162         163         164         165         166         167         168         169         170
L             0.084786    0.061708    0.017341    0.084786   8.488e-05    0.061708   2.272e-08   6.687e-05   1.510e-04   3.528e-05    0.017341    0.076250    0.004440    0.084786    0.001781    0.006068    0.005498
ln L         -2.467628   -2.785349   -4.054687   -2.467628   -9.374258   -2.785349  -17.599963   -9.612797   -8.798269  -10.252253   -4.054687   -2.573732   -5.417120   -2.467628   -6.330712   -5.104787   -5.203333

site               171         172         173         174         175         176         177         178         179         180         181         182         183         184         185         186         187
L             0.061708   2.649e-04   1.198e-05    0.076250   1.173e-04    0.084786    0.084786    0.001698    0.076250    0.061708   6.517e-07    0.017341    0.076250    0.001698   5.833e-05    0.061708    0.006094
ln L         -2.785349   -8.236258  -11.332112   -2.573732   -9.051200   -2.467628   -2.467628   -6.378306   -2.573732   -2.785349  -14.243693   -4.054687   -2.573732   -6.378306   -9.749439   -2.785349   -5.100414

site               188         189         190         191         192         193         194         195         196         197         198         199         200         201         202         203         204
L             0.076250    0.076250    0.003116   1.154e-05    0.076250   1.329e-05   1.488e-04    0.076250   1.389e-06    0.084786    0.061708   1.983e-06    0.084786    0.084786   3.033e-07    0.003444    0.061708
ln L         -2.573732   -2.573732   -5.771302  -11.369765   -2.573732  -11.228231   -8.812885   -2.573732  -13.487170   -2.467628   -2.785349  -13.131141   -2.467628   -2.467628  -15.008455   -5.671155   -2.785349

site               205         206         207         208         209         210         211         212         213         214         215         216         217         218         219         220         221
L            3.176e-06   1.428e-04    0.061708   4.535e-08    0.017341    0.017341   5.175e-10    0.017341    0.084786   6.737e-04    0.006068    0.061708   3.442e-05    0.005666   7.902e-05   1.537e-05    0.001781
ln L        -12.660003   -8.854268   -2.785349  -16.908802   -4.054687   -4.054687  -21.382039   -4.054687   -2.467628   -7.302771   -5.104787   -2.785349  -10.276967   -5.173226   -9.445847  -11.083022   -6.330712

site               222         223         224         225         226         227         228         229         230         231         232         233         234         235         236         237         238
L             0.005666   1.711e-05    0.002188    0.003934   4.485e-05   6.325e-08    0.003175   4.277e-06   2.289e-06    0.076250   6.297e-06   6.296e-07    0.002560   1.761e-07    0.061708    0.061708   5.736e-06
ln L         -5.173226  -10.975624   -6.124897   -5.538167  -10.012218  -16.576249   -5.752538  -12.362337  -12.987555   -2.573732  -11.975466  -14.278125   -5.967675  -15.552396   -2.785349   -2.785349  -12.068733

site               239         240         241         242         243         244         245         246         247         248         249         250         251         252         253         254         255
L             0.061708    0.076250   1.237e-05    0.061708    0.017341   1.222e-07   9.968e-04    0.076250   1.716e-05   4.058e-04    0.084786   8.408e-06   5.517e-04   3.345e-06   7.017e-06    0.084786    0.076250
ln L         -2.785349   -2.573732  -11.299863   -2.785349   -4.054687  -15.917831   -6.910983   -2.573732  -10.972729   -7.809714   -2.467628  -11.686376   -7.502494  -12.608066  -11.867156   -2.467628   -2.573732

site               256         257         258         259         260         261         262         263         264         265         266         267         268         269         270         271         272
L            2.445e-07    0.001947    0.061708   1.035e-06   1.877e-07    0.002872   2.934e-07   3.458e-07    0.061708   2.316e-07    0.002415    0.003444   2.696e-05    0.017341    0.017341   1.423e-06   2.535e-08
ln L        -15.224086   -6.241690   -2.785349  -13.781490  -15.488460   -5.852862  -15.041596  -14.877295   -2.785349  -15.278300   -6.026183   -5.671155  -10.521292   -4.054687   -4.054687  -13.462742  -17.490620

site               273         274         275         276         277         278         279         280         281         282         283         284         285         286         287         288         289
L             0.001416   2.154e-08    0.084786    0.084786   6.040e-06    0.001360    0.005109   3.329e-04   4.420e-04    0.061708   8.401e-04   5.130e-04    0.061708   1.705e-07    0.084786    0.076250   3.217e-07
ln L         -6.559852  -17.653513   -2.467628   -2.467628  -12.017139   -6.600434   -5.276699   -8.007729   -7.724217   -2.785349   -7.081959   -7.575246   -2.785349  -15.584519   -2.467628   -2.573732  -14.949546

site               290         291         292         293         294         295         296         297         298         299         300         301         302         303         304         305         306
L            7.224e-04    0.076250   4.134e-04    0.076250    0.061708   4.802e-08    0.061708    0.084786    0.003444    0.061708    0.076250   1.063e-07    0.076250    0.061708   1.811e-08   3.642e-04    0.084786
ln L         -7.232949   -2.573732   -7.790984   -2.573732   -2.785349  -16.851723   -2.785349   -2.467628   -5.671155   -2.785349   -2.573732  -16.057425   -2.573732   -2.785349  -17.826998   -7.917787   -2.467628

site               307         308         309         310         311         312         313         314         315         316         317         318         319         320         321         322         323
L            1.687e-06    0.084786    0.061708   1.472e-07    0.005109    0.006041   1.014e-05    0.002658   3.883e-06   9.379e-07    0.006708   2.234e-04   3.822e-04   5.834e-04    0.001325    0.006094    0.076250
ln L        -13.292508   -2.467628   -2.785349  -15.731340   -5.276699   -5.109204  -11.498826   -5.930170  -12.458805  -13.879670   -5.004400   -8.406770   -7.869596   -7.446611   -6.626325   -5.100414   -2.573732

site               324         325         326         327         328         329         330         331         332         333         334         335         336         337         338         339         340
L             0.084786    0.002658    0.001525    0.017341   5.130e-04    0.017341    0.017341   9.940e-06   1.888e-10    0.004368   7.482e-04    0.005498   2.095e-04   2.562e-04    0.084786    0.076250   8.169e-04
ln L         -2.467628   -5.930170   -6.485580   -4.054687   -7.575246   -4.054687   -4.054687  -11.518911  -22.390135   -5.433448   -7.197840   -5.203333   -8.470645   -8.269580   -2.467628   -2.573732   -7.110010

site               341         342         343         344         345         346         347         348         349         350         351         352         353         354         355         356         357
L            3.548e-04    0.084786   3.972e-05    0.007384    0.002658    0.003444    0.004729   3.661e-04   3.656e-08    0.005398   2.760e-06   1.704e-06    0.084786    0.084786   7.721e-06    0.005398    0.061708
ln L         -7.944086   -2.467628  -10.133713   -4.908414   -5.930170   -5.671155   -5.354025   -7.912488  -17.124228   -5.221673  -12.800308  -13.282415   -2.467628   -2.467628  -11.771596   -5.221673   -2.785349

site               358         359         360         361         362         363         364         365         366         367         368         369         370         371         372         373         374
L             0.006957    0.084786    0.006094   6.155e-09    0.076250    0.076250   5.536e-07   3.888e-05    0.006068   1.348e-07    0.002872    0.061708   6.931e-06    0.084786    0.076250    0.006957    0.076250
ln L         -4.968063   -2.467628   -5.100414  -18.906033   -2.573732   -2.573732  -14.406771  -10.155103   -5.104787  -15.819143   -5.852862   -2.785349  -11.879507   -2.467628   -2.573732   -4.968063   -2.573732

site               375         376         377         378         379         380         381         382         383         384         385         386         387         388         389         390         391
L             0.017341    0.003243    0.017341    0.084786    0.084786    0.084786    0.084786   3.134e-07    0.084786   1.963e-08   6.616e-08   1.658e-05    0.061708   7.188e-05    0.084786    0.061708   7.048e-06
ln L         -4.054687   -5.731136   -4.054687   -2.467628   -2.467628   -2.467628   -2.467628  -14.975645   -2.467628  -17.746090  -16.531204  -11.007215   -2.785349   -9.540565   -2.467628   -2.785349  -11.862772

site               392         393         394         395         396         397         398         399         400         401         402         403         404         405         406         407         408
L            3.351e-07    0.003934   5.219e-06    0.001721    0.061708   1.108e-05    0.076250    0.084786    0.006068   5.097e-04    0.061708   2.032e-04   7.662e-06   1.439e-04   3.808e-05    0.076250    0.076250
ln L        -14.908863   -5.538167  -12.163285   -6.364770   -2.785349  -11.410578   -2.573732   -2.467628   -5.104787   -7.581715   -2.785349   -8.501217  -11.779256   -8.846649  -10.175699   -2.573732   -2.573732

site               409         410         411         412         413         414         415         416         417         418         419         420         421         422         423         424         425
L            5.093e-04   3.927e-05    0.061708   1.344e-08   4.155e-04    0.061708    0.001698    0.076250    0.061708   4.896e-08   1.429e-04    0.061708   3.822e-04   2.422e-05    0.076250   1.879e-06   7.239e-05
ln L         -7.582404  -10.145017   -2.785349  -18.124780   -7.785922   -2.785349   -6.378306   -2.573732   -2.785349  -16.832293   -8.853397   -2.785349   -7.869596  -10.628520   -2.573732  -13.185021   -9.533381

site               426         427         428         429         430         431         432         433         434         435         436         437         438         439         440         441         442
L             0.005109   3.673e-06    0.084786    0.002658    0.001550    0.076250    0.076250   6.290e-05   6.407e-04    0.001126   1.077e-07   7.782e-05    0.061708   1.714e-06    0.084786    0.061708   2.417e-07
ln L         -5.276699  -12.514624   -2.467628   -5.930170   -6.469822   -2.573732   -2.573732   -9.673977   -7.352918   -6.789257  -16.043872   -9.461149   -2.785349  -13.276723   -2.467628   -2.785349  -15.235410

site               443         444         445         446         447         448         449         450         451         452         453         454         455         456         457         458         459
L            4.617e-06    0.001645   9.138e-09    0.017341    0.017341   1.087e-08   7.730e-05   3.774e-04   2.148e-06   1.363e-06    0.005498   1.404e-09   2.718e-04   1.789e-04   9.268e-05    0.061708    0.017341
ln L        -12.285814   -6.409819  -18.510834   -4.054687   -4.054687  -18.337579   -9.467810   -7.882283  -13.051165  -13.505980   -5.203333  -20.383823   -8.210359   -8.628840   -9.286320   -2.785349   -4.054687

site               460         461         462         463         464         465         466         467         468         469         470         471         472         473         474         475         476
L             0.061708    0.084786   3.801e-04    0.006708    0.002872    0.084786    0.061708    0.084786    0.017341    0.061708    0.061708    0.061708    0.084786    0.002658   4.084e-06   5.529e-04    0.084786
ln L         -2.785349   -2.467628   -7.875195   -5.004400   -5.852862   -2.467628   -2.785349   -2.467628   -4.054687   -2.785349   -2.785349   -2.785349   -2.467628   -5.930170  -12.408477   -7.500416   -2.467628

site               477         478         479         480         481         482         483         484         485         486         487         488         489         490         491         492         493
L             0.084786    0.084786    0.084786    0.076250    0.084786   2.599e-05    0.001436    0.084786    0.017341    0.084786    0.001568    0.061708    0.017341    0.061708    0.017341    0.084786    0.002415
ln L         -2.467628   -2.467628   -2.467628   -2.573732   -2.467628  -10.557692   -6.546186   -2.467628   -4.054687   -2.467628   -6.457852   -2.785349   -4.054687   -2.785349   -4.054687   -2.467628   -6.026183

site               494         495         496         497         498         499         500         501         502         503         504         505         506         507         508         509         510
L             0.061708    0.076250    0.003934   6.407e-04    0.001874   1.545e-07   5.067e-05    0.084786    0.001436    0.084786    0.017341    0.001126   6.389e-06   9.498e-06    0.007384   3.834e-07   3.574e-08
ln L         -2.785349   -2.573732   -5.538167   -7.352918   -6.279794  -15.683271   -9.890263   -2.467628   -6.546186   -2.467628   -4.054687   -6.789257  -11.960905  -11.564405   -4.908414  -14.774228  -17.146910

site               511         512         513         514         515         516         517         518         519         520         521         522         523         524         525         526         527
L             0.001360    0.246337   2.270e-05   1.359e-07    0.096787    0.005498   2.165e-05   9.476e-04    0.076250    0.061708    0.061708    0.001360   2.825e-04    0.061708    0.061708    0.084786    0.076250
ln L         -6.600434   -1.401056  -10.693260  -15.811688   -2.335244   -5.203333  -10.740637   -6.961532   -2.573732   -2.785349   -2.785349   -6.600434   -8.171998   -2.785349   -2.785349   -2.467628   -2.573732

site               528         529         530         531         532         533         534         535         536         537         538         539         540         541         542         543         544
L             0.076250    0.001568    0.084786    0.017341    0.084786    0.084786    0.084786    0.001023   3.548e-04   5.787e-06    0.324121   1.751e-06   4.730e-06   3.193e-06   2.667e-04    0.004729    0.017341
ln L         -2.573732   -6.458146   -2.467628   -4.054687   -2.467628   -2.467628   -2.467628   -6.885380   -7.944086  -12.059946   -1.126640  -13.255254  -12.261490  -12.654464   -8.229532   -5.354025   -4.054687

site               545         546         547         548         549         550         551         552         553         554         555         556         557         558         559         560         561
L             0.001391   6.737e-04    0.076250    0.001568    0.017341    0.076250    0.061708    0.084786    0.084786   1.393e-07    0.003175    0.076250   1.585e-04   8.538e-08   4.655e-10   5.954e-08   3.868e-07
ln L         -6.577489   -7.302771   -2.573732   -6.457852   -4.054687   -2.573732   -2.785349   -2.467628   -2.467628  -15.786299   -5.752538   -2.573732   -8.749670  -16.276155  -21.487991  -16.636551  -14.765264

site               562         563         564         565         566         567         568         569         570         571         572         573         574         575         576         577         578
L            5.986e-06    0.076250    0.076250   4.233e-07    0.006041   2.802e-04   2.906e-07   1.966e-10    0.061708   1.228e-05    0.084786   3.503e-04    0.084786   5.138e-05   8.252e-04   1.915e-04   2.483e-04
ln L        -12.026082   -2.573732   -2.573732  -14.675228   -5.109204   -8.180166  -15.051387  -22.349732   -2.785349  -11.307585   -2.467628   -7.956727   -2.467628   -9.876191   -7.099869   -8.560615   -8.300935

site               579         580         581         582         583         584         585         586         587         588         589         590         591         592         593         594         595
L             0.017341    0.017341    0.003346    0.061708    0.004194   1.125e-04    0.076250    0.061708    0.005498    0.100251    0.001126    0.076250    0.061708    0.061708    0.061708    0.061708    0.084786
ln L         -4.054687   -4.054687   -5.700059   -2.785349   -5.474145   -9.092136   -2.573732   -2.785349   -5.203333   -2.300076   -6.789257   -2.573732   -2.785349   -2.785349   -2.785349   -2.785349   -2.467628

site               596         597         598         599         600         601         602         603         604         605         606         607         608         609         610         611         612
L             0.084786    0.084786    0.017341    0.017341    0.084786    0.061708    0.084786   7.334e-05   3.603e-04    0.084786    0.017341   3.548e-04   8.398e-05    0.084786    0.061708    0.076250    0.076250
ln L         -2.467628   -2.467628   -4.054687   -4.054687   -2.467628   -2.785349   -2.467628   -9.520413   -7.928498   -2.467628   -4.054687   -7.944086   -9.384962   -2.467628   -2.785349   -2.573732   -2.573732

site               613         614         615         616         617         618         619         620         621         622         623         624         625         626         627         628         629
L            2.610e-05    0.061708    0.005109    0.017341   2.780e-04   2.483e-04    0.076250    0.061708    0.061708    0.084786    0.017341    0.017341   8.169e-04   1.667e-06    0.003346    0.076250    0.002415
ln L        -10.553405   -2.785349   -5.276699   -4.054687   -8.187788   -8.300935   -2.573732   -2.785349   -2.785349   -2.467628   -4.054687   -4.054687   -7.110010  -13.304203   -5.700059   -2.573732   -6.026183

site               630         631         632         633         634         635         636         637         638         639         640         641         642         643         644         645         646
L             0.084786    0.084786    0.084786    0.084786   2.606e-06    0.001866    0.061708    0.061708    0.017341    0.017341    0.061708    0.017341    0.076250    0.084786    0.084786    0.076250    0.061708
ln L         -2.467628   -2.467628   -2.467628   -2.467628  -12.857847   -6.284072   -2.785349   -2.785349   -4.054687   -4.054687   -2.785349   -4.054687   -2.573732   -2.467628   -2.467628   -2.573732   -2.785349

site               647         648         649         650         651         652         653         654         655         656         657         658         659         660         661         662         663
L             0.076250    0.076250    0.084786    0.084786    0.084786    0.061708    0.084786    0.084786    0.084786    0.084786    0.017341    0.061708    0.084786    0.084786    0.002374    0.084786   4.996e-05
ln L         -2.573732   -2.573732   -2.467628   -2.467628   -2.467628   -2.785349   -2.467628   -2.467628   -2.467628   -2.467628   -4.054687   -2.785349   -2.467628   -2.467628   -6.043328   -2.467628   -9.904214

site               664         665         666         667         668         669         670         671         672         673         674         675         676         677         678         679         680
L            5.246e-04   4.460e-06   8.401e-04    0.061708   1.250e-04   1.526e-06   1.273e-04   1.318e-08   3.125e-06    0.006068   1.339e-04   1.152e-04    0.076250   5.159e-07    0.003785    0.005109    0.002152
ln L         -7.552841  -12.320312   -7.081959   -2.785349   -8.987011  -13.393105   -8.969350  -18.144431  -12.676088   -5.104787   -8.918760   -9.068542   -2.573732  -14.477322   -5.576613   -5.276699   -6.141355

site               681         682         683         684         685         686         687         688         689         690         691         692         693         694         695         696         697
L             0.001360   2.819e-04   7.567e-09   1.131e-06   9.476e-04   9.460e-06   1.380e-08    0.003175   2.065e-04   4.842e-05    0.076250   2.832e-07    0.002560    0.061708   1.440e-09    0.084786   1.500e-04
ln L         -6.600434   -8.174092  -18.699419  -13.692069   -6.961532  -11.568434  -18.098900   -5.752538   -8.484989   -9.935557   -2.573732  -15.077201   -5.967675   -2.785349  -20.358480   -2.467628   -8.805169

site               698         699         700         701         702         703         704         705         706         707         708         709         710         711         712         713         714
L            1.412e-05   1.908e-06   1.126e-04    0.076250   4.126e-06    0.061708   5.834e-04    0.007658   2.483e-04   4.617e-06   2.642e-05   4.893e-06   1.740e-07    0.076250    0.076250   2.534e-06    0.006094
ln L        -11.167958  -13.169412   -9.091619   -2.573732  -12.398265   -2.785349   -7.446611   -4.872049   -8.300935  -12.285819  -10.541475  -12.227615  -15.564464   -2.573732   -2.573732  -12.885906   -5.100414

site               715         716         717         718         719         720         721         722         723         724         725         726         727         728         729         730         731
L             0.061708   8.883e-06   8.505e-06   1.418e-04   8.174e-09   2.892e-05    0.003444   1.727e-07    0.084786    0.005178    0.006691   6.482e-06    0.005109   8.806e-07   5.130e-04   6.652e-05   5.122e-06
ln L         -2.785349  -11.631345  -11.674843   -8.861349  -18.622261  -10.450937   -5.671155  -15.571545   -2.467628   -5.263252   -5.006959  -11.946449   -5.276699  -13.942701   -7.575246   -9.618075  -12.181877

site               732         733         734         735         736         737         738         739         740         741         742         743         744         745         746         747         748
L             0.084786    0.084786   1.343e-04    0.004368   8.151e-04   9.185e-08   6.964e-05    0.084786   3.883e-06    0.002415    0.084786    0.084786    0.084786   2.186e-04   8.157e-06   9.399e-05   3.091e-07
ln L         -2.467628   -2.467628   -8.915459   -5.433448   -7.112186  -16.203159   -9.572124   -2.467628  -12.458805   -6.026183   -2.467628   -2.467628   -2.467628   -8.428264  -11.716680   -9.272312  -14.989738

site               749         750         751         752         753         754         755         756         757         758         759         760         761         762         763         764         765
L            7.412e-06   6.307e-08   6.416e-06    0.005398    0.061708    0.084786   1.941e-06    0.001686    0.076250   6.186e-07   4.693e-07    0.005398   1.185e-06    0.061708    0.084786   4.286e-05    0.017341
ln L        -11.812444  -16.579046  -11.956654   -5.221673   -2.785349   -2.467628  -13.152280   -6.385395   -2.573732  -14.295884  -14.571933   -5.221673  -13.645785   -2.785349   -2.467628  -10.057680   -4.054687

site               766         767         768         769         770         771         772         773         774         775         776         777         778         779         780         781         782
L             0.061708   6.820e-04    0.084786    0.084786    0.084786   8.605e-06   2.291e-05   7.475e-09   3.913e-08    0.001525   2.878e-05   3.342e-07    0.061708   1.018e-05   1.148e-04   3.512e-04   2.770e-07
ln L         -2.785349   -7.290540   -2.467628   -2.467628   -2.467628  -11.663203  -10.683749  -18.711690  -17.056353   -6.485580  -10.455681  -14.911508   -2.785349  -11.494852   -9.072269   -7.954032  -15.099279

site               783         784         785         786         787         788         789         790         791         792         793         794         795         796         797         798         799
L             0.061708   4.409e-05   1.645e-05   2.976e-05    0.076250   3.010e-04    0.005666    0.061708   2.542e-06    0.084786    0.002374   4.738e-10    0.084786   1.956e-05   1.656e-05    0.084786    0.017341
ln L         -2.785349  -10.029291  -11.014994  -10.422205   -2.573732   -8.108461   -5.173226   -2.785349  -12.882618   -2.467628   -6.043328  -21.470339   -2.467628  -10.842119  -11.008274   -2.467628   -4.054687

site               800         801         802         803         804         805         806         807         808         809         810         811         812         813         814         815         816
L            1.611e-06    0.007384    0.005666   2.384e-07   1.706e-07    0.003175   6.786e-06   3.512e-04    0.076250   1.748e-05    0.084786   4.424e-04   2.916e-04    0.006957   5.964e-05   6.323e-06   3.424e-06
ln L        -13.338654   -4.908414   -5.173226  -15.249389  -15.583680   -5.752538  -11.900674   -7.954032   -2.573732  -10.954437   -2.467628   -7.723294   -8.140080   -4.968063   -9.727190  -11.971331  -12.584590

site               817         818         819         820         821         822         823         824         825         826         827         828         829         830         831         832         833
L             0.061708    0.007658    0.061708    0.001672   4.396e-07   1.592e-04    0.061708   5.632e-10   1.125e-04   7.490e-06    0.006068   5.473e-06   2.233e-05    0.084786   9.692e-05   9.428e-07   3.334e-05
ln L         -2.785349   -4.872049   -2.785349   -6.393830  -14.637410   -8.745082   -2.785349  -21.297367   -9.092136  -11.801977   -5.104787  -12.115672  -10.709711   -2.467628   -9.241633  -13.874361  -10.308867

site               834         835         836         837         838         839         840         841         842         843         844         845         846         847         848         849         850
L             0.076250    0.084786    0.084786    0.017341    0.084786    0.084786   5.077e-05   8.399e-05   5.137e-05    0.084786   9.351e-04   1.527e-05    0.001126    0.061708   2.421e-05    0.002531    0.001261
ln L         -2.573732   -2.467628   -2.467628   -4.054687   -2.467628   -2.467628   -9.888221   -9.384872   -9.876402   -2.467628   -6.974847  -11.089413   -6.789257   -2.785349  -10.628568   -5.979306   -6.675510

site               851         852         853         854         855         856         857         858         859         860         861         862         863         864         865         866         867
L            1.775e-09    0.084786   1.106e-05    0.001325    0.061708    0.017341   6.018e-06    0.002560    0.001126   6.217e-05    0.061708    0.017341    0.084786   6.407e-04    0.001645   5.983e-05    0.001360
ln L        -20.149193   -2.467628  -11.412413   -6.626325   -2.785349   -4.054687  -12.020752   -5.967675   -6.789257   -9.685568   -2.785349   -4.054687   -2.467628   -7.352918   -6.409819   -9.724084   -6.600434

site               868         869         870         871         872         873         874         875         876         877         878         879         880         881         882         883         884
L            8.488e-05   1.685e-08    0.084786   3.548e-04    0.005498    0.076250    0.084786   8.092e-05    0.084786    0.076250   1.491e-06   2.912e-07   5.941e-04   5.314e-07   3.726e-07   7.482e-04   1.351e-05
ln L         -9.374258  -17.898659   -2.467628   -7.944086   -5.203333   -2.573732   -2.467628   -9.422021   -2.467628   -2.573732  -13.416072  -15.049178   -7.428499  -14.447699  -14.802756   -7.197840  -11.212042

site               885         886         887         888         889         890         891         892         893         894         895         896         897         898
L             0.005498    0.061708    0.002188    0.003405    0.002179   2.277e-08   1.155e-04    0.061708    0.004729    0.084786    0.017341    0.076250    0.061708    0.061708
ln L         -5.203333   -2.785349   -6.124897   -5.682375   -6.129102  -17.597799   -9.066575   -2.785349   -5.354025   -2.467628   -4.054687   -2.573732   -2.785349   -2.785349

Time used to compute likelihoods = 0.02 sec (CPU time = 0.13 sec)

Tree scores (and parameter estimates) written to file: ~/Library/CloudStorage/Dropbox/Lab/James McInerney/programming/MLDecay/debug_runs/mldecay_20250521_152627/site_lnl_Clade_4.txt
