--- STDOUT ---

P A U P *
Version 4.0a (build 168) for macOS (built on Aug  2 2020 at 06:41:30)
Wed May 21 15:00:49 2025

        -----------------------------NOTICE-----------------------------
          This is a test version that is still changing rapidly.
          Please report bugs to dave@phylosolutions.com
        ----------------------------------------------------------------

Running on Apple M3 Max
    16 CPU cores on 1 socket
    Executable built for Intel(R) 64 architecture
    Compiled using Intel compiler (icc) 11.1.0 (build 20091012)
    SSE vectorization enabled
    SSSE3 instructions supported
    Multithreading enabled using Pthreads

Processing of file "~/Library/CloudStorage/Dropbox/Lab/James McInerney/programming/MLDecay/debug_runs/mldecay_20250521_150047/bootstrap_search.nex" begins...

Processing of file "~/Library/CloudStorage/Dropbox/Lab/James McInerney/programming/MLDecay/debug_runs/mldecay_20250521_150047/alignment.nex" begins...

Data read in DNA format

Data matrix has 12 taxa, 898 characters
Valid character-state symbols: ACGT
Missing data identified by '?'
Gaps identified by '-'
"Equate" macros in effect:
   R,r ==> {AG}
   Y,y ==> {CT}
   M,m ==> {AC}
   K,k ==> {GT}
   S,s ==> {CG}
   W,w ==> {AT}
   H,h ==> {ACT}
   B,b ==> {CGT}
   V,v ==> {ACG}
   D,d ==> {AGT}
   N,n ==> {ACGT}

Processing of input file "alignment.nex" completed.

Optimality criterion set to likelihood.

Bootstrap method with heuristic search:
  Number of bootstrap replicates = 100
  Starting seed = generated automatically
  Number of characters resampled in each replicate = 898
  Optimality criterion = likelihood
    898 characters are included
    All characters have equal weight
    Likelihood settings:
      Current model:
                               Data type = nucleotide
                  DNA substitution types = 1
                       State frequencies = empirical: A=0.324121 C=0.30402 G=0.105528 T=0.266332
          Proportion of invariable sites = none
                 Rates at variable sites = equal
                    Model correspondence = F81

      Number of distinct data patterns under this model = 413
      Molecular clock not enforced
      Starting branch lengths obtained using Rogers-Swofford approximation method
      Trees with approximate log likelihoods 5% or further from the target score are rejected without additional iteration
      Branch-length optimization = one-dimensional Newton-Raphson with pass limit=20, tolerance=1e-07
      Likelihood calculations performed in single precision
      Vector processing enabled
      Using standard Felsenstein pruning for computing likelihoods
      Conditional-likelihood rescaling threshold = 1e-20
      Using 14 parallel threads on 16 processors

  Starting tree(s) obtained via stepwise addition
    Addition sequence: random
    Number of replicates = 1
    Starting seed = generated automatically
    Number of trees held at each step = 1
  Branch-swapping algorithm: tree-bisection-reconnection (TBR) with reconnection limit = 8
    Steepest descent option not in effect
  Initial 'Maxtrees' setting = 100
  Branches collapsed (creating polytomies) if branch length is less than or equal to 1e-08
  'MulTrees' option in effect
  No topological constraints in effect
  Trees are unrooted

  100 bootstrap replicates completed
  Time used = 47.41 sec (CPU time = 00:10:42.4)

Trees for each replicate written to treefile: ~/Library/CloudStorage/Dropbox/Lab/James McInerney/programming/MLDecay/debug_runs/mldecay_20250521_150047/bootstrap_trees.tre

Bootstrap 50% majority-rule consensus tree

/--------------------------------------------------------------------------------------------------------------------------------------------------------------------------------------------- Lemur catta(1)
|
|                                                                                                                                                                    /------------------------ Homo sapiens(2)
|                                                                                                                                             /----------51----------+
|                                                                                                                                             |                      \------------------------ Pan troglodytes(3)
|                                                                                                                     /----------100----------+
|                                                                                              /----------91----------+                       \----------------------------------------------- Gorilla gorilla(4)
|                                                                                              |                      |
|                                                                      /----------100----------+                      \----------------------------------------------------------------------- Orangutan(5)
|                                                                      |                       |
|                                                                      |                       \---------------------------------------------------------------------------------------------- Gibbon(6)
|                                                                      |
|                                              /----------95-----------+                                                                                             /------------------------ Macaca fuscata(7)
|                                              |                       |                                                                      /----------99----------+
|                                              |                       |                                                                      |                      \------------------------ Macaca mulatta(8)
|                                              |                       |                                              /----------99-----------+
|                       /---------100----------+                       \---------------------100----------------------+                       \----------------------------------------------- Macaca fascicularis(9)
|                       |                      |                                                                      |
|                       |                      |                                                                      \----------------------------------------------------------------------- Macaca sylvanus(10)
\-----------------------+                      |
                        |                      \---------------------------------------------------------------------------------------------------------------------------------------------- Saimiri sciureus(11)
                        |
                        \--------------------------------------------------------------------------------------------------------------------------------------------------------------------- Tarsius syrichta(12)

Bipartitions found in one or more trees and frequency of occurrence (bootstrap support values):

         1 1
123456789012          Freq
--------------------------
......****..           100
.***........           100
.*****......           100
.**********.           100
......**....            99
......***...            99
.*********..            95
.****.......            91
.**.........            51
..**........            49
.***.*......             8
.*****....*.             5

3 groups at (relative) frequency less than 5% not shown

1 tree saved to file "~/Library/CloudStorage/Dropbox/Lab/James McInerney/programming/MLDecay/debug_runs/mldecay_20250521_150047/bootstrap_trees.tre" in raw Newick format
