--- STDOUT ---

P A U P *
Version 4.0a (build 168) for macOS (built on Aug  2 2020 at 06:41:30)
Wed May 21 15:02:04 2025

        -----------------------------NOTICE-----------------------------
          This is a test version that is still changing rapidly.
          Please report bugs to dave@phylosolutions.com
        ----------------------------------------------------------------

Running on Apple M3 Max
    16 CPU cores on 1 socket
    Executable built for Intel(R) 64 architecture
    Compiled using Intel compiler (icc) 11.1.0 (build 20091012)
    SSE vectorization enabled
    SSSE3 instructions supported
    Multithreading enabled using Pthreads

Processing of file "~/Library/CloudStorage/Dropbox/Lab/James McInerney/programming/MLDecay/debug_runs/mldecay_20250521_150047/site_analysis_Clade_9.nex" begins...

Processing of file "~/Library/CloudStorage/Dropbox/Lab/James McInerney/programming/MLDecay/debug_runs/mldecay_20250521_150047/alignment.nex" begins...

Data read in DNA format

Data matrix has 12 taxa, 898 characters
Valid character-state symbols: ACGT
Missing data identified by '?'
Gaps identified by '-'
"Equate" macros in effect:
   R,r ==> {AG}
   Y,y ==> {CT}
   M,m ==> {AC}
   K,k ==> {GT}
   S,s ==> {CG}
   W,w ==> {AT}
   H,h ==> {ACT}
   B,b ==> {CGT}
   V,v ==> {ACG}
   D,d ==> {AGT}
   N,n ==> {ACGT}

Processing of input file "alignment.nex" completed.

Optimality criterion set to likelihood.

Processing TREES block from file: ~/Library/CloudStorage/Dropbox/Lab/James McInerney/programming/MLDecay/debug_runs/mldecay_20250521_150047/ml_tree.tre
  Keeping: trees from file (replacing any trees already in memory)
  1 tree read from file

  Time used = 0.00 sec (CPU time = 0.00 sec)

Note: Input trees are rooted but current criterion and/or option settings would specify unrooted trees.  (You can deroot the trees using the 'derootTrees' command.)

Processing TREES block from file: ~/Library/CloudStorage/Dropbox/Lab/James McInerney/programming/MLDecay/debug_runs/mldecay_20250521_150047/constraint_tree_9.tre
  Keeping: trees in memory plus trees from file
  1 tree originally in memory
  1 tree read from file
  1 tree from file kept
  2 trees now in memory

  Time used = 0.00 sec (CPU time = 0.00 sec)

Note: Input trees are rooted but current criterion and/or option settings would specify unrooted trees.  (You can deroot the trees using the 'derootTrees' command.)

Likelihood scores of tree(s) in memory:
---------------------------------------
  898 characters are included
  All characters have equal weight
  Likelihood settings:
    Current model:
                             Data type = nucleotide
                DNA substitution types = 1
                     State frequencies = empirical: A=0.324121 C=0.30402 G=0.105528 T=0.266332
        Proportion of invariable sites = none
               Rates at variable sites = equal
                  Model correspondence = F81

    Number of distinct data patterns under this model = 413
    Molecular clock not enforced
    Starting branch lengths obtained using Rogers-Swofford approximation method
    Branch-length optimization = one-dimensional Newton-Raphson with pass limit=20, tolerance=1e-07
    Likelihood calculations performed in single precision
    Vector processing enabled
    Using standard Felsenstein pruning for computing likelihoods
    Conditional-likelihood rescaling threshold = 1e-20
    Using 14 parallel threads on 16 processors

Tree             1           2
------------------------------
-ln L     6303.661    6394.856

Likelihoods for each site on tree 1:

site                 1           2           3           4           5           6           7           8           9          10          11          12          13          14          15          16          17
L             0.085727    0.085727    0.017630    0.005603    0.062476    0.062476   3.606e-05    0.003892    0.002978   3.035e-07    0.017630    0.017630   3.604e-06    0.017630    0.077132    0.007084   2.005e-05
ln L         -2.456587   -2.456587   -4.038130   -5.184402   -2.772967   -2.772967  -10.230275   -5.548879   -5.816510  -15.007928   -4.038130   -4.038130  -12.533408   -4.038130   -2.562234   -4.949938  -10.817138

site                18          19          20          21          22          23          24          25          26          27          28          29          30          31          32          33          34
L            1.064e-04   3.598e-08   1.137e-05   4.091e-06   2.279e-06    0.077132    0.062476   4.931e-09    0.085727    0.062476   5.166e-06   7.650e-04    0.062476   8.772e-10    0.017630    0.077132   4.320e-06
ln L         -9.148160  -17.140367  -11.384453  -12.406741  -12.991821   -2.562234   -2.772967  -19.127626   -2.456587   -2.772967  -12.173326   -7.175615   -2.772967  -20.854252   -4.038130   -2.562234  -12.352344

site                35          36          37          38          39          40          41          42          43          44          45          46          47          48          49          50          51
L             0.077132    0.085727   2.421e-06    0.017630    0.017630   7.740e-09    0.005368    0.062476   9.997e-07    0.085727    0.077132   7.195e-06    0.062476    0.077132   1.925e-08    0.062476    0.077132
ln L         -2.562234   -2.456587  -12.931381   -4.038130   -4.038130  -18.676868   -5.227343   -2.772967  -13.815825   -2.456587   -2.562234  -11.842167   -2.772967   -2.562234  -17.765993   -2.772967   -2.562234

site                52          53          54          55          56          57          58          59          60          61          62          63          64          65          66          67          68
L            1.312e-04   4.409e-06    0.062476   2.774e-07   3.469e-07    0.003598   2.364e-06    0.062476    0.062476    0.005603    0.062476    0.017630    0.004207   7.536e-05    0.062476   1.062e-06    0.017630
ln L         -8.938629  -12.331764   -2.772967  -15.097890  -14.874240   -5.627305  -12.955324   -2.772967   -2.772967   -5.184402   -2.772967   -4.038130   -5.470923   -9.493274   -2.772967  -13.755200   -4.038130

site                69          70          71          72          73          74          75          76          77          78          79          80          81          82          83          84          85
L             0.077132   2.932e-04    0.085727    0.085727   7.252e-05    0.005560    0.077132    0.004673    0.085727    0.085727   1.090e-04    0.062476    0.085727   2.021e-05    0.017630    0.085727   5.956e-04
ln L         -2.562234   -8.134738   -2.456587   -2.456587   -9.531665   -5.192160   -2.562234   -5.366011   -2.456587   -2.456587   -9.124614   -2.772967   -2.456587  -10.809142   -4.038130   -2.456587   -7.425945

site                86          87          88          89          90          91          92          93          94          95          96          97          98          99         100         101         102
L             0.077132    0.017630   4.243e-05    0.002459    0.001713   6.145e-08    0.077132    0.085727   7.382e-05    0.085727   2.754e-04   4.575e-05    0.077132    0.017630   2.757e-06    0.085727   5.797e-05
ln L         -2.562234   -4.038130  -10.067736   -6.008059   -6.369387  -16.605048   -2.562234   -2.456587   -9.513817   -2.456587   -8.197467   -9.992351   -2.562234   -4.038130  -12.801269   -2.456587   -9.755642

site               103         104         105         106         107         108         109         110         111         112         113         114         115         116         117         118         119
L             0.002243    0.085727    0.062476    0.085727   2.080e-05   4.943e-04   1.661e-06    0.005368    0.062476   3.888e-07   1.290e-04    0.077132   1.052e-06    0.077132   2.889e-04   1.976e-05    0.017630
ln L         -6.100058   -2.456587   -2.772967   -2.456587  -10.780339   -7.612405  -13.308010   -5.227343   -2.772967  -14.760268   -8.955430   -2.562234  -13.764779   -2.562234   -8.149398  -10.831633   -4.038130

site               120         121         122         123         124         125         126         127         128         129         130         131         132         133         134         135         136
L             0.017630   2.189e-07    0.005120    0.062476   5.109e-08    0.077132    0.085727    0.085727    0.001390    0.003531   6.336e-08   2.102e-04    0.062476    0.004673   4.795e-04    0.062476   8.808e-05
ln L         -4.038130  -15.334852   -5.274549   -2.772967  -16.789760   -2.562234   -2.456587   -2.456587   -6.578329   -5.646211  -16.574472   -8.467663   -2.772967   -5.366011   -7.642761   -2.772967   -9.337247

site               137         138         139         140         141         142         143         144         145         146         147         148         149         150         151         152         153
L             0.077132    0.077132   6.083e-06    0.001353    0.062476   2.261e-07    0.002459   2.853e-04    0.085727    0.017630    0.002127   8.379e-07   4.996e-07    0.002884   7.682e-07    0.062476    0.017630
ln L         -2.562234   -2.562234  -12.010009   -6.605169   -2.772967  -15.302495   -6.008059   -8.161897   -2.456587   -4.038130   -6.153113  -13.992351  -14.509552   -5.848657  -14.079256   -2.772967   -4.038130

site               154         155         156         157         158         159         160         161         162         163         164         165         166         167         168         169         170
L             0.085727    0.062476    0.017630    0.085727   8.959e-05    0.062476   2.134e-08   7.224e-05   1.766e-04   3.081e-05    0.017630    0.077132    0.003853    0.085727    0.001559    0.005368    0.005603
ln L         -2.456587   -2.772967   -4.038130   -2.456587   -9.320283   -2.772967  -17.662488   -9.535537   -8.641399  -10.387569   -4.038130   -2.562234   -5.558954   -2.456587   -6.463427   -5.227343   -5.184402

site               171         172         173         174         175         176         177         178         179         180         181         182         183         184         185         186         187
L             0.062476   1.878e-04   3.420e-06    0.077132   1.205e-04    0.085727    0.085727    0.001737    0.077132    0.062476   5.253e-07    0.017630    0.077132    0.001737   5.874e-05    0.062476    0.006206
ln L         -2.772967   -8.579958  -12.585803   -2.562234   -9.024065   -2.456587   -2.456587   -6.355603   -2.562234   -2.772967  -14.459237   -4.038130   -2.562234   -6.355603   -9.742434   -2.772967   -5.082289

site               188         189         190         191         192         193         194         195         196         197         198         199         200         201         202         203         204
L             0.077132    0.077132    0.003204   1.343e-05    0.077132   1.401e-05   1.366e-04    0.077132   1.360e-06    0.085727    0.062476   1.987e-06    0.085727    0.085727   2.856e-07    0.002978    0.062476
ln L         -2.562234   -2.562234   -5.743280  -11.217868   -2.562234  -11.175466   -8.898110   -2.562234  -13.507993   -2.456587   -2.772967  -13.128708   -2.456587   -2.456587  -15.068733   -5.816510   -2.772967

site               205         206         207         208         209         210         211         212         213         214         215         216         217         218         219         220         221
L            3.282e-06   1.805e-04    0.062476   4.186e-08    0.017630    0.017630   2.899e-10    0.017630    0.085727   6.856e-04    0.005368    0.062476   8.299e-05    0.005003   7.686e-05   1.522e-05    0.001559
ln L        -12.626923   -8.619739   -2.772967  -16.989014   -4.038130   -4.038130  -21.961502   -4.038130   -2.456587   -7.285214   -5.227343   -2.772967   -9.396739   -5.297678   -9.473560  -11.092617   -6.463427

site               222         223         224         225         226         227         228         229         230         231         232         233         234         235         236         237         238
L             0.005003   1.652e-05    0.002040    0.003895   3.929e-05   5.547e-08    0.003355   4.428e-06   2.075e-06    0.077132   8.020e-06   6.145e-07    0.002633   2.002e-07    0.062476    0.062476   5.563e-06
ln L         -5.297678  -11.011080   -6.194944   -5.548079  -10.144501  -16.707361   -5.697444  -12.327663  -13.085327   -2.562234  -11.733629  -14.302495   -5.939653  -15.424090   -2.772967   -2.772967  -12.099288

site               239         240         241         242         243         244         245         246         247         248         249         250         251         252         253         254         255
L             0.062476    0.077132   1.574e-05    0.062476    0.017630   1.273e-07    0.001021    0.077132   1.544e-05   3.813e-04    0.085727   8.133e-06   5.105e-04   3.360e-06   1.192e-05    0.085727    0.077132
ln L         -2.772967   -2.562234  -11.058993   -2.772967   -4.038130  -15.876590   -6.887250   -2.562234  -11.078582   -7.872020   -2.456587  -11.719624   -7.580215  -12.603631  -11.336960   -2.456587   -2.562234

site               256         257         258         259         260         261         262         263         264         265         266         267         268         269         270         271         272
L            2.780e-07    0.001946    0.062476   1.049e-06   1.841e-07    0.002941   2.470e-07   6.172e-07    0.062476   1.726e-07    0.002459    0.002978   2.783e-05    0.017630    0.017630   1.257e-06   2.533e-08
ln L        -15.095725   -6.242175   -2.772967  -13.767984  -15.507773   -5.829130  -15.213996  -14.298037   -2.772967  -15.572145   -6.008059   -5.816510  -10.489545   -4.038130   -4.038130  -13.586761  -17.491111

site               273         274         275         276         277         278         279         280         281         282         283         284         285         286         287         288         289
L             0.001443   2.068e-08    0.085727    0.085727   7.329e-06    0.001390    0.005215   3.062e-04   4.394e-04    0.062476   7.728e-04   5.191e-04    0.062476   1.530e-07    0.085727    0.077132   2.813e-07
ln L         -6.540850  -17.694257   -2.456587   -2.456587  -11.823640   -6.578329   -5.256182   -8.091199   -7.730161   -2.772967   -7.165429   -7.563436   -2.772967  -15.692530   -2.456587   -2.562234  -15.083680

site               290         291         292         293         294         295         296         297         298         299         300         301         302         303         304         305         306
L            7.473e-04    0.077132   3.785e-04    0.077132    0.062476   4.500e-08    0.062476    0.085727    0.002978    0.062476    0.077132   1.015e-07    0.077132    0.062476   1.598e-08   3.238e-04    0.085727
ln L         -7.198989   -2.562234   -7.879341   -2.562234   -2.772967  -16.916608   -2.772967   -2.456587   -5.816510   -2.772967   -2.562234  -16.103555   -2.562234   -2.772967  -17.952118   -8.035463   -2.456587

site               307         308         309         310         311         312         313         314         315         316         317         318         319         320         321         322         323
L            2.822e-06    0.085727    0.062476   1.315e-07    0.005215    0.005334   7.416e-06    0.002354   4.040e-06   9.096e-07    0.005941   2.301e-04   4.668e-04   5.956e-04    0.001353    0.006206    0.077132
ln L        -12.778080   -2.456587   -2.772967  -15.844571   -5.256182   -5.233656  -11.811908   -6.051723  -12.419327  -13.910291   -5.125954   -8.376860   -7.669542   -7.425945   -6.605169   -5.082289   -2.562234

site               324         325         326         327         328         329         330         331         332         333         334         335         336         337         338         339         340
L             0.085727    0.002354    0.001525    0.017630   5.191e-04    0.017630    0.017630   6.095e-06   1.685e-10    0.003787   7.650e-04    0.005603   2.175e-04   2.223e-04    0.085727    0.077132   8.073e-04
ln L         -2.456587   -6.051723   -6.485579   -4.038130   -7.563436   -4.038130   -4.038130  -12.008110  -22.504099   -5.576269   -7.175615   -5.184402   -8.433441   -8.411606   -2.456587   -2.562234   -7.121812

site               341         342         343         344         345         346         347         348         349         350         351         352         353         354         355         356         357
L             0.001713    0.085727   3.398e-05    0.006532    0.002354    0.002978    0.004673   4.166e-04   3.825e-08    0.005334   2.551e-06   1.762e-06    0.085727    0.085727   8.442e-06    0.005334    0.062476
ln L         -6.369387   -2.456587  -10.289777   -5.030970   -6.051723   -5.816510   -5.366011   -7.783391  -17.079183   -5.233659  -12.879132  -13.249306   -2.456587   -2.456587  -11.682250   -5.233659   -2.772967

site               358         359         360         361         362         363         364         365         366         367         368         369         370         371         372         373         374
L             0.007084    0.085727    0.006206   5.557e-09    0.077132    0.077132   6.298e-07   3.251e-05    0.005368   7.420e-08    0.002941    0.062476   8.399e-06    0.085727    0.077132    0.007084    0.077132
ln L         -4.949938   -2.456587   -5.082289  -19.008191   -2.562234   -2.562234  -14.277853  -10.334079   -5.227343  -16.416465   -5.829130   -2.772967  -11.687438   -2.456587   -2.562234   -4.949938   -2.562234

site               375         376         377         378         379         380         381         382         383         384         385         386         387         388         389         390         391
L             0.017630    0.003334    0.017630    0.085727    0.085727    0.085727    0.085727   3.427e-07    0.085727   2.600e-08   5.722e-08   1.642e-05    0.062476   6.770e-05    0.085727    0.062476   7.235e-06
ln L         -4.038130   -5.703659   -4.038130   -2.456587   -2.456587   -2.456587   -2.456587  -14.886366   -2.456587  -17.465291  -16.676387  -11.016967   -2.772967   -9.600356   -2.456587   -2.772967  -11.836562

site               392         393         394         395         396         397         398         399         400         401         402         403         404         405         406         407         408
L            3.729e-07    0.003895   4.515e-06    0.001738    0.062476   1.137e-05    0.077132    0.085727    0.005368   5.878e-04    0.062476   2.409e-04   7.041e-06   1.258e-04   3.119e-05    0.077132    0.077132
ln L        -14.801967   -5.548079  -12.308009   -6.354920   -2.772967  -11.384453   -2.562234   -2.456587   -5.227343   -7.439160   -2.772967   -8.331065  -11.863772   -8.980891  -10.375538   -2.562234   -2.562234

site               409         410         411         412         413         414         415         416         417         418         419         420         421         422         423         424         425
L            4.525e-04   3.651e-05    0.062476   6.336e-09   3.954e-04    0.062476    0.001737    0.077132    0.062476   3.515e-08   1.436e-04    0.062476   4.668e-04   2.661e-05    0.077132   1.727e-06   1.920e-04
ln L         -7.700684  -10.217971   -2.772967  -18.877042   -7.835590   -2.772967   -6.355603   -2.562234   -2.772967  -17.163701   -8.848184   -2.772967   -7.669542  -10.534195   -2.562234  -13.269215   -8.558124

site               426         427         428         429         430         431         432         433         434         435         436         437         438         439         440         441         442
L             0.005215   3.395e-06    0.085727    0.002354    0.001566    0.077132    0.077132   6.426e-05   6.405e-04    0.001157   1.357e-07   1.048e-04    0.062476   3.591e-06    0.085727    0.062476   2.485e-07
ln L         -5.256182  -12.593257   -2.456587   -6.051723   -6.459506   -2.562234   -2.562234   -9.652524   -7.353331   -6.761780  -15.812709   -9.163806   -2.772967  -12.536998   -2.456587   -2.772967  -15.207950

site               443         444         445         446         447         448         449         450         451         452         453         454         455         456         457         458         459
L            3.981e-06    0.001531   9.364e-09    0.017630    0.017630   2.591e-08   1.938e-04    0.001711   2.593e-06   1.227e-06    0.005603   1.722e-09   2.370e-04   1.577e-04   8.206e-05    0.062476    0.017630
ln L        -12.433867   -6.481934  -18.486393   -4.038130   -4.038130  -17.468514   -8.548530   -6.370672  -12.862857  -13.611002   -5.184402  -20.179602   -8.347554   -8.755054   -9.408090   -2.772967   -4.038130

site               460         461         462         463         464         465         466         467         468         469         470         471         472         473         474         475         476
L             0.062476    0.085727   3.827e-04    0.005941    0.002941    0.085727    0.062476    0.085727    0.017630    0.062476    0.062476    0.062476    0.085727    0.002354   3.604e-06   4.956e-04    0.085727
ln L         -2.772967   -2.456587   -7.868218   -5.125954   -5.829130   -2.456587   -2.772967   -2.456587   -4.038130   -2.772967   -2.772967   -2.772967   -2.456587   -6.051723  -12.533408   -7.609813   -2.456587

site               477         478         479         480         481         482         483         484         485         486         487         488         489         490         491         492         493
L             0.085727    0.085727    0.085727    0.077132    0.085727   2.529e-05    0.001437    0.085727    0.017630    0.085727    0.001606    0.062476    0.017630    0.062476    0.017630    0.085727    0.002459
ln L         -2.456587   -2.456587   -2.456587   -2.562234   -2.456587  -10.585124   -6.545284   -2.456587   -4.038130   -2.456587   -6.434233   -2.772967   -4.038130   -2.772967   -4.038130   -2.456587   -6.008059

site               494         495         496         497         498         499         500         501         502         503         504         505         506         507         508         509         510
L             0.062476    0.077132    0.003895   6.405e-04    0.001851   2.247e-07   5.322e-05    0.085727    0.001437    0.085727    0.017630    0.001157   1.898e-05   9.787e-06    0.006532   3.617e-07   3.107e-08
ln L         -2.772967   -2.562234   -5.548079   -7.353331   -6.291780  -15.308533   -9.840999   -2.456587   -6.545284   -2.456587   -4.038130   -6.761780  -10.871901  -11.534453   -5.030970  -14.832454  -17.287134

site               511         512         513         514         515         516         517         518         519         520         521         522         523         524         525         526         527
L             0.001390    0.246216   2.698e-05   6.494e-08    0.097585    0.005603   2.059e-05   9.147e-04    0.077132    0.062476    0.062476    0.001390   2.513e-04    0.062476    0.062476    0.085727    0.077132
ln L         -6.578329   -1.401546  -10.520337  -16.549762   -2.327029   -5.184402  -10.790822   -6.996942   -2.562234   -2.772967   -2.772967   -6.578329   -8.288792   -2.772967   -2.772967   -2.456587   -2.562234

site               528         529         530         531         532         533         534         535         536         537         538         539         540         541         542         543         544
L             0.077132    0.001613    0.085727    0.017630    0.085727    0.085727    0.085727    0.001087    0.001713   7.315e-06    0.324121   1.393e-06   4.436e-06   3.152e-06   2.730e-04    0.004673    0.017630
ln L         -2.562234   -6.429592   -2.456587   -4.038130   -2.456587   -2.456587   -2.456587   -6.824746   -6.369387  -11.825588   -1.126640  -13.483926  -12.325725  -12.667540   -8.205930   -5.366011   -4.038130

site               545         546         547         548         549         550         551         552         553         554         555         556         557         558         559         560         561
L             0.001468   6.856e-04    0.077132    0.001606    0.017630    0.077132    0.062476    0.085727    0.085727   1.235e-07    0.003355    0.077132   1.592e-04   9.212e-08   4.762e-10   5.921e-08   1.881e-07
ln L         -6.524131   -7.285214   -2.562234   -6.434233   -4.038130   -2.562234   -2.772967   -2.456587   -2.456587  -15.906678   -5.697444   -2.562234   -8.745237  -16.200194  -21.465158  -16.642171  -15.486118

site               562         563         564         565         566         567         568         569         570         571         572         573         574         575         576         577         578
L            1.826e-06    0.077132    0.077132   2.885e-07    0.005334   7.417e-05   2.690e-07   1.806e-10    0.062476   1.145e-05    0.085727   3.023e-04    0.085727   5.398e-05   2.514e-04   1.772e-04   2.164e-04
ln L        -13.213463   -2.562234   -2.562234  -15.058450   -5.233656   -9.509198  -15.128738  -22.434931   -2.772967  -11.377623   -2.456587   -8.104129   -2.456587   -9.826963   -8.288316   -8.638336   -8.438503

site               579         580         581         582         583         584         585         586         587         588         589         590         591         592         593         594         595
L             0.017630    0.017630    0.003531    0.062476    0.004152   1.003e-04    0.077132    0.062476    0.005603    0.101475    0.001157    0.077132    0.062476    0.062476    0.062476    0.062476    0.085727
ln L         -4.038130   -4.038130   -5.646211   -2.772967   -5.484057   -9.206891   -2.562234   -2.772967   -5.184402   -2.287939   -6.761780   -2.562234   -2.772967   -2.772967   -2.772967   -2.772967   -2.456587

site               596         597         598         599         600         601         602         603         604         605         606         607         608         609         610         611         612
L             0.085727    0.085727    0.017630    0.017630    0.085727    0.062476    0.085727   6.008e-04   4.556e-04    0.085727    0.017630    0.001713   7.246e-05    0.085727    0.062476    0.077132    0.077132
ln L         -2.456587   -2.456587   -4.038130   -4.038130   -2.456587   -2.772967   -2.456587   -7.417317   -7.693970   -2.456587   -4.038130   -6.369387   -9.532490   -2.456587   -2.772967   -2.562234   -2.562234

site               613         614         615         616         617         618         619         620         621         622         623         624         625         626         627         628         629
L            2.680e-05    0.062476    0.005215    0.017630   2.754e-04   2.164e-04    0.077132    0.062476    0.062476    0.085727    0.017630    0.017630   8.073e-04   1.592e-06    0.003531    0.077132    0.002459
ln L        -10.527155   -2.772967   -5.256182   -4.038130   -8.197467   -8.438503   -2.562234   -2.772967   -2.772967   -2.456587   -4.038130   -4.038130   -7.121812  -13.350650   -5.646211   -2.562234   -6.008059

site               630         631         632         633         634         635         636         637         638         639         640         641         642         643         644         645         646
L             0.085727    0.085727    0.085727    0.085727   2.797e-06    0.001739    0.062476    0.062476    0.017630    0.017630    0.062476    0.017630    0.077132    0.085727    0.085727    0.077132    0.062476
ln L         -2.456587   -2.456587   -2.456587   -2.456587  -12.787065   -6.354313   -2.772967   -2.772967   -4.038130   -4.038130   -2.772967   -4.038130   -2.562234   -2.456587   -2.456587   -2.562234   -2.772967

site               647         648         649         650         651         652         653         654         655         656         657         658         659         660         661         662         663
L             0.077132    0.077132    0.085727    0.085727    0.085727    0.062476    0.085727    0.085727    0.085727    0.085727    0.017630    0.062476    0.085727    0.085727    0.002444    0.085727   4.201e-05
ln L         -2.562234   -2.562234   -2.456587   -2.456587   -2.456587   -2.772967   -2.456587   -2.456587   -2.456587   -2.456587   -4.038130   -2.772967   -2.456587   -2.456587   -6.014257   -2.456587  -10.077644

site               664         665         666         667         668         669         670         671         672         673         674         675         676         677         678         679         680
L            5.269e-04   5.553e-06   7.728e-04    0.062476   5.994e-04   1.315e-06   1.121e-04   1.205e-08   1.500e-05    0.005368   1.349e-04   2.167e-04    0.077132   5.170e-07    0.003279    0.005215    0.002005
ln L         -7.548449  -12.101149   -7.165429   -2.772967   -7.419557  -13.541310   -9.096282  -18.233865  -11.107718   -5.227343   -8.911330   -8.437120   -2.562234  -14.475244   -5.720102   -5.256182   -6.212002

site               681         682         683         684         685         686         687         688         689         690         691         692         693         694         695         696         697
L             0.001390   2.633e-04   8.318e-09   2.830e-06   9.147e-04   8.719e-06   1.211e-08    0.003355   2.075e-04   4.963e-05    0.077132   9.377e-07    0.002633    0.062476   1.096e-09    0.085727   1.402e-04
ln L         -6.578329   -8.242043  -18.604842  -12.775197   -6.996942  -11.649968  -18.228827   -5.697444   -8.480554   -9.910915   -2.562234  -13.879847   -5.939653   -2.772967  -20.631397   -2.456587   -8.872726

site               698         699         700         701         702         703         704         705         706         707         708         709         710         711         712         713         714
L            1.623e-05   4.635e-06   1.426e-04    0.077132   4.197e-06    0.062476   5.956e-04    0.006781   2.164e-04   4.184e-06   3.192e-05   4.100e-06   1.606e-07    0.077132    0.077132   2.326e-06    0.006206
ln L        -11.028658  -12.281928   -8.855244   -2.562234  -12.381117   -2.772967   -7.425945   -4.993602   -8.438503  -12.384162  -10.352135  -12.404541  -15.644389   -2.562234   -2.562234  -12.971280   -5.082289

site               715         716         717         718         719         720         721         722         723         724         725         726         727         728         729         730         731
L             0.062476   9.931e-06   7.636e-06   1.438e-04   6.940e-09   2.429e-05    0.002978   2.332e-07    0.085727    0.005120    0.006819   5.996e-06    0.005215   7.913e-07   5.191e-04   5.785e-05   5.182e-06
ln L         -2.772967  -11.519832  -11.782615   -8.847181  -18.785900  -10.625356   -5.816510  -15.271202   -2.456587   -5.274549   -4.988029  -12.024470   -5.256182  -14.049561   -7.563436   -9.757571  -12.170346

site               732         733         734         735         736         737         738         739         740         741         742         743         744         745         746         747         748
L             0.085727    0.085727   1.378e-04    0.003787   7.490e-04   1.100e-07   4.595e-05    0.085727   4.040e-06    0.002459    0.085727    0.085727    0.085727   2.023e-04   9.731e-06   4.985e-05   2.695e-07
ln L         -2.456587   -2.456587   -8.889976   -5.576269   -7.196760  -16.023032   -9.987967   -2.456587  -12.419327   -6.008059   -2.456587   -2.456587   -2.456587   -8.505985  -11.540235   -9.906471  -15.126851

site               749         750         751         752         753         754         755         756         757         758         759         760         761         762         763         764         765
L            6.582e-06   6.324e-08   5.576e-06    0.005334    0.062476    0.085727   1.926e-06    0.001667    0.077132   3.277e-07   5.189e-07    0.005334   1.154e-06    0.062476    0.085727   4.227e-05    0.017630
ln L        -11.931222  -16.576403  -12.097010   -5.233659   -2.772967   -2.456587  -13.160208   -6.396692   -2.562234  -14.931157  -14.471478   -5.233659  -13.672643   -2.772967   -2.456587  -10.071424   -4.038130

site               766         767         768         769         770         771         772         773         774         775         776         777         778         779         780         781         782
L             0.062476   6.887e-04    0.085727    0.085727    0.085727   7.806e-06   2.073e-05   6.408e-09   3.845e-08    0.001525   2.432e-05   3.751e-07    0.062476   1.037e-05   1.035e-04   3.103e-04   2.895e-07
ln L         -2.772967   -7.280690   -2.456587   -2.456587   -2.456587  -11.760566  -10.783824  -18.865739  -17.073876   -6.485579  -10.624021  -14.796016   -2.772967  -11.476806   -9.176403   -8.077950  -15.055142

site               783         784         785         786         787         788         789         790         791         792         793         794         795         796         797         798         799
L             0.062476   3.646e-05   1.498e-05   2.973e-05    0.077132   3.135e-04    0.005003    0.062476   2.420e-06    0.085727    0.002444   4.358e-10    0.085727   1.883e-05   1.520e-05    0.085727    0.017630
ln L         -2.772967  -10.219272  -11.108888  -10.423253   -2.562234   -8.067633   -5.297678   -2.772967  -12.931629   -2.456587   -6.014257  -21.553861   -2.456587  -10.880303  -11.094031   -2.456587   -4.038130

site               800         801         802         803         804         805         806         807         808         809         810         811         812         813         814         815         816
L            1.440e-06    0.006532    0.005003   2.481e-07   1.525e-07    0.003355   6.131e-06   3.103e-04    0.077132   1.283e-05    0.085727   4.795e-04   2.683e-04    0.007084   1.156e-04   6.625e-06   3.236e-06
ln L        -13.450804   -5.030970   -5.297678  -15.209557  -15.696168   -5.697444  -12.002082   -8.077950   -2.562234  -11.263903   -2.456587   -7.642761   -8.223550   -4.949938   -9.065045  -11.924602  -12.641241

site               817         818         819         820         821         822         823         824         825         826         827         828         829         830         831         832         833
L             0.062476    0.006781    0.062476    0.001712   4.529e-07   1.632e-04    0.062476   5.796e-10   1.003e-04   6.431e-06    0.005368   4.583e-06   2.262e-05    0.085727   9.974e-05   1.512e-06   3.114e-05
ln L         -2.772967   -4.993602   -2.772967   -6.370211  -14.607507   -8.720441   -2.772967  -21.268605   -9.206891  -11.954352   -5.227343  -12.293059  -10.696686   -2.456587   -9.212963  -13.402243  -10.376924

site               834         835         836         837         838         839         840         841         842         843         844         845         846         847         848         849         850
L             0.077132    0.085727    0.085727    0.017630    0.085727    0.085727   4.440e-05   8.566e-05   4.789e-05    0.085727   9.256e-04   1.111e-05    0.001157    0.062476   2.429e-05    0.002605    0.001331
ln L         -2.562234   -2.456587   -2.456587   -4.038130   -2.456587   -2.456587  -10.022291   -9.365150   -9.946543   -2.456587   -6.985036  -11.407691   -6.761780   -2.772967  -10.625420   -5.950235   -6.621467

site               851         852         853         854         855         856         857         858         859         860         861         862         863         864         865         866         867
L            1.495e-09    0.085727   1.175e-05    0.001353    0.062476    0.017630   6.146e-06    0.002633    0.001157   4.134e-05    0.062476    0.017630    0.085727   6.405e-04    0.001531   6.121e-05    0.001390
ln L        -20.320810   -2.456587  -11.351687   -6.605169   -2.772967   -4.038130  -11.999716   -5.939653   -6.761780  -10.093706   -2.772967   -4.038130   -2.456587   -7.353331   -6.481934   -9.701214   -6.578329

site               868         869         870         871         872         873         874         875         876         877         878         879         880         881         882         883         884
L            8.959e-05   1.557e-08    0.085727    0.001713    0.005603    0.077132    0.085727   8.377e-05    0.085727    0.077132   3.543e-06   3.050e-07   5.878e-04   5.603e-07   5.570e-07   7.650e-04   1.392e-05
ln L         -9.320283  -17.977779   -2.456587   -6.369387   -5.184402   -2.562234   -2.456587   -9.387463   -2.456587   -2.562234  -12.550513  -15.002923   -7.439183  -14.394770  -14.400722   -7.175615  -11.182160

site               885         886         887         888         889         890         891         892         893         894         895         896         897         898
L             0.005603    0.062476    0.002040    0.003598    0.002220   2.297e-08   1.153e-04    0.062476    0.004673    0.085727    0.017630    0.077132    0.062476    0.062476
ln L         -5.184402   -2.772967   -6.194944   -5.627305   -6.110171  -17.589089   -9.067690   -2.772967   -5.366011   -2.456587   -4.038130   -2.562234   -2.772967   -2.772967

Likelihoods for each site on tree 2:

site                 1           2           3           4           5           6           7           8           9          10          11          12          13          14          15          16          17
L             0.080206    0.080206    0.016030    0.005409    0.058034    0.058034   2.996e-05   3.315e-04    0.005394   4.033e-07    0.016030    0.016030   7.146e-06    0.016030    0.071987    0.006864   1.816e-05
ln L         -2.523156   -2.523156   -4.133265   -5.219705   -2.846728   -2.846728  -10.415505   -8.011912   -5.222537  -14.723617   -4.133265   -4.133265  -11.848998   -4.133265   -2.631275   -4.981476  -10.916265

site                18          19          20          21          22          23          24          25          26          27          28          29          30          31          32          33          34
L            1.274e-04   4.113e-07   1.138e-05   4.181e-06   3.964e-06    0.071987    0.058034   7.837e-09    0.080206    0.058034   4.886e-06   7.667e-04    0.058034   1.001e-09    0.016030    0.071987   4.551e-06
ln L         -8.968128  -14.703905  -11.383438  -12.384917  -12.438349   -2.631275   -2.846728  -18.664362   -2.523156   -2.846728  -12.229083   -7.173374   -2.846728  -20.721798   -4.133265   -2.631275  -12.300106

site                35          36          37          38          39          40          41          42          43          44          45          46          47          48          49          50          51
L             0.071987    0.080206   1.121e-05    0.016030    0.016030   7.921e-09    0.005929    0.058034   6.778e-07    0.080206    0.071987   8.309e-06    0.058034    0.071987   1.852e-08    0.058034    0.071987
ln L         -2.631275   -2.523156  -11.399107   -4.133265   -4.133265  -18.653742   -5.127972   -2.846728  -14.204350   -2.523156   -2.631275  -11.698183   -2.846728   -2.631275  -17.804225   -2.846728   -2.631275

site                52          53          54          55          56          57          58          59          60          61          62          63          64          65          66          67          68
L            1.521e-04   5.081e-06    0.058034   4.246e-07   2.115e-05   2.583e-04   5.795e-07    0.058034    0.058034    0.005409    0.058034    0.016030    0.004105   3.429e-05    0.058034   2.679e-07    0.016030
ln L         -8.790718  -12.190030   -2.846728  -14.672125  -10.763826   -8.261383  -14.361148   -2.846728   -2.846728   -5.219705   -2.846728   -4.133265   -5.495489  -10.280606   -2.846728  -15.132795   -4.133265

site                69          70          71          72          73          74          75          76          77          78          79          80          81          82          83          84          85
L             0.071987   3.461e-04    0.080206    0.080206   7.259e-05    0.005328    0.071987    0.004582    0.080206    0.080206   1.116e-04    0.058034    0.080206   1.703e-05    0.016030    0.080206   5.675e-04
ln L         -2.631275   -7.968677   -2.523156   -2.523156   -9.530631   -5.234804   -2.631275   -5.385698   -2.523156   -2.523156   -9.100226   -2.846728   -2.523156  -10.980419   -4.133265   -2.523156   -7.474298

site                86          87          88          89          90          91          92          93          94          95          96          97          98          99         100         101         102
L             0.071987    0.016030   4.198e-07    0.002383   4.448e-04   2.010e-07    0.071987    0.080206   7.344e-05    0.080206   2.553e-04   4.294e-06    0.071987    0.016030   2.709e-06    0.080206   5.335e-05
ln L         -2.631275   -4.133265  -14.683596   -6.039596   -7.717815  -15.419878   -2.631275   -2.523156   -9.519005   -2.523156   -8.272972  -12.358206   -2.631275   -4.133265  -12.818798   -2.523156   -9.838724

site               103         104         105         106         107         108         109         110         111         112         113         114         115         116         117         118         119
L            6.824e-04    0.080206    0.058034    0.080206   1.122e-04   4.746e-04   1.811e-05    0.005929    0.058034   5.323e-07   1.614e-04    0.071987   4.327e-06    0.071987   2.907e-04   1.917e-05    0.016030
ln L         -7.289922   -2.523156   -2.846728   -2.523156   -9.094911   -7.653113  -10.918827   -5.127972   -2.846728  -14.446007   -8.731880   -2.631275  -12.350583   -2.631275   -8.143192  -10.862180   -4.133265

site               120         121         122         123         124         125         126         127         128         129         130         131         132         133         134         135         136
L             0.016030   2.282e-08    0.004996    0.058034   4.058e-08    0.071987    0.080206    0.080206    0.001199   2.827e-04   5.808e-08   1.889e-04    0.058034    0.004582   4.455e-04    0.058034   8.355e-05
ln L         -4.133265  -17.595692   -5.299115   -2.846728  -17.019885   -2.631275   -2.523156   -2.523156   -6.725961   -8.171084  -16.661511   -8.574129   -2.846728   -5.385698   -7.716318   -2.846728   -9.390058

site               137         138         139         140         141         142         143         144         145         146         147         148         149         150         151         152         153
L             0.071987    0.071987   7.843e-06    0.001286    0.058034   5.412e-08    0.002383   1.667e-04    0.080206    0.016030    0.002349   6.532e-07   6.106e-07    0.005222   7.735e-07    0.058034    0.016030
ln L         -2.631275   -2.631275  -11.755897   -6.655881   -2.846728  -16.732097   -6.039596   -8.699082   -2.523156   -4.133265   -6.053742  -14.241438  -14.308830   -5.254907  -14.072373   -2.846728   -4.133265

site               154         155         156         157         158         159         160         161         162         163         164         165         166         167         168         169         170
L             0.080206    0.058034    0.016030    0.080206   2.442e-05    0.058034   2.072e-08   5.687e-06   1.592e-05   6.560e-05    0.016030    0.071987    0.006919    0.080206    0.001695    0.005929    0.005409
ln L         -2.523156   -2.846728   -4.133265   -2.523156  -10.620006   -2.846728  -17.692168  -12.077365  -11.048013   -9.631911   -4.133265   -2.631275   -4.973435   -2.523156   -6.380036   -5.127972   -5.219705

site               171         172         173         174         175         176         177         178         179         180         181         182         183         184         185         186         187
L             0.058034   2.852e-04   4.583e-05    0.071987   1.370e-04    0.080206    0.080206    0.001739    0.071987    0.058034   6.796e-07    0.016030    0.071987    0.001739   5.290e-05    0.058034    0.006013
ln L         -2.846728   -8.162422   -9.990536   -2.631275   -8.895184   -2.523156   -2.523156   -6.354677   -2.631275   -2.846728  -14.201782   -4.133265   -2.631275   -6.354677   -9.847108   -2.846728   -5.113827

site               188         189         190         191         192         193         194         195         196         197         198         199         200         201         202         203         204
L             0.071987    0.071987    0.003130   1.247e-05    0.071987   1.242e-05   1.487e-04    0.071987   2.821e-06    0.080206    0.058034   1.945e-06    0.080206    0.080206   3.176e-07    0.005394    0.058034
ln L         -2.631275   -2.631275   -5.766800  -11.292408   -2.631275  -11.295850   -8.813427   -2.631275  -12.778565   -2.523156   -2.846728  -13.150045   -2.523156   -2.523156  -14.962508   -5.222537   -2.846728

site               205         206         207         208         209         210         211         212         213         214         215         216         217         218         219         220         221
L            2.794e-06   2.220e-04    0.058034   5.888e-08    0.016030    0.016030   1.014e-09    0.016030    0.080206   7.604e-04    0.005929    0.058034   4.327e-05    0.005511   8.123e-05   1.115e-05    0.001695
ln L        -12.788155   -8.412999   -2.846728  -16.647821   -4.133265   -4.133265  -20.709558   -4.133265   -2.523156   -7.181632   -5.127972   -2.846728  -10.048051   -5.201069   -9.418253  -11.403662   -6.380036

site               222         223         224         225         226         227         228         229         230         231         232         233         234         235         236         237         238
L             0.005511   1.398e-06    0.002488    0.003764   3.693e-05   9.140e-08   2.393e-04   3.824e-06   1.705e-07    0.071987   1.008e-05   6.051e-07    0.002572   1.230e-07    0.058034    0.058034   4.848e-06
ln L         -5.201069  -13.480134   -5.996470   -5.582257  -10.206494  -16.208009   -8.337644  -12.474310  -15.584683   -2.631275  -11.504769  -14.317917   -5.963173  -15.911033   -2.846728   -2.846728  -12.236935

site               239         240         241         242         243         244         245         246         247         248         249         250         251         252         253         254         255
L             0.058034    0.071987   2.028e-05    0.058034    0.016030   1.136e-07   8.729e-04    0.071987   8.839e-06   2.638e-04    0.080206   7.194e-07   5.623e-04   2.188e-05   4.052e-06    0.080206    0.071987
ln L         -2.846728   -2.631275  -10.805968   -2.846728   -4.133265  -15.990611   -7.043694   -2.631275  -11.636372   -8.240196   -2.523156  -14.144897   -7.483453  -10.730021  -12.416406   -2.523156   -2.631275

site               256         257         258         259         260         261         262         263         264         265         266         267         268         269         270         271         272
L            5.368e-08    0.001903    0.058034   6.485e-07   2.189e-07    0.002515   4.668e-07   4.259e-07    0.058034   3.512e-07    0.002383    0.005394   2.445e-05    0.016030    0.016030   2.132e-06   2.389e-07
ln L        -16.740271   -6.264345   -2.846728  -14.248540  -15.334817   -5.985573  -14.577344  -14.669065   -2.846728  -14.861939   -6.039596   -5.222537  -10.618966   -4.133265   -4.133265  -13.058334  -15.247181

site               273         274         275         276         277         278         279         280         281         282         283         284         285         286         287         288         289
L             0.001591   3.069e-08    0.080206    0.080206   6.099e-06    0.001199    0.004997   4.444e-04   4.090e-04    0.058034    0.001122   3.919e-04    0.058034   1.185e-07    0.080206    0.071987   4.497e-07
ln L         -6.443087  -17.299294   -2.523156   -2.523156  -12.007456   -6.725961   -5.298826   -7.718834   -7.801872   -2.846728   -6.793064   -7.844428   -2.846728  -15.948599   -2.523156   -2.631275  -14.614645

site               290         291         292         293         294         295         296         297         298         299         300         301         302         303         304         305         306
L            7.116e-04    0.071987   4.115e-04    0.071987    0.058034   6.022e-07    0.058034    0.080206    0.005394    0.058034    0.071987   2.148e-08    0.071987    0.058034   2.021e-08   1.459e-04    0.080206
ln L         -7.248015   -2.631275   -7.795776   -2.631275   -2.846728  -14.322598   -2.846728   -2.523156   -5.222537   -2.846728   -2.631275  -17.656054   -2.631275   -2.846728  -17.717204   -8.832879   -2.523156

site               307         308         309         310         311         312         313         314         315         316         317         318         319         320         321         322         323
L            3.909e-07    0.080206    0.058034   1.377e-07    0.004997    0.005875   1.173e-05    0.002603   3.660e-06   9.389e-07    0.006571   2.045e-04   3.754e-04   5.675e-04    0.001286    0.006013    0.071987
ln L        -14.754720   -2.523156   -2.846728  -15.798380   -5.298826   -5.137047  -11.353218   -5.950928  -12.518183  -13.878522   -5.025158   -8.494713   -7.887519   -7.474298   -6.655881   -5.113827   -2.631275

site               324         325         326         327         328         329         330         331         332         333         334         335         336         337         338         339         340
L             0.080206    0.002603    0.001489    0.016030   3.919e-04    0.016030    0.016030   2.292e-05   1.351e-10    0.006800   7.667e-04    0.005409   2.181e-04   2.656e-04    0.080206    0.071987   7.912e-05
ln L         -2.523156   -5.950928   -6.509728   -4.133265   -7.844428   -4.133265   -4.133265  -10.683456  -22.725234   -4.990800   -7.173374   -5.219705   -8.430468   -8.233671   -2.523156   -2.631275   -9.444483

site               341         342         343         344         345         346         347         348         349         350         351         352         353         354         355         356         357
L            4.448e-04    0.080206   6.096e-05    0.007215    0.002603    0.005394    0.004582   3.575e-04   4.034e-09    0.005230   5.001e-07   1.507e-06    0.080206    0.080206   8.005e-06    0.005230    0.058034
ln L         -7.717815   -2.523156   -9.705330   -4.931599   -5.950928   -5.222537   -5.385698   -7.936500  -19.328501   -5.253347  -14.508374  -13.405333   -2.523156   -2.523156  -11.735502   -5.253347   -2.846728

site               358         359         360         361         362         363         364         365         366         367         368         369         370         371         372         373         374
L             0.006864    0.080206    0.006013   7.467e-09    0.071987    0.071987   6.919e-07   2.988e-05    0.005929   3.899e-07    0.002515    0.058034   8.102e-06    0.080206    0.071987    0.006864    0.071987
ln L         -4.981476   -2.523156   -5.113827  -18.712813   -2.631275   -2.631275  -14.183871  -10.418235   -5.127972  -14.757305   -5.985573   -2.846728  -11.723340   -2.523156   -2.631275   -4.981476   -2.631275

site               375         376         377         378         379         380         381         382         383         384         385         386         387         388         389         390         391
L             0.016030    0.003264    0.016030    0.080206    0.080206    0.080206    0.080206   3.092e-07    0.080206   3.065e-09   6.012e-08   1.251e-05    0.058034   7.360e-05    0.080206    0.058034   8.993e-06
ln L         -4.133265   -5.724761   -4.133265   -2.523156   -2.523156   -2.523156   -2.523156  -14.989189   -2.523156  -19.603096  -16.626956  -11.289260   -2.846728   -9.516899   -2.523156   -2.846728  -11.619103

site               392         393         394         395         396         397         398         399         400         401         402         403         404         405         406         407         408
L            3.796e-07    0.003764   5.045e-06    0.001509    0.058034   1.138e-05    0.071987    0.080206    0.005929   5.008e-04    0.058034   2.738e-05   2.431e-06   2.040e-04   3.344e-05    0.071987    0.071987
ln L        -14.784213   -5.582257  -12.197073   -6.496174   -2.846728  -11.383438   -2.631275   -2.523156   -5.127972   -7.599307   -2.846728  -10.505653  -12.927079   -8.497396  -10.305641   -2.631275   -2.631275

site               409         410         411         412         413         414         415         416         417         418         419         420         421         422         423         424         425
L            2.177e-04   4.832e-05    0.058034   3.036e-08   2.476e-04    0.058034    0.001739    0.071987    0.058034   4.967e-08   1.467e-04    0.058034   3.754e-04   2.138e-05    0.071987   1.250e-06   8.974e-05
ln L         -8.432202   -9.937665   -2.846728  -17.310128   -8.303526   -2.846728   -6.354677   -2.631275   -2.846728  -16.817886   -8.827385   -2.846728   -7.887519  -10.753171   -2.631275  -13.592369   -9.318571

site               426         427         428         429         430         431         432         433         434         435         436         437         438         439         440         441         442
L             0.004997   4.045e-06    0.080206    0.002603    0.001356    0.071987    0.071987   5.129e-05   6.289e-04    0.001133   1.606e-06   7.735e-05    0.058034   2.616e-06    0.080206    0.058034   4.565e-07
ln L         -5.298826  -12.417943   -2.523156   -5.950928   -6.603545   -2.631275   -2.631275   -9.877996   -7.371539   -6.782882  -13.341935   -9.467155   -2.846728  -12.853713   -2.523156   -2.846728  -14.599669

site               443         444         445         446         447         448         449         450         451         452         453         454         455         456         457         458         459
L            4.921e-06    0.001834   9.884e-09    0.016030    0.016030   1.730e-08   9.786e-05   4.963e-04   3.861e-07   1.185e-06    0.005409   2.375e-09   2.735e-04   2.957e-04   7.315e-05    0.058034    0.016030
ln L        -12.222070   -6.301312  -18.432367   -4.133265   -4.133265  -17.872382   -9.231949   -7.608259  -14.767112  -13.645670   -5.219705  -19.858163   -8.204075   -8.126315   -9.522986   -2.846728   -4.133265

site               460         461         462         463         464         465         466         467         468         469         470         471         472         473         474         475         476
L             0.058034    0.080206   3.459e-04    0.006571    0.002515    0.080206    0.058034    0.080206    0.016030    0.058034    0.058034    0.058034    0.080206    0.002603   7.146e-06   3.681e-04    0.080206
ln L         -2.846728   -2.523156   -7.969415   -5.025158   -5.985573   -2.523156   -2.846728   -2.523156   -4.133265   -2.846728   -2.846728   -2.846728   -2.523156   -5.950928  -11.848998   -7.907227   -2.523156

site               477         478         479         480         481         482         483         484         485         486         487         488         489         490         491         492         493
L             0.080206    0.080206    0.080206    0.071987    0.080206   2.438e-05    0.001394    0.080206    0.016030    0.080206    0.001603    0.058034    0.016030    0.058034    0.016030    0.080206    0.002383
ln L         -2.523156   -2.523156   -2.523156   -2.631275   -2.523156  -10.621876   -6.575343   -2.523156   -4.133265   -2.523156   -6.435775   -2.846728   -4.133265   -2.846728   -4.133265   -2.523156   -6.039596

site               494         495         496         497         498         499         500         501         502         503         504         505         506         507         508         509         510
L             0.058034    0.071987    0.003764   6.289e-04    0.001815   7.875e-08   5.231e-06    0.080206    0.001394    0.080206    0.016030    0.001133   1.406e-05   9.000e-06    0.007215   4.242e-07   1.404e-08
ln L         -2.846728   -2.631275   -5.582257   -7.371539   -6.311468  -16.356974  -12.160940   -2.523156   -6.575343   -2.523156   -4.133265   -6.782882  -11.172143  -11.618265   -4.931599  -14.673099  -18.081102

site               511         512         513         514         515         516         517         518         519         520         521         522         523         524         525         526         527
L             0.001199    0.246460   2.647e-05   3.044e-08    0.091833    0.005409   2.350e-05   9.432e-04    0.071987    0.058034    0.058034    0.001199   2.603e-04    0.058034    0.058034    0.080206    0.071987
ln L         -6.725961   -1.400554  -10.539652  -17.307417   -2.387783   -5.219705  -10.658675   -6.966197   -2.631275   -2.846728   -2.846728   -6.725961   -8.253751   -2.846728   -2.846728   -2.523156   -2.631275

site               528         529         530         531         532         533         534         535         536         537         538         539         540         541         542         543         544
L             0.071987    0.001491    0.080206    0.016030    0.080206    0.080206    0.080206   3.454e-05   4.448e-04   8.233e-06    0.324121   5.865e-06   5.424e-06   2.969e-05   2.557e-04    0.004582    0.016030
ln L         -2.631275   -6.508217   -2.523156   -4.133265   -2.523156   -2.523156   -2.523156  -10.273422   -7.717815  -11.707365   -1.126640  -12.046528  -12.124636  -10.424644   -8.271512   -5.385698   -4.133265

site               545         546         547         548         549         550         551         552         553         554         555         556         557         558         559         560         561
L            1.197e-04   7.604e-04    0.071987    0.001603    0.016030    0.071987    0.058034    0.080206    0.080206   8.726e-08   2.393e-04    0.071987   1.633e-04   9.556e-08   8.449e-10   4.767e-08   1.049e-06
ln L         -9.030887   -7.181632   -2.631275   -6.435775   -4.133265   -2.631275   -2.846728   -2.523156   -2.523156  -16.254375   -8.337644   -2.631275   -8.719653  -16.163508  -20.891792  -16.858927  -13.768001

site               562         563         564         565         566         567         568         569         570         571         572         573         574         575         576         577         578
L            2.066e-05    0.071987    0.071987   9.353e-07    0.005875    0.001026   3.559e-07   1.306e-10    0.058034   1.132e-05    0.080206   3.234e-04    0.080206   5.451e-06    0.002906   1.952e-04   2.186e-04
ln L        -10.787288   -2.631275   -2.631275  -13.882358   -5.137047   -6.882163  -14.848557  -22.759005   -2.846728  -11.388893   -2.523156   -8.036658   -2.523156  -12.119789   -5.840942   -8.541574   -8.428377

site               579         580         581         582         583         584         585         586         587         588         589         590         591         592         593         594         595
L             0.016030    0.016030   2.827e-04    0.058034    0.004013   1.126e-04    0.071987    0.058034    0.005409    0.095466    0.001133    0.071987    0.058034    0.058034    0.058034    0.058034    0.080206
ln L         -4.133265   -4.133265   -8.171084   -2.846728   -5.518236   -9.091293   -2.631275   -2.846728   -5.219705   -2.348990   -6.782882   -2.631275   -2.846728   -2.846728   -2.846728   -2.846728   -2.523156

site               596         597         598         599         600         601         602         603         604         605         606         607         608         609         610         611         612
L             0.080206    0.080206    0.016030    0.016030    0.080206    0.058034    0.080206   6.880e-05   5.602e-04    0.080206    0.016030   4.448e-04   1.213e-04    0.080206    0.058034    0.071987    0.071987
ln L         -2.523156   -2.523156   -4.133265   -4.133265   -2.523156   -2.846728   -2.523156   -9.584379   -7.487230   -2.523156   -4.133265   -7.717815   -9.017241   -2.523156   -2.846728   -2.631275   -2.631275

site               613         614         615         616         617         618         619         620         621         622         623         624         625         626         627         628         629
L            2.435e-05    0.058034    0.004997    0.016030   2.553e-04   2.186e-04    0.071987    0.058034    0.058034    0.080206    0.016030    0.016030   7.912e-05   1.874e-06   2.827e-04    0.071987    0.002383
ln L        -10.622881   -2.846728   -5.298826   -4.133265   -8.272972   -8.428377   -2.631275   -2.846728   -2.846728   -2.523156   -4.133265   -4.133265   -9.444483  -13.187375   -8.171084   -2.631275   -6.039596

site               630         631         632         633         634         635         636         637         638         639         640         641         642         643         644         645         646
L             0.080206    0.080206    0.080206    0.080206   2.851e-06    0.002123    0.058034    0.058034    0.016030    0.016030    0.058034    0.016030    0.071987    0.080206    0.080206    0.071987    0.058034
ln L         -2.523156   -2.523156   -2.523156   -2.523156  -12.767899   -6.154939   -2.846728   -2.846728   -4.133265   -4.133265   -2.846728   -4.133265   -2.631275   -2.523156   -2.523156   -2.631275   -2.846728

site               647         648         649         650         651         652         653         654         655         656         657         658         659         660         661         662         663
L             0.071987    0.071987    0.080206    0.080206    0.080206    0.058034    0.080206    0.080206    0.080206    0.080206    0.016030    0.058034    0.080206    0.080206    0.002376    0.080206   7.699e-05
ln L         -2.631275   -2.631275   -2.523156   -2.523156   -2.523156   -2.846728   -2.523156   -2.523156   -2.523156   -2.523156   -4.133265   -2.846728   -2.523156   -2.523156   -6.042393   -2.523156   -9.471889

site               664         665         666         667         668         669         670         671         672         673         674         675         676         677         678         679         680
L            5.306e-04   7.342e-06    0.001122    0.058034   1.857e-04   1.217e-06   2.112e-04   2.666e-08   4.607e-06    0.005929   1.361e-04   4.147e-05    0.071987   4.074e-07    0.005923    0.004997    0.002430
ln L         -7.541415  -11.821954   -6.793064   -2.846728   -8.591454  -13.619316   -8.462932  -17.440238  -12.287866   -5.127972   -8.901783  -10.090555   -2.631275  -14.713571   -5.128990   -5.298826   -6.019963

site               681         682         683         684         685         686         687         688         689         690         691         692         693         694         695         696         697
L             0.001199   1.900e-04   1.935e-09   1.486e-06   9.432e-04   9.534e-06   1.009e-07   2.393e-04   2.128e-04   5.701e-05    0.071987   3.184e-07    0.002572    0.058034   1.237e-09    0.080206   1.580e-04
ln L         -6.725961   -8.568508  -20.062939  -13.419527   -6.966197  -11.560658  -16.109012   -8.337644   -8.454950   -9.772302   -2.631275  -14.959801   -5.963173   -2.846728  -20.510552   -2.523156   -8.752847

site               698         699         700         701         702         703         704         705         706         707         708         709         710         711         712         713         714
L            3.108e-06   2.246e-06   1.761e-04    0.071987   3.912e-05    0.058034   5.675e-04    0.007500   2.186e-04   4.922e-06   3.554e-05   4.733e-06   1.091e-07    0.071987    0.071987   3.406e-06    0.006013
ln L        -12.681618  -13.006462   -8.644734   -2.631275  -10.148860   -2.846728   -7.474298   -4.892807   -8.428377  -12.221861  -10.244811  -12.260913  -16.030857   -2.631275   -2.631275  -12.589933   -5.113827

site               715         716         717         718         719         720         721         722         723         724         725         726         727         728         729         730         731
L             0.058034   8.826e-06   1.847e-06   1.391e-04   1.084e-08   4.682e-05    0.005394   2.311e-07    0.080206    0.004996    0.006583   1.034e-05    0.004997   1.737e-06   3.919e-04   1.074e-04   1.244e-06
ln L         -2.846728  -11.637794  -13.202159   -8.880242  -18.340133   -9.969129   -5.222537  -15.280502   -2.523156   -5.299115   -5.023332  -11.479655   -5.298826  -13.263166   -7.844428   -9.138807  -13.596952

site               732         733         734         735         736         737         738         739         740         741         742         743         744         745         746         747         748
L             0.080206    0.080206   1.577e-04    0.006800    0.001089   1.410e-07   1.662e-04    0.080206   3.660e-06    0.002383    0.080206    0.080206    0.080206   2.228e-04   7.509e-06   2.151e-04   3.460e-07
ln L         -2.523156   -2.523156   -8.754650   -4.990800   -6.822568  -15.774248   -8.702270   -2.523156  -12.518183   -6.039596   -2.523156   -2.523156   -2.523156   -8.409222  -11.799431   -8.444220  -14.876823

site               749         750         751         752         753         754         755         756         757         758         759         760         761         762         763         764         765
L            7.725e-06   7.129e-08   7.617e-06    0.005230    0.058034    0.080206   2.146e-06    0.001627    0.071987   1.538e-06   1.911e-07    0.005230   1.138e-06    0.058034    0.080206   2.783e-05    0.016030
ln L        -11.771103  -16.456570  -11.785066   -5.253347   -2.846728   -2.523156  -13.052049   -6.421258   -2.631275  -13.384914  -15.470328   -5.253347  -13.686522   -2.846728   -2.523156  -10.489563   -4.133265

site               766         767         768         769         770         771         772         773         774         775         776         777         778         779         780         781         782
L             0.058034   5.980e-04    0.080206    0.080206    0.080206   8.874e-06   2.429e-05   6.829e-09   6.850e-08    0.001489   4.282e-06   3.594e-08    0.058034   2.206e-06   2.058e-05   1.667e-04   2.426e-07
ln L         -2.846728   -7.421943   -2.523156   -2.523156   -2.523156  -11.632375  -10.625526  -18.802035  -16.496417   -6.509728  -12.361015  -17.141551   -2.846728  -13.024363  -10.791232   -8.699065  -15.231801

site               783         784         785         786         787         788         789         790         791         792         793         794         795         796         797         798         799
L             0.058034   6.564e-05   1.657e-05   2.790e-05    0.071987   5.357e-05    0.005511    0.058034   2.711e-06    0.080206    0.002376   5.101e-09    0.080206   2.164e-05   2.051e-05    0.080206    0.016030
ln L         -2.846728   -9.631351  -11.007911  -10.486861   -2.631275   -9.834443   -5.201069   -2.846728  -12.818308   -2.523156   -6.042393  -19.093902   -2.523156  -10.740863  -10.794838   -2.523156   -4.133265

site               800         801         802         803         804         805         806         807         808         809         810         811         812         813         814         815         816
L            1.308e-06    0.007215    0.005511   2.170e-07   2.461e-07   2.393e-04   6.886e-06   1.667e-04    0.071987   3.030e-05    0.080206   4.455e-04   3.893e-04    0.006864   2.026e-05   1.321e-06   3.727e-06
ln L        -13.546651   -4.931599   -5.201069  -15.343496  -15.217554   -8.337644  -11.886056   -8.699065   -2.631275  -10.404310   -2.523156   -7.716318   -7.851185   -4.981476  -10.806708  -13.536782  -12.499993

site               817         818         819         820         821         822         823         824         825         826         827         828         829         830         831         832         833
L             0.058034    0.007500    0.058034    0.001709   7.280e-08   1.875e-04    0.058034   1.568e-09   1.126e-04   9.845e-06    0.005929   6.784e-06   2.430e-05    0.080206   2.391e-05   8.617e-07   4.734e-05
ln L         -2.846728   -4.892807   -2.846728   -6.371753  -16.435586   -8.581830   -2.846728  -20.273622   -9.091293  -11.528500   -5.127972  -11.900924  -10.625120   -2.523156  -10.641404  -13.964343   -9.958087

site               834         835         836         837         838         839         840         841         842         843         844         845         846         847         848         849         850
L             0.071987    0.080206    0.080206    0.016030    0.080206    0.080206   5.181e-05   6.670e-05   5.932e-05    0.080206   8.432e-04   2.688e-05    0.001133    0.058034   2.626e-05    0.002533   1.018e-04
ln L         -2.631275   -2.523156   -2.523156   -4.133265   -2.523156   -2.523156   -9.867833   -9.615250   -9.732518   -2.523156   -7.078291  -10.524059   -6.782882   -2.846728  -10.547488   -5.978371   -9.192682

site               851         852         853         854         855         856         857         858         859         860         861         862         863         864         865         866         867
L            2.282e-09    0.080206   1.135e-06    0.001286    0.058034    0.016030   5.716e-06    0.002572    0.001133   1.469e-04    0.058034    0.016030    0.080206   6.289e-04    0.001834   4.269e-05    0.001199
ln L        -19.898162   -2.523156  -13.689246   -6.655881   -2.846728   -4.133265  -12.072160   -5.963173   -6.782882   -8.826037   -2.846728   -4.133265   -2.523156   -7.371539   -6.301312  -10.061648   -6.725961

site               868         869         870         871         872         873         874         875         876         877         878         879         880         881         882         883         884
L            2.442e-05   1.794e-08    0.080206   4.448e-04    0.005409    0.071987    0.080206   8.494e-05    0.080206    0.071987   1.612e-06   3.113e-07   5.063e-05   3.887e-07   5.030e-07   7.667e-04   1.047e-07
ln L        -10.620006  -17.836508   -2.523156   -7.717815   -5.219705   -2.631275   -2.523156   -9.373552   -2.523156   -2.631275  -13.338007  -14.982585   -9.890995  -14.760374  -14.502595   -7.173374  -16.071932

site               885         886         887         888         889         890         891         892         893         894         895         896         897         898
L             0.005409    0.058034    0.002488   2.583e-04    0.002143   5.576e-09   1.232e-04    0.058034    0.004582    0.080206    0.016030    0.071987    0.058034    0.058034
ln L         -5.219705   -2.846728   -5.996470   -8.261383   -6.145474  -19.004855   -9.001678   -2.846728   -5.385698   -2.523156   -4.133265   -2.631275   -2.846728   -2.846728

Time used to compute likelihoods = 0.02 sec (CPU time = 0.14 sec)

Tree scores (and parameter estimates) written to file: ~/Library/CloudStorage/Dropbox/Lab/James McInerney/programming/MLDecay/debug_runs/mldecay_20250521_150047/site_lnl_Clade_9.txt
