--- STDOUT ---

P A U P *
Version 4.0a (build 168) for macOS (built on Aug  2 2020 at 06:41:30)
Fri Jun 27 18:41:51 2025

        -----------------------------NOTICE-----------------------------
          This is a test version that is still changing rapidly.
          Please report bugs to dave@phylosolutions.com
        ----------------------------------------------------------------

Running on Apple M3 Max
    16 CPU cores on 1 socket
    Executable built for Intel(R) 64 architecture
    Compiled using Intel compiler (icc) 11.1.0 (build 20091012)
    SSE vectorization enabled
    SSSE3 instructions supported
    Multithreading enabled using Pthreads

Processing of file "~/Library/CloudStorage/Dropbox/Lab/James
McInerney/programming/MLDecay/debug_runs/mldecay_20250627_184149/bootstrap_search.nex" begins...

Processing of file "~/Library/CloudStorage/Dropbox/Lab/James
McInerney/programming/MLDecay/debug_runs/mldecay_20250627_184149/alignment.nex" begins...

Data read in DNA format

Data matrix has 12 taxa, 898 characters
Valid character-state symbols: ACGT
Missing data identified by '?'
Gaps identified by '-'
"Equate" macros in effect:
   R,r ==> {AG}
   Y,y ==> {CT}
   M,m ==> {AC}
   K,k ==> {GT}
   S,s ==> {CG}
   W,w ==> {AT}
   H,h ==> {ACT}
   B,b ==> {CGT}
   V,v ==> {ACG}
   D,d ==> {AGT}
   N,n ==> {ACGT}

Processing of input file "alignment.nex" completed.

Optimality criterion set to likelihood.

Heuristic search settings:
  Optimality criterion = likelihood
    898 characters are included
    All characters have equal weight
    Likelihood settings:
      Current model:
                               Data type = nucleotide
                  DNA substitution types = 1
                       State frequencies = empirical: A=0.324121 C=0.30402 G=0.105528 T=0.266332
          Proportion of invariable sites = none
                 Rates at variable sites = equal
                    Model correspondence = F81

      Number of distinct data patterns under this model = 413
      Molecular clock not enforced
      Starting branch lengths obtained using Rogers-Swofford approximation method
      Trees with approximate log likelihoods 5% or further from the target score are rejected without additional iteration
      Branch-length optimization = one-dimensional Newton-Raphson with pass limit=20, tolerance=1e-07
      Likelihood calculations performed in single precision
      Vector processing enabled
      Using standard Felsenstein pruning for computing likelihoods
      Conditional-likelihood rescaling threshold = 1e-20
      Using 14 parallel threads on 16 processors

  Starting tree(s) obtained via stepwise addition
    Addition sequence: as-is
    Number of trees held at each step = 1
  Branch-swapping algorithm: tree-bisection-reconnection (TBR) with reconnection limit = 8
    Steepest descent option not in effect
  Initial 'Maxtrees' setting = 100
  Branches collapsed (creating polytomies) if branch length is less than or equal to 1e-08
  'MulTrees' option in effect
  No topological constraints in effect
  Trees are unrooted

Heuristic search completed
  Total number of rearrangements tried = 546
  Score of best tree(s) found = 6303.661
  Number of trees retained = 1
  Time used = 0.80 sec (CPU time = 10.27 sec)

Bootstrap method with heuristic search:
  Number of bootstrap replicates = 25
  Starting seed = generated automatically
  Number of characters resampled in each replicate = 898
  Optimality criterion = likelihood
    898 characters are included
    All characters have equal weight
    Likelihood settings:
      Current model:
                               Data type = nucleotide
                  DNA substitution types = 1
                       State frequencies = empirical: A=0.324121 C=0.30402 G=0.105528 T=0.266332
          Proportion of invariable sites = none
                 Rates at variable sites = equal
                    Model correspondence = F81

      Number of distinct data patterns under this model = 413
      Molecular clock not enforced
      Starting branch lengths obtained using Rogers-Swofford approximation method
      Trees with approximate log likelihoods 5% or further from the target score are rejected without additional iteration
      Branch-length optimization = one-dimensional Newton-Raphson with pass limit=20, tolerance=1e-07
      Likelihood calculations performed in single precision
      Vector processing enabled
      Using standard Felsenstein pruning for computing likelihoods
      Conditional-likelihood rescaling threshold = 1e-20
      Using 14 parallel threads on 16 processors

  Starting tree(s) obtained via stepwise addition
    Addition sequence: random
    Number of replicates = 1
    Starting seed = generated automatically
    Number of trees held at each step = 1
  Branch-swapping algorithm: tree-bisection-reconnection (TBR) with reconnection limit = 8
    Steepest descent option not in effect
  Initial 'Maxtrees' setting = 100
  Branches collapsed (creating polytomies) if branch length is less than or equal to 1e-08
  'MulTrees' option in effect
  No topological constraints in effect
  Trees are unrooted

  25 bootstrap replicates completed
  Time used = 16.91 sec (CPU time = 00:03:44.0)

Bootstrap 50% majority-rule consensus tree

/------------------------------------------------------------------------------------------------------------------ Lemur catta(1)
|
|                                                                                                   /-------------- Homo sapiens(2)
|                                                                                     /-----68------+
|                                                                                     |             \-------------- Pan troglodytes(3)
|                                                                      /-----100------+
|                                                        /-----88------+              \---------------------------- Gorilla gorilla(4)
|                                                        |             |
|                                          /-----100-----+             \------------------------------------------- Orangutan(5)
|                                          |             |
|                                          |             \--------------------------------------------------------- Gibbon(6)
|                                          |
|                            /-----100-----+                                                        /-------------- Macaca fuscata(7)
|                            |             |                                          /-----96------+
|                            |             |                                          |             \-------------- Macaca mulatta(8)
|                            |             |                           /------96------+
|             /-----100------+             \------------100------------+              \---------------------------- Macaca fascicularis(9)
|             |              |                                         |
|             |              |                                         \------------------------------------------- Macaca sylvanus(10)
\-------------+              |
              |              \------------------------------------------------------------------------------------- Saimiri sciureus(11)
              |
              \---------------------------------------------------------------------------------------------------- Tarsius syrichta(12)

Bipartitions found in one or more trees and frequency of occurrence (bootstrap support values):

         1 1
123456789012          Freq        %
-----------------------------------
......****..            25  100.00%
.***........            25  100.00%
.*****......            25  100.00%
.*********..            25  100.00%
.**********.            25  100.00%
......**....            24   96.00%
......***...            24   96.00%
.****.......            22   88.00%
.**.........            17   68.00%
..**........             8   32.00%
.***.*......             2    8.00%

3 groups at (relative) frequency less than 5% not shown

Tree description:

  Unrooted tree(s) rooted using outgroup method

  Note: No outgroup has been defined; tree is (arbitrarily) rooted at first taxon.
  Optimality criterion = likelihood
    898 characters are included
    All characters have equal weight
    Likelihood settings:
      Current model:
                               Data type = nucleotide
                  DNA substitution types = 1
                       State frequencies = empirical: A=0.324121 C=0.30402 G=0.105528 T=0.266332
          Proportion of invariable sites = none
                 Rates at variable sites = equal
                    Model correspondence = F81

      Number of distinct data patterns under this model = 413
      Molecular clock not enforced
      Starting branch lengths obtained using Rogers-Swofford approximation method
      Branch-length optimization = one-dimensional Newton-Raphson with pass limit=20, tolerance=1e-07
      Likelihood calculations performed in single precision
      Vector processing enabled
      Using standard Felsenstein pruning for computing likelihoods
      Conditional-likelihood rescaling threshold = 1e-20
      Using 14 parallel threads on 16 processors

Tree 1 (rooted using default outgroup)

Branch lengths and linkages for tree #1 (unrooted)

                    Connected          Branch    Standard
   Node              to node           length       error
---------------------------------------------------------
Lemur catta (1)         22            0.13464     0.01584
    21                  22            0.08918     0.01445
    20                  21            0.05114     0.01202
    16                  20            0.05150     0.01067
    15                  16            0.02947     0.00800
    14                  15            0.05154     0.00941
    13                  14            0.02001     0.00588
Homo sapiens (2)        13            0.04041     0.00754
Pan troglodytes (3)     13            0.05375     0.00857
Gorilla gorilla (4)     14            0.05340     0.00896
Orangutan (5)           15            0.08947     0.01152
Gibbon (6)              16            0.10720     0.01284
    19                  20            0.11926     0.01433
    18                  19            0.03118     0.00747
    17                  18            0.02981     0.00636
Macaca fuscata (7)      17            0.01507     0.00446
Macaca mulatta (8)      17            0.02142     0.00522
Macaca fascicula (9)    18            0.04643     0.00790
Macaca sylvanus (10)    19            0.05828     0.00942
Saimiri sciureus (11)   21            0.17763     0.01766
Tarsius syrichta (12)   22            0.18197     0.01800
---------------------------------------------------------
Sum                                   1.45279

-Ln likelihood = 6303.661

/---------------------------------------------------------------------------------------------------------------------- Lemur catta
|
|                                                                                                      /--------------- Homo sapiens
|                                                                                        /------------13
|                                                                                        |             \--------------- Pan troglodytes
|                                                                         /-------------14
|                                                          /-------------15              \----------------------------- Gorilla gorilla
|                                                          |              |
|                                           /-------------16              \-------------------------------------------- Orangutan
|                                           |              |
|                                           |              \----------------------------------------------------------- Gibbon
|                                           |
|                             /------------20                                                          /--------------- Macaca fuscata
|                             |             |                                            /------------17
|                             |             |                                            |             \--------------- Macaca mulatta
|                             |             |                             /-------------18
|              /-------------21             \----------------------------19              \----------------------------- Macaca fascicularis
|              |              |                                           |
|              |              |                                           \-------------------------------------------- Macaca sylvanus
\-------------22              |
               |              \---------------------------------------------------------------------------------------- Saimiri sciureus
               |
               \------------------------------------------------------------------------------------------------------- Tarsius syrichta

1 tree saved to file "~/Library/CloudStorage/Dropbox/Lab/James
McInerney/programming/MLDecay/debug_runs/mldecay_20250627_184149/bootstrap_trees.tre" in raw Newick format
