--- STDOUT ---

P A U P *
Version 4.0a (build 168) for macOS (built on Aug  2 2020 at 06:41:30)
Wed May 21 15:42:21 2025

        -----------------------------NOTICE-----------------------------
          This is a test version that is still changing rapidly.
          Please report bugs to dave@phylosolutions.com
        ----------------------------------------------------------------

Running on Apple M3 Max
    16 CPU cores on 1 socket
    Executable built for Intel(R) 64 architecture
    Compiled using Intel compiler (icc) 11.1.0 (build 20091012)
    SSE vectorization enabled
    SSSE3 instructions supported
    Multithreading enabled using Pthreads

Processing of file "~/Library/CloudStorage/Dropbox/Lab/James McInerney/programming/MLDecay/debug_runs/mldecay_20250521_154114/site_analysis_Clade_10.nex" begins...

Processing of file "~/Library/CloudStorage/Dropbox/Lab/James McInerney/programming/MLDecay/debug_runs/mldecay_20250521_154114/alignment.nex" begins...

Data read in DNA format

Data matrix has 12 taxa, 898 characters
Valid character-state symbols: ACGT
Missing data identified by '?'
Gaps identified by '-'
"Equate" macros in effect:
   R,r ==> {AG}
   Y,y ==> {CT}
   M,m ==> {AC}
   K,k ==> {GT}
   S,s ==> {CG}
   W,w ==> {AT}
   H,h ==> {ACT}
   B,b ==> {CGT}
   V,v ==> {ACG}
   D,d ==> {AGT}
   N,n ==> {ACGT}

Processing of input file "alignment.nex" completed.

Optimality criterion set to likelihood.

Processing TREES block from file: ~/Library/CloudStorage/Dropbox/Lab/James McInerney/programming/MLDecay/debug_runs/mldecay_20250521_154114/ml_tree.tre
  Keeping: trees from file (replacing any trees already in memory)
  1 tree read from file

  Time used = 0.00 sec (CPU time = 0.00 sec)

Note: Input trees are rooted but current criterion and/or option settings would specify unrooted trees.  (You can deroot the trees using the 'derootTrees' command.)

Processing TREES block from file: ~/Library/CloudStorage/Dropbox/Lab/James McInerney/programming/MLDecay/debug_runs/mldecay_20250521_154114/constraint_tree_10.tre
  Keeping: trees in memory plus trees from file
  1 tree originally in memory
  1 tree read from file
  1 tree from file kept
  2 trees now in memory

  Time used = 0.00 sec (CPU time = 0.00 sec)

Note: Input trees are rooted but current criterion and/or option settings would specify unrooted trees.  (You can deroot the trees using the 'derootTrees' command.)

Likelihood scores of tree(s) in memory:
---------------------------------------
  898 characters are included
  All characters have equal weight
  Likelihood settings:
    Current model:
                             Data type = nucleotide
                DNA substitution types = 1
                     State frequencies = empirical: A=0.324121 C=0.30402 G=0.105528 T=0.266332
        Proportion of invariable sites = none
               Rates at variable sites = equal
                  Model correspondence = F81

    Number of distinct data patterns under this model = 413
    Molecular clock not enforced
    Starting branch lengths obtained using Rogers-Swofford approximation method
    Branch-length optimization = one-dimensional Newton-Raphson with pass limit=20, tolerance=1e-07
    Likelihood calculations performed in single precision
    Vector processing enabled
    Using standard Felsenstein pruning for computing likelihoods
    Conditional-likelihood rescaling threshold = 1e-20
    Using 14 parallel threads on 16 processors

Tree             1           2
------------------------------
-ln L     6303.661    6319.766

Likelihoods for each site on tree 1:

site                 1           2           3           4           5           6           7           8           9          10          11          12          13          14          15          16          17
L             0.085727    0.085727    0.017630    0.005603    0.062476    0.062476   3.606e-05    0.003892    0.002978   3.035e-07    0.017630    0.017630   3.604e-06    0.017630    0.077132    0.007084   2.005e-05
ln L         -2.456587   -2.456587   -4.038130   -5.184402   -2.772967   -2.772967  -10.230275   -5.548879   -5.816510  -15.007928   -4.038130   -4.038130  -12.533408   -4.038130   -2.562234   -4.949938  -10.817138

site                18          19          20          21          22          23          24          25          26          27          28          29          30          31          32          33          34
L            1.064e-04   3.598e-08   1.137e-05   4.091e-06   2.279e-06    0.077132    0.062476   4.931e-09    0.085727    0.062476   5.166e-06   7.650e-04    0.062476   8.772e-10    0.017630    0.077132   4.320e-06
ln L         -9.148160  -17.140367  -11.384453  -12.406741  -12.991821   -2.562234   -2.772967  -19.127626   -2.456587   -2.772967  -12.173326   -7.175615   -2.772967  -20.854252   -4.038130   -2.562234  -12.352344

site                35          36          37          38          39          40          41          42          43          44          45          46          47          48          49          50          51
L             0.077132    0.085727   2.421e-06    0.017630    0.017630   7.740e-09    0.005368    0.062476   9.997e-07    0.085727    0.077132   7.195e-06    0.062476    0.077132   1.925e-08    0.062476    0.077132
ln L         -2.562234   -2.456587  -12.931381   -4.038130   -4.038130  -18.676868   -5.227343   -2.772967  -13.815825   -2.456587   -2.562234  -11.842167   -2.772967   -2.562234  -17.765993   -2.772967   -2.562234

site                52          53          54          55          56          57          58          59          60          61          62          63          64          65          66          67          68
L            1.312e-04   4.409e-06    0.062476   2.774e-07   3.469e-07    0.003598   2.364e-06    0.062476    0.062476    0.005603    0.062476    0.017630    0.004207   7.536e-05    0.062476   1.062e-06    0.017630
ln L         -8.938629  -12.331764   -2.772967  -15.097890  -14.874240   -5.627305  -12.955324   -2.772967   -2.772967   -5.184402   -2.772967   -4.038130   -5.470923   -9.493274   -2.772967  -13.755200   -4.038130

site                69          70          71          72          73          74          75          76          77          78          79          80          81          82          83          84          85
L             0.077132   2.932e-04    0.085727    0.085727   7.252e-05    0.005560    0.077132    0.004673    0.085727    0.085727   1.090e-04    0.062476    0.085727   2.021e-05    0.017630    0.085727   5.956e-04
ln L         -2.562234   -8.134738   -2.456587   -2.456587   -9.531665   -5.192160   -2.562234   -5.366011   -2.456587   -2.456587   -9.124614   -2.772967   -2.456587  -10.809142   -4.038130   -2.456587   -7.425945

site                86          87          88          89          90          91          92          93          94          95          96          97          98          99         100         101         102
L             0.077132    0.017630   4.243e-05    0.002459    0.001713   6.145e-08    0.077132    0.085727   7.382e-05    0.085727   2.754e-04   4.575e-05    0.077132    0.017630   2.757e-06    0.085727   5.797e-05
ln L         -2.562234   -4.038130  -10.067736   -6.008059   -6.369387  -16.605048   -2.562234   -2.456587   -9.513817   -2.456587   -8.197467   -9.992351   -2.562234   -4.038130  -12.801269   -2.456587   -9.755642

site               103         104         105         106         107         108         109         110         111         112         113         114         115         116         117         118         119
L             0.002243    0.085727    0.062476    0.085727   2.080e-05   4.943e-04   1.661e-06    0.005368    0.062476   3.888e-07   1.290e-04    0.077132   1.052e-06    0.077132   2.889e-04   1.976e-05    0.017630
ln L         -6.100058   -2.456587   -2.772967   -2.456587  -10.780339   -7.612405  -13.308010   -5.227343   -2.772967  -14.760268   -8.955430   -2.562234  -13.764779   -2.562234   -8.149398  -10.831633   -4.038130

site               120         121         122         123         124         125         126         127         128         129         130         131         132         133         134         135         136
L             0.017630   2.189e-07    0.005120    0.062476   5.109e-08    0.077132    0.085727    0.085727    0.001390    0.003531   6.336e-08   2.102e-04    0.062476    0.004673   4.795e-04    0.062476   8.808e-05
ln L         -4.038130  -15.334852   -5.274549   -2.772967  -16.789760   -2.562234   -2.456587   -2.456587   -6.578329   -5.646211  -16.574472   -8.467663   -2.772967   -5.366011   -7.642761   -2.772967   -9.337247

site               137         138         139         140         141         142         143         144         145         146         147         148         149         150         151         152         153
L             0.077132    0.077132   6.083e-06    0.001353    0.062476   2.261e-07    0.002459   2.853e-04    0.085727    0.017630    0.002127   8.379e-07   4.996e-07    0.002884   7.682e-07    0.062476    0.017630
ln L         -2.562234   -2.562234  -12.010009   -6.605169   -2.772967  -15.302495   -6.008059   -8.161897   -2.456587   -4.038130   -6.153113  -13.992351  -14.509552   -5.848657  -14.079256   -2.772967   -4.038130

site               154         155         156         157         158         159         160         161         162         163         164         165         166         167         168         169         170
L             0.085727    0.062476    0.017630    0.085727   8.959e-05    0.062476   2.134e-08   7.224e-05   1.766e-04   3.081e-05    0.017630    0.077132    0.003853    0.085727    0.001559    0.005368    0.005603
ln L         -2.456587   -2.772967   -4.038130   -2.456587   -9.320283   -2.772967  -17.662488   -9.535537   -8.641399  -10.387569   -4.038130   -2.562234   -5.558954   -2.456587   -6.463427   -5.227343   -5.184402

site               171         172         173         174         175         176         177         178         179         180         181         182         183         184         185         186         187
L             0.062476   1.878e-04   3.420e-06    0.077132   1.205e-04    0.085727    0.085727    0.001737    0.077132    0.062476   5.253e-07    0.017630    0.077132    0.001737   5.874e-05    0.062476    0.006206
ln L         -2.772967   -8.579958  -12.585803   -2.562234   -9.024065   -2.456587   -2.456587   -6.355603   -2.562234   -2.772967  -14.459237   -4.038130   -2.562234   -6.355603   -9.742434   -2.772967   -5.082289

site               188         189         190         191         192         193         194         195         196         197         198         199         200         201         202         203         204
L             0.077132    0.077132    0.003204   1.343e-05    0.077132   1.401e-05   1.366e-04    0.077132   1.360e-06    0.085727    0.062476   1.987e-06    0.085727    0.085727   2.856e-07    0.002978    0.062476
ln L         -2.562234   -2.562234   -5.743280  -11.217868   -2.562234  -11.175466   -8.898110   -2.562234  -13.507993   -2.456587   -2.772967  -13.128708   -2.456587   -2.456587  -15.068733   -5.816510   -2.772967

site               205         206         207         208         209         210         211         212         213         214         215         216         217         218         219         220         221
L            3.282e-06   1.805e-04    0.062476   4.186e-08    0.017630    0.017630   2.899e-10    0.017630    0.085727   6.856e-04    0.005368    0.062476   8.299e-05    0.005003   7.686e-05   1.522e-05    0.001559
ln L        -12.626923   -8.619739   -2.772967  -16.989014   -4.038130   -4.038130  -21.961502   -4.038130   -2.456587   -7.285214   -5.227343   -2.772967   -9.396739   -5.297678   -9.473560  -11.092617   -6.463427

site               222         223         224         225         226         227         228         229         230         231         232         233         234         235         236         237         238
L             0.005003   1.652e-05    0.002040    0.003895   3.929e-05   5.547e-08    0.003355   4.428e-06   2.075e-06    0.077132   8.020e-06   6.145e-07    0.002633   2.002e-07    0.062476    0.062476   5.563e-06
ln L         -5.297678  -11.011080   -6.194944   -5.548079  -10.144501  -16.707361   -5.697444  -12.327663  -13.085327   -2.562234  -11.733629  -14.302495   -5.939653  -15.424090   -2.772967   -2.772967  -12.099288

site               239         240         241         242         243         244         245         246         247         248         249         250         251         252         253         254         255
L             0.062476    0.077132   1.574e-05    0.062476    0.017630   1.273e-07    0.001021    0.077132   1.544e-05   3.813e-04    0.085727   8.133e-06   5.105e-04   3.360e-06   1.192e-05    0.085727    0.077132
ln L         -2.772967   -2.562234  -11.058993   -2.772967   -4.038130  -15.876590   -6.887250   -2.562234  -11.078582   -7.872020   -2.456587  -11.719624   -7.580215  -12.603631  -11.336960   -2.456587   -2.562234

site               256         257         258         259         260         261         262         263         264         265         266         267         268         269         270         271         272
L            2.780e-07    0.001946    0.062476   1.049e-06   1.841e-07    0.002941   2.470e-07   6.172e-07    0.062476   1.726e-07    0.002459    0.002978   2.783e-05    0.017630    0.017630   1.257e-06   2.533e-08
ln L        -15.095725   -6.242175   -2.772967  -13.767984  -15.507773   -5.829130  -15.213996  -14.298037   -2.772967  -15.572145   -6.008059   -5.816510  -10.489545   -4.038130   -4.038130  -13.586761  -17.491111

site               273         274         275         276         277         278         279         280         281         282         283         284         285         286         287         288         289
L             0.001443   2.068e-08    0.085727    0.085727   7.329e-06    0.001390    0.005215   3.062e-04   4.394e-04    0.062476   7.728e-04   5.191e-04    0.062476   1.530e-07    0.085727    0.077132   2.813e-07
ln L         -6.540850  -17.694257   -2.456587   -2.456587  -11.823640   -6.578329   -5.256182   -8.091199   -7.730161   -2.772967   -7.165429   -7.563436   -2.772967  -15.692530   -2.456587   -2.562234  -15.083680

site               290         291         292         293         294         295         296         297         298         299         300         301         302         303         304         305         306
L            7.473e-04    0.077132   3.785e-04    0.077132    0.062476   4.500e-08    0.062476    0.085727    0.002978    0.062476    0.077132   1.015e-07    0.077132    0.062476   1.598e-08   3.238e-04    0.085727
ln L         -7.198989   -2.562234   -7.879341   -2.562234   -2.772967  -16.916608   -2.772967   -2.456587   -5.816510   -2.772967   -2.562234  -16.103555   -2.562234   -2.772967  -17.952118   -8.035463   -2.456587

site               307         308         309         310         311         312         313         314         315         316         317         318         319         320         321         322         323
L            2.822e-06    0.085727    0.062476   1.315e-07    0.005215    0.005334   7.416e-06    0.002354   4.040e-06   9.096e-07    0.005941   2.301e-04   4.668e-04   5.956e-04    0.001353    0.006206    0.077132
ln L        -12.778080   -2.456587   -2.772967  -15.844571   -5.256182   -5.233656  -11.811908   -6.051723  -12.419327  -13.910291   -5.125954   -8.376860   -7.669542   -7.425945   -6.605169   -5.082289   -2.562234

site               324         325         326         327         328         329         330         331         332         333         334         335         336         337         338         339         340
L             0.085727    0.002354    0.001525    0.017630   5.191e-04    0.017630    0.017630   6.095e-06   1.685e-10    0.003787   7.650e-04    0.005603   2.175e-04   2.223e-04    0.085727    0.077132   8.073e-04
ln L         -2.456587   -6.051723   -6.485579   -4.038130   -7.563436   -4.038130   -4.038130  -12.008110  -22.504099   -5.576269   -7.175615   -5.184402   -8.433441   -8.411606   -2.456587   -2.562234   -7.121812

site               341         342         343         344         345         346         347         348         349         350         351         352         353         354         355         356         357
L             0.001713    0.085727   3.398e-05    0.006532    0.002354    0.002978    0.004673   4.166e-04   3.825e-08    0.005334   2.551e-06   1.762e-06    0.085727    0.085727   8.442e-06    0.005334    0.062476
ln L         -6.369387   -2.456587  -10.289777   -5.030970   -6.051723   -5.816510   -5.366011   -7.783391  -17.079183   -5.233659  -12.879132  -13.249306   -2.456587   -2.456587  -11.682250   -5.233659   -2.772967

site               358         359         360         361         362         363         364         365         366         367         368         369         370         371         372         373         374
L             0.007084    0.085727    0.006206   5.557e-09    0.077132    0.077132   6.298e-07   3.251e-05    0.005368   7.420e-08    0.002941    0.062476   8.399e-06    0.085727    0.077132    0.007084    0.077132
ln L         -4.949938   -2.456587   -5.082289  -19.008191   -2.562234   -2.562234  -14.277853  -10.334079   -5.227343  -16.416465   -5.829130   -2.772967  -11.687438   -2.456587   -2.562234   -4.949938   -2.562234

site               375         376         377         378         379         380         381         382         383         384         385         386         387         388         389         390         391
L             0.017630    0.003334    0.017630    0.085727    0.085727    0.085727    0.085727   3.427e-07    0.085727   2.600e-08   5.722e-08   1.642e-05    0.062476   6.770e-05    0.085727    0.062476   7.235e-06
ln L         -4.038130   -5.703659   -4.038130   -2.456587   -2.456587   -2.456587   -2.456587  -14.886366   -2.456587  -17.465291  -16.676387  -11.016967   -2.772967   -9.600356   -2.456587   -2.772967  -11.836562

site               392         393         394         395         396         397         398         399         400         401         402         403         404         405         406         407         408
L            3.729e-07    0.003895   4.515e-06    0.001738    0.062476   1.137e-05    0.077132    0.085727    0.005368   5.878e-04    0.062476   2.409e-04   7.041e-06   1.258e-04   3.119e-05    0.077132    0.077132
ln L        -14.801967   -5.548079  -12.308009   -6.354920   -2.772967  -11.384453   -2.562234   -2.456587   -5.227343   -7.439160   -2.772967   -8.331065  -11.863772   -8.980891  -10.375538   -2.562234   -2.562234

site               409         410         411         412         413         414         415         416         417         418         419         420         421         422         423         424         425
L            4.525e-04   3.651e-05    0.062476   6.336e-09   3.954e-04    0.062476    0.001737    0.077132    0.062476   3.515e-08   1.436e-04    0.062476   4.668e-04   2.661e-05    0.077132   1.727e-06   1.920e-04
ln L         -7.700684  -10.217971   -2.772967  -18.877042   -7.835590   -2.772967   -6.355603   -2.562234   -2.772967  -17.163701   -8.848184   -2.772967   -7.669542  -10.534195   -2.562234  -13.269215   -8.558124

site               426         427         428         429         430         431         432         433         434         435         436         437         438         439         440         441         442
L             0.005215   3.395e-06    0.085727    0.002354    0.001566    0.077132    0.077132   6.426e-05   6.405e-04    0.001157   1.357e-07   1.048e-04    0.062476   3.591e-06    0.085727    0.062476   2.485e-07
ln L         -5.256182  -12.593257   -2.456587   -6.051723   -6.459506   -2.562234   -2.562234   -9.652524   -7.353331   -6.761780  -15.812709   -9.163806   -2.772967  -12.536998   -2.456587   -2.772967  -15.207950

site               443         444         445         446         447         448         449         450         451         452         453         454         455         456         457         458         459
L            3.981e-06    0.001531   9.364e-09    0.017630    0.017630   2.591e-08   1.938e-04    0.001711   2.593e-06   1.227e-06    0.005603   1.722e-09   2.370e-04   1.577e-04   8.206e-05    0.062476    0.017630
ln L        -12.433867   -6.481934  -18.486393   -4.038130   -4.038130  -17.468514   -8.548530   -6.370672  -12.862857  -13.611002   -5.184402  -20.179602   -8.347554   -8.755054   -9.408090   -2.772967   -4.038130

site               460         461         462         463         464         465         466         467         468         469         470         471         472         473         474         475         476
L             0.062476    0.085727   3.827e-04    0.005941    0.002941    0.085727    0.062476    0.085727    0.017630    0.062476    0.062476    0.062476    0.085727    0.002354   3.604e-06   4.956e-04    0.085727
ln L         -2.772967   -2.456587   -7.868218   -5.125954   -5.829130   -2.456587   -2.772967   -2.456587   -4.038130   -2.772967   -2.772967   -2.772967   -2.456587   -6.051723  -12.533408   -7.609813   -2.456587

site               477         478         479         480         481         482         483         484         485         486         487         488         489         490         491         492         493
L             0.085727    0.085727    0.085727    0.077132    0.085727   2.529e-05    0.001437    0.085727    0.017630    0.085727    0.001606    0.062476    0.017630    0.062476    0.017630    0.085727    0.002459
ln L         -2.456587   -2.456587   -2.456587   -2.562234   -2.456587  -10.585124   -6.545284   -2.456587   -4.038130   -2.456587   -6.434233   -2.772967   -4.038130   -2.772967   -4.038130   -2.456587   -6.008059

site               494         495         496         497         498         499         500         501         502         503         504         505         506         507         508         509         510
L             0.062476    0.077132    0.003895   6.405e-04    0.001851   2.247e-07   5.322e-05    0.085727    0.001437    0.085727    0.017630    0.001157   1.898e-05   9.787e-06    0.006532   3.617e-07   3.107e-08
ln L         -2.772967   -2.562234   -5.548079   -7.353331   -6.291780  -15.308533   -9.840999   -2.456587   -6.545284   -2.456587   -4.038130   -6.761780  -10.871901  -11.534453   -5.030970  -14.832454  -17.287134

site               511         512         513         514         515         516         517         518         519         520         521         522         523         524         525         526         527
L             0.001390    0.246216   2.698e-05   6.494e-08    0.097585    0.005603   2.059e-05   9.147e-04    0.077132    0.062476    0.062476    0.001390   2.513e-04    0.062476    0.062476    0.085727    0.077132
ln L         -6.578329   -1.401546  -10.520337  -16.549762   -2.327029   -5.184402  -10.790822   -6.996942   -2.562234   -2.772967   -2.772967   -6.578329   -8.288792   -2.772967   -2.772967   -2.456587   -2.562234

site               528         529         530         531         532         533         534         535         536         537         538         539         540         541         542         543         544
L             0.077132    0.001613    0.085727    0.017630    0.085727    0.085727    0.085727    0.001087    0.001713   7.315e-06    0.324121   1.393e-06   4.436e-06   3.152e-06   2.730e-04    0.004673    0.017630
ln L         -2.562234   -6.429592   -2.456587   -4.038130   -2.456587   -2.456587   -2.456587   -6.824746   -6.369387  -11.825588   -1.126640  -13.483926  -12.325725  -12.667540   -8.205930   -5.366011   -4.038130

site               545         546         547         548         549         550         551         552         553         554         555         556         557         558         559         560         561
L             0.001468   6.856e-04    0.077132    0.001606    0.017630    0.077132    0.062476    0.085727    0.085727   1.235e-07    0.003355    0.077132   1.592e-04   9.212e-08   4.762e-10   5.921e-08   1.881e-07
ln L         -6.524131   -7.285214   -2.562234   -6.434233   -4.038130   -2.562234   -2.772967   -2.456587   -2.456587  -15.906678   -5.697444   -2.562234   -8.745237  -16.200194  -21.465158  -16.642171  -15.486118

site               562         563         564         565         566         567         568         569         570         571         572         573         574         575         576         577         578
L            1.826e-06    0.077132    0.077132   2.885e-07    0.005334   7.417e-05   2.690e-07   1.806e-10    0.062476   1.145e-05    0.085727   3.023e-04    0.085727   5.398e-05   2.514e-04   1.772e-04   2.164e-04
ln L        -13.213463   -2.562234   -2.562234  -15.058450   -5.233656   -9.509198  -15.128738  -22.434931   -2.772967  -11.377623   -2.456587   -8.104129   -2.456587   -9.826963   -8.288316   -8.638336   -8.438503

site               579         580         581         582         583         584         585         586         587         588         589         590         591         592         593         594         595
L             0.017630    0.017630    0.003531    0.062476    0.004152   1.003e-04    0.077132    0.062476    0.005603    0.101475    0.001157    0.077132    0.062476    0.062476    0.062476    0.062476    0.085727
ln L         -4.038130   -4.038130   -5.646211   -2.772967   -5.484057   -9.206891   -2.562234   -2.772967   -5.184402   -2.287939   -6.761780   -2.562234   -2.772967   -2.772967   -2.772967   -2.772967   -2.456587

site               596         597         598         599         600         601         602         603         604         605         606         607         608         609         610         611         612
L             0.085727    0.085727    0.017630    0.017630    0.085727    0.062476    0.085727   6.008e-04   4.556e-04    0.085727    0.017630    0.001713   7.246e-05    0.085727    0.062476    0.077132    0.077132
ln L         -2.456587   -2.456587   -4.038130   -4.038130   -2.456587   -2.772967   -2.456587   -7.417317   -7.693970   -2.456587   -4.038130   -6.369387   -9.532490   -2.456587   -2.772967   -2.562234   -2.562234

site               613         614         615         616         617         618         619         620         621         622         623         624         625         626         627         628         629
L            2.680e-05    0.062476    0.005215    0.017630   2.754e-04   2.164e-04    0.077132    0.062476    0.062476    0.085727    0.017630    0.017630   8.073e-04   1.592e-06    0.003531    0.077132    0.002459
ln L        -10.527155   -2.772967   -5.256182   -4.038130   -8.197467   -8.438503   -2.562234   -2.772967   -2.772967   -2.456587   -4.038130   -4.038130   -7.121812  -13.350650   -5.646211   -2.562234   -6.008059

site               630         631         632         633         634         635         636         637         638         639         640         641         642         643         644         645         646
L             0.085727    0.085727    0.085727    0.085727   2.797e-06    0.001739    0.062476    0.062476    0.017630    0.017630    0.062476    0.017630    0.077132    0.085727    0.085727    0.077132    0.062476
ln L         -2.456587   -2.456587   -2.456587   -2.456587  -12.787065   -6.354313   -2.772967   -2.772967   -4.038130   -4.038130   -2.772967   -4.038130   -2.562234   -2.456587   -2.456587   -2.562234   -2.772967

site               647         648         649         650         651         652         653         654         655         656         657         658         659         660         661         662         663
L             0.077132    0.077132    0.085727    0.085727    0.085727    0.062476    0.085727    0.085727    0.085727    0.085727    0.017630    0.062476    0.085727    0.085727    0.002444    0.085727   4.201e-05
ln L         -2.562234   -2.562234   -2.456587   -2.456587   -2.456587   -2.772967   -2.456587   -2.456587   -2.456587   -2.456587   -4.038130   -2.772967   -2.456587   -2.456587   -6.014257   -2.456587  -10.077644

site               664         665         666         667         668         669         670         671         672         673         674         675         676         677         678         679         680
L            5.269e-04   5.553e-06   7.728e-04    0.062476   5.994e-04   1.315e-06   1.121e-04   1.205e-08   1.500e-05    0.005368   1.349e-04   2.167e-04    0.077132   5.170e-07    0.003279    0.005215    0.002005
ln L         -7.548449  -12.101149   -7.165429   -2.772967   -7.419557  -13.541310   -9.096282  -18.233865  -11.107718   -5.227343   -8.911330   -8.437120   -2.562234  -14.475244   -5.720102   -5.256182   -6.212002

site               681         682         683         684         685         686         687         688         689         690         691         692         693         694         695         696         697
L             0.001390   2.633e-04   8.318e-09   2.830e-06   9.147e-04   8.719e-06   1.211e-08    0.003355   2.075e-04   4.963e-05    0.077132   9.377e-07    0.002633    0.062476   1.096e-09    0.085727   1.402e-04
ln L         -6.578329   -8.242043  -18.604842  -12.775197   -6.996942  -11.649968  -18.228827   -5.697444   -8.480554   -9.910915   -2.562234  -13.879847   -5.939653   -2.772967  -20.631397   -2.456587   -8.872726

site               698         699         700         701         702         703         704         705         706         707         708         709         710         711         712         713         714
L            1.623e-05   4.635e-06   1.426e-04    0.077132   4.197e-06    0.062476   5.956e-04    0.006781   2.164e-04   4.184e-06   3.192e-05   4.100e-06   1.606e-07    0.077132    0.077132   2.326e-06    0.006206
ln L        -11.028658  -12.281928   -8.855244   -2.562234  -12.381117   -2.772967   -7.425945   -4.993602   -8.438503  -12.384162  -10.352135  -12.404541  -15.644389   -2.562234   -2.562234  -12.971280   -5.082289

site               715         716         717         718         719         720         721         722         723         724         725         726         727         728         729         730         731
L             0.062476   9.931e-06   7.636e-06   1.438e-04   6.940e-09   2.429e-05    0.002978   2.332e-07    0.085727    0.005120    0.006819   5.996e-06    0.005215   7.913e-07   5.191e-04   5.785e-05   5.182e-06
ln L         -2.772967  -11.519832  -11.782615   -8.847181  -18.785900  -10.625356   -5.816510  -15.271202   -2.456587   -5.274549   -4.988029  -12.024470   -5.256182  -14.049561   -7.563436   -9.757571  -12.170346

site               732         733         734         735         736         737         738         739         740         741         742         743         744         745         746         747         748
L             0.085727    0.085727   1.378e-04    0.003787   7.490e-04   1.100e-07   4.595e-05    0.085727   4.040e-06    0.002459    0.085727    0.085727    0.085727   2.023e-04   9.731e-06   4.985e-05   2.695e-07
ln L         -2.456587   -2.456587   -8.889976   -5.576269   -7.196760  -16.023032   -9.987967   -2.456587  -12.419327   -6.008059   -2.456587   -2.456587   -2.456587   -8.505985  -11.540235   -9.906471  -15.126851

site               749         750         751         752         753         754         755         756         757         758         759         760         761         762         763         764         765
L            6.582e-06   6.324e-08   5.576e-06    0.005334    0.062476    0.085727   1.926e-06    0.001667    0.077132   3.277e-07   5.189e-07    0.005334   1.154e-06    0.062476    0.085727   4.227e-05    0.017630
ln L        -11.931222  -16.576403  -12.097010   -5.233659   -2.772967   -2.456587  -13.160208   -6.396692   -2.562234  -14.931157  -14.471478   -5.233659  -13.672643   -2.772967   -2.456587  -10.071424   -4.038130

site               766         767         768         769         770         771         772         773         774         775         776         777         778         779         780         781         782
L             0.062476   6.887e-04    0.085727    0.085727    0.085727   7.806e-06   2.073e-05   6.408e-09   3.845e-08    0.001525   2.432e-05   3.751e-07    0.062476   1.037e-05   1.035e-04   3.103e-04   2.895e-07
ln L         -2.772967   -7.280690   -2.456587   -2.456587   -2.456587  -11.760566  -10.783824  -18.865739  -17.073876   -6.485579  -10.624021  -14.796016   -2.772967  -11.476806   -9.176403   -8.077950  -15.055142

site               783         784         785         786         787         788         789         790         791         792         793         794         795         796         797         798         799
L             0.062476   3.646e-05   1.498e-05   2.973e-05    0.077132   3.135e-04    0.005003    0.062476   2.420e-06    0.085727    0.002444   4.358e-10    0.085727   1.883e-05   1.520e-05    0.085727    0.017630
ln L         -2.772967  -10.219272  -11.108888  -10.423253   -2.562234   -8.067633   -5.297678   -2.772967  -12.931629   -2.456587   -6.014257  -21.553861   -2.456587  -10.880303  -11.094031   -2.456587   -4.038130

site               800         801         802         803         804         805         806         807         808         809         810         811         812         813         814         815         816
L            1.440e-06    0.006532    0.005003   2.481e-07   1.525e-07    0.003355   6.131e-06   3.103e-04    0.077132   1.283e-05    0.085727   4.795e-04   2.683e-04    0.007084   1.156e-04   6.625e-06   3.236e-06
ln L        -13.450804   -5.030970   -5.297678  -15.209557  -15.696168   -5.697444  -12.002082   -8.077950   -2.562234  -11.263903   -2.456587   -7.642761   -8.223550   -4.949938   -9.065045  -11.924602  -12.641241

site               817         818         819         820         821         822         823         824         825         826         827         828         829         830         831         832         833
L             0.062476    0.006781    0.062476    0.001712   4.529e-07   1.632e-04    0.062476   5.796e-10   1.003e-04   6.431e-06    0.005368   4.583e-06   2.262e-05    0.085727   9.974e-05   1.512e-06   3.114e-05
ln L         -2.772967   -4.993602   -2.772967   -6.370211  -14.607507   -8.720441   -2.772967  -21.268605   -9.206891  -11.954352   -5.227343  -12.293059  -10.696686   -2.456587   -9.212963  -13.402243  -10.376924

site               834         835         836         837         838         839         840         841         842         843         844         845         846         847         848         849         850
L             0.077132    0.085727    0.085727    0.017630    0.085727    0.085727   4.440e-05   8.566e-05   4.789e-05    0.085727   9.256e-04   1.111e-05    0.001157    0.062476   2.429e-05    0.002605    0.001331
ln L         -2.562234   -2.456587   -2.456587   -4.038130   -2.456587   -2.456587  -10.022291   -9.365150   -9.946543   -2.456587   -6.985036  -11.407691   -6.761780   -2.772967  -10.625420   -5.950235   -6.621467

site               851         852         853         854         855         856         857         858         859         860         861         862         863         864         865         866         867
L            1.495e-09    0.085727   1.175e-05    0.001353    0.062476    0.017630   6.146e-06    0.002633    0.001157   4.134e-05    0.062476    0.017630    0.085727   6.405e-04    0.001531   6.121e-05    0.001390
ln L        -20.320810   -2.456587  -11.351687   -6.605169   -2.772967   -4.038130  -11.999716   -5.939653   -6.761780  -10.093706   -2.772967   -4.038130   -2.456587   -7.353331   -6.481934   -9.701214   -6.578329

site               868         869         870         871         872         873         874         875         876         877         878         879         880         881         882         883         884
L            8.959e-05   1.557e-08    0.085727    0.001713    0.005603    0.077132    0.085727   8.377e-05    0.085727    0.077132   3.543e-06   3.050e-07   5.878e-04   5.603e-07   5.570e-07   7.650e-04   1.392e-05
ln L         -9.320283  -17.977779   -2.456587   -6.369387   -5.184402   -2.562234   -2.456587   -9.387463   -2.456587   -2.562234  -12.550513  -15.002923   -7.439183  -14.394770  -14.400722   -7.175615  -11.182160

site               885         886         887         888         889         890         891         892         893         894         895         896         897         898
L             0.005603    0.062476    0.002040    0.003598    0.002220   2.297e-08   1.153e-04    0.062476    0.004673    0.085727    0.017630    0.077132    0.062476    0.062476
ln L         -5.184402   -2.772967   -6.194944   -5.627305   -6.110171  -17.589089   -9.067690   -2.772967   -5.366011   -2.456587   -4.038130   -2.562234   -2.772967   -2.772967

Likelihoods for each site on tree 2:

site                 1           2           3           4           5           6           7           8           9          10          11          12          13          14          15          16          17
L             0.084596    0.084596    0.017302    0.005504    0.061566    0.061566   2.855e-05    0.004254    0.002934   2.625e-07    0.017302    0.017302   4.700e-06    0.017302    0.076078    0.006962   1.901e-05
ln L         -2.469870   -2.469870   -4.056954   -5.202342   -2.787649   -2.787649  -10.463717   -5.459827   -5.831321  -15.152837   -4.056954   -4.056954  -12.267950   -4.056954   -2.575998   -4.967350  -10.870709

site                18          19          20          21          22          23          24          25          26          27          28          29          30          31          32          33          34
L            1.087e-04   4.740e-07   1.245e-05   4.357e-06   2.160e-06    0.076078    0.061566   5.867e-09    0.084596    0.061566   4.467e-06    0.001067    0.061566   1.150e-09    0.017302    0.076078   3.670e-06
ln L         -9.127283  -14.562088  -11.293600  -12.343622  -13.045613   -2.575998   -2.787649  -18.953876   -2.469870   -2.787649  -12.318905   -6.842577   -2.787649  -20.583095   -4.056954   -2.575998  -12.515309

site                35          36          37          38          39          40          41          42          43          44          45          46          47          48          49          50          51
L             0.076078    0.084596   3.363e-06    0.017302    0.017302   6.809e-09    0.005310    0.061566   1.062e-06    0.084596    0.076078   7.146e-06    0.061566    0.076078   2.255e-08    0.061566    0.076078
ln L         -2.575998   -2.469870  -12.602530   -4.056954   -4.056954  -18.805035   -5.238136   -2.787649  -13.755398   -2.469870   -2.575998  -11.848895   -2.787649   -2.575998  -17.607513   -2.787649   -2.575998

site                52          53          54          55          56          57          58          59          60          61          62          63          64          65          66          67          68
L            1.338e-04   4.543e-06    0.061566   2.740e-07   1.974e-06    0.003929   2.225e-06    0.061566    0.061566    0.005504    0.061566    0.017302    0.004162   3.308e-04    0.061566   5.145e-06    0.017302
ln L         -8.919032  -12.301839   -2.787649  -15.110050  -13.135302   -5.539365  -13.015620   -2.787649   -2.787649   -5.202342   -2.787649   -4.056954   -5.481829   -8.014069   -2.787649  -12.177422   -4.056954

site                69          70          71          72          73          74          75          76          77          78          79          80          81          82          83          84          85
L             0.076078   3.196e-04    0.084596    0.084596   1.138e-05    0.005456    0.076078    0.004624    0.084596    0.084596   1.001e-04    0.061566    0.084596   2.902e-06    0.017302    0.084596   6.080e-04
ln L         -2.575998   -8.048467   -2.469870   -2.469870  -11.383690   -5.211104   -2.575998   -5.376453   -2.469870   -2.469870   -9.208956   -2.787649   -2.469870  -12.750051   -4.056954   -2.469870   -7.405362

site                86          87          88          89          90          91          92          93          94          95          96          97          98          99         100         101         102
L             0.076078    0.017302   4.950e-06    0.002416    0.001882   5.709e-08    0.076078    0.084596   7.555e-05    0.084596   1.939e-05   4.339e-06    0.076078    0.017302   1.028e-06    0.084596   5.054e-05
ln L         -2.575998   -4.056954  -12.216183   -6.025471   -6.275270  -16.678576   -2.575998   -2.469870   -9.490702   -2.469870  -10.850577  -12.347839   -2.575998   -4.056954  -13.788072   -2.469870   -9.892658

site               103         104         105         106         107         108         109         110         111         112         113         114         115         116         117         118         119
L             0.002458    0.084596    0.061566    0.084596   2.218e-05   4.966e-04   1.445e-05    0.005310    0.061566   3.200e-07   1.344e-04    0.076078   1.049e-06    0.076078   2.790e-04   1.779e-05    0.017302
ln L         -6.008525   -2.469870   -2.787649   -2.469870  -10.716284   -7.607795  -11.145114   -5.238136   -2.787649  -14.955091   -8.915050   -2.575998  -13.767263   -2.575998   -8.184455  -10.936982   -4.056954

site               120         121         122         123         124         125         126         127         128         129         130         131         132         133         134         135         136
L             0.017302   2.484e-07    0.005065    0.061566   2.271e-08    0.076078    0.084596    0.084596    0.001314    0.003860   4.085e-08   1.992e-04    0.061566    0.004624   4.842e-04    0.061566   1.360e-05
ln L         -4.056954  -15.208322   -5.285456   -2.787649  -17.600391   -2.575998   -2.469870   -2.469870   -6.634351   -5.557212  -17.013474   -8.521427   -2.787649   -5.376453   -7.632920   -2.787649  -11.205435

site               137         138         139         140         141         142         143         144         145         146         147         148         149         150         151         152         153
L             0.076078    0.076078   6.640e-06    0.001381    0.061566   2.472e-07    0.002416   3.098e-04    0.084596    0.017302    0.002104   6.138e-07   5.156e-07    0.002837   8.667e-07    0.061566    0.017302
ln L         -2.575998   -2.575998  -11.922342   -6.584918   -2.787649  -15.212943   -6.025471   -8.079626   -2.469870   -4.056954   -6.163905  -14.303629  -14.477947   -5.865066  -13.958573   -2.787649   -4.056954

site               154         155         156         157         158         159         160         161         162         163         164         165         166         167         168         169         170
L             0.084596    0.061566    0.017302    0.084596   1.025e-04    0.061566   1.628e-08   7.565e-05   1.854e-04   3.597e-05    0.017302    0.076078    0.003799    0.084596    0.001533    0.005310    0.005504
ln L         -2.469870   -2.787649   -4.056954   -2.469870   -9.185258   -2.787649  -17.933537   -9.489450   -8.592845  -10.232961   -4.056954   -2.575998   -5.572960   -2.469870   -6.480274   -5.238136   -5.202342

site               171         172         173         174         175         176         177         178         179         180         181         182         183         184         185         186         187
L             0.061566   2.044e-04   3.786e-06    0.076078   1.401e-04    0.084596    0.084596    0.002428    0.076078    0.061566   5.953e-07    0.017302    0.076078    0.002428   5.570e-05    0.061566    0.006099
ln L         -2.787649   -8.495211  -12.484106   -2.575998   -8.872992   -2.469870   -2.469870   -6.020718   -2.575998   -2.787649  -14.334235   -4.056954   -2.575998   -6.020718   -9.795556   -2.787649   -5.099701

site               188         189         190         191         192         193         194         195         196         197         198         199         200         201         202         203         204
L             0.076078    0.076078    0.003314   1.919e-05    0.076078   1.311e-05   1.366e-04    0.076078   2.734e-06    0.084596    0.061566   1.722e-06    0.084596    0.084596   2.416e-07    0.002934    0.061566
ln L         -2.575998   -2.575998   -5.709570  -10.861195   -2.575998  -11.242246   -8.898345   -2.575998  -12.809662   -2.469870   -2.787649  -13.272207   -2.469870   -2.469870  -15.236171   -5.831321   -2.787649

site               205         206         207         208         209         210         211         212         213         214         215         216         217         218         219         220         221
L            3.029e-06   1.878e-04    0.061566   4.740e-08    0.017302    0.017302   4.424e-10    0.017302    0.084596   8.008e-04    0.005310    0.061566   8.902e-05    0.004944   7.415e-05   1.917e-06    0.001533
ln L        -12.707131   -8.580167   -2.787649  -16.864683   -4.056954   -4.056954  -21.538759   -4.056954   -2.469870   -7.129872   -5.238136   -2.787649   -9.326659   -5.309572   -9.509419  -13.164833   -6.480274

site               222         223         224         225         226         227         228         229         230         231         232         233         234         235         236         237         238
L             0.004944   1.396e-06    0.002029    0.003849   4.111e-05   5.769e-08    0.003664   3.834e-06   2.334e-06    0.076078   8.635e-06   5.542e-07    0.002723   1.653e-07    0.061566    0.061566   2.400e-05
ln L         -5.309572  -13.482203   -6.200016   -5.559866  -10.099192  -16.668215   -5.609175  -12.471531  -12.967871   -2.575998  -11.659727  -14.405697   -5.905943  -15.615569   -2.787649   -2.787649  -10.637413

site               239         240         241         242         243         244         245         246         247         248         249         250         251         252         253         254         255
L             0.061566    0.076078   1.717e-05    0.061566    0.017302   1.099e-07   9.633e-04    0.076078   1.731e-05   4.138e-04    0.084596   1.246e-07   5.057e-04   2.338e-05   1.245e-05    0.084596    0.076078
ln L         -2.787649   -2.575998  -10.972083   -2.787649   -4.056954  -16.023711   -6.945119   -2.575998  -10.964398   -7.790180   -2.469870  -15.898167   -7.589551  -10.663679  -11.293530   -2.469870   -2.575998

site               256         257         258         259         260         261         262         263         264         265         266         267         268         269         270         271         272
L            2.817e-07    0.001980    0.061566   8.030e-07   2.069e-07    0.002775   9.637e-08   6.524e-07    0.061566   1.591e-07    0.002416    0.002934   2.722e-05    0.017302    0.017302   1.230e-06   2.162e-07
ln L        -15.082499   -6.224649   -2.787649  -14.034870  -15.390804   -5.886999  -16.155061  -14.242554   -2.787649  -15.653582   -6.025471   -5.831321  -10.511695   -4.056954   -4.056954  -13.608857  -15.346870

site               273         274         275         276         277         278         279         280         281         282         283         284         285         286         287         288         289
L             0.001686   3.162e-08    0.084596    0.084596   7.789e-06    0.001314    0.005117   3.017e-04   4.824e-04    0.061566   7.615e-04   4.173e-04    0.061566   2.024e-07    0.084596    0.076078   2.330e-07
ln L         -6.385516  -17.269394   -2.469870   -2.469870  -11.762759   -6.634351   -5.275125   -8.105926   -7.636822   -2.787649   -7.180156   -7.781737   -2.787649  -15.412827   -2.469870   -2.575998  -15.272427

site               290         291         292         293         294         295         296         297         298         299         300         301         302         303         304         305         306
L            7.702e-04    0.076078   3.781e-04    0.076078    0.061566   5.224e-07    0.061566    0.084596    0.002934    0.061566    0.076078   1.111e-07    0.076078    0.061566   1.513e-08   3.480e-04    0.084596
ln L         -7.168854   -2.575998   -7.880409   -2.575998   -2.787649  -14.464875   -2.787649   -2.469870   -5.831321   -2.787649   -2.575998  -16.012530   -2.575998   -2.787649  -18.006331   -7.963392   -2.469870

site               307         308         309         310         311         312         313         314         315         316         317         318         319         320         321         322         323
L            1.758e-06    0.084596    0.061566   1.251e-07    0.005117    0.005271   8.418e-06    0.002330   3.934e-06   5.460e-07    0.005880   2.166e-04   4.801e-04   6.080e-04    0.001381    0.006099    0.076078
ln L        -13.251531   -2.469870   -2.787649  -15.894083   -5.275125   -5.245550  -11.685129   -6.061938  -12.445893  -14.420665   -5.136168   -8.437556   -7.641582   -7.405362   -6.584918   -5.099701   -2.575998

site               324         325         326         327         328         329         330         331         332         333         334         335         336         337         338         339         340
L             0.084596    0.002330    0.001553    0.017302   4.173e-04    0.017302    0.017302   6.447e-06   1.537e-10    0.003731    0.001067    0.005504   2.238e-04   2.109e-04    0.084596    0.076078   8.287e-05
ln L         -2.469870   -6.061938   -6.467845   -4.056954   -7.781737   -4.056954   -4.056954  -11.951886  -22.596293   -5.591106   -6.842577   -5.202342   -8.404629   -8.464146   -2.469870   -2.575998   -9.398184

site               341         342         343         344         345         346         347         348         349         350         351         352         353         354         355         356         357
L             0.001882    0.084596   2.842e-05    0.006462    0.002330    0.002934    0.004624   4.252e-04   1.116e-08    0.005279   3.303e-06   2.190e-06    0.084596    0.084596   8.825e-06    0.005279    0.061566
ln L         -6.275270   -2.469870  -10.468530   -5.041762   -6.061938   -5.831321   -5.376453   -7.763029  -18.311338   -5.244101  -12.620766  -13.031402   -2.469870   -2.469870  -11.637913   -5.244101   -2.787649

site               358         359         360         361         362         363         364         365         366         367         368         369         370         371         372         373         374
L             0.006962    0.084596    0.006099   5.663e-09    0.076078    0.076078   8.385e-07   3.485e-05    0.005310   6.638e-08    0.002775    0.061566   1.021e-05    0.084596    0.076078    0.006962    0.076078
ln L         -4.967350   -2.469870   -5.099701  -18.989349   -2.575998   -2.575998  -13.991653  -10.264552   -5.238136  -16.527795   -5.886999   -2.787649  -11.492587   -2.469870   -2.575998   -4.967350   -2.575998

site               375         376         377         378         379         380         381         382         383         384         385         386         387         388         389         390         391
L             0.017302    0.003449    0.017302    0.084596    0.084596    0.084596    0.084596   3.373e-07    0.084596   3.258e-08   5.290e-08   1.687e-05    0.061566   6.585e-05    0.084596    0.061566   9.024e-06
ln L         -4.056954   -5.669617   -4.056954   -2.469870   -2.469870   -2.469870   -2.469870  -14.902202   -2.469870  -17.239436  -16.754872  -10.989688   -2.787649   -9.628204   -2.469870   -2.787649  -11.615661

site               392         393         394         395         396         397         398         399         400         401         402         403         404         405         406         407         408
L            4.671e-07    0.003849   3.981e-06    0.001594    0.061566   1.245e-05    0.076078    0.084596    0.005310   6.011e-04    0.061566   2.532e-04   7.751e-06   1.192e-04   3.333e-05    0.076078    0.076078
ln L        -14.576696   -5.559866  -12.433920   -6.441460   -2.787649  -11.293600   -2.575998   -2.469870   -5.238136   -7.416671   -2.787649   -8.281465  -11.767743   -9.034597  -10.309064   -2.575998   -2.575998

site               409         410         411         412         413         414         415         416         417         418         419         420         421         422         423         424         425
L            4.857e-04   3.452e-05    0.061566   5.283e-09   4.291e-04    0.061566    0.002428    0.076078    0.061566   3.407e-08   1.490e-04    0.061566   4.801e-04   2.628e-05    0.076078   2.221e-06   2.066e-04
ln L         -7.629896  -10.273937   -2.787649  -19.058707   -7.753789   -2.787649   -6.020718   -2.575998   -2.787649  -17.194912   -8.811611   -2.787649   -7.641582  -10.546824   -2.575998  -13.017740   -8.484539

site               426         427         428         429         430         431         432         433         434         435         436         437         438         439         440         441         442
L             0.005117   4.781e-06    0.084596    0.002330    0.001435    0.076078    0.076078   5.642e-05   6.544e-04    0.001197   1.326e-06   1.082e-04    0.061566   4.551e-06    0.084596    0.061566   9.314e-08
ln L         -5.275125  -12.250831   -2.469870   -6.061938   -6.546820   -2.575998   -2.575998   -9.782678   -7.331802   -6.727738  -13.533280   -9.131492   -2.787649  -12.300207   -2.469870   -2.787649  -16.189127

site               443         444         445         446         447         448         449         450         451         452         453         454         455         456         457         458         459
L            4.548e-06    0.001517   2.965e-09    0.017302    0.017302   2.825e-08   2.080e-04    0.001876   2.793e-06   1.052e-06    0.005504   1.904e-09   2.245e-04   1.629e-04   6.611e-05    0.061566    0.017302
ln L        -12.300826   -6.490850  -19.636322   -4.056954   -4.056954  -17.382281   -8.477880   -6.278744  -12.788388  -13.764469   -5.202342  -20.079291   -8.401833   -8.722312   -9.624185   -2.787649   -4.056954

site               460         461         462         463         464         465         466         467         468         469         470         471         472         473         474         475         476
L             0.061566    0.084596   3.153e-04    0.005880    0.002775    0.084596    0.061566    0.084596    0.017302    0.061566    0.061566    0.061566    0.084596    0.002330   4.700e-06   5.190e-04    0.084596
ln L         -2.787649   -2.469870   -8.061966   -5.136168   -5.886999   -2.469870   -2.787649   -2.469870   -4.056954   -2.787649   -2.787649   -2.787649   -2.469870   -6.061938  -12.267950   -7.563595   -2.469870

site               477         478         479         480         481         482         483         484         485         486         487         488         489         490         491         492         493
L             0.084596    0.084596    0.084596    0.076078    0.084596   2.784e-05    0.001460    0.084596    0.017302    0.084596    0.002252    0.061566    0.017302    0.061566    0.017302    0.084596    0.002416
ln L         -2.469870   -2.469870   -2.469870   -2.575998   -2.469870  -10.489004   -6.529320   -2.469870   -4.056954   -2.469870   -6.095841   -2.787649   -4.056954   -2.787649   -4.056954   -2.469870   -6.025471

site               494         495         496         497         498         499         500         501         502         503         504         505         506         507         508         509         510
L             0.061566    0.076078    0.003849   6.544e-04    0.001832   1.574e-07   6.743e-05    0.084596    0.001460    0.084596    0.017302    0.001197   2.602e-05   8.400e-06    0.006462   3.881e-07   3.204e-08
ln L         -2.787649   -2.575998   -5.559866   -7.331802   -6.302222  -15.664663   -9.604479   -2.469870   -6.529320   -2.469870   -4.056954   -6.727738  -10.556529  -11.687331   -5.041762  -14.762064  -17.256299

site               511         512         513         514         515         516         517         518         519         520         521         522         523         524         525         526         527
L             0.001314    0.246280   2.723e-05   6.486e-09    0.096331    0.005504   2.334e-05   8.857e-04    0.076078    0.061566    0.061566    0.001314   2.379e-04    0.061566    0.061566    0.084596    0.076078
ln L         -6.634351   -1.401285  -10.511193  -18.853613   -2.339967   -5.202342  -10.665342   -7.029141   -2.575998   -2.787649   -2.787649   -6.634351   -8.343734   -2.787649   -2.787649   -2.469870   -2.575998

site               528         529         530         531         532         533         534         535         536         537         538         539         540         541         542         543         544
L             0.076078    0.001576    0.084596    0.017302    0.084596    0.084596    0.084596    0.001186    0.001882   7.301e-06    0.324121   1.766e-06   4.720e-06   2.938e-05   2.467e-04    0.004624    0.017302
ln L         -2.575998   -6.453006   -2.469870   -4.056954   -2.469870   -2.469870   -2.469870   -6.737368   -6.275270  -11.827467   -1.126640  -13.246593  -12.263632  -10.435303   -8.307153   -5.376453   -4.056954

site               545         546         547         548         549         550         551         552         553         554         555         556         557         558         559         560         561
L             0.001609   8.008e-04    0.076078    0.002252    0.017302    0.076078    0.061566    0.084596    0.084596   4.480e-07    0.003664    0.076078   1.652e-04   1.147e-07   1.117e-09   4.360e-08   1.820e-07
ln L         -6.432313   -7.129872   -2.575998   -6.095841   -4.056954   -2.575998   -2.787649   -2.469870   -2.469870  -14.618371   -5.609175   -2.575998   -8.708346  -15.981187  -20.612576  -16.948298  -15.519196

site               562         563         564         565         566         567         568         569         570         571         572         573         574         575         576         577         578
L            2.200e-06    0.076078    0.076078   3.665e-07    0.005271   7.896e-05   2.650e-06   3.608e-10    0.061566   9.313e-06    0.084596   3.297e-04    0.084596   6.818e-05   2.617e-04   1.755e-04   2.362e-04
ln L        -13.027035   -2.575998   -2.575998  -14.819252   -5.245550   -9.446582  -12.841078  -21.742770   -2.787649  -11.584087   -2.469870   -8.017459   -2.469870   -9.593297   -8.248182   -8.647672   -8.350925

site               579         580         581         582         583         584         585         586         587         588         589         590         591         592         593         594         595
L             0.017302    0.017302    0.003860    0.061566    0.004104   1.026e-04    0.076078    0.061566    0.005504    0.100072    0.001197    0.076078    0.061566    0.061566    0.061566    0.061566    0.084596
ln L         -4.056954   -4.056954   -5.557212   -2.787649   -5.495844   -9.184465   -2.575998   -2.787649   -5.202342   -2.301862   -6.727738   -2.575998   -2.787649   -2.787649   -2.787649   -2.787649   -2.469870

site               596         597         598         599         600         601         602         603         604         605         606         607         608         609         610         611         612
L             0.084596    0.084596    0.017302    0.017302    0.084596    0.061566    0.084596   6.655e-04   4.740e-04    0.084596    0.017302    0.001882   6.619e-05    0.084596    0.061566    0.076078    0.076078
ln L         -2.469870   -2.469870   -4.056954   -4.056954   -2.469870   -2.787649   -2.469870   -7.314926   -7.654397   -2.469870   -4.056954   -6.275270   -9.623009   -2.469870   -2.787649   -2.575998   -2.575998

site               613         614         615         616         617         618         619         620         621         622         623         624         625         626         627         628         629
L            2.577e-05    0.061566    0.005117    0.017302   1.939e-05   2.362e-04    0.076078    0.061566    0.061566    0.084596    0.017302    0.017302   8.287e-05   1.624e-06    0.003860    0.076078    0.002416
ln L        -10.566391   -2.787649   -5.275125   -4.056954  -10.850577   -8.350925   -2.575998   -2.787649   -2.787649   -2.469870   -4.056954   -4.056954   -9.398184  -13.330920   -5.557212   -2.575998   -6.025471

site               630         631         632         633         634         635         636         637         638         639         640         641         642         643         644         645         646
L             0.084596    0.084596    0.084596    0.084596   2.137e-06    0.001731    0.061566    0.061566    0.017302    0.017302    0.061566    0.017302    0.076078    0.084596    0.084596    0.076078    0.061566
ln L         -2.469870   -2.469870   -2.469870   -2.469870  -13.056228   -6.359019   -2.787649   -2.787649   -4.056954   -4.056954   -2.787649   -4.056954   -2.575998   -2.469870   -2.469870   -2.575998   -2.787649

site               647         648         649         650         651         652         653         654         655         656         657         658         659         660         661         662         663
L             0.076078    0.076078    0.084596    0.084596    0.084596    0.061566    0.084596    0.084596    0.084596    0.084596    0.017302    0.061566    0.084596    0.084596    0.002526    0.084596   4.256e-05
ln L         -2.575998   -2.575998   -2.469870   -2.469870   -2.469870   -2.787649   -2.469870   -2.469870   -2.469870   -2.469870   -4.056954   -2.787649   -2.469870   -2.469870   -5.981185   -2.469870  -10.064568

site               664         665         666         667         668         669         670         671         672         673         674         675         676         677         678         679         680
L            5.792e-04   6.406e-06   7.615e-04    0.061566   6.549e-04   1.741e-07   1.159e-04   1.602e-08   1.950e-05    0.005310   1.367e-04   2.477e-04    0.076078   3.814e-07    0.003234    0.005117    0.001992
ln L         -7.453809  -11.958245   -7.180156   -2.787649   -7.331041  -15.563624   -9.062799  -17.949390  -10.844901   -5.238136   -8.897767   -8.303378   -2.575998  -14.779475   -5.734087   -5.275125   -6.218580

site               681         682         683         684         685         686         687         688         689         690         691         692         693         694         695         696         697
L             0.001314   2.859e-04   1.092e-08   3.187e-06   8.857e-04   8.374e-06   1.150e-07    0.003664   2.153e-04   5.773e-05    0.076078   1.287e-06    0.002723    0.061566   1.166e-09    0.084596   1.397e-04
ln L         -6.634351   -8.159705  -18.332223  -12.656382   -7.029141  -11.690348  -15.977943   -5.609175   -8.443664   -9.759703   -2.575998  -13.562889   -5.905943   -2.787649  -20.569936   -2.469870   -8.875970

site               698         699         700         701         702         703         704         705         706         707         708         709         710         711         712         713         714
L            1.694e-05   4.613e-06   1.484e-04    0.076078   3.885e-05    0.061566   6.080e-04    0.006712   2.362e-04   4.489e-06   3.292e-05   4.155e-06   6.636e-07    0.076078    0.076078   2.752e-06    0.006099
ln L        -10.985997  -12.286539   -8.815321   -2.575998  -10.155825   -2.787649   -7.405362   -5.003817   -8.350925  -12.313990  -10.321368  -12.391310  -14.225526   -2.575998   -2.575998  -12.803155   -5.099701

site               715         716         717         718         719         720         721         722         723         724         725         726         727         728         729         730         731
L             0.061566   1.047e-05   8.601e-06   1.433e-04   8.743e-09   2.444e-05    0.002934   2.065e-07    0.084596    0.005065    0.006698   6.992e-06    0.005117   9.382e-07   4.173e-04   5.890e-05   6.724e-06
ln L         -2.787649  -11.467447  -11.663654   -8.850274  -18.554962  -10.619249   -5.831321  -15.393125   -2.469870   -5.285456   -5.005968  -11.870788   -5.275125  -13.879256   -7.781737   -9.739609  -11.909850

site               732         733         734         735         736         737         738         739         740         741         742         743         744         745         746         747         748
L             0.084596    0.084596   1.602e-04    0.003731   7.375e-04   1.278e-07   1.195e-05    0.084596   3.934e-06    0.002416    0.084596    0.084596    0.084596   2.004e-04   9.581e-06   5.346e-05   5.125e-08
ln L         -2.469870   -2.469870   -8.738806   -5.591106   -7.212180  -15.873017  -11.334606   -2.469870  -12.445893   -6.025471   -2.469870   -2.469870   -2.469870   -8.515321  -11.555771   -9.836547  -16.786499

site               749         750         751         752         753         754         755         756         757         758         759         760         761         762         763         764         765
L            1.301e-06   6.609e-08   6.739e-06    0.005279    0.061566    0.084596   2.505e-06    0.001649    0.076078   3.362e-07   4.771e-07    0.005279   9.847e-07    0.061566    0.084596   2.602e-05    0.017302
ln L        -13.552587  -16.532188  -11.907547   -5.244101   -2.787649   -2.469870  -12.897355   -6.407599   -2.575998  -14.905498  -14.555472   -5.244101  -13.830881   -2.787649   -2.469870  -10.556632   -4.056954

site               766         767         768         769         770         771         772         773         774         775         776         777         778         779         780         781         782
L             0.061566   6.316e-04    0.084596    0.084596    0.084596   8.059e-06   1.972e-05   4.701e-09   3.014e-08    0.001553   2.327e-06   3.938e-07    0.061566   1.089e-05   1.123e-04   3.322e-04   2.636e-07
ln L         -2.787649   -7.367230   -2.469870   -2.469870   -2.469870  -11.728777  -10.833672  -19.175576  -17.317479   -6.467845  -12.970807  -14.747415   -2.787649  -11.428034   -9.094629   -8.009705  -15.148687

site               783         784         785         786         787         788         789         790         791         792         793         794         795         796         797         798         799
L             0.061566   3.748e-05   1.527e-05   2.916e-05    0.076078   3.412e-04    0.004944    0.061566   2.537e-06    0.084596    0.002526   3.087e-09    0.084596   2.303e-05   1.391e-05    0.084596    0.017302
ln L         -2.787649  -10.191786  -11.089657  -10.442605   -2.575998   -7.983066   -5.309572   -2.787649  -12.884458   -2.469870   -5.981185  -19.595972   -2.469870  -10.678826  -11.183001   -2.469870   -4.056954

site               800         801         802         803         804         805         806         807         808         809         810         811         812         813         814         815         816
L            1.200e-06    0.006462    0.004944   2.277e-07   2.373e-08    0.003664   8.121e-06   3.322e-04    0.076078   1.311e-05    0.084596   4.842e-04   2.643e-04    0.006962   1.227e-04   7.464e-06   3.337e-06
ln L        -13.632838   -5.041762   -5.309572  -15.295222  -17.556452   -5.609175  -11.721094   -8.009705   -2.575998  -11.242340   -2.469870   -7.632920   -8.238277   -4.967350   -9.005575  -11.805357  -12.610313

site               817         818         819         820         821         822         823         824         825         826         827         828         829         830         831         832         833
L             0.061566    0.006712    0.061566    0.002401   5.688e-08   1.899e-04    0.061566   1.678e-09   1.026e-04   6.529e-06    0.005310   4.814e-06   2.962e-05    0.084596   1.083e-04   1.662e-06   3.216e-05
ln L         -2.787649   -5.003817   -2.787649   -6.031819  -16.682320   -8.569231   -2.787649  -20.205916   -9.184465  -11.939316   -5.238136  -12.244016  -10.427019   -2.469870   -9.130465  -13.307281  -10.344829

site               834         835         836         837         838         839         840         841         842         843         844         845         846         847         848         849         850
L             0.076078    0.084596    0.084596    0.017302    0.084596    0.084596   4.551e-05   6.852e-05   4.899e-05    0.084596   1.304e-04   1.136e-05    0.001197    0.061566   3.241e-05    0.002693    0.001459
ln L         -2.575998   -2.469870   -2.469870   -4.056954   -2.469870   -2.469870   -9.997658   -9.588423   -9.923851   -2.469870   -8.944609  -11.385757   -6.727738   -2.787649  -10.336970   -5.917163   -6.529699

site               851         852         853         854         855         856         857         858         859         860         861         862         863         864         865         866         867
L            4.764e-10    0.084596   1.523e-05    0.001381    0.061566    0.017302   7.969e-06    0.002723    0.001197   1.006e-05    0.061566    0.017302    0.084596   6.544e-04    0.001517   4.720e-05    0.001314
ln L        -21.464847   -2.469870  -11.092283   -6.584918   -2.787649   -4.056954  -11.739937   -5.905943   -6.727738  -11.506571   -2.787649   -4.056954   -2.469870   -7.331802   -6.490850   -9.961108   -6.634351

site               868         869         870         871         872         873         874         875         876         877         878         879         880         881         882         883         884
L            1.025e-04   1.800e-08    0.084596    0.001882    0.005504    0.076078    0.084596   8.631e-05    0.084596    0.076078   3.655e-06   3.281e-07   5.341e-05   4.112e-07   4.514e-07    0.001067   1.303e-06
ln L         -9.185258  -17.832832   -2.469870   -6.275270   -5.202342   -2.575998   -2.469870   -9.357547   -2.469870   -2.575998  -12.519503  -14.929976   -9.837421  -14.704183  -14.610815   -6.842577  -13.550768

site               885         886         887         888         889         890         891         892         893         894         895         896         897         898
L             0.005504    0.061566    0.002029    0.003929    0.002181   2.946e-08   1.616e-04    0.061566    0.004624    0.084596    0.017302    0.076078    0.061566    0.061566
ln L         -5.202342   -2.787649   -6.200016   -5.539365   -6.128111  -17.340325   -8.730173   -2.787649   -5.376453   -2.469870   -4.056954   -2.575998   -2.787649   -2.787649

Time used to compute likelihoods = 0.03 sec (CPU time = 0.23 sec)

Tree scores (and parameter estimates) written to file: ~/Library/CloudStorage/Dropbox/Lab/James McInerney/programming/MLDecay/debug_runs/mldecay_20250521_154114/site_lnl_Clade_10.txt
